{"C:\\Workspace\\Projects\\ecredit-projects\\ecredit-services\\app.js": {"path":"C:\\Workspace\\Projects\\ecredit-projects\\ecredit-services\\app.js","statementMap":{"0":{"start":{"line":1,"column":16},"end":{"line":1,"column":34}},"1":{"start":{"line":2,"column":15},"end":{"line":2,"column":32}},"2":{"start":{"line":3,"column":18},"end":{"line":3,"column":47}},"3":{"start":{"line":4,"column":14},"end":{"line":4,"column":30}},"4":{"start":{"line":5,"column":15},"end":{"line":5,"column":38}},"5":{"start":{"line":6,"column":15},"end":{"line":6,"column":41}},"6":{"start":{"line":7,"column":59},"end":{"line":7,"column":87}},"7":{"start":{"line":8,"column":23},"end":{"line":8,"column":42}},"8":{"start":{"line":9,"column":30},"end":{"line":9,"column":55}},"9":{"start":{"line":10,"column":32},"end":{"line":10,"column":70}},"10":{"start":{"line":11,"column":23},"end":{"line":11,"column":52}},"11":{"start":{"line":12,"column":32},"end":{"line":12,"column":70}},"12":{"start":{"line":13,"column":31},"end":{"line":13,"column":68}},"13":{"start":{"line":14,"column":26},"end":{"line":14,"column":45}},"14":{"start":{"line":32,"column":12},"end":{"line":32,"column":21}},"15":{"start":{"line":48,"column":0},"end":{"line":71,"column":4}},"16":{"start":{"line":75,"column":0},"end":{"line":92,"column":3}},"17":{"start":{"line":76,"column":2},"end":{"line":90,"column":3}},"18":{"start":{"line":77,"column":4},"end":{"line":81,"column":7}},"19":{"start":{"line":82,"column":4},"end":{"line":89,"column":7}},"20":{"start":{"line":91,"column":2},"end":{"line":91,"column":9}},"21":{"start":{"line":95,"column":0},"end":{"line":95,"column":33}},"22":{"start":{"line":98,"column":0},"end":{"line":98,"column":26}},"23":{"start":{"line":101,"column":0},"end":{"line":101,"column":41}},"24":{"start":{"line":102,"column":0},"end":{"line":102,"column":63}},"25":{"start":{"line":105,"column":16},"end":{"line":111,"column":2}},"26":{"start":{"line":115,"column":0},"end":{"line":115,"column":33}},"27":{"start":{"line":119,"column":0},"end":{"line":119,"column":27}},"28":{"start":{"line":122,"column":0},"end":{"line":133,"column":3}},"29":{"start":{"line":123,"column":24},"end":{"line":123,"column":57}},"30":{"start":{"line":125,"column":2},"end":{"line":132,"column":5}},"31":{"start":{"line":136,"column":0},"end":{"line":136,"column":32}},"32":{"start":{"line":142,"column":21},"end":{"line":142,"column":26}},"33":{"start":{"line":145,"column":2},"end":{"line":170,"column":3}},"34":{"start":{"line":146,"column":4},"end":{"line":146,"column":52}},"35":{"start":{"line":147,"column":4},"end":{"line":147,"column":54}},"36":{"start":{"line":148,"column":4},"end":{"line":148,"column":40}},"37":{"start":{"line":151,"column":4},"end":{"line":151,"column":55}},"38":{"start":{"line":152,"column":4},"end":{"line":152,"column":31}},"39":{"start":{"line":153,"column":4},"end":{"line":153,"column":30}},"40":{"start":{"line":154,"column":4},"end":{"line":154,"column":53}},"41":{"start":{"line":157,"column":4},"end":{"line":157,"column":49}},"42":{"start":{"line":158,"column":4},"end":{"line":158,"column":36}},"43":{"start":{"line":161,"column":4},"end":{"line":165,"column":7}},"44":{"start":{"line":162,"column":6},"end":{"line":162,"column":69}},"45":{"start":{"line":163,"column":6},"end":{"line":163,"column":100}},"46":{"start":{"line":164,"column":6},"end":{"line":164,"column":112}},"47":{"start":{"line":167,"column":4},"end":{"line":167,"column":65}},"48":{"start":{"line":168,"column":4},"end":{"line":168,"column":42}},"49":{"start":{"line":169,"column":4},"end":{"line":169,"column":20}},"50":{"start":{"line":177,"column":2},"end":{"line":180,"column":3}},"51":{"start":{"line":178,"column":4},"end":{"line":178,"column":48}},"52":{"start":{"line":179,"column":4},"end":{"line":179,"column":11}},"53":{"start":{"line":182,"column":2},"end":{"line":182,"column":24}},"54":{"start":{"line":183,"column":2},"end":{"line":183,"column":67}},"55":{"start":{"line":185,"column":2},"end":{"line":208,"column":3}},"56":{"start":{"line":187,"column":4},"end":{"line":204,"column":5}},"57":{"start":{"line":188,"column":6},"end":{"line":197,"column":9}},"58":{"start":{"line":189,"column":8},"end":{"line":189,"column":43}},"59":{"start":{"line":192,"column":8},"end":{"line":192,"column":30}},"60":{"start":{"line":193,"column":8},"end":{"line":193,"column":50}},"61":{"start":{"line":195,"column":8},"end":{"line":195,"column":53}},"62":{"start":{"line":196,"column":8},"end":{"line":196,"column":24}},"63":{"start":{"line":200,"column":6},"end":{"line":203,"column":16}},"64":{"start":{"line":201,"column":8},"end":{"line":201,"column":55}},"65":{"start":{"line":202,"column":8},"end":{"line":202,"column":24}},"66":{"start":{"line":206,"column":4},"end":{"line":206,"column":60}},"67":{"start":{"line":207,"column":4},"end":{"line":207,"column":20}},"68":{"start":{"line":214,"column":0},"end":{"line":214,"column":55}},"69":{"start":{"line":214,"column":27},"end":{"line":214,"column":53}},"70":{"start":{"line":215,"column":0},"end":{"line":215,"column":57}},"71":{"start":{"line":215,"column":28},"end":{"line":215,"column":55}},"72":{"start":{"line":217,"column":0},"end":{"line":221,"column":3}},"73":{"start":{"line":218,"column":2},"end":{"line":218,"column":55}},"74":{"start":{"line":219,"column":2},"end":{"line":219,"column":40}},"75":{"start":{"line":220,"column":2},"end":{"line":220,"column":18}},"76":{"start":{"line":223,"column":0},"end":{"line":227,"column":3}},"77":{"start":{"line":224,"column":2},"end":{"line":224,"column":53}},"78":{"start":{"line":225,"column":2},"end":{"line":225,"column":36}},"79":{"start":{"line":226,"column":2},"end":{"line":226,"column":18}},"80":{"start":{"line":232,"column":0},"end":{"line":232,"column":14}},"81":{"start":{"line":234,"column":0},"end":{"line":234,"column":21}}},"fnMap":{"0":{"name":"(anonymous_0)","decl":{"start":{"line":75,"column":8},"end":{"line":75,"column":9}},"loc":{"start":{"line":75,"column":28},"end":{"line":92,"column":1}},"line":75},"1":{"name":"(anonymous_1)","decl":{"start":{"line":122,"column":8},"end":{"line":122,"column":9}},"loc":{"start":{"line":122,"column":22},"end":{"line":133,"column":1}},"line":122},"2":{"name":"startServer","decl":{"start":{"line":144,"column":15},"end":{"line":144,"column":26}},"loc":{"start":{"line":144,"column":29},"end":{"line":171,"column":1}},"line":144},"3":{"name":"(anonymous_3)","decl":{"start":{"line":161,"column":31},"end":{"line":161,"column":32}},"loc":{"start":{"line":161,"column":37},"end":{"line":165,"column":5}},"line":161},"4":{"name":"gracefulShutdown","decl":{"start":{"line":176,"column":15},"end":{"line":176,"column":31}},"loc":{"start":{"line":176,"column":40},"end":{"line":209,"column":1}},"line":176},"5":{"name":"(anonymous_5)","decl":{"start":{"line":188,"column":19},"end":{"line":188,"column":20}},"loc":{"start":{"line":188,"column":31},"end":{"line":197,"column":7}},"line":188},"6":{"name":"(anonymous_6)","decl":{"start":{"line":200,"column":17},"end":{"line":200,"column":18}},"loc":{"start":{"line":200,"column":23},"end":{"line":203,"column":7}},"line":200},"7":{"name":"(anonymous_7)","decl":{"start":{"line":214,"column":21},"end":{"line":214,"column":22}},"loc":{"start":{"line":214,"column":27},"end":{"line":214,"column":53}},"line":214},"8":{"name":"(anonymous_8)","decl":{"start":{"line":215,"column":22},"end":{"line":215,"column":23}},"loc":{"start":{"line":215,"column":28},"end":{"line":215,"column":55}},"line":215},"9":{"name":"(anonymous_9)","decl":{"start":{"line":217,"column":32},"end":{"line":217,"column":33}},"loc":{"start":{"line":217,"column":43},"end":{"line":221,"column":1}},"line":217},"10":{"name":"(anonymous_10)","decl":{"start":{"line":223,"column":33},"end":{"line":223,"column":34}},"loc":{"start":{"line":223,"column":54},"end":{"line":227,"column":1}},"line":223}},"branchMap":{"0":{"loc":{"start":{"line":76,"column":2},"end":{"line":90,"column":3}},"type":"if","locations":[{"start":{"line":76,"column":2},"end":{"line":90,"column":3}},{"start":{},"end":{}}],"line":76},"1":{"loc":{"start":{"line":88,"column":21},"end":{"line":88,"column":54}},"type":"binary-expr","locations":[{"start":{"line":88,"column":21},"end":{"line":88,"column":45}},{"start":{"line":88,"column":49},"end":{"line":88,"column":54}}],"line":88},"2":{"loc":{"start":{"line":123,"column":24},"end":{"line":123,"column":57}},"type":"binary-expr","locations":[{"start":{"line":123,"column":24},"end":{"line":123,"column":48}},{"start":{"line":123,"column":52},"end":{"line":123,"column":57}}],"line":123},"3":{"loc":{"start":{"line":177,"column":2},"end":{"line":180,"column":3}},"type":"if","locations":[{"start":{"line":177,"column":2},"end":{"line":180,"column":3}},{"start":{},"end":{}}],"line":177},"4":{"loc":{"start":{"line":187,"column":4},"end":{"line":204,"column":5}},"type":"if","locations":[{"start":{"line":187,"column":4},"end":{"line":204,"column":5}},{"start":{},"end":{}}],"line":187}},"s":{"0":0,"1":0,"2":0,"3":0,"4":0,"5":0,"6":0,"7":0,"8":0,"9":0,"10":0,"11":0,"12":0,"13":0,"14":0,"15":0,"16":0,"17":0,"18":0,"19":0,"20":0,"21":0,"22":0,"23":0,"24":0,"25":0,"26":0,"27":0,"28":0,"29":0,"30":0,"31":0,"32":0,"33":0,"34":0,"35":0,"36":0,"37":0,"38":0,"39":0,"40":0,"41":0,"42":0,"43":0,"44":0,"45":0,"46":0,"47":0,"48":0,"49":0,"50":0,"51":0,"52":0,"53":0,"54":0,"55":0,"56":0,"57":0,"58":0,"59":0,"60":0,"61":0,"62":0,"63":0,"64":0,"65":0,"66":0,"67":0,"68":0,"69":0,"70":0,"71":0,"72":0,"73":0,"74":0,"75":0,"76":0,"77":0,"78":0,"79":0,"80":0,"81":0},"f":{"0":0,"1":0,"2":0,"3":0,"4":0,"5":0,"6":0,"7":0,"8":0,"9":0,"10":0},"b":{"0":[0,0],"1":[0,0],"2":[0,0],"3":[0,0],"4":[0,0]}}
,"C:\\Workspace\\Projects\\ecredit-projects\\ecredit-services\\config\\database.js": {"path":"C:\\Workspace\\Projects\\ecredit-projects\\ecredit-services\\config\\database.js","statementMap":{"0":{"start":{"line":1,"column":22},"end":{"line":1,"column":42}},"1":{"start":{"line":2,"column":15},"end":{"line":2,"column":31}},"2":{"start":{"line":3,"column":15},"end":{"line":3,"column":34}},"3":{"start":{"line":4,"column":24},"end":{"line":4,"column":44}},"4":{"start":{"line":21,"column":2},"end":{"line":24,"column":3}},"5":{"start":{"line":22,"column":4},"end":{"line":22,"column":77}},"6":{"start":{"line":23,"column":4},"end":{"line":23,"column":21}},"7":{"start":{"line":26,"column":19},"end":{"line":26,"column":34}},"8":{"start":{"line":30,"column":2},"end":{"line":55,"column":5}},"9":{"start":{"line":57,"column":2},"end":{"line":66,"column":3}},"10":{"start":{"line":59,"column":4},"end":{"line":59,"column":35}},"11":{"start":{"line":60,"column":4},"end":{"line":60,"column":74}},"12":{"start":{"line":62,"column":4},"end":{"line":62,"column":65}},"13":{"start":{"line":63,"column":4},"end":{"line":65,"column":6}},"14":{"start":{"line":68,"column":2},"end":{"line":68,"column":19}},"15":{"start":{"line":76,"column":2},"end":{"line":78,"column":3}},"16":{"start":{"line":77,"column":4},"end":{"line":77,"column":82}},"17":{"start":{"line":79,"column":2},"end":{"line":79,"column":19}},"18":{"start":{"line":86,"column":2},"end":{"line":88,"column":3}},"19":{"start":{"line":87,"column":4},"end":{"line":87,"column":11}},"20":{"start":{"line":90,"column":2},"end":{"line":97,"column":3}},"21":{"start":{"line":91,"column":4},"end":{"line":91,"column":28}},"22":{"start":{"line":92,"column":4},"end":{"line":92,"column":21}},"23":{"start":{"line":93,"column":4},"end":{"line":93,"column":18}},"24":{"start":{"line":94,"column":4},"end":{"line":94,"column":46}},"25":{"start":{"line":96,"column":4},"end":{"line":96,"column":72}},"26":{"start":{"line":100,"column":0},"end":{"line":104,"column":2}}},"fnMap":{"0":{"name":"initializeDatabase","decl":{"start":{"line":20,"column":15},"end":{"line":20,"column":33}},"loc":{"start":{"line":20,"column":36},"end":{"line":69,"column":1}},"line":20},"1":{"name":"getDatabase","decl":{"start":{"line":75,"column":9},"end":{"line":75,"column":20}},"loc":{"start":{"line":75,"column":23},"end":{"line":80,"column":1}},"line":75},"2":{"name":"closeDatabase","decl":{"start":{"line":85,"column":15},"end":{"line":85,"column":28}},"loc":{"start":{"line":85,"column":31},"end":{"line":98,"column":1}},"line":85}},"branchMap":{"0":{"loc":{"start":{"line":21,"column":2},"end":{"line":24,"column":3}},"type":"if","locations":[{"start":{"line":21,"column":2},"end":{"line":24,"column":3}},{"start":{},"end":{}}],"line":21},"1":{"loc":{"start":{"line":76,"column":2},"end":{"line":78,"column":3}},"type":"if","locations":[{"start":{"line":76,"column":2},"end":{"line":78,"column":3}},{"start":{},"end":{}}],"line":76},"2":{"loc":{"start":{"line":86,"column":2},"end":{"line":88,"column":3}},"type":"if","locations":[{"start":{"line":86,"column":2},"end":{"line":88,"column":3}},{"start":{},"end":{}}],"line":86}},"s":{"0":0,"1":0,"2":0,"3":0,"4":0,"5":0,"6":0,"7":0,"8":0,"9":0,"10":0,"11":0,"12":0,"13":0,"14":0,"15":0,"16":0,"17":0,"18":0,"19":0,"20":0,"21":0,"22":0,"23":0,"24":0,"25":0,"26":0},"f":{"0":0,"1":0,"2":0},"b":{"0":[0,0],"1":[0,0],"2":[0,0]}}
,"C:\\Workspace\\Projects\\ecredit-projects\\ecredit-services\\config\\env.js": {"path":"C:\\Workspace\\Projects\\ecredit-projects\\ecredit-services\\config\\env.js","statementMap":{"0":{"start":{"line":1,"column":13},"end":{"line":1,"column":28}},"1":{"start":{"line":2,"column":12},"end":{"line":2,"column":26}},"2":{"start":{"line":11,"column":31},"end":{"line":11,"column":52}},"3":{"start":{"line":16,"column":18},"end":{"line":90,"column":13}},"4":{"start":{"line":100,"column":2},"end":{"line":104,"column":3}},"5":{"start":{"line":101,"column":4},"end":{"line":101,"column":69}},"6":{"start":{"line":102,"column":4},"end":{"line":102,"column":76}},"7":{"start":{"line":103,"column":4},"end":{"line":103,"column":20}},"8":{"start":{"line":106,"column":14},"end":{"line":106,"column":48}},"9":{"start":{"line":109,"column":2},"end":{"line":113,"column":3}},"10":{"start":{"line":110,"column":4},"end":{"line":110,"column":58}},"11":{"start":{"line":111,"column":4},"end":{"line":111,"column":76}},"12":{"start":{"line":112,"column":4},"end":{"line":112,"column":20}},"13":{"start":{"line":116,"column":22},"end":{"line":116,"column":63}},"14":{"start":{"line":117,"column":2},"end":{"line":117,"column":50}},"15":{"start":{"line":120,"column":27},"end":{"line":123,"column":4}},"16":{"start":{"line":125,"column":2},"end":{"line":131,"column":3}},"17":{"start":{"line":126,"column":4},"end":{"line":126,"column":73}},"18":{"start":{"line":127,"column":4},"end":{"line":129,"column":7}},"19":{"start":{"line":128,"column":6},"end":{"line":128,"column":45}},"20":{"start":{"line":130,"column":4},"end":{"line":130,"column":20}},"21":{"start":{"line":133,"column":2},"end":{"line":133,"column":15}},"22":{"start":{"line":142,"column":2},"end":{"line":145,"column":43}},"23":{"start":{"line":144,"column":21},"end":{"line":144,"column":34}},"24":{"start":{"line":145,"column":24},"end":{"line":145,"column":41}},"25":{"start":{"line":151,"column":15},"end":{"line":151,"column":38}},"26":{"start":{"line":153,"column":0},"end":{"line":239,"column":2}},"27":{"start":{"line":236,"column":22},"end":{"line":236,"column":47}},"28":{"start":{"line":237,"column":19},"end":{"line":237,"column":44}},"29":{"start":{"line":238,"column":23},"end":{"line":238,"column":48}}},"fnMap":{"0":{"name":"initializeEnvironment","decl":{"start":{"line":98,"column":9},"end":{"line":98,"column":30}},"loc":{"start":{"line":98,"column":33},"end":{"line":134,"column":1}},"line":98},"1":{"name":"(anonymous_1)","decl":{"start":{"line":127,"column":26},"end":{"line":127,"column":27}},"loc":{"start":{"line":127,"column":38},"end":{"line":129,"column":5}},"line":127},"2":{"name":"parseCorsOrigins","decl":{"start":{"line":141,"column":9},"end":{"line":141,"column":25}},"loc":{"start":{"line":141,"column":46},"end":{"line":146,"column":1}},"line":141},"3":{"name":"(anonymous_3)","decl":{"start":{"line":144,"column":9},"end":{"line":144,"column":10}},"loc":{"start":{"line":144,"column":21},"end":{"line":144,"column":34}},"line":144},"4":{"name":"(anonymous_4)","decl":{"start":{"line":145,"column":12},"end":{"line":145,"column":13}},"loc":{"start":{"line":145,"column":24},"end":{"line":145,"column":41}},"line":145},"5":{"name":"(anonymous_5)","decl":{"start":{"line":236,"column":16},"end":{"line":236,"column":17}},"loc":{"start":{"line":236,"column":22},"end":{"line":236,"column":47}},"line":236},"6":{"name":"(anonymous_6)","decl":{"start":{"line":237,"column":13},"end":{"line":237,"column":14}},"loc":{"start":{"line":237,"column":19},"end":{"line":237,"column":44}},"line":237},"7":{"name":"(anonymous_7)","decl":{"start":{"line":238,"column":17},"end":{"line":238,"column":18}},"loc":{"start":{"line":238,"column":23},"end":{"line":238,"column":48}},"line":238}},"branchMap":{"0":{"loc":{"start":{"line":100,"column":2},"end":{"line":104,"column":3}},"type":"if","locations":[{"start":{"line":100,"column":2},"end":{"line":104,"column":3}},{"start":{},"end":{}}],"line":100},"1":{"loc":{"start":{"line":109,"column":2},"end":{"line":113,"column":3}},"type":"if","locations":[{"start":{"line":109,"column":2},"end":{"line":113,"column":3}},{"start":{},"end":{}}],"line":109},"2":{"loc":{"start":{"line":125,"column":2},"end":{"line":131,"column":3}},"type":"if","locations":[{"start":{"line":125,"column":2},"end":{"line":131,"column":3}},{"start":{},"end":{}}],"line":125},"3":{"loc":{"start":{"line":169,"column":13},"end":{"line":169,"column":71}},"type":"binary-expr","locations":[{"start":{"line":169,"column":13},"end":{"line":169,"column":41}},{"start":{"line":169,"column":45},"end":{"line":169,"column":71}}],"line":169},"4":{"loc":{"start":{"line":171,"column":6},"end":{"line":171,"column":98}},"type":"binary-expr","locations":[{"start":{"line":171,"column":6},"end":{"line":171,"column":51}},{"start":{"line":171,"column":55},"end":{"line":171,"column":98}}],"line":171}},"s":{"0":0,"1":0,"2":0,"3":0,"4":0,"5":0,"6":0,"7":0,"8":0,"9":0,"10":0,"11":0,"12":0,"13":0,"14":0,"15":0,"16":0,"17":0,"18":0,"19":0,"20":0,"21":0,"22":0,"23":0,"24":0,"25":0,"26":0,"27":0,"28":0,"29":0},"f":{"0":0,"1":0,"2":0,"3":0,"4":0,"5":0,"6":0,"7":0},"b":{"0":[0,0],"1":[0,0],"2":[0,0],"3":[0,0],"4":[0,0]}}
,"C:\\Workspace\\Projects\\ecredit-projects\\ecredit-services\\config\\https.js": {"path":"C:\\Workspace\\Projects\\ecredit-projects\\ecredit-services\\config\\https.js","statementMap":{"0":{"start":{"line":1,"column":11},"end":{"line":1,"column":24}},"1":{"start":{"line":2,"column":14},"end":{"line":2,"column":30}},"2":{"start":{"line":3,"column":15},"end":{"line":3,"column":31}},"3":{"start":{"line":4,"column":15},"end":{"line":4,"column":34}},"4":{"start":{"line":22,"column":2},"end":{"line":32,"column":3}},"5":{"start":{"line":23,"column":4},"end":{"line":25,"column":5}},"6":{"start":{"line":24,"column":6},"end":{"line":24,"column":52}},"7":{"start":{"line":27,"column":4},"end":{"line":27,"column":47}},"8":{"start":{"line":29,"column":4},"end":{"line":31,"column":6}},"9":{"start":{"line":43,"column":22},"end":{"line":43,"column":34}},"10":{"start":{"line":44,"column":18},"end":{"line":44,"column":37}},"11":{"start":{"line":45,"column":19},"end":{"line":45,"column":39}},"12":{"start":{"line":46,"column":17},"end":{"line":46,"column":35}},"13":{"start":{"line":48,"column":2},"end":{"line":75,"column":3}},"14":{"start":{"line":50,"column":4},"end":{"line":50,"column":45}},"15":{"start":{"line":51,"column":4},"end":{"line":51,"column":46}},"16":{"start":{"line":52,"column":4},"end":{"line":52,"column":47}},"17":{"start":{"line":54,"column":4},"end":{"line":54,"column":49}},"18":{"start":{"line":57,"column":16},"end":{"line":57,"column":48}},"19":{"start":{"line":58,"column":17},"end":{"line":58,"column":50}},"20":{"start":{"line":59,"column":15},"end":{"line":59,"column":46}},"21":{"start":{"line":61,"column":4},"end":{"line":61,"column":58}},"22":{"start":{"line":63,"column":4},"end":{"line":67,"column":6}},"23":{"start":{"line":69,"column":29},"end":{"line":71,"column":37}},"24":{"start":{"line":73,"column":4},"end":{"line":73,"column":74}},"25":{"start":{"line":74,"column":4},"end":{"line":74,"column":38}},"26":{"start":{"line":86,"column":2},"end":{"line":93,"column":3}},"27":{"start":{"line":87,"column":25},"end":{"line":87,"column":48}},"28":{"start":{"line":88,"column":24},"end":{"line":88,"column":61}},"29":{"start":{"line":89,"column":4},"end":{"line":89,"column":23}},"30":{"start":{"line":91,"column":4},"end":{"line":91,"column":68}},"31":{"start":{"line":92,"column":4},"end":{"line":92,"column":16}},"32":{"start":{"line":96,"column":0},"end":{"line":99,"column":2}}},"fnMap":{"0":{"name":"validateFilePath","decl":{"start":{"line":21,"column":9},"end":{"line":21,"column":25}},"loc":{"start":{"line":21,"column":46},"end":{"line":33,"column":1}},"line":21},"1":{"name":"loadHttpsCertificates","decl":{"start":{"line":42,"column":9},"end":{"line":42,"column":30}},"loc":{"start":{"line":42,"column":33},"end":{"line":76,"column":1}},"line":42},"2":{"name":"createHttpsServer","decl":{"start":{"line":85,"column":9},"end":{"line":85,"column":26}},"loc":{"start":{"line":85,"column":32},"end":{"line":94,"column":1}},"line":85}},"branchMap":{"0":{"loc":{"start":{"line":23,"column":4},"end":{"line":25,"column":5}},"type":"if","locations":[{"start":{"line":23,"column":4},"end":{"line":25,"column":5}},{"start":{},"end":{}}],"line":23}},"s":{"0":0,"1":0,"2":0,"3":0,"4":0,"5":0,"6":0,"7":0,"8":0,"9":0,"10":0,"11":0,"12":0,"13":0,"14":0,"15":0,"16":0,"17":0,"18":0,"19":0,"20":0,"21":0,"22":0,"23":0,"24":0,"25":0,"26":0,"27":0,"28":0,"29":0,"30":0,"31":0,"32":0},"f":{"0":0,"1":0,"2":0},"b":{"0":[0,0]}}
,"C:\\Workspace\\Projects\\ecredit-projects\\ecredit-services\\config\\logger.js": {"path":"C:\\Workspace\\Projects\\ecredit-projects\\ecredit-services\\config\\logger.js","statementMap":{"0":{"start":{"line":1,"column":16},"end":{"line":1,"column":34}},"1":{"start":{"line":2,"column":18},"end":{"line":2,"column":46}},"2":{"start":{"line":3,"column":23},"end":{"line":3,"column":38}},"3":{"start":{"line":4,"column":15},"end":{"line":4,"column":31}},"4":{"start":{"line":5,"column":43},"end":{"line":5,"column":63}},"5":{"start":{"line":19,"column":24},"end":{"line":31,"column":1}},"6":{"start":{"line":33,"column":23},"end":{"line":38,"column":1}},"7":{"start":{"line":39,"column":28},"end":{"line":39,"column":37}},"8":{"start":{"line":40,"column":21},"end":{"line":45,"column":1}},"9":{"start":{"line":53,"column":2},"end":{"line":55,"column":3}},"10":{"start":{"line":54,"column":4},"end":{"line":54,"column":19}},"11":{"start":{"line":57,"column":17},"end":{"line":57,"column":24}},"12":{"start":{"line":58,"column":2},"end":{"line":61,"column":5}},"13":{"start":{"line":59,"column":18},"end":{"line":59,"column":69}},"14":{"start":{"line":60,"column":4},"end":{"line":60,"column":59}},"15":{"start":{"line":62,"column":2},"end":{"line":62,"column":18}},"16":{"start":{"line":70,"column":30},"end":{"line":70,"column":53}},"17":{"start":{"line":71,"column":2},"end":{"line":73,"column":3}},"18":{"start":{"line":72,"column":4},"end":{"line":72,"column":28}},"19":{"start":{"line":75,"column":2},"end":{"line":77,"column":3}},"20":{"start":{"line":76,"column":4},"end":{"line":76,"column":54}},"21":{"start":{"line":76,"column":32},"end":{"line":76,"column":52}},"22":{"start":{"line":79,"column":2},"end":{"line":83,"column":3}},"23":{"start":{"line":80,"column":4},"end":{"line":82,"column":6}},"24":{"start":{"line":81,"column":50},"end":{"line":81,"column":82}},"25":{"start":{"line":85,"column":2},"end":{"line":85,"column":72}},"26":{"start":{"line":104,"column":6},"end":{"line":104,"column":10}},"27":{"start":{"line":105,"column":26},"end":{"line":108,"column":3}},"28":{"start":{"line":110,"column":19},"end":{"line":116,"column":3}},"29":{"start":{"line":118,"column":2},"end":{"line":120,"column":3}},"30":{"start":{"line":119,"column":4},"end":{"line":119,"column":52}},"31":{"start":{"line":122,"column":26},"end":{"line":125,"column":3}},"32":{"start":{"line":126,"column":2},"end":{"line":128,"column":3}},"33":{"start":{"line":127,"column":4},"end":{"line":127,"column":54}},"34":{"start":{"line":130,"column":2},"end":{"line":132,"column":3}},"35":{"start":{"line":131,"column":4},"end":{"line":131,"column":27}},"36":{"start":{"line":134,"column":2},"end":{"line":134,"column":18}},"37":{"start":{"line":138,"column":16},"end":{"line":140,"column":8}},"38":{"start":{"line":141,"column":18},"end":{"line":143,"column":8}},"39":{"start":{"line":144,"column":16},"end":{"line":144,"column":53}},"40":{"start":{"line":146,"column":2},"end":{"line":146,"column":164}},"41":{"start":{"line":150,"column":16},"end":{"line":150,"column":72}},"42":{"start":{"line":151,"column":2},"end":{"line":151,"column":53}},"43":{"start":{"line":155,"column":16},"end":{"line":155,"column":83}},"44":{"start":{"line":156,"column":2},"end":{"line":156,"column":52}},"45":{"start":{"line":160,"column":2},"end":{"line":160,"column":37}},"46":{"start":{"line":160,"column":30},"end":{"line":160,"column":37}},"47":{"start":{"line":162,"column":16},"end":{"line":162,"column":36}},"48":{"start":{"line":163,"column":20},"end":{"line":163,"column":69}},"49":{"start":{"line":164,"column":18},"end":{"line":164,"column":29}},"50":{"start":{"line":165,"column":22},"end":{"line":165,"column":56}},"51":{"start":{"line":167,"column":2},"end":{"line":179,"column":5}},"52":{"start":{"line":184,"column":4},"end":{"line":184,"column":50}},"53":{"start":{"line":184,"column":23},"end":{"line":184,"column":48}},"54":{"start":{"line":185,"column":4},"end":{"line":189,"column":7}},"55":{"start":{"line":186,"column":6},"end":{"line":188,"column":7}},"56":{"start":{"line":187,"column":8},"end":{"line":187,"column":77}},"57":{"start":{"line":190,"column":4},"end":{"line":190,"column":15}},"58":{"start":{"line":197,"column":21},"end":{"line":204,"column":1}},"59":{"start":{"line":201,"column":18},"end":{"line":201,"column":38}},"60":{"start":{"line":202,"column":4},"end":{"line":202,"column":38}},"61":{"start":{"line":206,"column":22},"end":{"line":215,"column":1}},"62":{"start":{"line":210,"column":18},"end":{"line":210,"column":38}},"63":{"start":{"line":211,"column":18},"end":{"line":211,"column":51}},"64":{"start":{"line":213,"column":4},"end":{"line":213,"column":73}},"65":{"start":{"line":220,"column":19},"end":{"line":224,"column":1}},"66":{"start":{"line":223,"column":34},"end":{"line":223,"column":70}},"67":{"start":{"line":230,"column":2},"end":{"line":230,"column":62}},"68":{"start":{"line":235,"column":19},"end":{"line":235,"column":21}},"69":{"start":{"line":238,"column":0},"end":{"line":244,"column":1}},"70":{"start":{"line":239,"column":2},"end":{"line":243,"column":4}},"71":{"start":{"line":246,"column":0},"end":{"line":246,"column":41}},"72":{"start":{"line":251,"column":15},"end":{"line":258,"column":2}},"73":{"start":{"line":260,"column":0},"end":{"line":260,"column":37}},"74":{"start":{"line":261,"column":0},"end":{"line":261,"column":49}},"75":{"start":{"line":262,"column":0},"end":{"line":262,"column":41}},"76":{"start":{"line":264,"column":0},"end":{"line":264,"column":24}}},"fnMap":{"0":{"name":"redactSensitiveData","decl":{"start":{"line":52,"column":9},"end":{"line":52,"column":28}},"loc":{"start":{"line":52,"column":38},"end":{"line":63,"column":1}},"line":52},"1":{"name":"(anonymous_1)","decl":{"start":{"line":58,"column":26},"end":{"line":58,"column":27}},"loc":{"start":{"line":58,"column":37},"end":{"line":61,"column":3}},"line":58},"2":{"name":"redactPayload","decl":{"start":{"line":69,"column":9},"end":{"line":69,"column":22}},"loc":{"start":{"line":69,"column":46},"end":{"line":86,"column":1}},"line":69},"3":{"name":"(anonymous_3)","decl":{"start":{"line":76,"column":21},"end":{"line":76,"column":22}},"loc":{"start":{"line":76,"column":32},"end":{"line":76,"column":52}},"line":76},"4":{"name":"(anonymous_4)","decl":{"start":{"line":81,"column":32},"end":{"line":81,"column":33}},"loc":{"start":{"line":81,"column":50},"end":{"line":81,"column":82}},"line":81},"5":{"name":"createLogEntry","decl":{"start":{"line":91,"column":9},"end":{"line":91,"column":23}},"loc":{"start":{"line":91,"column":30},"end":{"line":135,"column":1}},"line":91},"6":{"name":"formatReadableEntry","decl":{"start":{"line":137,"column":9},"end":{"line":137,"column":28}},"loc":{"start":{"line":137,"column":36},"end":{"line":147,"column":1}},"line":137},"7":{"name":"requestIdFromPath","decl":{"start":{"line":149,"column":9},"end":{"line":149,"column":26}},"loc":{"start":{"line":149,"column":40},"end":{"line":152,"column":1}},"line":149},"8":{"name":"actorCode","decl":{"start":{"line":154,"column":9},"end":{"line":154,"column":18}},"loc":{"start":{"line":154,"column":25},"end":{"line":157,"column":1}},"line":154},"9":{"name":"persistLogEntry","decl":{"start":{"line":159,"column":15},"end":{"line":159,"column":30}},"loc":{"start":{"line":159,"column":37},"end":{"line":180,"column":1}},"line":159},"10":{"name":"(anonymous_10)","decl":{"start":{"line":183,"column":2},"end":{"line":183,"column":3}},"loc":{"start":{"line":183,"column":22},"end":{"line":191,"column":3}},"line":183},"11":{"name":"(anonymous_11)","decl":{"start":{"line":184,"column":17},"end":{"line":184,"column":18}},"loc":{"start":{"line":184,"column":23},"end":{"line":184,"column":48}},"line":184},"12":{"name":"(anonymous_12)","decl":{"start":{"line":185,"column":32},"end":{"line":185,"column":33}},"loc":{"start":{"line":185,"column":43},"end":{"line":189,"column":5}},"line":185},"13":{"name":"(anonymous_13)","decl":{"start":{"line":200,"column":24},"end":{"line":200,"column":25}},"loc":{"start":{"line":200,"column":34},"end":{"line":203,"column":3}},"line":200},"14":{"name":"(anonymous_14)","decl":{"start":{"line":209,"column":24},"end":{"line":209,"column":25}},"loc":{"start":{"line":209,"column":34},"end":{"line":214,"column":3}},"line":209},"15":{"name":"(anonymous_15)","decl":{"start":{"line":223,"column":24},"end":{"line":223,"column":25}},"loc":{"start":{"line":223,"column":34},"end":{"line":223,"column":70}},"line":223}},"branchMap":{"0":{"loc":{"start":{"line":53,"column":2},"end":{"line":55,"column":3}},"type":"if","locations":[{"start":{"line":53,"column":2},"end":{"line":55,"column":3}},{"start":{},"end":{}}],"line":53},"1":{"loc":{"start":{"line":69,"column":30},"end":{"line":69,"column":44}},"type":"default-arg","locations":[{"start":{"line":69,"column":42},"end":{"line":69,"column":44}}],"line":69},"2":{"loc":{"start":{"line":71,"column":2},"end":{"line":73,"column":3}},"type":"if","locations":[{"start":{"line":71,"column":2},"end":{"line":73,"column":3}},{"start":{},"end":{}}],"line":71},"3":{"loc":{"start":{"line":75,"column":2},"end":{"line":77,"column":3}},"type":"if","locations":[{"start":{"line":75,"column":2},"end":{"line":77,"column":3}},{"start":{},"end":{}}],"line":75},"4":{"loc":{"start":{"line":79,"column":2},"end":{"line":83,"column":3}},"type":"if","locations":[{"start":{"line":79,"column":2},"end":{"line":83,"column":3}},{"start":{},"end":{}}],"line":79},"5":{"loc":{"start":{"line":79,"column":6},"end":{"line":79,"column":40}},"type":"binary-expr","locations":[{"start":{"line":79,"column":6},"end":{"line":79,"column":11}},{"start":{"line":79,"column":15},"end":{"line":79,"column":40}}],"line":79},"6":{"loc":{"start":{"line":85,"column":9},"end":{"line":85,"column":71}},"type":"cond-expr","locations":[{"start":{"line":85,"column":37},"end":{"line":85,"column":63}},{"start":{"line":85,"column":66},"end":{"line":85,"column":71}}],"line":85},"7":{"loc":{"start":{"line":105,"column":26},"end":{"line":108,"column":3}},"type":"binary-expr","locations":[{"start":{"line":105,"column":26},"end":{"line":105,"column":31}},{"start":{"line":105,"column":36},"end":{"line":107,"column":15}}],"line":105},"8":{"loc":{"start":{"line":105,"column":36},"end":{"line":107,"column":15}},"type":"cond-expr","locations":[{"start":{"line":106,"column":6},"end":{"line":106,"column":35}},{"start":{"line":107,"column":6},"end":{"line":107,"column":15}}],"line":105},"9":{"loc":{"start":{"line":105,"column":36},"end":{"line":105,"column":57}},"type":"binary-expr","locations":[{"start":{"line":105,"column":36},"end":{"line":105,"column":42}},{"start":{"line":105,"column":46},"end":{"line":105,"column":57}}],"line":105},"10":{"loc":{"start":{"line":112,"column":9},"end":{"line":112,"column":42}},"type":"binary-expr","locations":[{"start":{"line":112,"column":9},"end":{"line":112,"column":20}},{"start":{"line":112,"column":24},"end":{"line":112,"column":42}}],"line":112},"11":{"loc":{"start":{"line":114,"column":19},"end":{"line":114,"column":41}},"type":"binary-expr","locations":[{"start":{"line":114,"column":19},"end":{"line":114,"column":32}},{"start":{"line":114,"column":36},"end":{"line":114,"column":41}}],"line":114},"12":{"loc":{"start":{"line":118,"column":2},"end":{"line":120,"column":3}},"type":"if","locations":[{"start":{"line":118,"column":2},"end":{"line":120,"column":3}},{"start":{},"end":{}}],"line":118},"13":{"loc":{"start":{"line":123,"column":8},"end":{"line":123,"column":21}},"type":"binary-expr","locations":[{"start":{"line":123,"column":8},"end":{"line":123,"column":15}},{"start":{"line":123,"column":19},"end":{"line":123,"column":21}}],"line":123},"14":{"loc":{"start":{"line":126,"column":2},"end":{"line":128,"column":3}},"type":"if","locations":[{"start":{"line":126,"column":2},"end":{"line":128,"column":3}},{"start":{},"end":{}}],"line":126},"15":{"loc":{"start":{"line":130,"column":2},"end":{"line":132,"column":3}},"type":"if","locations":[{"start":{"line":130,"column":2},"end":{"line":132,"column":3}},{"start":{},"end":{}}],"line":130},"16":{"loc":{"start":{"line":130,"column":6},"end":{"line":130,"column":37}},"type":"binary-expr","locations":[{"start":{"line":130,"column":6},"end":{"line":130,"column":11}},{"start":{"line":130,"column":15},"end":{"line":130,"column":37}}],"line":130},"17":{"loc":{"start":{"line":138,"column":16},"end":{"line":140,"column":8}},"type":"cond-expr","locations":[{"start":{"line":139,"column":6},"end":{"line":139,"column":78}},{"start":{"line":140,"column":6},"end":{"line":140,"column":8}}],"line":138},"18":{"loc":{"start":{"line":139,"column":16},"end":{"line":139,"column":40}},"type":"binary-expr","locations":[{"start":{"line":139,"column":16},"end":{"line":139,"column":34}},{"start":{"line":139,"column":38},"end":{"line":139,"column":40}}],"line":139},"19":{"loc":{"start":{"line":139,"column":44},"end":{"line":139,"column":66}},"type":"binary-expr","locations":[{"start":{"line":139,"column":44},"end":{"line":139,"column":60}},{"start":{"line":139,"column":64},"end":{"line":139,"column":66}}],"line":139},"20":{"loc":{"start":{"line":141,"column":18},"end":{"line":143,"column":8}},"type":"cond-expr","locations":[{"start":{"line":142,"column":6},"end":{"line":142,"column":49}},{"start":{"line":143,"column":6},"end":{"line":143,"column":8}}],"line":141},"21":{"loc":{"start":{"line":144,"column":16},"end":{"line":144,"column":53}},"type":"cond-expr","locations":[{"start":{"line":144,"column":30},"end":{"line":144,"column":48}},{"start":{"line":144,"column":51},"end":{"line":144,"column":53}}],"line":144},"22":{"loc":{"start":{"line":150,"column":23},"end":{"line":150,"column":40}},"type":"binary-expr","locations":[{"start":{"line":150,"column":23},"end":{"line":150,"column":34}},{"start":{"line":150,"column":38},"end":{"line":150,"column":40}}],"line":150},"23":{"loc":{"start":{"line":151,"column":9},"end":{"line":151,"column":52}},"type":"cond-expr","locations":[{"start":{"line":151,"column":17},"end":{"line":151,"column":45}},{"start":{"line":151,"column":48},"end":{"line":151,"column":52}}],"line":151},"24":{"loc":{"start":{"line":155,"column":23},"end":{"line":155,"column":82}},"type":"binary-expr","locations":[{"start":{"line":155,"column":23},"end":{"line":155,"column":37}},{"start":{"line":155,"column":41},"end":{"line":155,"column":55}},{"start":{"line":155,"column":59},"end":{"line":155,"column":82}}],"line":155},"25":{"loc":{"start":{"line":156,"column":9},"end":{"line":156,"column":51}},"type":"cond-expr","locations":[{"start":{"line":156,"column":39},"end":{"line":156,"column":44}},{"start":{"line":156,"column":47},"end":{"line":156,"column":51}}],"line":156},"26":{"loc":{"start":{"line":160,"column":2},"end":{"line":160,"column":37}},"type":"if","locations":[{"start":{"line":160,"column":2},"end":{"line":160,"column":37}},{"start":{},"end":{}}],"line":160},"27":{"loc":{"start":{"line":163,"column":38},"end":{"line":163,"column":68}},"type":"binary-expr","locations":[{"start":{"line":163,"column":38},"end":{"line":163,"column":55}},{"start":{"line":163,"column":59},"end":{"line":163,"column":68}}],"line":163},"28":{"loc":{"start":{"line":171,"column":17},"end":{"line":171,"column":64}},"type":"binary-expr","locations":[{"start":{"line":171,"column":17},"end":{"line":171,"column":42}},{"start":{"line":171,"column":46},"end":{"line":171,"column":64}}],"line":171},"29":{"loc":{"start":{"line":172,"column":14},"end":{"line":172,"column":64}},"type":"cond-expr","locations":[{"start":{"line":172,"column":26},"end":{"line":172,"column":44}},{"start":{"line":172,"column":47},"end":{"line":172,"column":64}}],"line":172},"30":{"loc":{"start":{"line":186,"column":6},"end":{"line":188,"column":7}},"type":"if","locations":[{"start":{"line":186,"column":6},"end":{"line":188,"column":7}},{"start":{},"end":{}}],"line":186},"31":{"loc":{"start":{"line":211,"column":18},"end":{"line":211,"column":51}},"type":"binary-expr","locations":[{"start":{"line":211,"column":18},"end":{"line":211,"column":45}},{"start":{"line":211,"column":49},"end":{"line":211,"column":51}}],"line":211},"32":{"loc":{"start":{"line":230,"column":2},"end":{"line":230,"column":62}},"type":"cond-expr","locations":[{"start":{"line":230,"column":37},"end":{"line":230,"column":47}},{"start":{"line":230,"column":50},"end":{"line":230,"column":62}}],"line":230},"33":{"loc":{"start":{"line":238,"column":0},"end":{"line":244,"column":1}},"type":"if","locations":[{"start":{"line":238,"column":0},"end":{"line":244,"column":1}},{"start":{},"end":{}}],"line":238}},"s":{"0":0,"1":0,"2":0,"3":0,"4":0,"5":0,"6":0,"7":0,"8":0,"9":0,"10":0,"11":0,"12":0,"13":0,"14":0,"15":0,"16":0,"17":0,"18":0,"19":0,"20":0,"21":0,"22":0,"23":0,"24":0,"25":0,"26":0,"27":0,"28":0,"29":0,"30":0,"31":0,"32":0,"33":0,"34":0,"35":0,"36":0,"37":0,"38":0,"39":0,"40":0,"41":0,"42":0,"43":0,"44":0,"45":0,"46":0,"47":0,"48":0,"49":0,"50":0,"51":0,"52":0,"53":0,"54":0,"55":0,"56":0,"57":0,"58":0,"59":0,"60":0,"61":0,"62":0,"63":0,"64":0,"65":0,"66":0,"67":0,"68":0,"69":0,"70":0,"71":0,"72":0,"73":0,"74":0,"75":0,"76":0},"f":{"0":0,"1":0,"2":0,"3":0,"4":0,"5":0,"6":0,"7":0,"8":0,"9":0,"10":0,"11":0,"12":0,"13":0,"14":0,"15":0},"b":{"0":[0,0],"1":[0],"2":[0,0],"3":[0,0],"4":[0,0],"5":[0,0],"6":[0,0],"7":[0,0],"8":[0,0],"9":[0,0],"10":[0,0],"11":[0,0],"12":[0,0],"13":[0,0],"14":[0,0],"15":[0,0],"16":[0,0],"17":[0,0],"18":[0,0],"19":[0,0],"20":[0,0],"21":[0,0],"22":[0,0],"23":[0,0],"24":[0,0,0],"25":[0,0],"26":[0,0],"27":[0,0],"28":[0,0],"29":[0,0],"30":[0,0],"31":[0,0],"32":[0,0],"33":[0,0]}}
,"C:\\Workspace\\Projects\\ecredit-projects\\ecredit-services\\config\\swagger.js": {"path":"C:\\Workspace\\Projects\\ecredit-projects\\ecredit-services\\config\\swagger.js","statementMap":{"0":{"start":{"line":1,"column":21},"end":{"line":1,"column":45}},"1":{"start":{"line":2,"column":15},"end":{"line":2,"column":31}},"2":{"start":{"line":15,"column":16},"end":{"line":218,"column":1}},"3":{"start":{"line":227,"column":2},"end":{"line":227,"column":31}},"4":{"start":{"line":230,"column":0},"end":{"line":233,"column":2}}},"fnMap":{"0":{"name":"getSwaggerSpec","decl":{"start":{"line":226,"column":9},"end":{"line":226,"column":23}},"loc":{"start":{"line":226,"column":26},"end":{"line":228,"column":1}},"line":226}},"branchMap":{},"s":{"0":0,"1":0,"2":0,"3":0,"4":0},"f":{"0":0},"b":{}}
,"C:\\Workspace\\Projects\\ecredit-projects\\ecredit-services\\controllers\\approvalHistoryController.js": {"path":"C:\\Workspace\\Projects\\ecredit-projects\\ecredit-services\\controllers\\approvalHistoryController.js","statementMap":{"0":{"start":{"line":1,"column":23},"end":{"line":1,"column":60}},"1":{"start":{"line":4,"column":2},"end":{"line":11,"column":3}},"2":{"start":{"line":5,"column":26},"end":{"line":5,"column":59}},"3":{"start":{"line":6,"column":17},"end":{"line":6,"column":79}},"4":{"start":{"line":7,"column":4},"end":{"line":7,"column":92}},"5":{"start":{"line":8,"column":4},"end":{"line":8,"column":65}},"6":{"start":{"line":10,"column":4},"end":{"line":10,"column":16}},"7":{"start":{"line":15,"column":2},"end":{"line":28,"column":3}},"8":{"start":{"line":16,"column":26},"end":{"line":16,"column":59}},"9":{"start":{"line":17,"column":17},"end":{"line":17,"column":84}},"10":{"start":{"line":18,"column":4},"end":{"line":23,"column":5}},"11":{"start":{"line":19,"column":20},"end":{"line":19,"column":79}},"12":{"start":{"line":20,"column":6},"end":{"line":20,"column":29}},"13":{"start":{"line":21,"column":6},"end":{"line":21,"column":40}},"14":{"start":{"line":22,"column":6},"end":{"line":22,"column":18}},"15":{"start":{"line":24,"column":4},"end":{"line":24,"column":92}},"16":{"start":{"line":25,"column":4},"end":{"line":25,"column":65}},"17":{"start":{"line":27,"column":4},"end":{"line":27,"column":16}},"18":{"start":{"line":32,"column":2},"end":{"line":45,"column":3}},"19":{"start":{"line":33,"column":26},"end":{"line":33,"column":59}},"20":{"start":{"line":34,"column":22},"end":{"line":34,"column":53}},"21":{"start":{"line":35,"column":4},"end":{"line":40,"column":5}},"22":{"start":{"line":36,"column":20},"end":{"line":36,"column":95}},"23":{"start":{"line":37,"column":6},"end":{"line":37,"column":29}},"24":{"start":{"line":38,"column":6},"end":{"line":38,"column":31}},"25":{"start":{"line":39,"column":6},"end":{"line":39,"column":18}},"26":{"start":{"line":41,"column":20},"end":{"line":41,"column":97}},"27":{"start":{"line":42,"column":4},"end":{"line":42,"column":74}},"28":{"start":{"line":44,"column":4},"end":{"line":44,"column":16}},"29":{"start":{"line":49,"column":2},"end":{"line":70,"column":3}},"30":{"start":{"line":50,"column":26},"end":{"line":50,"column":59}},"31":{"start":{"line":51,"column":22},"end":{"line":51,"column":53}},"32":{"start":{"line":52,"column":26},"end":{"line":52,"column":95}},"33":{"start":{"line":53,"column":4},"end":{"line":58,"column":5}},"34":{"start":{"line":54,"column":20},"end":{"line":54,"column":95}},"35":{"start":{"line":55,"column":6},"end":{"line":55,"column":29}},"36":{"start":{"line":56,"column":6},"end":{"line":56,"column":31}},"37":{"start":{"line":57,"column":6},"end":{"line":57,"column":18}},"38":{"start":{"line":60,"column":20},"end":{"line":66,"column":5}},"39":{"start":{"line":67,"column":4},"end":{"line":67,"column":74}},"40":{"start":{"line":69,"column":4},"end":{"line":69,"column":16}},"41":{"start":{"line":73,"column":0},"end":{"line":73,"column":105}}},"fnMap":{"0":{"name":"listApprovalHistory","decl":{"start":{"line":3,"column":15},"end":{"line":3,"column":34}},"loc":{"start":{"line":3,"column":51},"end":{"line":12,"column":1}},"line":3},"1":{"name":"getApprovalSubmitOptions","decl":{"start":{"line":14,"column":15},"end":{"line":14,"column":39}},"loc":{"start":{"line":14,"column":56},"end":{"line":29,"column":1}},"line":14},"2":{"name":"submitRequest","decl":{"start":{"line":31,"column":15},"end":{"line":31,"column":28}},"loc":{"start":{"line":31,"column":45},"end":{"line":46,"column":1}},"line":31},"3":{"name":"processApprovalAction","decl":{"start":{"line":48,"column":15},"end":{"line":48,"column":36}},"loc":{"start":{"line":48,"column":53},"end":{"line":71,"column":1}},"line":48}},"branchMap":{"0":{"loc":{"start":{"line":5,"column":26},"end":{"line":5,"column":59}},"type":"binary-expr","locations":[{"start":{"line":5,"column":26},"end":{"line":5,"column":50}},{"start":{"line":5,"column":54},"end":{"line":5,"column":59}}],"line":5},"1":{"loc":{"start":{"line":16,"column":26},"end":{"line":16,"column":59}},"type":"binary-expr","locations":[{"start":{"line":16,"column":26},"end":{"line":16,"column":50}},{"start":{"line":16,"column":54},"end":{"line":16,"column":59}}],"line":16},"2":{"loc":{"start":{"line":18,"column":4},"end":{"line":23,"column":5}},"type":"if","locations":[{"start":{"line":18,"column":4},"end":{"line":23,"column":5}},{"start":{},"end":{}}],"line":18},"3":{"loc":{"start":{"line":33,"column":26},"end":{"line":33,"column":59}},"type":"binary-expr","locations":[{"start":{"line":33,"column":26},"end":{"line":33,"column":50}},{"start":{"line":33,"column":54},"end":{"line":33,"column":59}}],"line":33},"4":{"loc":{"start":{"line":35,"column":4},"end":{"line":40,"column":5}},"type":"if","locations":[{"start":{"line":35,"column":4},"end":{"line":40,"column":5}},{"start":{},"end":{}}],"line":35},"5":{"loc":{"start":{"line":50,"column":26},"end":{"line":50,"column":59}},"type":"binary-expr","locations":[{"start":{"line":50,"column":26},"end":{"line":50,"column":50}},{"start":{"line":50,"column":54},"end":{"line":50,"column":59}}],"line":50},"6":{"loc":{"start":{"line":53,"column":4},"end":{"line":58,"column":5}},"type":"if","locations":[{"start":{"line":53,"column":4},"end":{"line":58,"column":5}},{"start":{},"end":{}}],"line":53},"7":{"loc":{"start":{"line":63,"column":6},"end":{"line":63,"column":20}},"type":"binary-expr","locations":[{"start":{"line":63,"column":6},"end":{"line":63,"column":14}},{"start":{"line":63,"column":18},"end":{"line":63,"column":20}}],"line":63}},"s":{"0":0,"1":0,"2":0,"3":0,"4":0,"5":0,"6":0,"7":0,"8":0,"9":0,"10":0,"11":0,"12":0,"13":0,"14":0,"15":0,"16":0,"17":0,"18":0,"19":0,"20":0,"21":0,"22":0,"23":0,"24":0,"25":0,"26":0,"27":0,"28":0,"29":0,"30":0,"31":0,"32":0,"33":0,"34":0,"35":0,"36":0,"37":0,"38":0,"39":0,"40":0,"41":0},"f":{"0":0,"1":0,"2":0,"3":0},"b":{"0":[0,0],"1":[0,0],"2":[0,0],"3":[0,0],"4":[0,0],"5":[0,0],"6":[0,0],"7":[0,0]}}
,"C:\\Workspace\\Projects\\ecredit-projects\\ecredit-services\\controllers\\attachmentController.js": {"path":"C:\\Workspace\\Projects\\ecredit-projects\\ecredit-services\\controllers\\attachmentController.js","statementMap":{"0":{"start":{"line":1,"column":15},"end":{"line":1,"column":42}},"1":{"start":{"line":2,"column":25},"end":{"line":2,"column":67}},"2":{"start":{"line":3,"column":26},"end":{"line":3,"column":66}},"3":{"start":{"line":6,"column":20},"end":{"line":6,"column":43}},"4":{"start":{"line":7,"column":21},"end":{"line":7,"column":38}},"5":{"start":{"line":8,"column":2},"end":{"line":8,"column":58}},"6":{"start":{"line":8,"column":40},"end":{"line":8,"column":58}},"7":{"start":{"line":10,"column":16},"end":{"line":10,"column":93}},"8":{"start":{"line":11,"column":2},"end":{"line":11,"column":25}},"9":{"start":{"line":12,"column":2},"end":{"line":12,"column":39}},"10":{"start":{"line":13,"column":2},"end":{"line":13,"column":14}},"11":{"start":{"line":17,"column":2},"end":{"line":25,"column":3}},"12":{"start":{"line":18,"column":4},"end":{"line":18,"column":27}},"13":{"start":{"line":19,"column":4},"end":{"line":19,"column":34}},"14":{"start":{"line":20,"column":4},"end":{"line":20,"column":64}},"15":{"start":{"line":21,"column":9},"end":{"line":25,"column":3}},"16":{"start":{"line":22,"column":4},"end":{"line":22,"column":27}},"17":{"start":{"line":23,"column":4},"end":{"line":23,"column":34}},"18":{"start":{"line":24,"column":4},"end":{"line":24,"column":65}},"19":{"start":{"line":26,"column":2},"end":{"line":26,"column":15}},"20":{"start":{"line":30,"column":2},"end":{"line":38,"column":3}},"21":{"start":{"line":31,"column":26},"end":{"line":31,"column":59}},"22":{"start":{"line":32,"column":17},"end":{"line":32,"column":78}},"23":{"start":{"line":34,"column":4},"end":{"line":34,"column":92}},"24":{"start":{"line":35,"column":4},"end":{"line":35,"column":65}},"25":{"start":{"line":37,"column":4},"end":{"line":37,"column":16}},"26":{"start":{"line":42,"column":2},"end":{"line":43,"column":30}},"27":{"start":{"line":47,"column":2},"end":{"line":57,"column":3}},"28":{"start":{"line":48,"column":21},"end":{"line":48,"column":113}},"29":{"start":{"line":49,"column":4},"end":{"line":49,"column":56}},"30":{"start":{"line":50,"column":4},"end":{"line":50,"column":88}},"31":{"start":{"line":50,"column":32},"end":{"line":50,"column":88}},"32":{"start":{"line":51,"column":4},"end":{"line":51,"column":120}},"33":{"start":{"line":52,"column":4},"end":{"line":52,"column":56}},"34":{"start":{"line":53,"column":4},"end":{"line":53,"column":38}},"35":{"start":{"line":54,"column":4},"end":{"line":54,"column":30}},"36":{"start":{"line":56,"column":4},"end":{"line":56,"column":16}},"37":{"start":{"line":61,"column":2},"end":{"line":81,"column":5}},"38":{"start":{"line":62,"column":4},"end":{"line":65,"column":5}},"39":{"start":{"line":63,"column":6},"end":{"line":63,"column":31}},"40":{"start":{"line":64,"column":6},"end":{"line":64,"column":13}},"41":{"start":{"line":67,"column":4},"end":{"line":80,"column":5}},"42":{"start":{"line":68,"column":28},"end":{"line":68,"column":61}},"43":{"start":{"line":69,"column":24},"end":{"line":69,"column":43}},"44":{"start":{"line":70,"column":19},"end":{"line":70,"column":104}},"45":{"start":{"line":72,"column":6},"end":{"line":72,"column":67}},"46":{"start":{"line":73,"column":6},"end":{"line":77,"column":9}},"47":{"start":{"line":79,"column":6},"end":{"line":79,"column":26}},"48":{"start":{"line":85,"column":2},"end":{"line":93,"column":3}},"49":{"start":{"line":86,"column":26},"end":{"line":86,"column":59}},"50":{"start":{"line":87,"column":22},"end":{"line":87,"column":41}},"51":{"start":{"line":88,"column":4},"end":{"line":88,"column":107}},"52":{"start":{"line":90,"column":4},"end":{"line":90,"column":98}},"53":{"start":{"line":92,"column":4},"end":{"line":92,"column":16}},"54":{"start":{"line":96,"column":0},"end":{"line":101,"column":2}}},"fnMap":{"0":{"name":"requireUpdater","decl":{"start":{"line":5,"column":9},"end":{"line":5,"column":23}},"loc":{"start":{"line":5,"column":29},"end":{"line":14,"column":1}},"line":5},"1":{"name":"uploadError","decl":{"start":{"line":16,"column":9},"end":{"line":16,"column":20}},"loc":{"start":{"line":16,"column":28},"end":{"line":27,"column":1}},"line":16},"2":{"name":"listAttachments","decl":{"start":{"line":29,"column":15},"end":{"line":29,"column":30}},"loc":{"start":{"line":29,"column":47},"end":{"line":39,"column":1}},"line":29},"3":{"name":"contentDispositionFileName","decl":{"start":{"line":41,"column":9},"end":{"line":41,"column":35}},"loc":{"start":{"line":41,"column":43},"end":{"line":44,"column":1}},"line":41},"4":{"name":"downloadAttachment","decl":{"start":{"line":46,"column":15},"end":{"line":46,"column":33}},"loc":{"start":{"line":46,"column":50},"end":{"line":58,"column":1}},"line":46},"5":{"name":"uploadAttachments","decl":{"start":{"line":60,"column":9},"end":{"line":60,"column":26}},"loc":{"start":{"line":60,"column":43},"end":{"line":82,"column":1}},"line":60},"6":{"name":"(anonymous_6)","decl":{"start":{"line":61,"column":44},"end":{"line":61,"column":45}},"loc":{"start":{"line":61,"column":61},"end":{"line":81,"column":3}},"line":61},"7":{"name":"deleteAttachment","decl":{"start":{"line":84,"column":15},"end":{"line":84,"column":31}},"loc":{"start":{"line":84,"column":48},"end":{"line":94,"column":1}},"line":84}},"branchMap":{"0":{"loc":{"start":{"line":8,"column":2},"end":{"line":8,"column":58}},"type":"if","locations":[{"start":{"line":8,"column":2},"end":{"line":8,"column":58}},{"start":{},"end":{}}],"line":8},"1":{"loc":{"start":{"line":17,"column":2},"end":{"line":25,"column":3}},"type":"if","locations":[{"start":{"line":17,"column":2},"end":{"line":25,"column":3}},{"start":{"line":21,"column":9},"end":{"line":25,"column":3}}],"line":17},"2":{"loc":{"start":{"line":21,"column":9},"end":{"line":25,"column":3}},"type":"if","locations":[{"start":{"line":21,"column":9},"end":{"line":25,"column":3}},{"start":{},"end":{}}],"line":21},"3":{"loc":{"start":{"line":31,"column":26},"end":{"line":31,"column":59}},"type":"binary-expr","locations":[{"start":{"line":31,"column":26},"end":{"line":31,"column":50}},{"start":{"line":31,"column":54},"end":{"line":31,"column":59}}],"line":31},"4":{"loc":{"start":{"line":42,"column":16},"end":{"line":42,"column":37}},"type":"binary-expr","locations":[{"start":{"line":42,"column":16},"end":{"line":42,"column":21}},{"start":{"line":42,"column":25},"end":{"line":42,"column":37}}],"line":42},"5":{"loc":{"start":{"line":50,"column":4},"end":{"line":50,"column":88}},"type":"if","locations":[{"start":{"line":50,"column":4},"end":{"line":50,"column":88}},{"start":{},"end":{}}],"line":50},"6":{"loc":{"start":{"line":62,"column":4},"end":{"line":65,"column":5}},"type":"if","locations":[{"start":{"line":62,"column":4},"end":{"line":65,"column":5}},{"start":{},"end":{}}],"line":62},"7":{"loc":{"start":{"line":68,"column":28},"end":{"line":68,"column":61}},"type":"binary-expr","locations":[{"start":{"line":68,"column":28},"end":{"line":68,"column":52}},{"start":{"line":68,"column":56},"end":{"line":68,"column":61}}],"line":68},"8":{"loc":{"start":{"line":86,"column":26},"end":{"line":86,"column":59}},"type":"binary-expr","locations":[{"start":{"line":86,"column":26},"end":{"line":86,"column":50}},{"start":{"line":86,"column":54},"end":{"line":86,"column":59}}],"line":86}},"s":{"0":0,"1":0,"2":0,"3":0,"4":0,"5":0,"6":0,"7":0,"8":0,"9":0,"10":0,"11":0,"12":0,"13":0,"14":0,"15":0,"16":0,"17":0,"18":0,"19":0,"20":0,"21":0,"22":0,"23":0,"24":0,"25":0,"26":0,"27":0,"28":0,"29":0,"30":0,"31":0,"32":0,"33":0,"34":0,"35":0,"36":0,"37":0,"38":0,"39":0,"40":0,"41":0,"42":0,"43":0,"44":0,"45":0,"46":0,"47":0,"48":0,"49":0,"50":0,"51":0,"52":0,"53":0,"54":0},"f":{"0":0,"1":0,"2":0,"3":0,"4":0,"5":0,"6":0,"7":0},"b":{"0":[0,0],"1":[0,0],"2":[0,0],"3":[0,0],"4":[0,0],"5":[0,0],"6":[0,0],"7":[0,0],"8":[0,0]}}
,"C:\\Workspace\\Projects\\ecredit-projects\\ecredit-services\\controllers\\eventLogController.js": {"path":"C:\\Workspace\\Projects\\ecredit-projects\\ecredit-services\\controllers\\eventLogController.js","statementMap":{"0":{"start":{"line":1,"column":24},"end":{"line":1,"column":62}},"1":{"start":{"line":4,"column":2},"end":{"line":11,"column":3}},"2":{"start":{"line":5,"column":26},"end":{"line":5,"column":59}},"3":{"start":{"line":6,"column":17},"end":{"line":6,"column":89}},"4":{"start":{"line":7,"column":4},"end":{"line":7,"column":92}},"5":{"start":{"line":8,"column":4},"end":{"line":8,"column":65}},"6":{"start":{"line":10,"column":4},"end":{"line":10,"column":16}},"7":{"start":{"line":15,"column":2},"end":{"line":22,"column":3}},"8":{"start":{"line":16,"column":26},"end":{"line":16,"column":59}},"9":{"start":{"line":17,"column":17},"end":{"line":17,"column":94}},"10":{"start":{"line":18,"column":4},"end":{"line":18,"column":92}},"11":{"start":{"line":19,"column":4},"end":{"line":19,"column":65}},"12":{"start":{"line":21,"column":4},"end":{"line":21,"column":16}},"13":{"start":{"line":25,"column":0},"end":{"line":25,"column":56}}},"fnMap":{"0":{"name":"listRequestEvents","decl":{"start":{"line":3,"column":15},"end":{"line":3,"column":32}},"loc":{"start":{"line":3,"column":49},"end":{"line":12,"column":1}},"line":3},"1":{"name":"getRequestEvent","decl":{"start":{"line":14,"column":15},"end":{"line":14,"column":30}},"loc":{"start":{"line":14,"column":47},"end":{"line":23,"column":1}},"line":14}},"branchMap":{"0":{"loc":{"start":{"line":5,"column":26},"end":{"line":5,"column":59}},"type":"binary-expr","locations":[{"start":{"line":5,"column":26},"end":{"line":5,"column":50}},{"start":{"line":5,"column":54},"end":{"line":5,"column":59}}],"line":5},"1":{"loc":{"start":{"line":16,"column":26},"end":{"line":16,"column":59}},"type":"binary-expr","locations":[{"start":{"line":16,"column":26},"end":{"line":16,"column":50}},{"start":{"line":16,"column":54},"end":{"line":16,"column":59}}],"line":16}},"s":{"0":0,"1":0,"2":0,"3":0,"4":0,"5":0,"6":0,"7":0,"8":0,"9":0,"10":0,"11":0,"12":0,"13":0},"f":{"0":0,"1":0},"b":{"0":[0,0],"1":[0,0]}}
,"C:\\Workspace\\Projects\\ecredit-projects\\ecredit-services\\controllers\\requestMetadataController.js": {"path":"C:\\Workspace\\Projects\\ecredit-projects\\ecredit-services\\controllers\\requestMetadataController.js","statementMap":{"0":{"start":{"line":1,"column":31},"end":{"line":1,"column":76}},"1":{"start":{"line":4,"column":2},"end":{"line":10,"column":3}},"2":{"start":{"line":5,"column":17},"end":{"line":5,"column":67}},"3":{"start":{"line":6,"column":4},"end":{"line":6,"column":92}},"4":{"start":{"line":7,"column":4},"end":{"line":7,"column":100}},"5":{"start":{"line":9,"column":4},"end":{"line":9,"column":16}},"6":{"start":{"line":14,"column":2},"end":{"line":20,"column":3}},"7":{"start":{"line":15,"column":17},"end":{"line":15,"column":67}},"8":{"start":{"line":16,"column":4},"end":{"line":16,"column":92}},"9":{"start":{"line":17,"column":4},"end":{"line":17,"column":100}},"10":{"start":{"line":19,"column":4},"end":{"line":19,"column":16}},"11":{"start":{"line":24,"column":2},"end":{"line":30,"column":3}},"12":{"start":{"line":25,"column":17},"end":{"line":25,"column":66}},"13":{"start":{"line":26,"column":4},"end":{"line":26,"column":92}},"14":{"start":{"line":27,"column":4},"end":{"line":27,"column":100}},"15":{"start":{"line":29,"column":4},"end":{"line":29,"column":16}},"16":{"start":{"line":34,"column":2},"end":{"line":40,"column":3}},"17":{"start":{"line":35,"column":17},"end":{"line":35,"column":57}},"18":{"start":{"line":36,"column":4},"end":{"line":36,"column":92}},"19":{"start":{"line":37,"column":4},"end":{"line":37,"column":100}},"20":{"start":{"line":39,"column":4},"end":{"line":39,"column":16}},"21":{"start":{"line":43,"column":0},"end":{"line":43,"column":93}}},"fnMap":{"0":{"name":"listEnabledStatuses","decl":{"start":{"line":3,"column":15},"end":{"line":3,"column":34}},"loc":{"start":{"line":3,"column":51},"end":{"line":11,"column":1}},"line":3},"1":{"name":"listEnabledLogTypes","decl":{"start":{"line":13,"column":15},"end":{"line":13,"column":34}},"loc":{"start":{"line":13,"column":51},"end":{"line":21,"column":1}},"line":13},"2":{"name":"listEnabledRatings","decl":{"start":{"line":23,"column":15},"end":{"line":23,"column":33}},"loc":{"start":{"line":23,"column":50},"end":{"line":31,"column":1}},"line":23},"3":{"name":"listTerms","decl":{"start":{"line":33,"column":15},"end":{"line":33,"column":24}},"loc":{"start":{"line":33,"column":41},"end":{"line":41,"column":1}},"line":33}},"branchMap":{"0":{"loc":{"start":{"line":7,"column":63},"end":{"line":7,"column":96}},"type":"binary-expr","locations":[{"start":{"line":7,"column":63},"end":{"line":7,"column":87}},{"start":{"line":7,"column":91},"end":{"line":7,"column":96}}],"line":7},"1":{"loc":{"start":{"line":17,"column":63},"end":{"line":17,"column":96}},"type":"binary-expr","locations":[{"start":{"line":17,"column":63},"end":{"line":17,"column":87}},{"start":{"line":17,"column":91},"end":{"line":17,"column":96}}],"line":17},"2":{"loc":{"start":{"line":27,"column":63},"end":{"line":27,"column":96}},"type":"binary-expr","locations":[{"start":{"line":27,"column":63},"end":{"line":27,"column":87}},{"start":{"line":27,"column":91},"end":{"line":27,"column":96}}],"line":27},"3":{"loc":{"start":{"line":37,"column":63},"end":{"line":37,"column":96}},"type":"binary-expr","locations":[{"start":{"line":37,"column":63},"end":{"line":37,"column":87}},{"start":{"line":37,"column":91},"end":{"line":37,"column":96}}],"line":37}},"s":{"0":0,"1":0,"2":0,"3":0,"4":0,"5":0,"6":0,"7":0,"8":0,"9":0,"10":0,"11":0,"12":0,"13":0,"14":0,"15":0,"16":0,"17":0,"18":0,"19":0,"20":0,"21":0},"f":{"0":0,"1":0,"2":0,"3":0},"b":{"0":[0,0],"1":[0,0],"2":[0,0],"3":[0,0]}}
,"C:\\Workspace\\Projects\\ecredit-projects\\ecredit-services\\controllers\\dev\\attachmentController.js": {"path":"C:\\Workspace\\Projects\\ecredit-projects\\ecredit-services\\controllers\\dev\\attachmentController.js","statementMap":{"0":{"start":{"line":1,"column":0},"end":{"line":1,"column":52}}},"fnMap":{},"branchMap":{},"s":{"0":0},"f":{},"b":{}}
,"C:\\Workspace\\Projects\\ecredit-projects\\ecredit-services\\controllers\\dev\\authController.js": {"path":"C:\\Workspace\\Projects\\ecredit-projects\\ecredit-services\\controllers\\dev\\authController.js","statementMap":{"0":{"start":{"line":1,"column":15},"end":{"line":1,"column":45}},"1":{"start":{"line":14,"column":2},"end":{"line":51,"column":3}},"2":{"start":{"line":15,"column":26},"end":{"line":15,"column":59}},"3":{"start":{"line":16,"column":17},"end":{"line":16,"column":25}},"4":{"start":{"line":17,"column":20},"end":{"line":17,"column":47}},"5":{"start":{"line":18,"column":4},"end":{"line":19,"column":49}},"6":{"start":{"line":19,"column":26},"end":{"line":19,"column":47}},"7":{"start":{"line":22,"column":24},"end":{"line":29,"column":5}},"8":{"start":{"line":31,"column":21},"end":{"line":35,"column":5}},"9":{"start":{"line":38,"column":4},"end":{"line":38,"column":92}},"10":{"start":{"line":39,"column":4},"end":{"line":39,"column":35}},"11":{"start":{"line":41,"column":4},"end":{"line":44,"column":7}},"12":{"start":{"line":46,"column":4},"end":{"line":49,"column":7}},"13":{"start":{"line":50,"column":4},"end":{"line":50,"column":16}},"14":{"start":{"line":58,"column":2},"end":{"line":78,"column":3}},"15":{"start":{"line":59,"column":26},"end":{"line":59,"column":59}},"16":{"start":{"line":60,"column":17},"end":{"line":60,"column":25}},"17":{"start":{"line":62,"column":21},"end":{"line":69,"column":5}},"18":{"start":{"line":71,"column":4},"end":{"line":71,"column":35}},"19":{"start":{"line":73,"column":4},"end":{"line":76,"column":7}},"20":{"start":{"line":77,"column":4},"end":{"line":77,"column":16}},"21":{"start":{"line":85,"column":2},"end":{"line":103,"column":3}},"22":{"start":{"line":86,"column":26},"end":{"line":86,"column":59}},"23":{"start":{"line":88,"column":21},"end":{"line":94,"column":5}},"24":{"start":{"line":96,"column":4},"end":{"line":96,"column":35}},"25":{"start":{"line":98,"column":4},"end":{"line":101,"column":7}},"26":{"start":{"line":102,"column":4},"end":{"line":102,"column":16}},"27":{"start":{"line":106,"column":0},"end":{"line":110,"column":2}}},"fnMap":{"0":{"name":"getCurrentUser","decl":{"start":{"line":13,"column":15},"end":{"line":13,"column":29}},"loc":{"start":{"line":13,"column":46},"end":{"line":52,"column":1}},"line":13},"1":{"name":"(anonymous_1)","decl":{"start":{"line":19,"column":15},"end":{"line":19,"column":16}},"loc":{"start":{"line":19,"column":26},"end":{"line":19,"column":47}},"line":19},"2":{"name":"validateSession","decl":{"start":{"line":57,"column":15},"end":{"line":57,"column":30}},"loc":{"start":{"line":57,"column":47},"end":{"line":79,"column":1}},"line":57},"3":{"name":"logout","decl":{"start":{"line":84,"column":15},"end":{"line":84,"column":21}},"loc":{"start":{"line":84,"column":38},"end":{"line":104,"column":1}},"line":84}},"branchMap":{"0":{"loc":{"start":{"line":15,"column":26},"end":{"line":15,"column":59}},"type":"binary-expr","locations":[{"start":{"line":15,"column":26},"end":{"line":15,"column":50}},{"start":{"line":15,"column":54},"end":{"line":15,"column":59}}],"line":15},"1":{"loc":{"start":{"line":17,"column":26},"end":{"line":17,"column":44}},"type":"binary-expr","locations":[{"start":{"line":17,"column":26},"end":{"line":17,"column":38}},{"start":{"line":17,"column":42},"end":{"line":17,"column":44}}],"line":17},"2":{"loc":{"start":{"line":25,"column":13},"end":{"line":25,"column":40}},"type":"binary-expr","locations":[{"start":{"line":25,"column":13},"end":{"line":25,"column":26}},{"start":{"line":25,"column":30},"end":{"line":25,"column":40}}],"line":25},"3":{"loc":{"start":{"line":26,"column":19},"end":{"line":26,"column":56}},"type":"binary-expr","locations":[{"start":{"line":26,"column":19},"end":{"line":26,"column":36}},{"start":{"line":26,"column":40},"end":{"line":26,"column":56}}],"line":26},"4":{"loc":{"start":{"line":27,"column":13},"end":{"line":27,"column":40}},"type":"binary-expr","locations":[{"start":{"line":27,"column":13},"end":{"line":27,"column":26}},{"start":{"line":27,"column":30},"end":{"line":27,"column":40}}],"line":27},"5":{"loc":{"start":{"line":59,"column":26},"end":{"line":59,"column":59}},"type":"binary-expr","locations":[{"start":{"line":59,"column":26},"end":{"line":59,"column":50}},{"start":{"line":59,"column":54},"end":{"line":59,"column":59}}],"line":59},"6":{"loc":{"start":{"line":86,"column":26},"end":{"line":86,"column":59}},"type":"binary-expr","locations":[{"start":{"line":86,"column":26},"end":{"line":86,"column":50}},{"start":{"line":86,"column":54},"end":{"line":86,"column":59}}],"line":86}},"s":{"0":0,"1":0,"2":0,"3":0,"4":0,"5":0,"6":0,"7":0,"8":0,"9":0,"10":0,"11":0,"12":0,"13":0,"14":0,"15":0,"16":0,"17":0,"18":0,"19":0,"20":0,"21":0,"22":0,"23":0,"24":0,"25":0,"26":0,"27":0},"f":{"0":0,"1":0,"2":0,"3":0},"b":{"0":[0,0],"1":[0,0],"2":[0,0],"3":[0,0],"4":[0,0],"5":[0,0],"6":[0,0]}}
,"C:\\Workspace\\Projects\\ecredit-projects\\ecredit-services\\controllers\\dev\\customerController.js": {"path":"C:\\Workspace\\Projects\\ecredit-projects\\ecredit-services\\controllers\\dev\\customerController.js","statementMap":{"0":{"start":{"line":1,"column":15},"end":{"line":1,"column":45}},"1":{"start":{"line":2,"column":24},"end":{"line":2,"column":65}},"2":{"start":{"line":5,"column":2},"end":{"line":24,"column":3}},"3":{"start":{"line":6,"column":26},"end":{"line":6,"column":59}},"4":{"start":{"line":7,"column":17},"end":{"line":7,"column":63}},"5":{"start":{"line":9,"column":4},"end":{"line":9,"column":92}},"6":{"start":{"line":10,"column":4},"end":{"line":10,"column":65}},"7":{"start":{"line":12,"column":4},"end":{"line":16,"column":7}},"8":{"start":{"line":18,"column":4},"end":{"line":22,"column":7}},"9":{"start":{"line":23,"column":4},"end":{"line":23,"column":16}},"10":{"start":{"line":28,"column":2},"end":{"line":54,"column":3}},"11":{"start":{"line":29,"column":26},"end":{"line":29,"column":59}},"12":{"start":{"line":30,"column":21},"end":{"line":30,"column":73}},"13":{"start":{"line":32,"column":4},"end":{"line":37,"column":5}},"14":{"start":{"line":33,"column":20},"end":{"line":33,"column":73}},"15":{"start":{"line":34,"column":6},"end":{"line":34,"column":29}},"16":{"start":{"line":35,"column":6},"end":{"line":35,"column":40}},"17":{"start":{"line":36,"column":6},"end":{"line":36,"column":18}},"18":{"start":{"line":39,"column":4},"end":{"line":39,"column":92}},"19":{"start":{"line":40,"column":4},"end":{"line":40,"column":75}},"20":{"start":{"line":42,"column":4},"end":{"line":46,"column":7}},"21":{"start":{"line":48,"column":4},"end":{"line":52,"column":7}},"22":{"start":{"line":53,"column":4},"end":{"line":53,"column":16}},"23":{"start":{"line":58,"column":2},"end":{"line":63,"column":3}},"24":{"start":{"line":59,"column":17},"end":{"line":59,"column":57}},"25":{"start":{"line":60,"column":4},"end":{"line":60,"column":100}},"26":{"start":{"line":62,"column":4},"end":{"line":62,"column":16}},"27":{"start":{"line":67,"column":2},"end":{"line":88,"column":3}},"28":{"start":{"line":68,"column":26},"end":{"line":68,"column":59}},"29":{"start":{"line":69,"column":22},"end":{"line":69,"column":45}},"30":{"start":{"line":70,"column":4},"end":{"line":75,"column":5}},"31":{"start":{"line":71,"column":20},"end":{"line":71,"column":88}},"32":{"start":{"line":72,"column":6},"end":{"line":72,"column":29}},"33":{"start":{"line":73,"column":6},"end":{"line":73,"column":31}},"34":{"start":{"line":74,"column":6},"end":{"line":74,"column":18}},"35":{"start":{"line":77,"column":21},"end":{"line":77,"column":93}},"36":{"start":{"line":78,"column":4},"end":{"line":83,"column":5}},"37":{"start":{"line":79,"column":20},"end":{"line":79,"column":73}},"38":{"start":{"line":80,"column":6},"end":{"line":80,"column":29}},"39":{"start":{"line":81,"column":6},"end":{"line":81,"column":40}},"40":{"start":{"line":82,"column":6},"end":{"line":82,"column":18}},"41":{"start":{"line":85,"column":4},"end":{"line":85,"column":75}},"42":{"start":{"line":87,"column":4},"end":{"line":87,"column":16}},"43":{"start":{"line":92,"column":2},"end":{"line":125,"column":3}},"44":{"start":{"line":93,"column":26},"end":{"line":93,"column":59}},"45":{"start":{"line":94,"column":22},"end":{"line":94,"column":45}},"46":{"start":{"line":95,"column":4},"end":{"line":100,"column":5}},"47":{"start":{"line":96,"column":20},"end":{"line":96,"column":88}},"48":{"start":{"line":97,"column":6},"end":{"line":97,"column":29}},"49":{"start":{"line":98,"column":6},"end":{"line":98,"column":31}},"50":{"start":{"line":99,"column":6},"end":{"line":99,"column":18}},"51":{"start":{"line":102,"column":20},"end":{"line":102,"column":86}},"52":{"start":{"line":104,"column":4},"end":{"line":109,"column":5}},"53":{"start":{"line":105,"column":20},"end":{"line":105,"column":73}},"54":{"start":{"line":106,"column":6},"end":{"line":106,"column":29}},"55":{"start":{"line":107,"column":6},"end":{"line":107,"column":40}},"56":{"start":{"line":108,"column":6},"end":{"line":108,"column":18}},"57":{"start":{"line":111,"column":4},"end":{"line":111,"column":88}},"58":{"start":{"line":113,"column":4},"end":{"line":117,"column":7}},"59":{"start":{"line":119,"column":4},"end":{"line":123,"column":7}},"60":{"start":{"line":124,"column":4},"end":{"line":124,"column":16}},"61":{"start":{"line":128,"column":0},"end":{"line":128,"column":98}}},"fnMap":{"0":{"name":"listCustomers","decl":{"start":{"line":4,"column":15},"end":{"line":4,"column":28}},"loc":{"start":{"line":4,"column":45},"end":{"line":25,"column":1}},"line":4},"1":{"name":"getCustomer","decl":{"start":{"line":27,"column":15},"end":{"line":27,"column":26}},"loc":{"start":{"line":27,"column":43},"end":{"line":55,"column":1}},"line":27},"2":{"name":"listEnabledSizes","decl":{"start":{"line":57,"column":15},"end":{"line":57,"column":31}},"loc":{"start":{"line":57,"column":48},"end":{"line":64,"column":1}},"line":57},"3":{"name":"updateCustomer","decl":{"start":{"line":66,"column":15},"end":{"line":66,"column":29}},"loc":{"start":{"line":66,"column":46},"end":{"line":89,"column":1}},"line":66},"4":{"name":"deleteCustomer","decl":{"start":{"line":91,"column":15},"end":{"line":91,"column":29}},"loc":{"start":{"line":91,"column":46},"end":{"line":126,"column":1}},"line":91}},"branchMap":{"0":{"loc":{"start":{"line":6,"column":26},"end":{"line":6,"column":59}},"type":"binary-expr","locations":[{"start":{"line":6,"column":26},"end":{"line":6,"column":50}},{"start":{"line":6,"column":54},"end":{"line":6,"column":59}}],"line":6},"1":{"loc":{"start":{"line":29,"column":26},"end":{"line":29,"column":59}},"type":"binary-expr","locations":[{"start":{"line":29,"column":26},"end":{"line":29,"column":50}},{"start":{"line":29,"column":54},"end":{"line":29,"column":59}}],"line":29},"2":{"loc":{"start":{"line":32,"column":4},"end":{"line":37,"column":5}},"type":"if","locations":[{"start":{"line":32,"column":4},"end":{"line":37,"column":5}},{"start":{},"end":{}}],"line":32},"3":{"loc":{"start":{"line":60,"column":63},"end":{"line":60,"column":96}},"type":"binary-expr","locations":[{"start":{"line":60,"column":63},"end":{"line":60,"column":87}},{"start":{"line":60,"column":91},"end":{"line":60,"column":96}}],"line":60},"4":{"loc":{"start":{"line":68,"column":26},"end":{"line":68,"column":59}},"type":"binary-expr","locations":[{"start":{"line":68,"column":26},"end":{"line":68,"column":50}},{"start":{"line":68,"column":54},"end":{"line":68,"column":59}}],"line":68},"5":{"loc":{"start":{"line":70,"column":4},"end":{"line":75,"column":5}},"type":"if","locations":[{"start":{"line":70,"column":4},"end":{"line":75,"column":5}},{"start":{},"end":{}}],"line":70},"6":{"loc":{"start":{"line":78,"column":4},"end":{"line":83,"column":5}},"type":"if","locations":[{"start":{"line":78,"column":4},"end":{"line":83,"column":5}},{"start":{},"end":{}}],"line":78},"7":{"loc":{"start":{"line":93,"column":26},"end":{"line":93,"column":59}},"type":"binary-expr","locations":[{"start":{"line":93,"column":26},"end":{"line":93,"column":50}},{"start":{"line":93,"column":54},"end":{"line":93,"column":59}}],"line":93},"8":{"loc":{"start":{"line":95,"column":4},"end":{"line":100,"column":5}},"type":"if","locations":[{"start":{"line":95,"column":4},"end":{"line":100,"column":5}},{"start":{},"end":{}}],"line":95},"9":{"loc":{"start":{"line":104,"column":4},"end":{"line":109,"column":5}},"type":"if","locations":[{"start":{"line":104,"column":4},"end":{"line":109,"column":5}},{"start":{},"end":{}}],"line":104}},"s":{"0":0,"1":0,"2":0,"3":0,"4":0,"5":0,"6":0,"7":0,"8":0,"9":0,"10":0,"11":0,"12":0,"13":0,"14":0,"15":0,"16":0,"17":0,"18":0,"19":0,"20":0,"21":0,"22":0,"23":0,"24":0,"25":0,"26":0,"27":0,"28":0,"29":0,"30":0,"31":0,"32":0,"33":0,"34":0,"35":0,"36":0,"37":0,"38":0,"39":0,"40":0,"41":0,"42":0,"43":0,"44":0,"45":0,"46":0,"47":0,"48":0,"49":0,"50":0,"51":0,"52":0,"53":0,"54":0,"55":0,"56":0,"57":0,"58":0,"59":0,"60":0,"61":0},"f":{"0":0,"1":0,"2":0,"3":0,"4":0},"b":{"0":[0,0],"1":[0,0],"2":[0,0],"3":[0,0],"4":[0,0],"5":[0,0],"6":[0,0],"7":[0,0],"8":[0,0],"9":[0,0]}}
,"C:\\Workspace\\Projects\\ecredit-projects\\ecredit-services\\controllers\\dev\\homeController.js": {"path":"C:\\Workspace\\Projects\\ecredit-projects\\ecredit-services\\controllers\\dev\\homeController.js","statementMap":{"0":{"start":{"line":1,"column":15},"end":{"line":1,"column":42}},"1":{"start":{"line":2,"column":15},"end":{"line":2,"column":45}},"2":{"start":{"line":14,"column":2},"end":{"line":36,"column":3}},"3":{"start":{"line":15,"column":26},"end":{"line":15,"column":59}},"4":{"start":{"line":17,"column":21},"end":{"line":27,"column":5}},"5":{"start":{"line":29,"column":4},"end":{"line":29,"column":35}},"6":{"start":{"line":31,"column":4},"end":{"line":34,"column":7}},"7":{"start":{"line":35,"column":4},"end":{"line":35,"column":16}},"8":{"start":{"line":44,"column":2},"end":{"line":63,"column":3}},"9":{"start":{"line":45,"column":26},"end":{"line":45,"column":59}},"10":{"start":{"line":47,"column":21},"end":{"line":54,"column":5}},"11":{"start":{"line":56,"column":4},"end":{"line":56,"column":35}},"12":{"start":{"line":58,"column":4},"end":{"line":61,"column":7}},"13":{"start":{"line":62,"column":4},"end":{"line":62,"column":16}},"14":{"start":{"line":66,"column":0},"end":{"line":69,"column":2}}},"fnMap":{"0":{"name":"getHome","decl":{"start":{"line":13,"column":15},"end":{"line":13,"column":22}},"loc":{"start":{"line":13,"column":39},"end":{"line":37,"column":1}},"line":13},"1":{"name":"getHealthStatus","decl":{"start":{"line":43,"column":15},"end":{"line":43,"column":30}},"loc":{"start":{"line":43,"column":47},"end":{"line":64,"column":1}},"line":43}},"branchMap":{"0":{"loc":{"start":{"line":15,"column":26},"end":{"line":15,"column":59}},"type":"binary-expr","locations":[{"start":{"line":15,"column":26},"end":{"line":15,"column":50}},{"start":{"line":15,"column":54},"end":{"line":15,"column":59}}],"line":15},"1":{"loc":{"start":{"line":45,"column":26},"end":{"line":45,"column":59}},"type":"binary-expr","locations":[{"start":{"line":45,"column":26},"end":{"line":45,"column":50}},{"start":{"line":45,"column":54},"end":{"line":45,"column":59}}],"line":45}},"s":{"0":0,"1":0,"2":0,"3":0,"4":0,"5":0,"6":0,"7":0,"8":0,"9":0,"10":0,"11":0,"12":0,"13":0,"14":0},"f":{"0":0,"1":0},"b":{"0":[0,0],"1":[0,0]}}
,"C:\\Workspace\\Projects\\ecredit-projects\\ecredit-services\\controllers\\dev\\permissionController.js": {"path":"C:\\Workspace\\Projects\\ecredit-projects\\ecredit-services\\controllers\\dev\\permissionController.js","statementMap":{"0":{"start":{"line":1,"column":15},"end":{"line":1,"column":45}},"1":{"start":{"line":2,"column":26},"end":{"line":2,"column":69}},"2":{"start":{"line":5,"column":2},"end":{"line":10,"column":4}},"3":{"start":{"line":14,"column":2},"end":{"line":16,"column":3}},"4":{"start":{"line":15,"column":4},"end":{"line":15,"column":11}},"5":{"start":{"line":18,"column":16},"end":{"line":18,"column":79}},"6":{"start":{"line":19,"column":2},"end":{"line":19,"column":25}},"7":{"start":{"line":20,"column":2},"end":{"line":20,"column":27}},"8":{"start":{"line":21,"column":2},"end":{"line":21,"column":14}},"9":{"start":{"line":29,"column":2},"end":{"line":52,"column":3}},"10":{"start":{"line":30,"column":26},"end":{"line":30,"column":59}},"11":{"start":{"line":31,"column":19},"end":{"line":31,"column":79}},"12":{"start":{"line":33,"column":4},"end":{"line":38,"column":5}},"13":{"start":{"line":34,"column":20},"end":{"line":34,"column":88}},"14":{"start":{"line":35,"column":6},"end":{"line":35,"column":29}},"15":{"start":{"line":36,"column":6},"end":{"line":36,"column":31}},"16":{"start":{"line":37,"column":6},"end":{"line":37,"column":18}},"17":{"start":{"line":40,"column":24},"end":{"line":40,"column":79}},"18":{"start":{"line":42,"column":4},"end":{"line":42,"column":92}},"19":{"start":{"line":43,"column":4},"end":{"line":43,"column":82}},"20":{"start":{"line":45,"column":4},"end":{"line":45,"column":95}},"21":{"start":{"line":47,"column":4},"end":{"line":50,"column":7}},"22":{"start":{"line":51,"column":4},"end":{"line":51,"column":16}},"23":{"start":{"line":60,"column":2},"end":{"line":93,"column":3}},"24":{"start":{"line":61,"column":26},"end":{"line":61,"column":59}},"25":{"start":{"line":62,"column":19},"end":{"line":62,"column":79}},"26":{"start":{"line":64,"column":4},"end":{"line":69,"column":5}},"27":{"start":{"line":65,"column":20},"end":{"line":65,"column":88}},"28":{"start":{"line":66,"column":6},"end":{"line":66,"column":29}},"29":{"start":{"line":67,"column":6},"end":{"line":67,"column":31}},"30":{"start":{"line":68,"column":6},"end":{"line":68,"column":18}},"31":{"start":{"line":71,"column":4},"end":{"line":71,"column":28}},"32":{"start":{"line":73,"column":23},"end":{"line":73,"column":44}},"33":{"start":{"line":74,"column":4},"end":{"line":79,"column":5}},"34":{"start":{"line":75,"column":20},"end":{"line":75,"column":118}},"35":{"start":{"line":76,"column":6},"end":{"line":76,"column":29}},"36":{"start":{"line":77,"column":6},"end":{"line":77,"column":38}},"37":{"start":{"line":78,"column":6},"end":{"line":78,"column":18}},"38":{"start":{"line":81,"column":24},"end":{"line":81,"column":89}},"39":{"start":{"line":83,"column":4},"end":{"line":83,"column":92}},"40":{"start":{"line":84,"column":4},"end":{"line":84,"column":82}},"41":{"start":{"line":86,"column":4},"end":{"line":86,"column":93}},"42":{"start":{"line":88,"column":4},"end":{"line":91,"column":7}},"43":{"start":{"line":92,"column":4},"end":{"line":92,"column":16}},"44":{"start":{"line":96,"column":0},"end":{"line":99,"column":2}}},"fnMap":{"0":{"name":"isValidSelection","decl":{"start":{"line":4,"column":9},"end":{"line":4,"column":25}},"loc":{"start":{"line":4,"column":37},"end":{"line":11,"column":1}},"line":4},"1":{"name":"requireSystemAdmin","decl":{"start":{"line":13,"column":9},"end":{"line":13,"column":27}},"loc":{"start":{"line":13,"column":33},"end":{"line":22,"column":1}},"line":13},"2":{"name":"getMyPermissions","decl":{"start":{"line":28,"column":15},"end":{"line":28,"column":31}},"loc":{"start":{"line":28,"column":48},"end":{"line":53,"column":1}},"line":28},"3":{"name":"updateMyPermissions","decl":{"start":{"line":59,"column":15},"end":{"line":59,"column":34}},"loc":{"start":{"line":59,"column":51},"end":{"line":94,"column":1}},"line":59}},"branchMap":{"0":{"loc":{"start":{"line":6,"column":4},"end":{"line":9,"column":42}},"type":"binary-expr","locations":[{"start":{"line":6,"column":4},"end":{"line":6,"column":13}},{"start":{"line":7,"column":4},"end":{"line":7,"column":38}},{"start":{"line":8,"column":4},"end":{"line":8,"column":29}},{"start":{"line":9,
[...]
:120,"column":62},"end":{"line":120,"column":64}}],"line":120},"34":{"loc":{"start":{"line":121,"column":19},"end":{"line":121,"column":75}},"type":"cond-expr","locations":[{"start":{"line":121,"column":36},"end":{"line":121,"column":70}},{"start":{"line":121,"column":73},"end":{"line":121,"column":75}}],"line":121},"35":{"loc":{"start":{"line":121,"column":36},"end":{"line":121,"column":70}},"type":"binary-expr","locations":[{"start":{"line":121,"column":36},"end":{"line":121,"column":64}},{"start":{"line":121,"column":68},"end":{"line":121,"column":70}}],"line":121},"36":{"loc":{"start":{"line":122,"column":20},"end":{"line":122,"column":43}},"type":"binary-expr","locations":[{"start":{"line":122,"column":20},"end":{"line":122,"column":37}},{"start":{"line":122,"column":41},"end":{"line":122,"column":43}}],"line":122},"37":{"loc":{"start":{"line":123,"column":21},"end":{"line":123,"column":49}},"type":"binary-expr","locations":[{"start":{"line":123,"column":21},"end":{"line":123,"column":43}},{"start":{"line":123,"column":47},"end":{"line":123,"column":49}}],"line":123},"38":{"loc":{"start":{"line":124,"column":20},"end":{"line":124,"column":43}},"type":"cond-expr","locations":[{"start":{"line":124,"column":27},"end":{"line":124,"column":36}},{"start":{"line":124,"column":39},"end":{"line":124,"column":43}}],"line":124},"39":{"loc":{"start":{"line":125,"column":20},"end":{"line":125,"column":52}},"type":"binary-expr","locations":[{"start":{"line":125,"column":20},"end":{"line":125,"column":46}},{"start":{"line":125,"column":50},"end":{"line":125,"column":52}}],"line":125},"40":{"loc":{"start":{"line":126,"column":21},"end":{"line":126,"column":58}},"type":"binary-expr","locations":[{"start":{"line":126,"column":21},"end":{"line":126,"column":52}},{"start":{"line":126,"column":56},"end":{"line":126,"column":58}}],"line":126},"41":{"loc":{"start":{"line":127,"column":20},"end":{"line":127,"column":61}},"type":"cond-expr","locations":[{"start":{"line":127,"column":36},"end":{"line":127,"column":54}},{"start":{"line":127,"column":57},"end":{"line":127,"column":61}}],"line":127}},"s":{"0":0,"1":0,"2":0,"3":0,"4":0,"5":0,"6":0,"7":0,"8":0,"9":0,"10":0,"11":0,"12":0,"13":0,"14":0,"15":0,"16":0,"17":0,"18":0,"19":0,"20":0,"21":0,"22":0,"23":0,"24":0,"25":0,"26":0,"27":0,"28":0,"29":0,"30":0,"31":0,"32":0,"33":0},"f":{"0":0,"1":0,"2":0},"b":{"0":[0,0],"1":[0,0],"2":[0,0],"3":[0,0],"4":[0,0],"5":[0,0],"6":[0,0],"7":[0,0],"8":[0,0],"9":[0,0],"10":[0,0],"11":[0,0],"12":[0,0],"13":[0,0],"14":[0,0],"15":[0,0],"16":[0,0],"17":[0,0],"18":[0,0],"19":[0,0],"20":[0,0],"21":[0,0],"22":[0,0],"23":[0,0],"24":[0,0],"25":[0,0],"26":[0,0],"27":[0,0],"28":[0,0],"29":[0,0],"30":[0,0],"31":[0,0],"32":[0,0],"33":[0,0],"34":[0,0],"35":[0,0],"36":[0,0],"37":[0,0],"38":[0,0],"39":[0,0],"40":[0,0],"41":[0,0]}}
,"C:\\Workspace\\Projects\\ecredit-projects\\ecredit-services\\services\\userService.js": {"path":"C:\\Workspace\\Projects\\ecredit-projects\\ecredit-services\\services\\userService.js","statementMap":{"0":{"start":{"line":1,"column":19},"end":{"line":1,"column":39}},"1":{"start":{"line":2,"column":22},"end":{"line":2,"column":42}},"2":{"start":{"line":4,"column":20},"end":{"line":15,"column":1}},"3":{"start":{"line":18,"column":17},"end":{"line":18,"column":43}},"4":{"start":{"line":19,"column":2},"end":{"line":19,"column":68}},"5":{"start":{"line":23,"column":18},"end":{"line":23,"column":20}},"6":{"start":{"line":24,"column":17},"end":{"line":29,"column":3}},"7":{"start":{"line":31,"column":2},"end":{"line":35,"column":3}},"8":{"start":{"line":32,"column":4},"end":{"line":34,"column":5}},"9":{"start":{"line":33,"column":6},"end":{"line":33,"column":74}},"10":{"start":{"line":37,"column":2},"end":{"line":37,"column":60}},"11":{"start":{"line":41,"column":20},"end":{"line":41,"column":73}},"12":{"start":{"line":42,"column":16},"end":{"line":42,"column":47}},"13":{"start":{"line":43,"column":2},"end":{"line":45,"column":3}},"14":{"start":{"line":44,"column":4},"end":{"line":44,"column":93}},"15":{"start":{"line":46,"column":2},"end":{"line":48,"column":3}},"16":{"start":{"line":47,"column":4},"end":{"line":47,"column":158}},"17":{"start":{"line":49,"column":2},"end":{"line":52,"column":3}},"18":{"start":{"line":50,"column":34},"end":{"line":50,"column":50}},"19":{"start":{"line":51,"column":4},"end":{"line":51,"column":99}},"20":{"start":{"line":53,"column":2},"end":{"line":55,"column":48}},"21":{"start":{"line":59,"column":2},"end":{"line":59,"column":103}},"22":{"start":{"line":63,"column":2},"end":{"line":63,"column":56}},"23":{"start":{"line":67,"column":15},"end":{"line":67,"column":28}},"24":{"start":{"line":68,"column":21},"end":{"line":68,"column":37}},"25":{"start":{"line":69,"column":16},"end":{"line":72,"column":20}},"26":{"start":{"line":70,"column":26},"end":{"line":70,"column":53}},"27":{"start":{"line":71,"column":23},"end":{"line":71,"column":41}},"28":{"start":{"line":74,"column":2},"end":{"line":86,"column":4}},"29":{"start":{"line":90,"column":15},"end":{"line":90,"column":28}},"30":{"start":{"line":91,"column":21},"end":{"line":91,"column":37}},"31":{"start":{"line":92,"column":16},"end":{"line":95,"column":20}},"32":{"start":{"line":93,"column":26},"end":{"line":93,"column":90}},"33":{"start":{"line":94,"column":23},"end":{"line":94,"column":41}},"34":{"start":{"line":97,"column":2},"end":{"line":112,"column":4}},"35":{"start":{"line":116,"column":17},"end":{"line":116,"column":28}},"36":{"start":{"line":117,"column":64},"end":{"line":117,"column":70}},"37":{"start":{"line":118,"column":15},"end":{"line":118,"column":43}},"38":{"start":{"line":119,"column":19},"end":{"line":119,"column":67}},"39":{"start":{"line":120,"column":17},"end":{"line":134,"column":4}},"40":{"start":{"line":136,"column":2},"end":{"line":144,"column":4}},"41":{"start":{"line":148,"column":64},"end":{"line":148,"column":75}},"42":{"start":{"line":149,"column":19},"end":{"line":159,"column":4}},"43":{"start":{"line":161,"column":2},"end":{"line":161,"column":51}},"44":{"start":{"line":165,"column":19},"end":{"line":165,"column":30}},"45":{"start":{"line":166,"column":25},"end":{"line":169,"column":3}},"46":{"start":{"line":170,"column":2},"end":{"line":170,"column":26}},"47":{"start":{"line":174,"column":29},"end":{"line":174,"column":40}},"48":{"start":{"line":175,"column":2},"end":{"line":180,"column":3}},"49":{"start":{"line":176,"column":18},"end":{"line":176,"column":59}},"50":{"start":{"line":177,"column":4},"end":{"line":177,"column":27}},"51":{"start":{"line":178,"column":4},"end":{"line":178,"column":36}},"52":{"start":{"line":179,"column":4},"end":{"line":179,"column":16}},"53":{"start":{"line":181,"column":17},"end":{"line":181,"column":52}},"54":{"start":{"line":182,"column":2},"end":{"line":187,"column":3}},"55":{"start":{"line":183,"column":18},"end":{"line":183,"column":68}},"56":{"start":{"line":184,"column":4},"end":{"line":184,"column":27}},"57":{"start":{"line":185,"column":4},"end":{"line":185,"column":38}},"58":{"start":{"line":186,"column":4},"end":{"line":186,"column":16}},"59":{"start":{"line":188,"column":2},"end":{"line":191,"column":4}},"60":{"start":{"line":195,"column":19},"end":{"line":195,"column":30}},"61":{"start":{"line":196,"column":2},"end":{"line":199,"column":4}},"62":{"start":{"line":202,"column":0},"end":{"line":202,"column":87}}},"fnMap":{"0":{"name":"normalizePage","decl":{"start":{"line":17,"column":9},"end":{"line":17,"column":22}},"loc":{"start":{"line":17,"column":40},"end":{"line":20,"column":1}},"line":17},"1":{"name":"buildWhere","decl":{"start":{"line":22,"column":9},"end":{"line":22,"column":19}},"loc":{"start":{"line":22,"column":27},"end":{"line":38,"column":1}},"line":22},"2":{"name":"buildOrder","decl":{"start":{"line":40,"column":9},"end":{"line":40,"column":19}},"loc":{"start":{"line":40,"column":39},"end":{"line":56,"column":1}},"line":40},"3":{"name":"formatUserName","decl":{"start":{"line":58,"column":9},"end":{"line":58,"column":23}},"loc":{"start":{"line":58,"column":34},"end":{"line":60,"column":1}},"line":58},"4":{"name":"isEnabled","decl":{"start":{"line":62,"column":9},"end":{"line":62,"column":18}},"loc":{"start":{"line":62,"column":26},"end":{"line":64,"column":1}},"line":62},"5":{"name":"mapUser","decl":{"start":{"line":66,"column":9},"end":{"line":66,"column":16}},"loc":{"start":{"line":66,"column":27},"end":{"line":87,"column":1}},"line":66},"6":{"name":"(anonymous_6)","decl":{"start":{"line":70,"column":12},"end":{"line":70,"column":13}},"loc":{"start":{"line":70,"column":26},"end":{"line":70,"column":53}},"line":70},"7":{"name":"(anonymous_7)","decl":{"start":{"line":71,"column":9},"end":{"line":71,"column":10}},"loc":{"start":{"line":71,"column":23},"end":{"line":71,"column":41}},"line":71},"8":{"name":"mapUserDetail","decl":{"start":{"line":89,"column":9},"end":{"line":89,"column":22}},"loc":{"start":{"line":89,"column":33},"end":{"line":113,"column":1}},"line":89},"9":{"name":"(anonymous_9)","decl":{"start":{"line":93,"column":12},"end":{"line":93,"column":13}},"loc":{"start":{"line":93,"column":26},"end":{"line":93,"column":90}},"line":93},"10":{"name":"(anonymous_10)","decl":{"start":{"line":94,"column":9},"end":{"line":94,"column":10}},"loc":{"start":{"line":94,"column":23},"end":{"line":94,"column":41}},"line":94},"11":{"name":"listUsers","decl":{"start":{"line":115,"column":15},"end":{"line":115,"column":24}},"loc":{"start":{"line":115,"column":32},"end":{"line":145,"column":1}},"line":115},"12":{"name":"getUserDetail","decl":{"start":{"line":147,"column":15},"end":{"line":147,"column":28}},"loc":{"start":{"line":147,"column":35},"end":{"line":162,"column":1}},"line":147},"13":{"name":"setSystemActive","decl":{"start":{"line":164,"column":15},"end":{"line":164,"column":30}},"loc":{"start":{"line":164,"column":57},"end":{"line":171,"column":1}},"line":164},"14":{"name":"setViewAs","decl":{"start":{"line":173,"column":15},"end":{"line":173,"column":24}},"loc":{"start":{"line":173,"column":48},"end":{"line":192,"column":1}},"line":173},"15":{"name":"clearViewAs","decl":{"start":{"line":194,"column":15},"end":{"line":194,"column":26}},"loc":{"start":{"line":194,"column":38},"end":{"line":200,"column":1}},"line":194}},"branchMap":{"0":{"loc":{"start":{"line":19,"column":9},"end":{"line":19,"column":67}},"type":"cond-expr","locations":[{"start":{"line":19,"column":50},"end":{"line":19,"column":56}},{"start":{"line":19,"column":59},"end":{"line":19,"column":67}}],"line":19},"1":{"loc":{"start":{"line":19,"column":9},"end":{"line":19,"column":47}},"type":"binary-expr","locations":[{"start":{"line":19,"column":9},"end":{"line":19,"column":33}},{"start":{"line":19,"column":37},"end":{"line":19,"column":47}}],"line":19},"2":{"loc":{"start":{"line":32,"column":4},"end":{"line":34,"column":5}},"type":"if","locations":[{"start":{"line":32,"column":4},"end":{"line":34,"column":5}},{"start":{},"end":{}}],"line":32},"3":{"loc":{"start":{"line":37,"column":9},"end":{"line":37,"column":59}},"type":"cond-expr","locations":[{"start":{"line":37,"column":26},"end":{"line":37,"column":47}},{"start":{"line":37,"column":50},"end":{"line":37,"column":59}}],"line":37},"4":{"loc":{"start":{"line":41,"column":20},"end":{"line":41,"column":73}},"type":"cond-expr","locations":[{"start":{"line":41,"column":59},"end":{"line":41,"column":65}},{"start":{"line":41,"column":68},"end":{"line":41,"column":73}}],"line":41},"5":{"loc":{"start":{"line":42,"column":16},"end":{"line":42,"column":47}},"type":"binary-expr","locations":[{"start":{"line":42,"column":16},"end":{"line":42,"column":33}},{"start":{"line":42,"column":37},"end":{"line":42,"column":47}}],"line":42},"6":{"loc":{"start":{"line":43,"column":2},"end":{"line":45,"column":3}},"type":"if","locations":[{"start":{"line":43,"column":2},"end":{"line":45,"column":3}},{"start":{},"end":{}}],"line":43},"7":{"loc":{"start":{"line":46,"column":2},"end":{"line":48,"column":3}},"type":"if","locations":[{"start":{"line":46,"column":2},"end":{"line":48,"column":3}},{"start":{},"end":{}}],"line":46},"8":{"loc":{"start":{"line":49,"column":2},"end":{"line":52,"column":3}},"type":"if","locations":[{"start":{"line":49,"column":2},"end":{"line":52,"column":3}},{"start":{},"end":{}}],"line":49},"9":{"loc":{"start":{"line":53,"column":9},"end":{"line":55,"column":47}},"type":"cond-expr","locations":[{"start":{"line":54,"column":6},"end":{"line":54,"column":26}},{"start":{"line":55,"column":6},"end":{"line":55,"column":47}}],"line":53},"10":{"loc":{"start":{"line":59,"column":9},"end":{"line":59,"column":102}},"type":"cond-expr","locations":[{"start":{"line":59,"column":20},"end":{"line":59,"column":97}},{"start":{"line":59,"column":100},"end":{"line":59,"column":102}}],"line":59},"11":{"loc":{"start":{"line":59,"column":23},"end":{"line":59,"column":46}},"type":"binary-expr","locations":[{"start":{"line":59,"column":23},"end":{"line":59,"column":40}},{"start":{"line":59,"column":44},"end":{"line":59,"column":46}}],"line":59},"12":{"loc":{"start":{"line":59,"column":50},"end":{"line":59,"column":73}},"type":"binary-expr","locations":[{"start":{"line":59,"column":50},"end":{"line":59,"column":67}},{"start":{"line":59,"column":71},"end":{"line":59,"column":73}}],"line":59},"13":{"loc":{"start":{"line":63,"column":9},"end":{"line":63,"column":55}},"type":"binary-expr","locations":[{"start":{"line":63,"column":9},"end":{"line":63,"column":23}},{"start":{"line":63,"column":27},"end":{"line":63,"column":38}},{"start":{"line":63,"column":42},"end":{"line":63,"column":55}}],"line":63},"14":{"loc":{"start":{"line":69,"column":17},"end":{"line":69,"column":38}},"type":"binary-expr","locations":[{"start":{"line":69,"column":17},"end":{"line":69,"column":32}},{"start":{"line":69,"column":36},"end":{"line":69,"column":38}}],"line":69},"15":{"loc":{"start":{"line":76,"column":10},"end":{"line":76,"column":33}},"type":"binary-expr","locations":[{"start":{"line":76,"column":10},"end":{"line":76,"column":27}},{"start":{"line":76,"column":31},"end":{"line":76,"column":33}}],"line":76},"16":{"loc":{"start":{"line":78,"column":12},"end":{"line":78,"column":40}},"type":"binary-expr","locations":[{"start":{"line":78,"column":12},"end":{"line":78,"column":34}},{"start":{"line":78,"column":38},"end":{"line":78,"column":40}}],"line":78},"17":{"loc":{"start":{"line":79,"column":22},"end":{"line":79,"column":56}},"type":"binary-expr","locations":[{"start":{"line":79,"column":22},"end":{"line":79,"column":50}},{"start":{"line":79,"column":54},"end":{"line":79,"column":56}}],"line":79},"18":{"loc":{"start":{"line":80,"column":8},"end":{"line":80,"column":28}},"type":"binary-expr","locations":[{"start":{"line":80,"column":8},"end":{"line":80,"column":22}},{"start":{"line":80,"column":26},"end":{"line":80,"column":28}}],"line":80},"19":{"loc":{"start":{"line":81,"column":16},"end":{"line":81,"column":44}},"type":"binary-expr","locations":[{"start":{"line":81,"column":16},"end":{"line":81,"column":38}},{"start":{"line":81,"column":42},"end":{"line":81,"column":44}}],"line":81},"20":{"loc":{"start":{"line":92,"column":17},"end":{"line":92,"column":38}},"type":"binary-expr","locations":[{"start":{"line":92,"column":17},"end":{"line":92,"column":32}},{"start":{"line":92,"column":36},"end":{"line":92,"column":38}}],"line":92},"21":{"loc":{"start":{"line":93,"column":26},"end":{"line":93,"column":90}},"type":"binary-expr","locations":[{"start":{"line":93,"column":26},"end":{"line":93,"column":53}},{"start":{"line":93,"column":57},"end":{"line":93,"column":90}}],"line":93},"22":{"loc":{"start":{"line":99,"column":10},"end":{"line":99,"column":26}},"type":"binary-expr","locations":[{"start":{"line":99,"column":10},"end":{"line":99,"column":18}},{"start":{"line":99,"column":22},"end":{"line":99,"column":26}}],"line":99},"23":{"loc":{"start":{"line":101,"column":8},"end":{"line":101,"column":28}},"type":"binary-expr","locations":[{"start":{"line":101,"column":8},"end":{"line":101,"column":22}},{"start":{"line":101,"column":26},"end":{"line":101,"column":28}}],"line":101},"24":{"loc":{"start":{"line":102,"column":16},"end":{"line":102,"column":44}},"type":"binary-expr","locations":[{"start":{"line":102,"column":16},"end":{"line":102,"column":38}},{"start":{"line":102,"column":42},"end":{"line":102,"column":44}}],"line":102},"25":{"loc":{"start":{"line":103,"column":14},"end":{"line":103,"column":37}},"type":"binary-expr","locations":[{"start":{"line":103,"column":14},"end":{"line":103,"column":31}},{"start":{"line":103,"column":35},"end":{"line":103,"column":37}}],"line":103},"26":{"loc":{"start":{"line":104,"column":14},"end":{"line":104,"column":37}},"type":"binary-expr","locations":[{"start":{"line":104,"column":14},"end":{"line":104,"column":31}},{"start":{"line":104,"column":35},"end":{"line":104,"column":37}}],"line":104},"27":{"loc":{"start":{"line":105,"column":15},"end":{"line":105,"column":38}},"type":"binary-expr","locations":[{"start":{"line":105,"column":15},"end":{"line":105,"column":32}},{"start":{"line":105,"column":36},"end":{"line":105,"column":38}}],"line":105},"28":{"loc":{"start":{"line":106,"column":12},"end":{"line":106,"column":40}},"type":"binary-expr","locations":[{"start":{"line":106,"column":12},"end":{"line":106,"column":34}},{"start":{"line":106,"column":38},"end":{"line":106,"column":40}}],"line":106},"29":{"loc":{"start":{"line":107,"column":20},"end":{"line":107,"column":55}},"type":"binary-expr","locations":[{"start":{"line":107,"column":20},"end":{"line":107,"column":47}},{"start":{"line":107,"column":51},"end":{"line":107,"column":55}}],"line":107},"30":{"loc":{"start":{"line":108,"column":24},"end":{"line":108,"column":57}},"type":"binary-expr","locations":[{"start":{"line":108,"column":24},"end":{"line":108,"column":51}},{"start":{"line":108,"column":55},"end":{"line":108,"column":57}}],"line":108},"31":{"loc":{"start":{"line":109,"column":20},"end":{"line":109,"column":55}},"type":"binary-expr","locations":[{"start":{"line":109,"column":20},"end":{"line":109,"column":47}},{"start":{"line":109,"column":51},"end":{"line":109,"column":55}}],"line":109},"32":{"loc":{"start":{"line":110,"column":24},"end":{"line":110,"column":57}},"type":"binary-expr","locations":[{"start":{"line":110,"column":24},"end":{"line":110,"column":51}},{"start":{"line":110,"column":55},"end":{"line":110,"column":57}}],"line":110},"33":{"loc":{"start":{"line":161,"column":9},"end":{"line":161,"column":50}},"type":"cond-expr","locations":[{"start":{"line":161,"column":20},"end":{"line":161,"column":43}},{"start":{"line":161,"column":46},"end":{"line":161,"column":50}}],"line":161},"34":{"loc":{"start":{"line":175,"column":2},"end":{"line":180,"column":3}},"type":"if","locations":[{"start":{"line":175,"column":2},"end":{"line":180,"column":3}},{"start":{},"end":{}}],"line":175},"35":{"loc":{"start":{"line":182,"column":2},"end":{"line":187,"column":3}},"type":"if","locations":[{"start":{"line":182,"column":2},"end":{"line":187,"column":3}},{"start":{},"end":{}}],"line":182}},"s":{"0":0,"1":0,"2":0,"3":0,"4":0,"5":0,"6":0,"7":0,"8":0,"9":0,"10":0,"11":0,"12":0,"13":0,"14":0,"15":0,"16":0,"17":0,"18":0,"19":0,"20":0,"21":0,"22":0,"23":0,"24":0,"25":0,"26":0,"27":0,"28":0,"29":0,"30":0,"31":0,"32":0,"33":0,"34":0,"35":0,"36":0,"37":0,"38":0,"39":0,"40":0,"41":0,"42":0,"43":0,"44":0,"45":0,"46":0,"47":0,"48":0,"49":0,"50":0,"51":0,"52":0,"53":0,"54":0,"55":0,"56":0,"57":0,"58":0,"59":0,"60":0,"61":0,"62":0},"f":{"0":0,"1":0,"2":0,"3":0,"4":0,"5":0,"6":0,"7":0,"8":0,"9":0,"10":0,"11":0,"12":0,"13":0,"14":0,"15":0},"b":{"0":[0,0],"1":[0,0],"2":[0,0],"3":[0,0],"4":[0,0],"5":[0,0],"6":[0,0],"7":[0,0],"8":[0,0],"9":[0,0],"10":[0,0],"11":[0,0],"12":[0,0],"13":[0,0,0],"14":[0,0],"15":[0,0],"16":[0,0],"17":[0,0],"18":[0,0],"19":[0,0],"20":[0,0],"21":[0,0],"22":[0,0],"23":[0,0],"24":[0,0],"25":[0,0],"26":[0,0],"27":[0,0],"28":[0,0],"29":[0,0],"30":[0,0],"31":[0,0],"32":[0,0],"33":[0,0],"34":[0,0],"35":[0,0]}}
}
