TN:
SF:app.js
FN:75,(anonymous_0)
FN:122,(anonymous_1)
FN:144,startServer
FN:161,(anonymous_3)
FN:176,gracefulShutdown
FN:188,(anonymous_5)
FN:200,(anonymous_6)
FN:214,(anonymous_7)
FN:215,(anonymous_8)
FN:217,(anonymous_9)
FN:223,(anonymous_10)
FNF:11
FNH:0
FNDA:0,(anonymous_0)
FNDA:0,(anonymous_1)
FNDA:0,startServer
FNDA:0,(anonymous_3)
FNDA:0,gracefulShutdown
FNDA:0,(anonymous_5)
FNDA:0,(anonymous_6)
FNDA:0,(anonymous_7)
FNDA:0,(anonymous_8)
FNDA:0,(anonymous_9)
FNDA:0,(anonymous_10)
DA:1,0
DA:2,0
DA:3,0
DA:4,0
DA:5,0
DA:6,0
DA:7,0
DA:8,0
DA:9,0
DA:10,0
DA:11,0
DA:12,0
DA:13,0
DA:14,0
DA:32,0
DA:48,0
DA:75,0
DA:76,0
DA:77,0
DA:82,0
DA:91,0
DA:95,0
DA:98,0
DA:101,0
DA:102,0
DA:105,0
DA:115,0
DA:119,0
DA:122,0
DA:123,0
DA:125,0
DA:136,0
DA:142,0
DA:145,0
DA:146,0
DA:147,0
DA:148,0
DA:151,0
DA:152,0
DA:153,0
DA:154,0
DA:157,0
DA:158,0
DA:161,0
DA:162,0
DA:163,0
DA:164,0
DA:167,0
DA:168,0
DA:169,0
DA:177,0
DA:178,0
DA:179,0
DA:182,0
DA:183,0
DA:185,0
DA:187,0
DA:188,0
DA:189,0
DA:192,0
DA:193,0
DA:195,0
DA:196,0
DA:200,0
DA:201,0
DA:202,0
DA:206,0
DA:207,0
DA:214,0
DA:215,0
DA:217,0
DA:218,0
DA:219,0
DA:220,0
DA:223,0
DA:224,0
DA:225,0
DA:226,0
DA:232,0
DA:234,0
LF:80
LH:0
BRDA:76,0,0,0
BRDA:76,0,1,0
BRDA:88,1,0,0
BRDA:88,1,1,0
BRDA:123,2,0,0
BRDA:123,2,1,0
BRDA:177,3,0,0
BRDA:177,3,1,0
BRDA:187,4,0,0
BRDA:187,4,1,0
BRF:10
BRH:0
end_of_record
TN:
SF:config\database.js
FN:20,initializeDatabase
FN:75,getDatabase
FN:85,closeDatabase
FNF:3
FNH:0
FNDA:0,initializeDatabase
FNDA:0,getDatabase
FNDA:0,closeDatabase
DA:1,0
DA:2,0
DA:3,0
DA:4,0
DA:21,0
DA:22,0
DA:23,0
DA:26,0
DA:30,0
DA:57,0
DA:59,0
DA:60,0
DA:62,0
DA:63,0
DA:68,0
DA:76,0
DA:77,0
DA:79,0
DA:86,0
DA:87,0
DA:90,0
DA:91,0
DA:92,0
DA:93,0
DA:94,0
DA:96,0
DA:100,0
LF:27
LH:0
BRDA:21,0,0,0
BRDA:21,0,1,0
BRDA:76,1,0,0
BRDA:76,1,1,0
BRDA:86,2,0,0
BRDA:86,2,1,0
BRF:6
BRH:0
end_of_record
TN:
SF:config\env.js
FN:98,initializeEnvironment
FN:127,(anonymous_1)
FN:141,parseCorsOrigins
FN:144,(anonymous_3)
FN:145,(anonymous_4)
FN:236,(anonymous_5)
FN:237,(anonymous_6)
FN:238,(anonymous_7)
FNF:8
FNH:0
FNDA:0,initializeEnvironment
FNDA:0,(anonymous_1)
FNDA:0,parseCorsOrigins
FNDA:0,(anonymous_3)
FNDA:0,(anonymous_4)
FNDA:0,(anonymous_5)
FNDA:0,(anonymous_6)
FNDA:0,(anonymous_7)
DA:1,0
DA:2,0
DA:11,0
DA:16,0
DA:100,0
DA:101,0
DA:102,0
DA:103,0
DA:106,0
DA:109,0
DA:110,0
DA:111,0
DA:112,0
DA:116,0
DA:117,0
DA:120,0
DA:125,0
DA:126,0
DA:127,0
DA:128,0
DA:130,0
DA:133,0
DA:142,0
DA:144,0
DA:145,0
DA:151,0
DA:153,0
DA:236,0
DA:237,0
DA:238,0
LF:30
LH:0
BRDA:100,0,0,0
BRDA:100,0,1,0
BRDA:109,1,0,0
BRDA:109,1,1,0
BRDA:125,2,0,0
BRDA:125,2,1,0
BRDA:169,3,0,0
BRDA:169,3,1,0
BRDA:171,4,0,0
BRDA:171,4,1,0
BRF:10
BRH:0
end_of_record
TN:
SF:config\https.js
FN:21,validateFilePath
FN:42,loadHttpsCertificates
FN:85,createHttpsServer
FNF:3
FNH:0
FNDA:0,validateFilePath
FNDA:0,loadHttpsCertificates
FNDA:0,createHttpsServer
DA:1,0
DA:2,0
DA:3,0
DA:4,0
DA:22,0
DA:23,0
DA:24,0
DA:27,0
DA:29,0
DA:43,0
DA:44,0
DA:45,0
DA:46,0
DA:48,0
DA:50,0
DA:51,0
DA:52,0
DA:54,0
DA:57,0
DA:58,0
DA:59,0
DA:61,0
DA:63,0
DA:69,0
DA:73,0
DA:74,0
DA:86,0
DA:87,0
DA:88,0
DA:89,0
DA:91,0
DA:92,0
DA:96,0
LF:33
LH:0
BRDA:23,0,0,0
BRDA:23,0,1,0
BRF:2
BRH:0
end_of_record
TN:
SF:config\logger.js
FN:52,redactSensitiveData
FN:58,(anonymous_1)
FN:69,redactPayload
FN:76,(anonymous_3)
FN:81,(anonymous_4)
FN:91,createLogEntry
FN:137,formatReadableEntry
FN:149,requestIdFromPath
FN:154,actorCode
FN:159,persistLogEntry
FN:183,(anonymous_10)
FN:184,(anonymous_11)
FN:185,(anonymous_12)
FN:200,(anonymous_13)
FN:209,(anonymous_14)
FN:223,(anonymous_15)
FNF:16
FNH:0
FNDA:0,redactSensitiveData
FNDA:0,(anonymous_1)
FNDA:0,redactPayload
FNDA:0,(anonymous_3)
FNDA:0,(anonymous_4)
FNDA:0,createLogEntry
FNDA:0,formatReadableEntry
FNDA:0,requestIdFromPath
FNDA:0,actorCode
FNDA:0,persistLogEntry
FNDA:0,(anonymous_10)
FNDA:0,(anonymous_11)
FNDA:0,(anonymous_12)
FNDA:0,(anonymous_13)
FNDA:0,(anonymous_14)
FNDA:0,(anonymous_15)
DA:1,0
DA:2,0
DA:3,0
DA:4,0
DA:5,0
DA:19,0
DA:33,0
DA:39,0
DA:40,0
DA:53,0
DA:54,0
DA:57,0
DA:58,0
DA:59,0
DA:60,0
DA:62,0
DA:70,0
DA:71,0
DA:72,0
DA:75,0
DA:76,0
DA:79,0
DA:80,0
DA:81,0
DA:85,0
DA:104,0
DA:105,0
DA:110,0
DA:118,0
DA:119,0
DA:122,0
DA:126,0
DA:127,0
DA:130,0
DA:131,0
DA:134,0
DA:138,0
DA:141,0
DA:144,0
DA:146,0
DA:150,0
DA:151,0
DA:155,0
DA:156,0
DA:160,0
DA:162,0
DA:163,0
DA:164,0
DA:165,0
DA:167,0
DA:184,0
DA:185,0
DA:186,0
DA:187,0
DA:190,0
DA:197,0
DA:201,0
DA:202,0
DA:206,0
DA:210,0
DA:211,0
DA:213,0
DA:220,0
DA:223,0
DA:230,0
DA:235,0
DA:238,0
DA:239,0
DA:246,0
DA:251,0
DA:260,0
DA:261,0
DA:262,0
DA:264,0
LF:74
LH:0
BRDA:53,0,0,0
BRDA:53,0,1,0
BRDA:69,1,0,0
BRDA:71,2,0,0
BRDA:71,2,1,0
BRDA:75,3,0,0
BRDA:75,3,1,0
BRDA:79,4,0,0
BRDA:79,4,1,0
BRDA:79,5,0,0
BRDA:79,5,1,0
BRDA:85,6,0,0
BRDA:85,6,1,0
BRDA:105,7,0,0
BRDA:105,7,1,0
BRDA:105,8,0,0
BRDA:105,8,1,0
BRDA:105,9,0,0
BRDA:105,9,1,0
BRDA:112,10,0,0
BRDA:112,10,1,0
BRDA:114,11,0,0
BRDA:114,11,1,0
BRDA:118,12,0,0
BRDA:118,12,1,0
BRDA:123,13,0,0
BRDA:123,13,1,0
BRDA:126,14,0,0
BRDA:126,14,1,0
BRDA:130,15,0,0
BRDA:130,15,1,0
BRDA:130,16,0,0
BRDA:130,16,1,0
BRDA:138,17,0,0
BRDA:138,17,1,0
BRDA:139,18,0,0
BRDA:139,18,1,0
BRDA:139,19,0,0
BRDA:139,19,1,0
BRDA:141,20,0,0
BRDA:141,20,1,0
BRDA:144,21,0,0
BRDA:144,21,1,0
BRDA:150,22,0,0
BRDA:150,22,1,0
BRDA:151,23,0,0
BRDA:151,23,1,0
BRDA:155,24,0,0
BRDA:155,24,1,0
BRDA:155,24,2,0
BRDA:156,25,0,0
BRDA:156,25,1,0
BRDA:160,26,0,0
BRDA:160,26,1,0
BRDA:163,27,0,0
BRDA:163,27,1,0
BRDA:171,28,0,0
BRDA:171,28,1,0
BRDA:172,29,0,0
BRDA:172,29,1,0
BRDA:186,30,0,0
BRDA:186,30,1,0
BRDA:211,31,0,0
BRDA:211,31,1,0
BRDA:230,32,0,0
BRDA:230,32,1,0
BRDA:238,33,0,0
BRDA:238,33,1,0
BRF:68
BRH:0
end_of_record
TN:
SF:config\swagger.js
FN:226,getSwaggerSpec
FNF:1
FNH:0
FNDA:0,getSwaggerSpec
DA:1,0
DA:2,0
DA:15,0
DA:227,0
DA:230,0
LF:5
LH:0
BRF:0
BRH:0
end_of_record
TN:
SF:controllers\approvalHistoryController.js
FN:3,listApprovalHistory
FN:14,getApprovalSubmitOptions
FN:31,submitRequest
FN:48,processApprovalAction
FNF:4
FNH:0
FNDA:0,listApprovalHistory
FNDA:0,getApprovalSubmitOptions
FNDA:0,submitRequest
FNDA:0,processApprovalAction
DA:1,0
DA:4,0
DA:5,0
DA:6,0
DA:7,0
DA:8,0
DA:10,0
DA:15,0
DA:16,0
DA:17,0
DA:18,0
DA:19,0
DA:20,0
DA:21,0
DA:22,0
DA:24,0
DA:25,0
DA:27,0
DA:32,0
DA:33,0
DA:34,0
DA:35,0
DA:36,0
DA:37,0
DA:38,0
DA:39,0
DA:41,0
DA:42,0
DA:44,0
DA:49,0
DA:50,0
DA:51,0
DA:52,0
DA:53,0
DA:54,0
DA:55,0
DA:56,0
DA:57,0
DA:60,0
DA:67,0
DA:69,0
DA:73,0
LF:42
LH:0
BRDA:5,0,0,0
BRDA:5,0,1,0
BRDA:16,1,0,0
BRDA:16,1,1,0
BRDA:18,2,0,0
BRDA:18,2,1,0
BRDA:33,3,0,0
BRDA:33,3,1,0
BRDA:35,4,0,0
BRDA:35,4,1,0
BRDA:50,5,0,0
BRDA:50,5,1,0
BRDA:53,6,0,0
BRDA:53,6,1,0
BRDA:63,7,0,0
BRDA:63,7,1,0
BRF:16
BRH:0
end_of_record
TN:
SF:controllers\attachmentController.js
FN:5,requireUpdater
FN:16,uploadError
FN:29,listAttachments
FN:41,contentDispositionFileName
FN:46,downloadAttachment
FN:60,uploadAttachments
FN:61,(anonymous_6)
FN:84,deleteAttachment
FNF:8
FNH:0
FNDA:0,requireUpdater
FNDA:0,uploadError
FNDA:0,listAttachments
FNDA:0,contentDispositionFileName
FNDA:0,downloadAttachment
FNDA:0,uploadAttachments
FNDA:0,(anonymous_6)
FNDA:0,deleteAttachment
DA:1,0
DA:2,0
DA:3,0
DA:6,0
DA:7,0
DA:8,0
DA:10,0
DA:11,0
DA:12,0
DA:13,0
DA:17,0
DA:18,0
DA:19,0
DA:20,0
DA:21,0
DA:22,0
DA:23,0
DA:24,0
DA:26,0
DA:30,0
DA:31,0
DA:32,0
DA:34,0
DA:35,0
DA:37,0
DA:42,0
DA:47,0
DA:48,0
DA:49,0
DA:50,0
DA:51,0
DA:52,0
DA:53,0
DA:54,0
DA:56,0
DA:61,0
DA:62,0
DA:63,0
DA:64,0
DA:67,0
DA:68,0
DA:69,0
DA:70,0
DA:72,0
DA:73,0
DA:79,0
DA:85,0
DA:86,0
DA:87,0
DA:88,0
DA:90,0
DA:92,0
DA:96,0
LF:53
LH:0
BRDA:8,0,0,0
BRDA:8,0,1,0
BRDA:17,1,0,0
BRDA:17,1,1,0
BRDA:21,2,0,0
BRDA:21,2,1,0
BRDA:31,3,0,0
BRDA:31,3,1,0
BRDA:42,4,0,0
BRDA:42,4,1,0
BRDA:50,5,0,0
BRDA:50,5,1,0
BRDA:62,6,0,0
BRDA:62,6,1,0
BRDA:68,7,0,0
BRDA:68,7,1,0
BRDA:86,8,0,0
BRDA:86,8,1,0
BRF:18
BRH:0
end_of_record
TN:
SF:controllers\eventLogController.js
FN:3,listRequestEvents
FN:14,getRequestEvent
FNF:2
FNH:0
FNDA:0,listRequestEvents
FNDA:0,getRequestEvent
DA:1,0
DA:4,0
DA:5,0
DA:6,0
DA:7,0
DA:8,0
DA:10,0
DA:15,0
DA:16,0
DA:17,0
DA:18,0
DA:19,0
DA:21,0
DA:25,0
LF:14
LH:0
BRDA:5,0,0,0
BRDA:5,0,1,0
BRDA:16,1,0,0
BRDA:16,1,1,0
BRF:4
BRH:0
end_of_record
TN:
SF:controllers\requestMetadataController.js
FN:3,listEnabledStatuses
FN:13,listEnabledLogTypes
FN:23,listEnabledRatings
FN:33,listTerms
FNF:4
FNH:0
FNDA:0,listEnabledStatuses
FNDA:0,listEnabledLogTypes
FNDA:0,listEnabledRatings
FNDA:0,listTerms
DA:1,0
DA:4,0
DA:5,0
DA:6,0
DA:7,0
DA:9,0
DA:14,0
DA:15,0
DA:16,0
DA:17,0
DA:19,0
DA:24,0
DA:25,0
DA:26,0
DA:27,0
DA:29,0
DA:34,0
DA:35,0
DA:36,0
DA:37,0
DA:39,0
DA:43,0
LF:22
LH:0
BRDA:7,0,0,0
BRDA:7,0,1,0
BRDA:17,1,0,0
BRDA:17,1,1,0
BRDA:27,2,0,0
BRDA:27,2,1,0
BRDA:37,3,0,0
BRDA:37,3,1,0
BRF:8
BRH:0
end_of_record
TN:
SF:controllers\dev\attachmentController.js
FNF:0
FNH:0
DA:1,0
LF:1
LH:0
BRF:0
BRH:0
end_of_record
TN:
SF:controllers\dev\authController.js
FN:13,getCurrentUser
FN:19,(anonymous_1)
FN:57,validateSession
FN:84,logout
FNF:4
FNH:0
FNDA:0,getCurrentUser
FNDA:0,(anonymous_1)
FNDA:0,validateSession
FNDA:0,logout
DA:1,0
DA:14,0
DA:15,0
DA:16,0
DA:17,0
DA:18,0
DA:19,0
DA:22,0
DA:31,0
DA:38,0
DA:39,0
DA:41,0
DA:46,0
DA:50,0
DA:58,0
DA:59,0
DA:60,0
DA:62,0
DA:71,0
DA:73,0
DA:77,0
DA:85,0
DA:86,0
DA:88,0
DA:96,0
DA:98,0
DA:102,0
DA:106,0
LF:28
LH:0
BRDA:15,0,0,0
BRDA:15,0,1,0
BRDA:17,1,0,0
BRDA:17,1,1,0
BRDA:25,2,0,0
BRDA:25,2,1,0
BRDA:26,3,0,0
BRDA:26,3,1,0
BRDA:27,4,0,0
BRDA:27,4,1,0
BRDA:59,5,0,0
BRDA:59,5,1,0
BRDA:86,6,0,0
BRDA:86,6,1,0
BRF:14
BRH:0
end_of_record
TN:
SF:controllers\dev\customerController.js
FN:4,listCustomers
FN:27,getCustomer
FN:57,listEnabledSizes
FN:66,updateCustomer
FN:91,deleteCustomer
FNF:5
FNH:0
FNDA:0,listCustomers
FNDA:0,getCustomer
FNDA:0,listEnabledSizes
FNDA:0,updateCustomer
FNDA:0,deleteCustomer
DA:1,0
DA:2,0
DA:5,0
DA:6,0
DA:7,0
DA:9,0
DA:10,0
DA:12,0
DA:18,0
DA:23,0
DA:28,0
DA:29,0
DA:30,0
DA:32,0
DA:33,0
DA:34,0
DA:35,0
DA:36,0
DA:39,0
DA:40,0
DA:42,0
DA:48,0
DA:53,0
DA:58,0
DA:59,0
DA:60,0
DA:62,0
DA:67,0
DA:68,0
DA:69,0
DA:70,0
DA:71,0
DA:72,0
DA:73,0
DA:74,0
DA:77,0
DA:78,0
DA:79,0
DA:80,0
DA:81,0
DA:82,0
DA:85,0
DA:87,0
DA:92,0
DA:93,0
DA:94,0
DA:95,0
DA:96,0
DA:97,0
DA:98,0
DA:99,0
DA:102,0
DA:104,0
DA:105,0
DA:106,0
DA:107,0
DA:108,0
DA:111,0
DA:113,0
DA:119,0
DA:124,0
DA:128,0
LF:62
LH:0
BRDA:6,0,0,0
BRDA:6,0,1,0
BRDA:29,1,0,0
BRDA:29,1,1,0
BRDA:32,2,0,0
BRDA:32,2,1,0
BRDA:60,3,0,0
BRDA:60,3,1,0
BRDA:68,4,0,0
BRDA:68,4,1,0
BRDA:70,5,0,0
BRDA:70,5,1,0
BRDA:78,6,0,0
BRDA:78,6,1,0
BRDA:93,7,0,0
BRDA:93,7,1,0
BRDA:95,8,0,0
BRDA:95,8,1,0
BRDA:104,9,0,0
BRDA:104,9,1,0
BRF:20
BRH:0
end_of_record
TN:
SF:controllers\dev\homeController.js
FN:13,getHome
FN:43,getHealthStatus
FNF:2
FNH:0
FNDA:0,getHome
FNDA:0,getHealthStatus
DA:1,0
DA:2,0
DA:14,0
DA:15,0
DA:17,0
DA:29,0
DA:31,0
DA:35,0
DA:44,0
DA:45,0
DA:47,0
DA:56,0
DA:58,0
DA:62,0
DA:66,0
LF:15
LH:0
BRDA:15,0,0,0
BRDA:15,0,1,0
BRDA:45,1,0,0
BRDA:45,1,1,0
BRF:4
BRH:0
end_of_record
TN:
SF:controllers\dev\permissionController.js
FN:4,isValidSelection
FN:13,requireSystemAdmin
FN:28,getMyPermissions
FN:59,updateMyPermissions
FNF:4
FNH:0
FNDA:0,isValidSelection
FNDA:0,requireSystemAdmin
FNDA:0,getMyPermissions
FNDA:0,updateMyPermissions
DA:1,0
DA:2,0
DA:5,0
DA:14,0
DA:15,0
DA:18,0
DA:19,0
DA:20,0
DA:21,0
DA:29,0
DA:30,0
DA:31,0
DA:33,0
DA:34,0
DA:35,0
DA:36,0
DA:37,0
DA:40,0
DA:42,0
DA:43,0
DA:45,0
DA:47,0
DA:51,0
DA:60,0
DA:61,0
DA:62,0
DA:64,0
DA:65,0
DA:66,0
DA:67,0
DA:68,0
DA:71,0
DA:73,0
DA:74,0
DA:75,0
DA:76,0
DA:77,0
DA:78,0
DA:81,0
DA:83,0
DA:84,0
DA:86,0
DA:88,0
DA:92,0
DA:96,0
LF:45
LH:0
BRDA:6,0,0,0
BRDA:6,0,1,0
BRDA:6,0,2,0
BRDA:6,0,3,0
BRDA:14,1,0,0
BRDA:14,1,1,0
BRDA:30,2,0,0
BRDA:30,2,1,0
BRDA:31,3,0,0
BRDA:31,3,1,0
BRDA:33,4,0,0
BRDA:33,4,1,0
BRDA:61,5,0,0
BRDA:61,5,1,0
BRDA:62,6,0,0
BRDA:62,6,1,0
BRDA:64,7,0,0
BRDA:64,7,1,0
BRDA:74,8,0,0
BRDA:74,8,1,0
BRDA:74,9,0,0
BRDA:74,9,1,0
BRDA:74,9,2,0
BRF:23
BRH:0
end_of_record
TN:
SF:controllers\dev\requestController.js
FN:4,listRequests
FN:27,getRequest
FN:57,updateRequestCustomerInfo
FN:87,updateRequestCreditSuggestion
FN:117,updateRequestScoringAndPayment
FN:147,updateRequestRequestedDetails
FN:175,cloneRequestData
FN:203,cancelRequest
FNF:8
FNH:0
FNDA:0,listRequests
FNDA:0,getRequest
FNDA:0,updateRequestCustomerInfo
FNDA:0,updateRequestCreditSuggestion
FNDA:0,updateRequestScoringAndPayment
FNDA:0,updateRequestRequestedDetails
FNDA:0,cloneRequestData
FNDA:0,cancelRequest
DA:1,0
DA:2,0
DA:5,0
DA:6,0
DA:7,0
DA:9,0
DA:10,0
DA:12,0
DA:18,0
DA:23,0
DA:28,0
DA:29,0
DA:30,0
DA:32,0
DA:33,0
DA:34,0
DA:35,0
DA:36,0
DA:39,0
DA:40,0
DA:42,0
DA:48,0
DA:53,0
DA:58,0
DA:59,0
DA:60,0
DA:61,0
DA:62,0
DA:63,0
DA:64,0
DA:65,0
DA:68,0
DA:69,0
DA:70,0
DA:71,0
DA:72,0
DA:73,0
DA:76,0
DA:78,0
DA:83,0
DA:88,0
DA:89,0
DA:90,0
DA:91,0
DA:92,0
DA:93,0
DA:94,0
DA:95,0
DA:98,0
DA:99,0
DA:100,0
DA:101,0
DA:102,0
DA:103,0
DA:106,0
DA:108,0
DA:113,0
DA:118,0
DA:119,0
DA:120,0
DA:121,0
DA:122,0
DA:123,0
DA:124,0
DA:125,0
DA:128,0
DA:129,0
DA:130,0
DA:131,0
DA:132,0
DA:133,0
DA:136,0
DA:138,0
DA:143,0
DA:148,0
DA:149,0
DA:150,0
DA:151,0
DA:152,0
DA:153,0
DA:154,0
DA:155,0
DA:157,0
DA:158,0
DA:159,0
DA:160,0
DA:161,0
DA:162,0
DA:164,0
DA:166,0
DA:171,0
DA:176,0
DA:177,0
DA:178,0
DA:179,0
DA:180,0
DA:181,0
DA:182,0
DA:183,0
DA:185,0
DA:186,0
DA:187,0
DA:188,0
DA:189,0
DA:190,0
DA:192,0
DA:194,0
DA:199,0
DA:204,0
DA:205,0
DA:206,0
DA:207,0
DA:208,0
DA:209,0
DA:210,0
DA:211,0
DA:214,0
DA:216,0
DA:217,0
DA:218,0
DA:219,0
DA:220,0
DA:223,0
DA:225,0
DA:231,0
DA:236,0
DA:240,0
LF:127
LH:0
BRDA:6,0,0,0
BRDA:6,0,1,0
BRDA:29,1,0,0
BRDA:29,1,1,0
BRDA:32,2,0,0
BRDA:32,2,1,0
BRDA:59,3,0,0
BRDA:59,3,1,0
BRDA:61,4,0,0
BRDA:61,4,1,0
BRDA:69,5,0,0
BRDA:69,5,1,0
BRDA:89,6,0,0
BRDA:89,6,1,0
BRDA:91,7,0,0
BRDA:91,7,1,0
BRDA:99,8,0,0
BRDA:99,8,1,0
BRDA:119,9,0,0
BRDA:119,9,1,0
BRDA:121,10,0,0
BRDA:121,10,1,0
BRDA:129,11,0,0
BRDA:129,11,1,0
BRDA:149,12,0,0
BRDA:149,12,1,0
BRDA:151,13,0,0
BRDA:151,13,1,0
BRDA:158,14,0,0
BRDA:158,14,1,0
BRDA:177,15,0,0
BRDA:177,15,1,0
BRDA:179,16,0,0
BRDA:179,16,1,0
BRDA:186,17,0,0
BRDA:186,17,1,0
BRDA:205,18,0,0
BRDA:205,18,1,0
BRDA:207,19,0,0
BRDA:207,19,1,0
BRDA:216,20,0,0
BRDA:216,20,1,0
BRF:42
BRH:0
end_of_record
TN:
SF:controllers\dev\sessionController.js
FN:14,ping
FNF:1
FNH:0
FNDA:0,ping
DA:1,0
DA:15,0
DA:16,0
DA:17,0
DA:19,0
DA:29,0
DA:30,0
DA:32,0
DA:37,0
DA:41,0
DA:45,0
LF:11
LH:0
BRDA:16,0,0,0
BRDA:16,0,1,0
BRF:2
BRH:0
end_of_record
TN:
SF:controllers\dev\userController.js
FN:5,requireSystemAdmin
FN:13,requireLoggedInSystemAdmin
FN:21,actorCode
FN:25,validatePermissionSelections
FN:26,(anonymous_4)
FN:31,listUsers
FN:40,updateSystemActive
FN:55,getUserDetail
FN:65,getUserPermissions
FN:76,updateUserPermissions
FN:89,setViewAs
FN:100,clearViewAs
FNF:12
FNH:0
FNDA:0,requireSystemAdmin
FNDA:0,requireLoggedInSystemAdmin
FNDA:0,actorCode
FNDA:0,validatePermissionSelections
FNDA:0,(anonymous_4)
FNDA:0,listUsers
FNDA:0,updateSystemActive
FNDA:0,getUserDetail
FNDA:0,getUserPermissions
FNDA:0,updateUserPermissions
FNDA:0,setViewAs
FNDA:0,clearViewAs
DA:1,0
DA:2,0
DA:3,0
DA:6,0
DA:7,0
DA:8,0
DA:9,0
DA:10,0
DA:14,0
DA:15,0
DA:16,0
DA:17,0
DA:18,0
DA:22,0
DA:26,0
DA:27,0
DA:32,0
DA:33,0
DA:34,0
DA:35,0
DA:36,0
DA:37,0
DA:41,0
DA:42,0
DA:43,0
DA:44,0
DA:45,0
DA:47,0
DA:48,0
DA:49,0
DA:50,0
DA:51,0
DA:52,0
DA:56,0
DA:57,0
DA:58,0
DA:59,0
DA:60,0
DA:61,0
DA:62,0
DA:66,0
DA:67,0
DA:68,0
DA:69,0
DA:70,0
DA:71,0
DA:72,0
DA:73,0
DA:77,0
DA:78,0
DA:79,0
DA:80,0
DA:81,0
DA:82,0
DA:83,0
DA:84,0
DA:85,0
DA:86,0
DA:90,0
DA:91,0
DA:92,0
DA:93,0
DA:94,0
DA:95,0
DA:96,0
DA:97,0
DA:101,0
DA:102,0
DA:103,0
DA:104,0
DA:105,0
DA:106,0
DA:107,0
DA:108,0
DA:111,0
LF:75
LH:0
BRDA:6,0,0,0
BRDA:6,0,1,0
BRDA:14,1,0,0
BRDA:14,1,1,0
BRDA:22,2,0,0
BRDA:22,2,1,0
BRDA:26,3,0,0
BRDA:26,3,1,0
BRDA:26,3,2,0
BRDA:27,4,0,0
BRDA:27,4,1,0
BRDA:27,4,2,0
BRDA:27,4,3,0
BRDA:36,5,0,0
BRDA:36,5,1,0
BRDA:43,6,0,0
BRDA:43,6,1,0
BRDA:48,7,0,0
BRDA:48,7,1,0
BRDA:50,8,0,0
BRDA:50,8,1,0
BRDA:51,9,0,0
BRDA:51,9,1,0
BRDA:59,10,0,0
BRDA:59,10,1,0
BRDA:61,11,0,0
BRDA:61,11,1,0
BRDA:69,12,0,0
BRDA:69,12,1,0
BRDA:72,13,0,0
BRDA:72,13,1,0
BRDA:80,14,0,0
BRDA:80,14,1,0
BRDA:82,15,0,0
BRDA:82,15,1,0
BRDA:85,16,0,0
BRDA:85,16,1,0
BRDA:93,17,0,0
BRDA:93,17,1,0
BRDA:96,18,0,0
BRDA:96,18,1,0
BRDA:104,19,0,0
BRDA:104,19,1,0
BRDA:107,20,0,0
BRDA:107,20,1,0
BRF:45
BRH:0
end_of_record
TN:
SF:controllers\prd\attachmentController.js
FNF:0
FNH:0
DA:1,0
LF:1
LH:0
BRF:0
BRH:0
end_of_record
TN:
SF:controllers\prd\authController.js
FN:3,getCurrentUser
FN:9,(anonymous_1)
FN:42,validateSession
FN:66,logout
FNF:4
FNH:0
FNDA:0,getCurrentUser
FNDA:0,(anonymous_1)
FNDA:0,validateSession
FNDA:0,logout
DA:1,0
DA:4,0
DA:5,0
DA:6,0
DA:7,0
DA:8,0
DA:9,0
DA:11,0
DA:20,0
DA:26,0
DA:27,0
DA:29,0
DA:34,0
DA:38,0
DA:43,0
DA:44,0
DA:45,0
DA:47,0
DA:56,0
DA:58,0
DA:62,0
DA:67,0
DA:68,0
DA:70,0
DA:78,0
DA:80,0
DA:84,0
DA:88,0
LF:28
LH:0
BRDA:5,0,0,0
BRDA:5,0,1,0
BRDA:7,1,0,0
BRDA:7,1,1,0
BRDA:14,2,0,0
BRDA:14,2,1,0
BRDA:15,3,0,0
BRDA:15,3,1,0
BRDA:16,4,0,0
BRDA:16,4,1,0
BRDA:44,5,0,0
BRDA:44,5,1,0
BRDA:68,6,0,0
BRDA:68,6,1,0
BRF:14
BRH:0
end_of_record
TN:
SF:controllers\prd\customerController.js
FN:4,listCustomers
FN:27,getCustomer
FN:57,listEnabledSizes
FN:66,updateCustomer
FN:89,deleteCustomer
FNF:5
FNH:0
FNDA:0,listCustomers
FNDA:0,getCustomer
FNDA:0,listEnabledSizes
FNDA:0,updateCustomer
FNDA:0,deleteCustomer
DA:1,0
DA:2,0
DA:5,0
DA:6,0
DA:7,0
DA:9,0
DA:10,0
DA:12,0
DA:18,0
DA:23,0
DA:28,0
DA:29,0
DA:30,0
DA:32,0
DA:33,0
DA:34,0
DA:35,0
DA:36,0
DA:39,0
DA:40,0
DA:42,0
DA:48,0
DA:53,0
DA:58,0
DA:59,0
DA:60,0
DA:62,0
DA:67,0
DA:68,0
DA:69,0
DA:70,0
DA:71,0
DA:72,0
DA:73,0
DA:74,0
DA:76,0
DA:77,0
DA:78,0
DA:79,0
DA:80,0
DA:81,0
DA:83,0
DA:85,0
DA:90,0
DA:91,0
DA:92,0
DA:93,0
DA:94,0
DA:95,0
DA:96,0
DA:97,0
DA:100,0
DA:102,0
DA:103,0
DA:104,0
DA:105,0
DA:106,0
DA:109,0
DA:111,0
DA:117,0
DA:122,0
DA:126,0
LF:62
LH:0
BRDA:6,0,0,0
BRDA:6,0,1,0
BRDA:29,1,0,0
BRDA:29,1,1,0
BRDA:32,2,0,0
BRDA:32,2,1,0
BRDA:60,3,0,0
BRDA:60,3,1,0
BRDA:68,4,0,0
BRDA:68,4,1,0
BRDA:70,5,0,0
BRDA:70,5,1,0
BRDA:77,6,0,0
BRDA:77,6,1,0
BRDA:91,7,0,0
BRDA:91,7,1,0
BRDA:93,8,0,0
BRDA:93,8,1,0
BRDA:102,9,0,0
BRDA:102,9,1,0
BRF:20
BRH:0
end_of_record
TN:
SF:controllers\prd\homeController.js
FN:4,getHome
FN:30,getHealthStatus
FNF:2
FNH:0
FNDA:0,getHome
FNDA:0,getHealthStatus
DA:1,0
DA:2,0
DA:5,0
DA:6,0
DA:8,0
DA:20,0
DA:22,0
DA:26,0
DA:31,0
DA:32,0
DA:34,0
DA:43,0
DA:45,0
DA:49,0
DA:53,0
LF:15
LH:0
BRDA:6,0,0,0
BRDA:6,0,1,0
BRDA:32,1,0,0
BRDA:32,1,1,0
BRF:4
BRH:0
end_of_record
TN:
SF:controllers\prd\permissionController.js
FN:4,isValidSelection
FN:13,requireSystemAdmin
FN:28,getMyPermissions
FN:59,updateMyPermissions
FNF:4
FNH:0
FNDA:0,isValidSelection
FNDA:0,requireSystemAdmin
FNDA:0,getMyPermissions
FNDA:0,updateMyPermissions
DA:1,0
DA:2,0
DA:5,0
DA:14,0
DA:15,0
DA:18,0
DA:19,0
DA:20,0
DA:21,0
DA:29,0
DA:30,0
DA:31,0
DA:33,0
DA:34,0
DA:35,0
DA:36,0
DA:37,0
DA:40,0
DA:42,0
DA:43,0
DA:45,0
DA:47,0
DA:51,0
DA:60,0
DA:61,0
DA:62,0
DA:64,0
DA:65,0
DA:66,0
DA:67,0
DA:68,0
DA:71,0
DA:73,0
DA:74,0
DA:75,0
DA:76,0
DA:77,0
DA:78,0
DA:81,0
DA:83,0
DA:84,0
DA:86,0
DA:88,0
DA:92,0
DA:96,0
LF:45
LH:0
BRDA:6,0,0,0
BRDA:6,0,1,0
BRDA:6,0,2,0
BRDA:6,0,3,0
BRDA:14,1,0,0
BRDA:14,1,1,0
BRDA:30,2,0,0
BRDA:30,2,1,0
BRDA:31,3,0,0
BRDA:31,3,1,0
BRDA:33,4,0,0
BRDA:33,4,1,0
BRDA:61,5,0,0
BRDA:61,5,1,0
BRDA:62,6,0,0
BRDA:62,6,1,0
BRDA:64,7,0,0
BRDA:64,7,1,0
BRDA:74,8,0,0
BRDA:74,8,1,0
BRDA:74,9,0,0
BRDA:74,9,1,0
BRDA:74,9,2,0
BRF:23
BRH:0
end_of_record
TN:
SF:controllers\prd\requestController.js
FN:4,listRequests
FN:27,getRequest
FN:57,updateRequestCustomerInfo
FN:87,cancelRequest
FNF:4
FNH:0
FNDA:0,listRequests
FNDA:0,getRequest
FNDA:0,updateRequestCustomerInfo
FNDA:0,cancelRequest
DA:1,0
DA:2,0
DA:5,0
DA:6,0
DA:7,0
DA:9,0
DA:10,0
DA:12,0
DA:18,0
DA:23,0
DA:28,0
DA:29,0
DA:30,0
DA:32,0
DA:33,0
DA:34,0
DA:35,0
DA:36,0
DA:39,0
DA:40,0
DA:42,0
DA:48,0
DA:53,0
DA:58,0
DA:59,0
DA:60,0
DA:61,0
DA:62,0
DA:63,0
DA:64,0
DA:65,0
DA:68,0
DA:69,0
DA:70,0
DA:71,0
DA:72,0
DA:73,0
DA:76,0
DA:78,0
DA:83,0
DA:88,0
DA:89,0
DA:90,0
DA:91,0
DA:92,0
DA:93,0
DA:94,0
DA:95,0
DA:98,0
DA:100,0
DA:101,0
DA:102,0
DA:103,0
DA:104,0
DA:107,0
DA:109,0
DA:115,0
DA:120,0
DA:124,0
LF:59
LH:0
BRDA:6,0,0,0
BRDA:6,0,1,0
BRDA:29,1,0,0
BRDA:29,1,1,0
BRDA:32,2,0,0
BRDA:32,2,1,0
BRDA:59,3,0,0
BRDA:59,3,1,0
BRDA:61,4,0,0
BRDA:61,4,1,0
BRDA:69,5,0,0
BRDA:69,5,1,0
BRDA:89,6,0,0
BRDA:89,6,1,0
BRDA:91,7,0,0
BRDA:91,7,1,0
BRDA:100,8,0,0
BRDA:100,8,1,0
BRF:18
BRH:0
end_of_record
TN:
SF:controllers\prd\sessionController.js
FN:3,ping
FNF:1
FNH:0
FNDA:0,ping
DA:1,0
DA:4,0
DA:5,0
DA:6,0
DA:8,0
DA:17,0
DA:18,0
DA:20,0
DA:25,0
DA:29,0
DA:33,0
LF:11
LH:0
BRDA:5,0,0,0
BRDA:5,0,1,0
BRF:2
BRH:0
end_of_record
TN:
SF:controllers\prd\userController.js
FN:5,requireSystemAdmin
FN:10,requireLoggedInSystemAdmin
FN:15,actorCode
FN:16,validatePermissionSelections
FN:16,(anonymous_4)
FN:17,listUsers
FN:18,updateSystemActive
FN:19,getUserDetail
FN:20,getUserPermissions
FN:21,updateUserPermissions
FN:22,setViewAs
FN:23,clearViewAs
FNF:12
FNH:0
FNDA:0,requireSystemAdmin
FNDA:0,requireLoggedInSystemAdmin
FNDA:0,actorCode
FNDA:0,validatePermissionSelections
FNDA:0,(anonymous_4)
FNDA:0,listUsers
FNDA:0,updateSystemActive
FNDA:0,getUserDetail
FNDA:0,getUserPermissions
FNDA:0,updateUserPermissions
FNDA:0,setViewAs
FNDA:0,clearViewAs
DA:1,0
DA:2,0
DA:3,0
DA:6,0
DA:7,0
DA:8,0
DA:11,0
DA:12,0
DA:13,0
DA:15,0
DA:16,0
DA:17,0
DA:18,0
DA:19,0
DA:20,0
DA:21,0
DA:22,0
DA:23,0
DA:24,0
LF:19
LH:0
BRDA:6,0,0,0
BRDA:6,0,1,0
BRDA:11,1,0,0
BRDA:11,1,1,0
BRDA:15,2,0,0
BRDA:15,2,1,0
BRDA:16,3,0,0
BRDA:16,3,1,0
BRDA:16,3,2,0
BRDA:16,4,0,0
BRDA:16,4,1,0
BRDA:16,4,2,0
BRDA:16,4,3,0
BRDA:17,5,0,0
BRDA:17,5,1,0
BRDA:18,6,0,0
BRDA:18,6,1,0
BRDA:18,7,0,0
BRDA:18,7,1,0
BRDA:18,8,0,0
BRDA:18,8,1,0
BRDA:18,9,0,0
BRDA:18,9,1,0
BRDA:19,10,0,0
BRDA:19,10,1,0
BRDA:19,11,0,0
BRDA:19,11,1,0
BRDA:20,12,0,0
BRDA:20,12,1,0
BRDA:20,13,0,0
BRDA:20,13,1,0
BRDA:21,14,0,0
BRDA:21,14,1,0
BRDA:21,15,0,0
BRDA:21,15,1,0
BRDA:21,16,0,0
BRDA:21,16,1,0
BRDA:22,17,0,0
BRDA:22,17,1,0
BRDA:22,18,0,0
BRDA:22,18,1,0
BRDA:23,19,0,0
BRDA:23,19,1,0
BRDA:23,20,0,0
BRDA:23,20,1,0
BRF:45
BRH:0
end_of_record
TN:
SF:controllers\qas\attachmentController.js
FNF:0
FNH:0
DA:1,0
LF:1
LH:0
BRF:0
BRH:0
end_of_record
TN:
SF:controllers\qas\authController.js
FN:3,getCurrentUser
FN:9,(anonymous_1)
FN:42,validateSession
FN:66,logout
FNF:4
FNH:0
FNDA:0,getCurrentUser
FNDA:0,(anonymous_1)
FNDA:0,validateSession
FNDA:0,logout
DA:1,0
DA:4,0
DA:5,0
DA:6,0
DA:7,0
DA:8,0
DA:9,0
DA:11,0
DA:20,0
DA:26,0
DA:27,0
DA:29,0
DA:34,0
DA:38,0
DA:43,0
DA:44,0
DA:45,0
DA:47,0
DA:56,0
DA:58,0
DA:62,0
DA:67,0
DA:68,0
DA:70,0
DA:78,0
DA:80,0
DA:84,0
DA:88,0
LF:28
LH:0
BRDA:5,0,0,0
BRDA:5,0,1,0
BRDA:7,1,0,0
BRDA:7,1,1,0
BRDA:14,2,0,0
BRDA:14,2,1,0
BRDA:15,3,0,0
BRDA:15,3,1,0
BRDA:16,4,0,0
BRDA:16,4,1,0
BRDA:44,5,0,0
BRDA:44,5,1,0
BRDA:68,6,0,0
BRDA:68,6,1,0
BRF:14
BRH:0
end_of_record
TN:
SF:controllers\qas\customerController.js
FN:4,listCustomers
FN:27,getCustomer
FN:57,listEnabledSizes
FN:66,updateCustomer
FN:89,deleteCustomer
FNF:5
FNH:0
FNDA:0,listCustomers
FNDA:0,getCustomer
FNDA:0,listEnabledSizes
FNDA:0,updateCustomer
FNDA:0,deleteCustomer
DA:1,0
DA:2,0
DA:5,0
DA:6,0
DA:7,0
DA:9,0
DA:10,0
DA:12,0
DA:18,0
DA:23,0
DA:28,0
DA:29,0
DA:30,0
DA:32,0
DA:33,0
DA:34,0
DA:35,0
DA:36,0
DA:39,0
DA:40,0
DA:42,0
DA:48,0
DA:53,0
DA:58,0
DA:59,0
DA:60,0
DA:62,0
DA:67,0
DA:68,0
DA:69,0
DA:70,0
DA:71,0
DA:72,0
DA:73,0
DA:74,0
DA:76,0
DA:77,0
DA:78,0
DA:79,0
DA:80,0
DA:81,0
DA:83,0
DA:85,0
DA:90,0
DA:91,0
DA:92,0
DA:93,0
DA:94,0
DA:95,0
DA:96,0
DA:97,0
DA:100,0
DA:102,0
DA:103,0
DA:104,0
DA:105,0
DA:106,0
DA:109,0
DA:111,0
DA:117,0
DA:122,0
DA:126,0
LF:62
LH:0
BRDA:6,0,0,0
BRDA:6,0,1,0
BRDA:29,1,0,0
BRDA:29,1,1,0
BRDA:32,2,0,0
BRDA:32,2,1,0
BRDA:60,3,0,0
BRDA:60,3,1,0
BRDA:68,4,0,0
BRDA:68,4,1,0
BRDA:70,5,0,0
BRDA:70,5,1,0
BRDA:77,6,0,0
BRDA:77,6,1,0
BRDA:91,7,0,0
BRDA:91,7,1,0
BRDA:93,8,0,0
BRDA:93,8,1,0
BRDA:102,9,0,0
BRDA:102,9,1,0
BRF:20
BRH:0
end_of_record
TN:
SF:controllers\qas\homeController.js
FN:4,getHome
FN:30,getHealthStatus
FNF:2
FNH:0
FNDA:0,getHome
FNDA:0,getHealthStatus
DA:1,0
DA:2,0
DA:5,0
DA:6,0
DA:8,0
DA:20,0
DA:22,0
DA:26,0
DA:31,0
DA:32,0
DA:34,0
DA:43,0
DA:45,0
DA:49,0
DA:53,0
LF:15
LH:0
BRDA:6,0,0,0
BRDA:6,0,1,0
BRDA:32,1,0,0
BRDA:32,1,1,0
BRF:4
BRH:0
end_of_record
TN:
SF:controllers\qas\permissionController.js
FN:4,isValidSelection
FN:13,requireSystemAdmin
FN:28,getMyPermissions
FN:59,updateMyPermissions
FNF:4
FNH:0
FNDA:0,isValidSelection
FNDA:0,requireSystemAdmin
FNDA:0,getMyPermissions
FNDA:0,updateMyPermissions
DA:1,0
DA:2,0
DA:5,0
DA:14,0
DA:15,0
DA:18,0
DA:19,0
DA:20,0
DA:21,0
DA:29,0
DA:30,0
DA:31,0
DA:33,0
DA:34,0
DA:35,0
DA:36,0
DA:37,0
DA:40,0
DA:42,0
DA:43,0
DA:45,0
DA:47,0
DA:51,0
DA:60,0
DA:61,0
DA:62,0
DA:64,0
DA:65,0
DA:66,0
DA:67,0
DA:68,0
DA:71,0
DA:73,0
DA:74,0
DA:75,0
DA:76,0
DA:77,0
DA:78,0
DA:81,0
DA:83,0
DA:84,0
DA:86,0
DA:88,0
DA:92,0
DA:96,0
LF:45
LH:0
BRDA:6,0,0,0
BRDA:6,0,1,0
BRDA:6,0,2,0
BRDA:6,0,3,0
BRDA:14,1,0,0
BRDA:14,1,1,0
BRDA:30,2,0,0
BRDA:30,2,1,0
BRDA:31,3,0,0
BRDA:31,3,1,0
BRDA:33,4,0,0
BRDA:33,4,1,0
BRDA:61,5,0,0
BRDA:61,5,1,0
BRDA:62,6,0,0
BRDA:62,6,1,0
BRDA:64,7,0,0
BRDA:64,7,1,0
BRDA:74,8,0,0
BRDA:74,8,1,0
BRDA:74,9,0,0
BRDA:74,9,1,0
BRDA:74,9,2,0
BRF:23
BRH:0
end_of_record
TN:
SF:controllers\qas\requestController.js
FN:4,listRequests
FN:27,getRequest
FN:57,updateRequestCustomerInfo
FN:87,cancelRequest
FNF:4
FNH:0
FNDA:0,listRequests
FNDA:0,getRequest
FNDA:0,updateRequestCustomerInfo
FNDA:0,cancelRequest
DA:1,0
DA:2,0
DA:5,0
DA:6,0
DA:7,0
DA:9,0
DA:10,0
DA:12,0
DA:18,0
DA:23,0
DA:28,0
DA:29,0
DA:30,0
DA:32,0
DA:33,0
DA:34,0
DA:35,0
DA:36,0
DA:39,0
DA:40,0
DA:42,0
DA:48,0
DA:53,0
DA:58,0
DA:59,0
DA:60,0
DA:61,0
DA:62,0
DA:63,0
DA:64,0
DA:65,0
DA:68,0
DA:69,0
DA:70,0
DA:71,0
DA:72,0
DA:73,0
DA:76,0
DA:78,0
DA:83,0
DA:88,0
DA:89,0
DA:90,0
DA:91,0
DA:92,0
DA:93,0
DA:94,0
DA:95,0
DA:98,0
DA:100,0
DA:101,0
DA:102,0
DA:103,0
DA:104,0
DA:107,0
DA:109,0
DA:115,0
DA:120,0
DA:124,0
LF:59
LH:0
BRDA:6,0,0,0
BRDA:6,0,1,0
BRDA:29,1,0,0
BRDA:29,1,1,0
BRDA:32,2,0,0
BRDA:32,2,1,0
BRDA:59,3,0,0
BRDA:59,3,1,0
BRDA:61,4,0,0
BRDA:61,4,1,0
BRDA:69,5,0,0
BRDA:69,5,1,0
BRDA:89,6,0,0
BRDA:89,6,1,0
BRDA:91,7,0,0
BRDA:91,7,1,0
BRDA:100,8,0,0
BRDA:100,8,1,0
BRF:18
BRH:0
end_of_record
TN:
SF:controllers\qas\sessionController.js
FN:3,ping
FNF:1
FNH:0
FNDA:0,ping
DA:1,0
DA:4,0
DA:5,0
DA:6,0
DA:8,0
DA:17,0
DA:18,0
DA:20,0
DA:25,0
DA:29,0
DA:33,0
LF:11
LH:0
BRDA:5,0,0,0
BRDA:5,0,1,0
BRF:2
BRH:0
end_of_record
TN:
SF:controllers\qas\userController.js
FN:5,requireSystemAdmin
FN:10,requireLoggedInSystemAdmin
FN:15,actorCode
FN:16,validatePermissionSelections
FN:16,(anonymous_4)
FN:17,listUsers
FN:18,updateSystemActive
FN:19,getUserDetail
FN:20,getUserPermissions
FN:21,updateUserPermissions
FN:22,setViewAs
FN:23,clearViewAs
FNF:12
FNH:0
FNDA:0,requireSystemAdmin
FNDA:0,requireLoggedInSystemAdmin
FNDA:0,actorCode
FNDA:0,validatePermissionSelections
FNDA:0,(anonymous_4)
FNDA:0,listUsers
FNDA:0,updateSystemActive
FNDA:0,getUserDetail
FNDA:0,getUserPermissions
FNDA:0,updateUserPermissions
FNDA:0,setViewAs
FNDA:0,clearViewAs
DA:1,0
DA:2,0
DA:3,0
DA:6,0
DA:7,0
DA:8,0
DA:11,0
DA:12,0
DA:13,0
DA:15,0
DA:16,0
DA:17,0
DA:18,0
DA:19,0
DA:20,0
DA:21,0
DA:22,0
DA:23,0
DA:24,0
LF:19
LH:0
BRDA:6,0,0,0
BRDA:6,0,1,0
BRDA:11,1,0,0
BRDA:11,1,1,0
BRDA:15,2,0,0
BRDA:15,2,1,0
BRDA:16,3,0,0
BRDA:16,3,1,0
BRDA:16,3,2,0
BRDA:16,4,0,0
BRDA:16,4,1,0
BRDA:16,4,2,0
BRDA:16,4,3,0
BRDA:17,5,0,0
BRDA:17,5,1,0
BRDA:18,6,0,0
BRDA:18,6,1,0
BRDA:18,7,0,0
BRDA:18,7,1,0
BRDA:18,8,0,0
BRDA:18,8,1,0
BRDA:18,9,0,0
BRDA:18,9,1,0
BRDA:19,10,0,0
BRDA:19,10,1,0
BRDA:19,11,0,0
BRDA:19,11,1,0
BRDA:20,12,0,0
BRDA:20,12,1,0
BRDA:20,13,0,0
BRDA:20,13,1,0
BRDA:21,14,0,0
BRDA:21,14,1,0
BRDA:21,15,0,0
BRDA:21,15,1,0
BRDA:21,16,0,0
BRDA:21,16,1,0
BRDA:22,17,0,0
BRDA:22,17,1,0
BRDA:22,18,0,0
BRDA:22,18,1,0
BRDA:23,19,0,0
BRDA:23,19,1,0
BRDA:23,20,0,0
BRDA:23,20,1,0
BRF:45
BRH:0
end_of_record
TN:
SF:helpers\errorCodes.js
FN:58,getHttpStatus
FNF:1
FNH:0
FNDA:0,getHttpStatus
DA:7,0
DA:59,0
DA:105,0
DA:108,0
DA:109,0
LF:5
LH:0
BRDA:105,0,0,0
BRDA:105,0,1,0
BRF:2
BRH:0
end_of_record
TN:
SF:helpers\mockRequests.js
FN:13,(anonymous_0)
FN:29,normalizePage
FN:34,includesValue
FN:40,compareBySortField
FN:47,listMockRequests
FN:49,(anonymous_5)
FN:82,(anonymous_6)
FN:99,getMockRequestById
FN:100,(anonymous_8)
FN:103,deleteMockRequest
FN:104,(anonymous_10)
FNF:11
FNH:0
FNDA:0,(anonymous_0)
FNDA:0,normalizePage
FNDA:0,includesValue
FNDA:0,compareBySortField
FNDA:0,listMockRequests
FNDA:0,(anonymous_5)
FNDA:0,(anonymous_6)
FNDA:0,getMockRequestById
FNDA:0,(anonymous_8)
FNDA:0,deleteMockRequest
FNDA:0,(anonymous_10)
DA:1,0
DA:2,0
DA:10,0
DA:11,0
DA:13,0
DA:14,0
DA:15,0
DA:17,0
DA:30,0
DA:31,0
DA:35,0
DA:38,0
DA:41,0
DA:42,0
DA:44,0
DA:48,0
DA:49,0
DA:50,0
DA:60,0
DA:61,0
DA:64,0
DA:66,0
DA:68,0
DA:70,0
DA:72,0
DA:76,0
DA:77,0
DA:78,0
DA:79,0
DA:81,0
DA:83,0
DA:84,0
DA:88,0
DA:100,0
DA:104,0
DA:105,0
DA:106,0
DA:108,0
DA:109,0
DA:112,0
LF:40
LH:0
BRDA:31,0,0,0
BRDA:31,0,1,0
BRDA:31,1,0,0
BRDA:31,1,1,0
BRDA:35,2,0,0
BRDA:35,2,1,0
BRDA:41,3,0,0
BRDA:41,3,1,0
BRDA:60,4,0,0
BRDA:60,4,1,0
BRDA:64,5,0,0
BRDA:64,5,1,0
BRDA:64,5,2,0
BRDA:64,5,3,0
BRDA:81,6,0,0
BRDA:81,6,1,0
BRDA:83,7,0,0
BRDA:83,7,1,0
BRDA:100,8,0,0
BRDA:100,8,1,0
BRDA:105,9,0,0
BRDA:105,9,1,0
BRF:22
BRH:0
end_of_record
TN:
SF:helpers\tokenValidator.js
FN:28,validateToken
FNF:1
FNH:0
FNDA:0,validateToken
DA:1,0
DA:2,0
DA:3,0
DA:4,0
DA:29,0
DA:31,0
DA:34,0
DA:36,0
DA:37,0
DA:45,0
DA:46,0
DA:49,0
DA:50,0
DA:60,0
DA:69,0
DA:70,0
DA:71,0
DA:76,0
DA:85,0
DA:86,0
DA:92,0
DA:101,0
DA:102,0
DA:108,0
DA:117,0
DA:118,0
DA:124,0
DA:133,0
DA:134,0
DA:139,0
DA:148,0
DA:149,0
DA:150,0
DA:151,0
DA:157,0
DA:166,0
DA:172,0
DA:177,0
DA:182,0
DA:191,0
LF:40
LH:0
BRDA:36,0,0,0
BRDA:36,0,1,0
BRDA:49,1,0,0
BRDA:49,1,1,0
BRDA:49,2,0,0
BRDA:49,2,1,0
BRDA:49,2,2,0
BRDA:49,2,3,0
BRDA:70,3,0,0
BRDA:70,3,1,0
BRDA:85,4,0,0
BRDA:85,4,1,0
BRDA:101,5,0,0
BRDA:101,5,1,0
BRDA:117,6,0,0
BRDA:117,6,1,0
BRDA:133,7,0,0
BRDA:133,7,1,0
BRDA:148,8,0,0
BRDA:148,8,1,0
BRDA:150,9,0,0
BRDA:150,9,1,0
BRF:22
BRH:0
end_of_record
TN:
SF:middlewares\attachmentUpload.js
FN:8,(anonymous_0)
FN:9,(anonymous_1)
FN:13,(anonymous_2)
FNF:3
FNH:0
FNDA:0,(anonymous_0)
FNDA:0,(anonymous_1)
FNDA:0,(anonymous_2)
DA:1,0
DA:2,0
DA:3,0
DA:4,0
DA:5,0
DA:7,0
DA:9,0
DA:10,0
DA:14,0
DA:15,0
DA:19,0
DA:24,0
LF:12
LH:0
BRDA:20,0,0,0
BRDA:20,0,1,0
BRF:2
BRH:0
end_of_record
TN:
SF:middlewares\authentication.js
FN:24,authenticationMiddleware
FNF:1
FNH:0
FNDA:0,authenticationMiddleware
DA:1,0
DA:2,0
DA:3,0
DA:4,0
DA:5,0
DA:25,0
DA:27,0
DA:29,0
DA:31,0
DA:32,0
DA:38,0
DA:49,0
DA:50,0
DA:51,0
DA:57,0
DA:67,0
DA:70,0
DA:72,0
DA:73,0
DA:80,0
DA:92,0
DA:100,0
DA:108,0
DA:109,0
DA:111,0
DA:117,0
DA:127,0
DA:128,0
DA:134,0
DA:144,0
DA:146,0
DA:148,0
DA:153,0
DA:164,0
LF:34
LH:0
BRDA:25,0,0,0
BRDA:25,0,1,0
BRDA:31,1,0,0
BRDA:31,1,1,0
BRDA:50,2,0,0
BRDA:50,2,1,0
BRDA:50,3,0,0
BRDA:50,3,1,0
BRDA:72,4,0,0
BRDA:72,4,1,0
BRDA:83,5,0,0
BRDA:83,5,1,0
BRDA:84,6,0,0
BRDA:84,6,1,0
BRDA:95,7,0,0
BRDA:95,7,1,0
BRDA:95,7,2,0
BRDA:95,7,3,0
BRDA:97,8,0,0
BRDA:97,8,1,0
BRDA:127,9,0,0
BRDA:127,9,1,0
BRF:22
BRH:0
end_of_record
TN:
SF:middlewares\correlationId.js
FN:19,correlationIdMiddleware
FNF:1
FNH:0
FNDA:0,correlationIdMiddleware
DA:1,0
DA:22,0
DA:27,0
DA:30,0
DA:32,0
DA:35,0
LF:6
LH:0
BRDA:22,0,0,0
BRDA:22,0,1,0
BRDA:22,0,2,0
BRF:3
BRH:0
end_of_record
TN:
SF:middlewares\cors.js
FN:19,(anonymous_0)
FN:58,corsMiddleware
FNF:2
FNH:0
FNDA:0,(anonymous_0)
FNDA:0,corsMiddleware
DA:1,0
DA:2,0
DA:3,0
DA:18,0
DA:20,0
DA:23,0
DA:24,0
DA:28,0
DA:29,0
DA:33,0
DA:38,0
DA:39,0
DA:59,0
DA:62,0
LF:14
LH:0
BRDA:23,0,0,0
BRDA:23,0,1,0
BRDA:28,1,0,0
BRDA:28,1,1,0
BRF:4
BRH:0
end_of_record
TN:
SF:middlewares\errorHandler.js
FN:21,errorResponse
FN:32,databaseErrorDetails
FN:37,(anonymous_2)
FN:64,errorHandlerMiddleware
FNF:4
FNH:0
FNDA:0,errorResponse
FNDA:0,databaseErrorDetails
FNDA:0,(anonymous_2)
FNDA:0,errorHandlerMiddleware
DA:1,0
DA:2,0
DA:3,0
DA:22,0
DA:33,0
DA:34,0
DA:36,0
DA:37,0
DA:45,0
DA:65,0
DA:66,0
DA:69,0
DA:80,0
DA:81,0
DA:82,0
DA:86,0
DA:89,0
DA:91,0
DA:93,0
DA:94,0
DA:99,0
DA:105,0
DA:106,0
DA:107,0
DA:110,0
DA:113,0
LF:26
LH:0
BRDA:25,0,0,0
BRDA:25,0,1,0
BRDA:26,1,0,0
BRDA:26,1,1,0
BRDA:33,2,0,0
BRDA:33,2,1,0
BRDA:34,3,0,0
BRDA:34,3,1,0
BRDA:36,4,0,0
BRDA:36,4,1,0
BRDA:65,5,0,0
BRDA:65,5,1,0
BRDA:71,6,0,0
BRDA:71,6,1,0
BRDA:72,7,0,0
BRDA:72,7,1,0
BRDA:80,8,0,0
BRDA:80,8,1,0
BRDA:81,9,0,0
BRDA:81,9,1,0
BRDA:81,10,0,0
BRDA:81,10,1,0
BRDA:86,11,0,0
BRDA:86,11,1,0
BRDA:89,12,0,0
BRDA:89,12,1,0
BRDA:91,13,0,0
BRDA:91,13,1,0
BRDA:93,14,0,0
BRDA:93,14,1,0
BRF:30
BRH:0
end_of_record
TN:
SF:middlewares\requestLogger.js
FN:20,requestLoggerMiddleware
FN:27,(anonymous_1)
FN:30,(anonymous_2)
FNF:3
FNH:0
FNDA:0,requestLoggerMiddleware
FNDA:0,(anonymous_1)
FNDA:0,(anonymous_2)
DA:1,0
DA:2,0
DA:21,0
DA:22,0
DA:23,0
DA:24,0
DA:27,0
DA:28,0
DA:30,0
DA:31,0
DA:39,0
DA:42,0
LF:12
LH:0
BRDA:21,0,0,0
BRDA:21,0,1,0
BRF:2
BRH:0
end_of_record
TN:
SF:models\approval.js
FN:3,(anonymous_0)
FNF:1
FNH:0
FNDA:0,(anonymous_0)
DA:1,0
DA:3,0
DA:4,0
LF:3
LH:0
BRF:0
BRH:0
end_of_record
TN:
SF:models\attachment.js
FN:3,(anonymous_0)
FNF:1
FNH:0
FNDA:0,(anonymous_0)
DA:1,0
DA:3,0
DA:4,0
LF:3
LH:0
BRF:0
BRH:0
end_of_record
TN:
SF:models\costCenterMapping.js
FN:5,(anonymous_0)
FNF:1
FNH:0
FNDA:0,(anonymous_0)
DA:1,0
DA:5,0
DA:6,0
LF:3
LH:0
BRF:0
BRH:0
end_of_record
TN:
SF:models\customer.js
FN:3,(anonymous_0)
FNF:1
FNH:0
FNDA:0,(anonymous_0)
DA:1,0
DA:3,0
DA:4,0
LF:3
LH:0
BRF:0
BRH:0
end_of_record
TN:
SF:models\employee.js
FN:4,(anonymous_0)
FNF:1
FNH:0
FNDA:0,(anonymous_0)
DA:1,0
DA:4,0
DA:5,0
LF:3
LH:0
BRF:0
BRH:0
end_of_record
TN:
SF:models\index.js
FN:27,initModels
FN:115,getModels
FN:122,isModelsInitialized
FN:126,resetModels
FNF:4
FNH:0
FNDA:0,initModels
FNDA:0,getModels
FNDA:0,isModelsInitialized
FNDA:0,resetModels
DA:1,0
DA:2,0
DA:3,0
DA:4,0
DA:5,0
DA:6,0
DA:7,0
DA:8,0
DA:9,0
DA:10,0
DA:11,0
DA:12,0
DA:13,0
DA:14,0
DA:15,0
DA:16,0
DA:17,0
DA:18,0
DA:25,0
DA:28,0
DA:29,0
DA:30,0
DA:31,0
DA:32,0
DA:33,0
DA:34,0
DA:35,0
DA:36,0
DA:37,0
DA:38,0
DA:39,0
DA:40,0
DA:41,0
DA:42,0
DA:43,0
DA:44,0
DA:45,0
DA:48,0
DA:49,0
DA:52,0
DA:55,0
DA:56,0
DA:59,0
DA:62,0
DA:63,0
DA:65,0
DA:66,0
DA:67,0
DA:68,0
DA:69,0
DA:70,0
DA:71,0
DA:72,0
DA:73,0
DA:74,0
DA:75,0
DA:76,0
DA:77,0
DA:79,0
DA:80,0
DA:82,0
DA:85,0
DA:86,0
DA:89,0
DA:90,0
DA:92,0
DA:112,0
DA:116,0
DA:117,0
DA:119,0
DA:123,0
DA:127,0
DA:130,0
LF:73
LH:0
BRDA:116,0,0,0
BRDA:116,0,1,0
BRF:2
BRH:0
end_of_record
TN:
SF:models\log.js
FN:3,(anonymous_0)
FNF:1
FNH:0
FNDA:0,(anonymous_0)
DA:1,0
DA:3,0
DA:4,0
LF:3
LH:0
BRF:0
BRH:0
end_of_record
TN:
SF:models\logType.js
FN:3,(anonymous_0)
FNF:1
FNH:0
FNDA:0,(anonymous_0)
DA:1,0
DA:3,0
DA:4,0
LF:3
LH:0
BRF:0
BRH:0
end_of_record
TN:
SF:models\permission.js
FN:3,(anonymous_0)
FNF:1
FNH:0
FNDA:0,(anonymous_0)
DA:1,0
DA:3,0
DA:4,0
LF:3
LH:0
BRF:0
BRH:0
end_of_record
TN:
SF:models\rating.js
FN:3,(anonymous_0)
FNF:1
FNH:0
FNDA:0,(anonymous_0)
DA:1,0
DA:3,0
DA:4,0
LF:3
LH:0
BRF:0
BRH:0
end_of_record
TN:
SF:models\request.js
FN:3,(anonymous_0)
FNF:1
FNH:0
FNDA:0,(anonymous_0)
DA:1,0
DA:3,0
DA:4,0
LF:3
LH:0
BRF:0
BRH:0
end_of_record
TN:
SF:models\role.js
FN:3,(anonymous_0)
FNF:1
FNH:0
FNDA:0,(anonymous_0)
DA:1,0
DA:3,0
DA:4,0
LF:3
LH:0
BRF:0
BRH:0
end_of_record
TN:
SF:models\rolePermission.js
FN:5,(anonymous_0)
FNF:1
FNH:0
FNDA:0,(anonymous_0)
DA:1,0
DA:5,0
DA:6,0
LF:3
LH:0
BRF:0
BRH:0
end_of_record
TN:
SF:models\size.js
FN:3,(anonymous_0)
FNF:1
FNH:0
FNDA:0,(anonymous_0)
DA:1,0
DA:3,0
DA:4,0
LF:3
LH:0
BRF:0
BRH:0
end_of_record
TN:
SF:models\status.js
FN:3,(anonymous_0)
FNF:1
FNH:0
FNDA:0,(anonymous_0)
DA:1,0
DA:3,0
DA:4,0
LF:3
LH:0
BRF:0
BRH:0
end_of_record
TN:
SF:models\term.js
FN:3,(anonymous_0)
FNF:1
FNH:0
FNDA:0,(anonymous_0)
DA:1,0
DA:3,0
DA:4,0
LF:3
LH:0
BRF:0
BRH:0
end_of_record
TN:
SF:models\user.js
FN:4,(anonymous_0)
FNF:1
FNH:0
FNDA:0,(anonymous_0)
DA:1,0
DA:4,0
DA:5,0
LF:3
LH:0
BRF:0
BRH:0
end_of_record
TN:
SF:models\userPermission.js
FN:5,(anonymous_0)
FNF:1
FNH:0
FNDA:0,(anonymous_0)
DA:1,0
DA:5,0
DA:6,0
LF:3
LH:0
BRF:0
BRH:0
end_of_record
TN:
SF:models\userRole.js
FN:5,(anonymous_0)
FNF:1
FNH:0
FNDA:0,(anonymous_0)
DA:1,0
DA:5,0
DA:6,0
LF:3
LH:0
BRF:0
BRH:0
end_of_record
TN:
SF:routes\index.js
FNF:0
FNH:0
DA:1,0
DA:2,0
DA:3,0
DA:14,0
DA:20,0
DA:21,0
DA:23,0
DA:26,0
DA:29,0
DA:31,0
DA:33,0
DA:34,0
DA:37,0
LF:13
LH:0
BRF:0
BRH:0
end_of_record
TN:
SF:routes\dev\authRoute.js
FNF:0
FNH:0
DA:1,0
DA:2,0
DA:3,0
DA:10,0
DA:17,0
DA:19,0
LF:6
LH:0
BRF:0
BRH:0
end_of_record
TN:
SF:routes\dev\customerRoute.js
FNF:0
FNH:0
DA:1,0
DA:2,0
DA:3,0
DA:5,0
DA:7,0
DA:8,0
DA:9,0
DA:10,0
DA:11,0
DA:13,0
LF:10
LH:0
BRF:0
BRH:0
end_of_record
TN:
SF:routes\dev\docsRoute.js
FN:32,(anonymous_0)
FNF:1
FNH:0
FNDA:0,(anonymous_0)
DA:1,0
DA:2,0
DA:3,0
DA:10,0
DA:13,0
DA:20,0
DA:21,0
DA:32,0
DA:33,0
DA:34,0
DA:37,0
LF:11
LH:0
BRF:0
BRH:0
end_of_record
TN:
SF:routes\dev\healthRoute.js
FNF:0
FNH:0
DA:1,0
DA:2,0
DA:9,0
DA:16,0
DA:24,0
DA:26,0
LF:6
LH:0
BRF:0
BRH:0
end_of_record
TN:
SF:routes\dev\homeRoute.js
FNF:0
FNH:0
DA:1,0
DA:2,0
DA:9,0
DA:16,0
DA:18,0
LF:5
LH:0
BRF:0
BRH:0
end_of_record
TN:
SF:routes\dev\index.js
FNF:0
FNH:0
DA:1,0
DA:2,0
DA:3,0
DA:4,0
DA:5,0
DA:6,0
DA:7,0
DA:8,0
DA:9,0
DA:10,0
DA:21,0
DA:24,0
DA:25,0
DA:26,0
DA:27,0
DA:28,0
DA:29,0
DA:30,0
DA:31,0
DA:32,0
DA:34,0
LF:21
LH:0
BRF:0
BRH:0
end_of_record
TN:
SF:routes\dev\permissionRoute.js
FNF:0
FNH:0
DA:1,0
DA:2,0
DA:3,0
DA:10,0
DA:12,0
DA:13,0
DA:15,0
LF:7
LH:0
BRF:0
BRH:0
end_of_record
TN:
SF:routes\dev\requestRoute.js
FNF:0
FNH:0
DA:1,0
DA:2,0
DA:3,0
DA:4,0
DA:5,0
DA:6,0
DA:7,0
DA:9,0
DA:11,0
DA:12,0
DA:13,0
DA:14,0
DA:15,0
DA:16,0
DA:17,0
DA:18,0
DA:19,0
DA:20,0
DA:21,0
DA:22,0
DA:23,0
DA:24,0
DA:25,0
DA:26,0
DA:27,0
DA:28,0
DA:29,0
DA:30,0
DA:31,0
DA:32,0
DA:34,0
LF:31
LH:0
BRF:0
BRH:0
end_of_record
TN:
SF:routes\dev\sessionRoute.js
FNF:0
FNH:0
DA:1,0
DA:2,0
DA:3,0
DA:10,0
DA:18,0
DA:20,0
LF:6
LH:0
BRF:0
BRH:0
end_of_record
TN:
SF:routes\dev\userRoute.js
FNF:0
FNH:0
DA:1,0
DA:2,0
DA:3,0
DA:5,0
DA:6,0
DA:7,0
DA:8,0
DA:9,0
DA:10,0
DA:11,0
DA:12,0
DA:13,0
LF:12
LH:0
BRF:0
BRH:0
end_of_record
TN:
SF:routes\prd\authRoute.js
FNF:0
FNH:0
DA:1,0
DA:2,0
DA:3,0
DA:5,0
DA:6,0
DA:8,0
LF:6
LH:0
BRF:0
BRH:0
end_of_record
TN:
SF:routes\prd\customerRoute.js
FNF:0
FNH:0
DA:1,0
DA:2,0
DA:3,0
DA:5,0
DA:7,0
DA:8,0
DA:9,0
DA:10,0
DA:11,0
DA:13,0
LF:10
LH:0
BRF:0
BRH:0
end_of_record
TN:
SF:routes\prd\docsRoute.js
FN:15,(anonymous_0)
FNF:1
FNH:0
FNDA:0,(anonymous_0)
DA:1,0
DA:2,0
DA:3,0
DA:5,0
DA:6,0
DA:8,0
DA:9,0
DA:15,0
DA:16,0
DA:17,0
DA:20,0
LF:11
LH:0
BRF:0
BRH:0
end_of_record
TN:
SF:routes\prd\healthRoute.js
FNF:0
FNH:0
DA:1,0
DA:2,0
DA:4,0
DA:5,0
DA:6,0
DA:8,0
LF:6
LH:0
BRF:0
BRH:0
end_of_record
TN:
SF:routes\prd\homeRoute.js
FNF:0
FNH:0
DA:1,0
DA:2,0
DA:4,0
DA:5,0
DA:7,0
LF:5
LH:0
BRF:0
BRH:0
end_of_record
TN:
SF:routes\prd\index.js
FNF:0
FNH:0
DA:1,0
DA:2,0
DA:3,0
DA:4,0
DA:5,0
DA:6,0
DA:7,0
DA:8,0
DA:9,0
DA:10,0
DA:21,0
DA:24,0
DA:25,0
DA:26,0
DA:27,0
DA:28,0
DA:29,0
DA:30,0
DA:31,0
DA:32,0
DA:34,0
LF:21
LH:0
BRF:0
BRH:0
end_of_record
TN:
SF:routes\prd\permissionRoute.js
FNF:0
FNH:0
DA:1,0
DA:2,0
DA:3,0
DA:10,0
DA:12,0
DA:13,0
DA:15,0
LF:7
LH:0
BRF:0
BRH:0
end_of_record
TN:
SF:routes\prd\requestRoute.js
FNF:0
FNH:0
DA:1,0
DA:2,0
DA:3,0
DA:4,0
DA:5,0
DA:6,0
DA:7,0
DA:8,0
DA:9,0
DA:11,0
DA:13,0
DA:14,0
DA:15,0
DA:16,0
DA:17,0
DA:18,0
DA:19,0
DA:20,0
DA:21,0
DA:22,0
DA:23,0
DA:24,0
DA:25,0
DA:26,0
DA:27,0
DA:28,0
DA:29,0
DA:30,0
DA:31,0
DA:33,0
LF:30
LH:0
BRF:0
BRH:0
end_of_record
TN:
SF:routes\prd\sessionRoute.js
FNF:0
FNH:0
DA:1,0
DA:2,0
DA:3,0
DA:5,0
DA:6,0
DA:8,0
LF:6
LH:0
BRF:0
BRH:0
end_of_record
TN:
SF:routes\prd\userRoute.js
FNF:0
FNH:0
DA:1,0
DA:2,0
DA:3,0
DA:4,0
DA:5,0
DA:6,0
DA:7,0
DA:8,0
DA:9,0
DA:10,0
DA:11,0
DA:12,0
LF:12
LH:0
BRF:0
BRH:0
end_of_record
TN:
SF:routes\qas\authRoute.js
FNF:0
FNH:0
DA:1,0
DA:2,0
DA:3,0
DA:5,0
DA:6,0
DA:8,0
LF:6
LH:0
BRF:0
BRH:0
end_of_record
TN:
SF:routes\qas\customerRoute.js
FNF:0
FNH:0
DA:1,0
DA:2,0
DA:3,0
DA:5,0
DA:7,0
DA:8,0
DA:9,0
DA:10,0
DA:11,0
DA:13,0
LF:10
LH:0
BRF:0
BRH:0
end_of_record
TN:
SF:routes\qas\docsRoute.js
FN:15,(anonymous_0)
FNF:1
FNH:0
FNDA:0,(anonymous_0)
DA:1,0
DA:2,0
DA:3,0
DA:5,0
DA:6,0
DA:8,0
DA:9,0
DA:15,0
DA:16,0
DA:17,0
DA:20,0
LF:11
LH:0
BRF:0
BRH:0
end_of_record
TN:
SF:routes\qas\healthRoute.js
FNF:0
FNH:0
DA:1,0
DA:2,0
DA:4,0
DA:5,0
DA:6,0
DA:8,0
LF:6
LH:0
BRF:0
BRH:0
end_of_record
TN:
SF:routes\qas\homeRoute.js
FNF:0
FNH:0
DA:1,0
DA:2,0
DA:4,0
DA:5,0
DA:7,0
LF:5
LH:0
BRF:0
BRH:0
end_of_record
TN:
SF:routes\qas\index.js
FNF:0
FNH:0
DA:1,0
DA:2,0
DA:3,0
DA:4,0
DA:5,0
DA:6,0
DA:7,0
DA:8,0
DA:9,0
DA:10,0
DA:21,0
DA:24,0
DA:25,0
DA:26,0
DA:27,0
DA:28,0
DA:29,0
DA:30,0
DA:31,0
DA:32,0
DA:34,0
LF:21
LH:0
BRF:0
BRH:0
end_of_record
TN:
SF:routes\qas\permissionRoute.js
FNF:0
FNH:0
DA:1,0
DA:2,0
DA:3,0
DA:10,0
DA:12,0
DA:13,0
DA:15,0
LF:7
LH:0
BRF:0
BRH:0
end_of_record
TN:
SF:routes\qas\requestRoute.js
FNF:0
FNH:0
DA:1,0
DA:2,0
DA:3,0
DA:4,0
DA:5,0
DA:6,0
DA:7,0
DA:8,0
DA:9,0
DA:11,0
DA:13,0
DA:14,0
DA:15,0
DA:16,0
DA:17,0
DA:18,0
DA:19,0
DA:20,0
DA:21,0
DA:22,0
DA:23,0
DA:24,0
DA:25,0
DA:26,0
DA:27,0
DA:28,0
DA:29,0
DA:30,0
DA:31,0
DA:33,0
LF:30
LH:0
BRF:0
BRH:0
end_of_record
TN:
SF:routes\qas\sessionRoute.js
FNF:0
FNH:0
DA:1,0
DA:2,0
DA:3,0
DA:5,0
DA:6,0
DA:8,0
LF:6
LH:0
BRF:0
BRH:0
end_of_record
TN:
SF:routes\qas\userRoute.js
FNF:0
FNH:0
DA:1,0
DA:2,0
DA:3,0
DA:4,0
DA:5,0
DA:6,0
DA:7,0
DA:8,0
DA:9,0
DA:10,0
DA:11,0
DA:12,0
LF:12
LH:0
BRF:0
BRH:0
end_of_record
TN:
SF:services\attachmentService.js
FN:9,resourceNotFound
FN:16,formatUpdatedDate
FN:30,(anonymous_2)
FN:30,(anonymous_3)
FN:35,mapAttachment
FN:53,attachmentInclude
FN:62,attachmentAttributes
FN:82,attachmentCreateFields
FN:106,assertActiveRequest
FN:118,listAttachments
FN:131,removeStoredFiles
FN:132,(anonymous_11)
FN:132,(anonymous_12)
FN:135,removeUploadedFiles
FN:137,(anonymous_14)
FN:138,(anonymous_15)
FN:145,storeFiles
FN:147,(anonymous_17)
FN:150,(anonymous_18)
FN:165,createAttachments
FN:235,getAttachmentDownload
FN:277,softDeleteAttachment
FN:290,cloneFinancialAnalysisAttachments
FN:395,(anonymous_23)
FN:398,(anonymous_24)
FN:399,(anonymous_25)
FN:400,(anonymous_26)
FNF:27
FNH:0
FNDA:0,resourceNotFound
FNDA:0,formatUpdatedDate
FNDA:0,(anonymous_2)
FNDA:0,(anonymous_3)
FNDA:0,mapAttachment
FNDA:0,attachmentInclude
FNDA:0,attachmentAttributes
FNDA:0,attachmentCreateFields
FNDA:0,assertActiveRequest
FNDA:0,listAttachments
FNDA:0,removeStoredFiles
FNDA:0,(anonymous_11)
FNDA:0,(anonymous_12)
FNDA:0,removeUploadedFiles
FNDA:0,(anonymous_14)
FNDA:0,(anonymous_15)
FNDA:0,storeFiles
FNDA:0,(anonymous_17)
FNDA:0,(anonymous_18)
FNDA:0,createAttachments
FNDA:0,getAttachmentDownload
FNDA:0,softDeleteAttachment
FNDA:0,cloneFinancialAnalysisAttachments
FNDA:0,(anonymous_23)
FNDA:0,(anonymous_24)
FNDA:0,(anonymous_25)
FNDA:0,(anonymous_26)
DA:1,0
DA:2,0
DA:3,0
DA:4,0
DA:5,0
DA:6,0
DA:7,0
DA:10,0
DA:11,0
DA:12,0
DA:13,0
DA:17,0
DA:19,0
DA:20,0
DA:22,0
DA:30,0
DA:32,0
DA:36,0
DA:37,0
DA:38,0
DA:40,0
DA:54,0
DA:63,0
DA:75,0
DA:76,0
DA:79,0
DA:83,0
DA:97,0
DA:99,0
DA:100,0
DA:103,0
DA:107,0
DA:108,0
DA:113,0
DA:114,0
DA:119,0
DA:120,0
DA:121,0
DA:128,0
DA:132,0
DA:136,0
DA:137,0
DA:138,0
DA:139,0
DA:142,0
DA:146,0
DA:147,0
DA:150,0
DA:151,0
DA:152,0
DA:153,0
DA:166,0
DA:167,0
DA:169,0
DA:170,0
DA:171,0
DA:172,0
DA:173,0
DA:176,0
DA:178,0
DA:179,0
DA:180,0
DA:181,0
DA:182,0
DA:183,0
DA:184,0
DA:201,0
DA:202,0
DA:207,0
DA:211,0
DA:213,0
DA:215,0
DA:221,0
DA:223,0
DA:224,0
DA:225,0
DA:227,0
DA:230,0
DA:231,0
DA:236,0
DA:237,0
DA:238,0
DA:243,0
DA:244,0
DA:247,0
DA:248,0
DA:249,0
DA:250,0
DA:253,0
DA:254,0
DA:257,0
DA:258,0
DA:259,0
DA:262,0
DA:263,0
DA:264,0
DA:265,0
DA:272,0
DA:273,0
DA:278,0
DA:279,0
DA:280,0
DA:285,0
DA:286,0
DA:291,0
DA:292,0
DA:293,0
DA:294,0
DA:302,0
DA:304,0
DA:305,0
DA:306,0
DA:307,0
DA:323,0
DA:324,0
DA:325,0
DA:328,0
DA:329,0
DA:330,0
DA:331,0
DA:332,0
DA:333,0
DA:339,0
DA:340,0
DA:341,0
DA:342,0
DA:343,0
DA:350,0
DA:357,0
DA:359,0
DA:360,0
DA:361,0
DA:362,0
DA:365,0
DA:366,0
DA:387,0
DA:389,0
DA:390,0
DA:395,0
DA:397,0
DA:398,0
DA:399,0
DA:400,0
DA:401,0
DA:405,0
LF:145
LH:0
BRDA:17,0,0,0
BRDA:17,0,1,0
BRDA:20,1,0,0
BRDA:20,1,1,0
BRDA:30,2,0,0
BRDA:30,2,1,0
BRDA:36,3,0,0
BRDA:36,3,1,0
BRDA:37,4,0,0
BRDA:37,4,1,0
BRDA:38,5,0,0
BRDA:38,5,1,0
BRDA:43,6,0,0
BRDA:43,6,1,0
BRDA:44,7,0,0
BRDA:44,7,1,0
BRDA:75,8,0,0
BRDA:75,8,1,0
BRDA:99,9,0,0
BRDA:99,9,1,0
BRDA:113,10,0,0
BRDA:113,10,1,0
BRDA:136,11,0,0
BRDA:136,11,1,0
BRDA:146,12,0,0
BRDA:146,12,1,0
BRDA:169,13,0,0
BRDA:169,13,1,0
BRDA:197,14,0,0
BRDA:197,14,1,0
BRDA:198,15,0,0
BRDA:198,15,1,0
BRDA:198,15,2,0
BRDA:199,16,0,0
BRDA:199,16,1,0
BRDA:199,16,2,0
BRDA:201,17,0,0
BRDA:201,17,1,0
BRDA:223,18,0,0
BRDA:223,18,1,0
BRDA:223,19,0,0
BRDA:223,19,1,0
BRDA:230,20,0,0
BRDA:230,20,1,0
BRDA:243,21,0,0
BRDA:243,21,1,0
BRDA:248,22,0,0
BRDA:248,22,1,0
BRDA:249,23,0,0
BRDA:249,23,1,0
BRDA:249,24,0,0
BRDA:249,24,1,0
BRDA:257,25,0,0
BRDA:257,25,1,0
BRDA:258,26,0,0
BRDA:258,26,1,0
BRDA:258,27,0,0
BRDA:258,27,1,0
BRDA:268,28,0,0
BRDA:268,28,1,0
BRDA:272,29,0,0
BRDA:272,29,1,0
BRDA:285,30,0,0
BRDA:285,30,1,0
BRDA:323,31,0,0
BRDA:323,31,1,0
BRDA:331,32,0,0
BRDA:331,32,1,0
BRDA:331,32,2,0
BRDA:339,33,0,0
BRDA:339,33,1,0
BRDA:348,34,0,0
BRDA:348,34,1,0
BRDA:359,35,0,0
BRDA:359,35,1,0
BRDA:370,36,0,0
BRDA:370,36,1,0
BRDA:382,37,0,0
BRDA:382,37,1,0
BRDA:397,38,0,0
BRDA:397,38,1,0
BRDA:397,39,0,0
BRDA:397,39,1,0
BRDA:398,40,0,0
BRDA:398,40,1,0
BRF:85
BRH:0
end_of_record
TN:
SF:services\customerService.js
FN:31,normalizePage
FN:36,normalizeQuickFilters
FN:38,(anonymous_2)
FN:50,dateRangeCondition
FN:60,buildWhere
FN:63,(anonymous_5)
FN:114,(anonymous_6)
FN:120,buildIncludes
FN:129,buildAttributes
FN:135,toNumber
FN:140,isNonBlank
FN:144,employeeName
FN:151,formatDate
FN:166,(anonymous_13)
FN:166,(anonymous_14)
FN:171,formatUpdatedDate
FN:189,(anonymous_16)
FN:189,(anonymous_17)
FN:194,mapCustomer
FN:212,buildOrder
FN:228,listCustomers
FN:253,getCustomerById
FN:264,validationError
FN:271,normalizeCustomerUpdate
FN:275,(anonymous_24)
FN:281,(anonymous_25)
FN:298,listEnabledSizes
FN:301,(anonymous_27)
FN:304,updateCustomer
FN:320,softDeleteCustomer
FNF:30
FNH:0
FNDA:0,normalizePage
FNDA:0,normalizeQuickFilters
FNDA:0,(anonymous_2)
FNDA:0,dateRangeCondition
FNDA:0,buildWhere
FNDA:0,(anonymous_5)
FNDA:0,(anonymous_6)
FNDA:0,buildIncludes
FNDA:0,buildAttributes
FNDA:0,toNumber
FNDA:0,isNonBlank
FNDA:0,employeeName
FNDA:0,formatDate
FNDA:0,(anonymous_13)
FNDA:0,(anonymous_14)
FNDA:0,formatUpdatedDate
FNDA:0,(anonymous_16)
FNDA:0,(anonymous_17)
FNDA:0,mapCustomer
FNDA:0,buildOrder
FNDA:0,listCustomers
FNDA:0,getCustomerById
FNDA:0,validationError
FNDA:0,normalizeCustomerUpdate
FNDA:0,(anonymous_24)
FNDA:0,(anonymous_25)
FNDA:0,listEnabledSizes
FNDA:0,(anonymous_27)
FNDA:0,updateCustomer
FNDA:0,softDeleteCustomer
DA:1,0
DA:2,0
DA:4,0
DA:10,0
DA:18,0
DA:24,0
DA:32,0
DA:33,0
DA:37,0
DA:38,0
DA:40,0
DA:41,0
DA:42,0
DA:43,0
DA:44,0
DA:47,0
DA:51,0
DA:52,0
DA:54,0
DA:55,0
DA:56,0
DA:57,0
DA:61,0
DA:63,0
DA:64,0
DA:65,0
DA:66,0
DA:70,0
DA:71,0
DA:72,0
DA:75,0
DA:76,0
DA:77,0
DA:80,0
DA:81,0
DA:82,0
DA:90,0
DA:93,0
DA:94,0
DA:95,0
DA:96,0
DA:100,0
DA:101,0
DA:102,0
DA:103,0
DA:106,0
DA:107,0
DA:108,0
DA:109,0
DA:112,0
DA:113,0
DA:114,0
DA:117,0
DA:121,0
DA:123,0
DA:130,0
DA:136,0
DA:137,0
DA:141,0
DA:145,0
DA:146,0
DA:148,0
DA:152,0
DA:153,0
DA:156,0
DA:157,0
DA:158,0
DA:161,0
DA:166,0
DA:168,0
DA:172,0
DA:173,0
DA:176,0
DA:177,0
DA:178,0
DA:181,0
DA:189,0
DA:191,0
DA:195,0
DA:213,0
DA:214,0
DA:217,0
DA:218,0
DA:219,0
DA:220,0
DA:221,0
DA:222,0
DA:225,0
DA:229,0
DA:230,0
DA:231,0
DA:232,0
DA:242,0
DA:254,0
DA:255,0
DA:261,0
DA:265,0
DA:266,0
DA:267,0
DA:268,0
DA:272,0
DA:273,0
DA:275,0
DA:276,0
DA:279,0
DA:280,0
DA:281,0
DA:282,0
DA:284,0
DA:285,0
DA:287,0
DA:288,0
DA:289,0
DA:290,0
DA:292,0
DA:295,0
DA:299,0
DA:300,0
DA:301,0
DA:305,0
DA:306,0
DA:308,0
DA:309,0
DA:310,0
DA:313,0
DA:317,0
DA:321,0
DA:322,0
DA:331,0
DA:334,0
LF:130
LH:0
BRDA:33,0,0,0
BRDA:33,0,1,0
BRDA:33,1,0,0
BRDA:33,1,1,0
BRDA:37,2,0,0
BRDA:37,2,1,0
BRDA:37,3,0,0
BRDA:37,3,1,0
BRDA:40,4,0,0
BRDA:40,4,1,0
BRDA:51,5,0,0
BRDA:51,5,1,0
BRDA:64,6,0,0
BRDA:64,6,1,0
BRDA:65,7,0,0
BRDA:65,7,1,0
BRDA:70,8,0,0
BRDA:70,8,1,0
BRDA:71,9,0,0
BRDA:71,9,1,0
BRDA:75,10,0,0
BRDA:75,10,1,0
BRDA:76,11,0,0
BRDA:76,11,1,0
BRDA:80,12,0,0
BRDA:80,12,1,0
BRDA:81,13,0,0
BRDA:81,13,1,0
BRDA:90,14,0,0
BRDA:90,14,1,0
BRDA:93,15,0,0
BRDA:93,15,1,0
BRDA:95,16,0,0
BRDA:95,16,1,0
BRDA:100,17,0,0
BRDA:100,17,1,0
BRDA:102,18,0,0
BRDA:102,18,1,0
BRDA:106,19,0,0
BRDA:106,19,1,0
BRDA:108,20,0,0
BRDA:108,20,1,0
BRDA:113,21,0,0
BRDA:113,21,1,0
BRDA:137,22,0,0
BRDA:137,22,1,0
BRDA:141,23,0,0
BRDA:141,23,1,0
BRDA:145,24,0,0
BRDA:145,24,1,0
BRDA:145,25,0,0
BRDA:145,25,1,0
BRDA:145,25,2,0
BRDA:152,26,0,0
BRDA:152,26,1,0
BRDA:157,27,0,0
BRDA:157,27,1,0
BRDA:166,28,0,0
BRDA:166,28,1,0
BRDA:172,29,0,0
BRDA:172,29,1,0
BRDA:177,30,0,0
BRDA:177,30,1,0
BRDA:189,31,0,0
BRDA:189,31,1,0
BRDA:197,32,0,0
BRDA:197,32,1,0
BRDA:198,33,0,0
BRDA:198,33,1,0
BRDA:201,34,0,0
BRDA:201,34,1,0
BRDA:202,35,0,0
BRDA:202,35,1,0
BRDA:203,36,0,0
BRDA:203,36,1,0
BRDA:204,37,0,0
BRDA:204,37,1,0
BRDA:205,38,0,0
BRDA:205,38,1,0
BRDA:206,39,0,0
BRDA:206,39,1,0
BRDA:213,40,0,0
BRDA:213,40,1,0
BRDA:218,41,0,0
BRDA:218,41,1,0
BRDA:225,42,0,0
BRDA:225,42,1,0
BRDA:261,43,0,0
BRDA:261,43,1,0
BRDA:276,44,0,0
BRDA:276,44,1,0
BRDA:279,45,0,0
BRDA:279,45,1,0
BRDA:280,46,0,0
BRDA:280,46,1,0
BRDA:280,47,0,0
BRDA:280,47,1,0
BRDA:282,48,0,0
BRDA:282,48,1,0
BRDA:282,49,0,0
BRDA:282,49,1,0
BRDA:284,50,0,0
BRDA:284,50,1,0
BRDA:284,51,0,0
BRDA:284,51,1,0
BRDA:284,51,2,0
BRDA:284,51,3,0
BRDA:287,52,0,0
BRDA:287,52,1,0
BRDA:287,53,0,0
BRDA:287,53,1,0
BRDA:287,53,2,0
BRDA:289,54,0,0
BRDA:289,54,1,0
BRDA:289,55,0,0
BRDA:289,55,1,0
BRDA:308,56,0,0
BRDA:308,56,1,0
BRDA:310,57,0,0
BRDA:310,57,1,0
BRDA:317,58,0,0
BRDA:317,58,1,0
BRF:122
BRH:0
end_of_record
TN:
SF:services\eventLogService.js
FN:14,requestIdFromPath
FN:19,isEventLogReadRequest
FN:26,logTypeForStatus
FN:32,actionFromRequest
FN:43,categoryFromPath
FN:55,uploadedFiles
FN:57,(anonymous_6)
FN:64,serializeDescription
FN:95,employeeCode
FN:100,normalizePage
FN:105,parseDescription
FN:113,mapEventLog
FN:131,assertActiveRequest
FN:146,listRequestEvents
FN:167,(anonymous_14)
FN:168,(anonymous_15)
FN:191,(anonymous_16)
FN:201,getRequestEvent
FN:219,persistRequestEvent
FNF:19
FNH:0
FNDA:0,requestIdFromPath
FNDA:0,isEventLogReadRequest
FNDA:0,logTypeForStatus
FNDA:0,actionFromRequest
FNDA:0,categoryFromPath
FNDA:0,uploadedFiles
FNDA:0,(anonymous_6)
FNDA:0,serializeDescription
FNDA:0,employeeCode
FNDA:0,normalizePage
FNDA:0,parseDescription
FNDA:0,mapEventLog
FNDA:0,assertActiveRequest
FNDA:0,listRequestEvents
FNDA:0,(anonymous_14)
FNDA:0,(anonymous_15)
FNDA:0,(anonymous_16)
FNDA:0,getRequestEvent
FNDA:0,persistRequestEvent
DA:1,0
DA:2,0
DA:3,0
DA:4,0
DA:6,0
DA:12,0
DA:15,0
DA:16,0
DA:20,0
DA:27,0
DA:28,0
DA:29,0
DA:33,0
DA:36,0
DA:40,0
DA:44,0
DA:47,0
DA:52,0
DA:56,0
DA:57,0
DA:65,0
DA:66,0
DA:67,0
DA:69,0
DA:84,0
DA:86,0
DA:87,0
DA:96,0
DA:97,0
DA:101,0
DA:102,0
DA:106,0
DA:107,0
DA:109,0
DA:114,0
DA:115,0
DA:116,0
DA:117,0
DA:119,0
DA:132,0
DA:133,0
DA:138,0
DA:139,0
DA:140,0
DA:141,0
DA:142,0
DA:147,0
DA:148,0
DA:149,0
DA:150,0
DA:151,0
DA:153,0
DA:154,0
DA:157,0
DA:158,0
DA:159,0
DA:160,0
DA:161,0
DA:162,0
DA:164,0
DA:165,0
DA:166,0
DA:167,0
DA:168,0
DA:169,0
DA:178,0
DA:179,0
DA:182,0
DA:190,0
DA:191,0
DA:202,0
DA:203,0
DA:204,0
DA:209,0
DA:210,0
DA:211,0
DA:212,0
DA:213,0
DA:216,0
DA:220,0
DA:222,0
DA:223,0
DA:226,0
DA:228,0
DA:229,0
DA:230,0
DA:232,0
DA:233,0
DA:236,0
DA:255,0
DA:256,0
DA:257,0
DA:272,0
LF:93
LH:0
BRDA:15,0,0,0
BRDA:15,0,1,0
BRDA:16,1,0,0
BRDA:16,1,1,0
BRDA:21,2,0,0
BRDA:21,2,1,0
BRDA:22,3,0,0
BRDA:22,3,1,0
BRDA:27,4,0,0
BRDA:27,4,1,0
BRDA:28,5,0,0
BRDA:28,5,1,0
BRDA:33,6,0,0
BRDA:33,6,1,0
BRDA:40,7,0,0
BRDA:40,7,1,0
BRDA:44,8,0,0
BRDA:44,8,1,0
BRDA:52,9,0,0
BRDA:52,9,1,0
BRDA:56,10,0,0
BRDA:56,10,1,0
BRDA:67,11,0,0
BRDA:67,11,1,0
BRDA:78,12,0,0
BRDA:78,12,1,0
BRDA:86,13,0,0
BRDA:86,13,1,0
BRDA:96,14,0,0
BRDA:96,14,1,0
BRDA:97,15,0,0
BRDA:97,15,1,0
BRDA:102,16,0,0
BRDA:102,16,1,0
BRDA:102,17,0,0
BRDA:102,17,1,0
BRDA:113,18,0,0
BRDA:114,19,0,0
BRDA:114,19,1,0
BRDA:115,20,0,0
BRDA:115,20,1,0
BRDA:117,21,0,0
BRDA:117,21,1,0
BRDA:117,22,0,0
BRDA:117,22,1,0
BRDA:117,23,0,0
BRDA:117,23,1,0
BRDA:127,24,0,0
BRDA:127,24,1,0
BRDA:138,25,0,0
BRDA:138,25,1,0
BRDA:153,26,0,0
BRDA:153,26,1,0
BRDA:157,27,0,0
BRDA:157,27,1,0
BRDA:158,28,0,0
BRDA:158,28,1,0
BRDA:164,29,0,0
BRDA:164,29,1,0
BRDA:178,30,0,0
BRDA:178,30,1,0
BRDA:209,31,0,0
BRDA:209,31,1,0
BRDA:220,32,0,0
BRDA:220,32,1,0
BRDA:222,33,0,0
BRDA:222,33,1,0
BRDA:232,34,0,0
BRDA:232,34,1,0
BRDA:237,35,0,0
BRDA:237,35,1,0
BRDA:241,36,0,0
BRDA:241,36,1,0
BRDA:242,37,0,0
BRDA:242,37,1,0
BRDA:249,38,0,0
BRDA:249,38,1,0
BRF:77
BRH:0
end_of_record
TN:
SF:services\permissionService.js
FN:11,getRoleGrantedPermissionIds
FN:18,(anonymous_1)
FN:33,(anonymous_2)
FN:39,getEffectivePermissions
FN:47,(anonymous_4)
FN:57,updateRolePermissions
FN:65,(anonymous_6)
FN:73,(anonymous_7)
FN:78,(anonymous_8)
FN:80,(anonymous_9)
FN:88,(anonymous_10)
FNF:11
FNH:0
FNDA:0,getRoleGrantedPermissionIds
FNDA:0,(anonymous_1)
FNDA:0,(anonymous_2)
FNDA:0,getEffectivePermissions
FNDA:0,(anonymous_4)
FNDA:0,updateRolePermissions
FNDA:0,(anonymous_6)
FNDA:0,(anonymous_7)
FNDA:0,(anonymous_8)
FNDA:0,(anonymous_9)
FNDA:0,(anonymous_10)
DA:1,0
DA:2,0
DA:3,0
DA:4,0
DA:12,0
DA:14,0
DA:18,0
DA:20,0
DA:21,0
DA:24,0
DA:33,0
DA:40,0
DA:42,0
DA:47,0
DA:58,0
DA:59,0
DA:61,0
DA:65,0
DA:66,0
DA:67,0
DA:68,0
DA:69,0
DA:70,0
DA:73,0
DA:74,0
DA:78,0
DA:80,0
DA:81,0
DA:82,0
DA:83,0
DA:84,0
DA:85,0
DA:88,0
DA:89,0
DA:90,0
DA:91,0
DA:93,0
DA:94,0
DA:97,0
DA:101,0
DA:104,0
LF:41
LH:0
BRDA:20,0,0,0
BRDA:20,0,1,0
BRDA:66,1,0,0
BRDA:66,1,1,0
BRDA:81,2,0,0
BRDA:81,2,1,0
BRDA:93,3,0,0
BRDA:93,3,1,0
BRDA:97,4,0,0
BRDA:97,4,1,0
BRF:10
BRH:0
end_of_record
TN:
SF:services\requestMetadataService.js
FN:3,mapOption
FN:7,mapRatingOption
FN:11,listEnabledStatuses
FN:20,listEnabledLogTypes
FN:29,listEnabledRatings
FN:38,listTerms
FNF:6
FNH:0
FNDA:0,mapOption
FNDA:0,mapRatingOption
FNDA:0,listEnabledStatuses
FNDA:0,listEnabledLogTypes
FNDA:0,listEnabledRatings
FNDA:0,listTerms
DA:1,0
DA:4,0
DA:8,0
DA:12,0
DA:13,0
DA:17,0
DA:21,0
DA:22,0
DA:26,0
DA:30,0
DA:31,0
DA:35,0
DA:39,0
DA:40,0
DA:41,0
DA:44,0
LF:16
LH:0
BRDA:8,0,0,0
BRDA:8,0,1,0
BRF:2
BRH:0
end_of_record
TN:
SF:services\requestService.js
FN:54,normalizePage
FN:59,normalizeQuickFilters
FN:61,(anonymous_2)
FN:73,nonBlankName
FN:77,buildWhere
FN:104,(anonymous_5)
FN:111,(anonymous_6)
FN:118,(anonymous_7)
FN:131,(anonymous_8)
FN:175,buildIncludes
FN:192,toNumber
FN:197,isNonBlank
FN:201,employeeName
FN:208,salesGroupName
FN:218,formatUpdatedDate
FN:236,(anonymous_15)
FN:236,(anonymous_16)
FN:241,formatDate
FN:247,customerSizeIdForCapital
FN:253,mapRequest
FN:358,formatCompanyCode
FN:367,getCompanyCode
FN:387,buildOrder
FN:403,listRequests
FN:427,getRequestById
FN:441,listApprovalHistory
FN:555,getApprovalSubmitOptions
FN:597,normalizeSubmitSteps
FN:599,(anonymous_28)
FN:612,submitRequest
FN:662,(anonymous_30)
FN:663,(anonymous_31)
FN:664,(anonymous_32)
FN:719,validationError
FN:726,notFoundError
FN:733,conflictError
FN:740,databaseDateFromYmd
FN:745,normalizeCloneDate
FN:751,normalizeRequestCustomerInfo
FN:764,(anonymous_39)
FN:804,updateRequestCustomerInfo
FN:829,normalizeCreditSuggestionId
FN:835,normalizeRequestCreditSuggestion
FN:847,(anonymous_43)
FN:855,(anonymous_44)
FN:878,(anonymous_45)
FN:894,(anonymous_46)
FN:907,(anonymous_47)
FN:932,updateRequestCreditSuggestion
FN:953,(anonymous_49)
FN:963,normalizeRequestScoringAndPayment
FN:973,(anonymous_51)
FN:979,(anonymous_52)
FN:1001,(anonymous_53)
FN:1018,updateRequestScoringAndPayment
FN:1043,normalizeRequestedAmount
FN:1052,normalizeRequestRequestedDetails
FN:1059,(anonymous_57)
FN:1066,(anonymous_58)
FN:1075,(anonymous_59)
FN:1081,updateRequestRequestedDetails
FN:1114,cloneRequestData
FN:1135,(anonymous_62)
FN:1149,(anonymous_63)
FN:1161,cancelRequest
FN:1176,normalizeApprovalBoolean
FN:1183,normalizeApprovalAmount
FN:1192,normalizeApprovalDate
FN:1204,normalizeApprovalId
FN:1210,normalizeApprovalUpdate
FN:1255,processApprovalAction
FNF:71
FNH:13
FNDA:0,normalizePage
FNDA:0,normalizeQuickFilters
FNDA:0,(anonymous_2)
FNDA:0,nonBlankName
FNDA:0,buildWhere
FNDA:0,(anonymous_5)
FNDA:0,(anonymous_6)
FNDA:0,(anonymous_7)
FNDA:0,(anonymous_8)
FNDA:2,buildIncludes
FNDA:0,toNumber
FNDA:0,isNonBlank
FNDA:0,employeeName
FNDA:0,salesGroupName
FNDA:0,formatUpdatedDate
FNDA:0,(anonymous_15)
FNDA:0,(anonymous_16)
FNDA:0,formatDate
FNDA:0,customerSizeIdForCapital
FNDA:0,mapRequest
FNDA:0,formatCompanyCode
FNDA:0,getCompanyCode
FNDA:0,buildOrder
FNDA:0,listRequests
FNDA:2,getRequestById
FNDA:0,listApprovalHistory
FNDA:0,getApprovalSubmitOptions
FNDA:2,normalizeSubmitSteps
FNDA:1,(anonymous_28)
FNDA:2,submitRequest
FNDA:0,(anonymous_30)
FNDA:0,(anonymous_31)
FNDA:0,(anonymous_32)
FNDA:3,validationError
FNDA:0,notFoundError
FNDA:0,conflictError
FNDA:4,databaseDateFromYmd
FNDA:0,normalizeCloneDate
FNDA:0,normalizeRequestCustomerInfo
FNDA:0,(anonymous_39)
FNDA:0,updateRequestCustomerInfo
FNDA:0,normalizeCreditSuggestionId
FNDA:0,normalizeRequestCreditSuggestion
FNDA:0,(anonymous_43)
FNDA:0,(anonymous_44)
FNDA:0,(anonymous_45)
FNDA:0,(anonymous_46)
FNDA:0,(anonymous_47)
FNDA:0,updateRequestCreditSuggestion
FNDA:0,(anonymous_49)
FNDA:0,normalizeRequestScoringAndPayment
FNDA:0,(anonymous_51)
FNDA:0,(anonymous_52)
FNDA:0,(anonymous_53)
FNDA:0,updateRequestScoringAndPayment
FNDA:0,normalizeRequestedAmount
FNDA:0,normalizeRequestRequestedDetails
FNDA:0,(anonymous_57)
FNDA:0,(anonymous_58)
FNDA:0,(anonymous_59)
FNDA:0,updateRequestRequestedDetails
FNDA:0,cloneRequestData
FNDA:0,(anonymous_62)
FNDA:0,(anonymous_63)
FNDA:0,cancelRequest
FNDA:19,normalizeApprovalBoolean
FNDA:10,normalizeApprovalAmount
FNDA:6,normalizeApprovalDate
FNDA:8,normalizeApprovalId
FNDA:4,normalizeApprovalUpdate
FNDA:4,processApprovalAction
DA:1,1
DA:2,1
DA:3,1
DA:4,1
DA:5,1
DA:7,1
DA:8,1
DA:9,1
DA:10,1
DA:11,1
DA:12,1
DA:13,1
DA:14,1
DA:15,1
DA:16,1
DA:29,1
DA:34,1
DA:46,1
DA:55,0
DA:56,0
DA:60,0
DA:61,0
DA:63,0
DA:64,0
DA:65,0
DA:66,0
DA:67,0
DA:70,0
DA:74,0
DA:78,0
DA:80,0
DA:81,0
DA:82,0
DA:83,0
DA:84,0
DA:85,0
DA:86,0
DA:89,0
DA:90,0
DA:91,0
DA:92,0
DA:104,0
DA:105,0
DA:106,0
DA:107,0
DA:111,0
DA:112,0
DA:113,0
DA:114,0
DA:118,0
DA:119,0
DA:120,0
DA:121,0
DA:124,0
DA:125,0
DA:126,0
DA:127,0
DA:131,0
DA:132,0
DA:133,0
DA:134,0
DA:135,0
DA:144,0
DA:145,0
DA:146,0
DA:147,0
DA:148,0
DA:149,0
DA:152,0
DA:153,0
DA:154,0
DA:156,0
DA:157,0
DA:159,0
DA:160,0
DA:165,0
DA:166,0
DA:169,0
DA:172,0
DA:176,2
DA:178,2
DA:193,0
DA:194,0
DA:198,0
DA:202,0
DA:203,0
DA:205,0
DA:209,0
DA:215,0
DA:219,0
DA:220,0
DA:223,0
DA:224,0
DA:225,0
DA:228,0
DA:236,0
DA:238,0
DA:242,0
DA:243,0
DA:244,0
DA:248,0
DA:249,0
DA:250,0
DA:254,0
DA:255,0
DA:256,0
DA:257,0
DA:258,0
DA:259,0
DA:260,0
DA:261,0
DA:262,0
DA:265,0
DA:267,0
DA:359,0
DA:360,0
DA:362,0
DA:363,0
DA:364,0
DA:368,0
DA:370,0
DA:384,0
DA:388,0
DA:389,0
DA:392,0
DA:393,0
DA:394,0
DA:395,0
DA:396,0
DA:397,0
DA:400,0
DA:404,0
DA:405,0
DA:406,0
DA:407,0
DA:416,0
DA:428,2
DA:429,2
DA:434,2
DA:436,0
DA:437,0
DA:438,0
DA:442,0
DA:556,0
DA:557,0
DA:563,0
DA:565,0
DA:589,0
DA:598,2
DA:599,1
DA:600,1
DA:601,0
DA:603,1
DA:604,0
DA:606,1
DA:607,1
DA:608,0
DA:613,2
DA:614,0
DA:615,0
DA:616,0
DA:617,0
DA:628,0
DA:630,0
DA:634,0
DA:635,0
DA:638,0
DA:642,0
DA:644,0
DA:660,0
DA:662,0
DA:663,0
DA:664,0
DA:665,0
DA:666,0
DA:669,0
DA:673,0
DA:675,0
DA:676,0
DA:706,0
DA:711,0
DA:712,0
DA:714,0
DA:715,0
DA:720,3
DA:721,3
DA:722,3
DA:723,3
DA:727,0
DA:728,0
DA:729,0
DA:730,0
DA:734,0
DA:735,0
DA:736,0
DA:737,0
DA:741,4
DA:742,4
DA:746,0
DA:747,0
DA:748,0
DA:752,0
DA:762,0
DA:764,0
DA:765,0
DA:768,0
DA:769,0
DA:770,0
DA:772,0
DA:773,0
DA:774,0
DA:776,0
DA:777,0
DA:779,0
DA:780,0
DA:782,0
DA:784,0
DA:785,0
DA:787,0
DA:791,0
DA:792,0
DA:795,0
DA:796,0
DA:798,0
DA:799,0
DA:801,0
DA:805,0
DA:806,0
DA:807,0
DA:809,0
DA:810,0
DA:811,0
DA:812,0
DA:813,0
DA:814,0
DA:816,0
DA:817,0
DA:818,0
DA:821,0
DA:822,0
DA:825,0
DA:826,0
DA:830,0
DA:831,0
DA:832,0
DA:836,0
DA:845,0
DA:847,0
DA:848,0
DA:851,0
DA:852,0
DA:853,0
DA:855,0
DA:856,0
DA:857,0
DA:858,0
DA:859,0
DA:863,0
DA:864,0
DA:865,0
DA:867,0
DA:868,0
DA:869,0
DA:871,0
DA:874,0
DA:879,0
DA:880,0
DA:881,0
DA:882,0
DA:883,0
DA:885,0
DA:886,0
DA:887,0
DA:889,0
DA:892,0
DA:895,0
DA:896,0
DA:897,0
DA:898,0
DA:900,0
DA:901,0
DA:902,0
DA:904,0
DA:907,0
DA:908,0
DA:909,0
DA:910,0
DA:911,0
DA:913,0
DA:914,0
DA:916,0
DA:917,0
DA:918,0
DA:922,0
DA:923,0
DA:925,0
DA:926,0
DA:929,0
DA:933,0
DA:934,0
DA:935,0
DA:937,0
DA:938,0
DA:939,0
DA:940,0
DA:941,0
DA:942,0
DA:944,0
DA:945,0
DA:946,0
DA:948,0
DA:949,0
DA:950,0
DA:953,0
DA:954,0
DA:955,0
DA:959,0
DA:960,0
DA:964,0
DA:967,0
DA:971,0
DA:973,0
DA:974,0
DA:977,0
DA:979,0
DA:980,0
DA:981,0
DA:982,0
DA:986,0
DA:987,0
DA:990,0
DA:991,0
DA:992,0
DA:993,0
DA:994,0
DA:997,0
DA:1001,0
DA:1002,0
DA:1003,0
DA:1004,0
DA:1005,0
DA:1006,0
DA:1008,0
DA:1009,0
DA:1010,0
DA:1012,0
DA:1015,0
DA:1019,0
DA:1020,0
DA:1021,0
DA:1023,0
DA:1024,0
DA:1025,0
DA:1026,0
DA:1027,0
DA:1028,0
DA:1030,0
DA:1031,0
DA:1032,0
DA:1035,0
DA:1036,0
DA:1039,0
DA:1040,0
DA:1044,0
DA:1045,0
DA:1046,0
DA:1047,0
DA:1049,0
DA:1053,0
DA:1058,0
DA:1059,0
DA:1060,0
DA:1062,0
DA:1064,0
DA:1067,0
DA:1068,0
DA:1069,0
DA:1070,0
DA:1071,0
DA:1074,0
DA:1076,0
DA:1078,0
DA:1082,0
DA:1083,0
DA:1084,0
DA:1085,0
DA:1086,0
DA:1087,0
DA:1088,0
DA:1089,0
DA:1090,0
DA:1092,0
DA:1093,0
DA:1094,0
DA:1096,0
DA:1097,0
DA:1098,0
DA:1100,0
DA:1101,0
DA:1104,1
DA:1115,0
DA:1116,0
DA:1117,0
DA:1121,0
DA:1122,0
DA:1123,0
DA:1124,0
DA:1125,0
DA:1126,0
DA:1128,0
DA:1129,0
DA:1130,0
DA:1131,0
DA:1132,0
DA:1134,0
DA:1135,0
DA:1136,0
DA:1137,0
DA:1138,0
DA:1139,0
DA:1141,0
DA:1142,0
DA:1144,0
DA:1145,0
DA:1146,0
DA:1148,0
DA:1149,0
DA:1150,0
DA:1151,0
DA:1152,0
DA:1153,0
DA:1154,0
DA:1156,0
DA:1157,0
DA:1162,0
DA:1164,0
DA:1173,0
DA:1177,19
DA:1178,1
DA:1179,1
DA:1180,1
DA:1184,10
DA:1185,10
DA:1186,10
DA:1187,0
DA:1189,10
DA:1193,6
DA:1194,6
DA:1195,0
DA:1197,6
DA:1198,6
DA:1199,0
DA:1201,6
DA:1205,8
DA:1206,8
DA:1207,8
DA:1211,4
DA:1212,4
DA:1213,0
DA:1216,4
DA:1239,3
DA:1240,0
DA:1242,3
DA:1243,0
DA:1245,3
DA:1246,0
DA:1248,3
DA:1249,0
DA:1252,3
DA:1256,4
DA:1257,0
DA:1259,4
DA:1260,0
DA:1262,4
DA:1264,3
DA:1265,3
DA:1266,3
DA:1267,3
DA:1268,3
DA:1290,3
DA:1291,3
DA:1292,1
DA:1293,1
DA:1294,1
DA:1295,1
DA:1298,2
DA:1310,2
DA:1311,1
DA:1312,1
DA:1322,1
DA:1323,1
DA:1324,1
DA:1327,2
DA:1331,2
DA:1333,2
DA:1334,2
DA:1336,1
DA:1337,1
DA:1341,1
LF:499
LH:89
BRDA:56,0,0,0
BRDA:56,0,1,0
BRDA:56,1,0,0
BRDA:56,1,1,0
BRDA:60,2,0,0
BRDA:60,2,1,0
BRDA:60,3,0,0
BRDA:60,3,1,0
BRDA:63,4,0,0
BRDA:63,4,1,0
BRDA:80,5,0,0
BRDA:80,5,1,0
BRDA:81,6,0,0
BRDA:81,6,1,0
BRDA:83,7,0,0
BRDA:83,7,1,0
BRDA:84,8,0,0
BRDA:84,8,1,0
BRDA:85,9,0,0
BRDA:85,9,1,0
BRDA:89,10,0,0
BRDA:89,10,1,0
BRDA:90,11,0,0
BRDA:90,11,1,0
BRDA:105,12,0,0
BRDA:105,12,1,0
BRDA:106,13,0,0
BRDA:106,13,1,0
BRDA:112,14,0,0
BRDA:112,14,1,0
BRDA:113,15,0,0
BRDA:113,15,1,0
BRDA:119,16,0,0
BRDA:119,16,1,0
BRDA:120,17,0,0
BRDA:120,17,1,0
BRDA:125,18,0,0
BRDA:125,18,1,0
BRDA:126,19,0,0
BRDA:126,19,1,0
BRDA:132,20,0,0
BRDA:132,20,1,0
BRDA:133,21,0,0
BRDA:133,21,1,0
BRDA:134,22,0,0
BRDA:134,22,1,0
BRDA:144,23,0,0
BRDA:144,23,1,0
BRDA:145,24,0,0
BRDA:145,24,1,0
BRDA:153,25,0,0
BRDA:153,25,1,0
BRDA:156,26,0,0
BRDA:156,26,1,0
BRDA:159,27,0,0
BRDA:159,27,1,0
BRDA:165,28,0,0
BRDA:165,28,1,0
BRDA:194,29,0,0
BRDA:194,29,1,0
BRDA:198,30,0,0
BRDA:198,30,1,0
BRDA:202,31,0,0
BRDA:202,31,1,0
BRDA:202,32,0,0
BRDA:202,32,1,0
BRDA:202,32,2,0
BRDA:215,33,0,0
BRDA:215,33,1,0
BRDA:219,34,0,0
BRDA:219,34,1,0
BRDA:224,35,0,0
BRDA:224,35,1,0
BRDA:236,36,0,0
BRDA:236,36,1,0
BRDA:242,37,0,0
BRDA:242,37,1,0
BRDA:244,38,0,0
BRDA:244,38,1,0
BRDA:248,39,0,0
BRDA:248,39,1,0
BRDA:249,40,0,0
BRDA:249,40,1,0
BRDA:254,41,0,0
BRDA:254,41,1,0
BRDA:255,42,0,0
BRDA:255,42,1,0
BRDA:256,43,0,0
BRDA:256,43,1,0
BRDA:257,44,0,0
BRDA:257,44,1,0
BRDA:258,45,0,0
BRDA:258,45,1,0
BRDA:259,46,0,0
BRDA:259,46,1,0
BRDA:260,47,0,0
BRDA:260,47,1,0
BRDA:262,48,0,0
BRDA:262,48,1,0
BRDA:262,49,0,0
BRDA:262,49,1,0
BRDA:269,50,0,0
BRDA:269,50,1,0
BRDA:270,51,0,0
BRDA:270,51,1,0
BRDA:271,52,0,0
BRDA:271,52,1,0
BRDA:273,53,0,0
BRDA:273,53,1,0
BRDA:274,54,0,0
BRDA:274,54,1,0
BRDA:275,55,0,0
BRDA:275,55,1,0
BRDA:276,56,0,0
BRDA:276,56,1,0
BRDA:277,57,0,0
BRDA:277,57,1,0
BRDA:277,58,0,0
BRDA:277,58,1,0
BRDA:279,59,0,0
BRDA:279,59,1,0
BRDA:280,60,0,0
BRDA:280,60,1,0
BRDA:280,61,0,0
BRDA:280,61,1,0
BRDA:282,62,0,0
BRDA:282,62,1,0
BRDA:283,63,0,0
BRDA:283,63,1,0
BRDA:284,64,0,0
BRDA:284,64,1,0
BRDA:285,65,0,0
BRDA:285,65,1,0
BRDA:286,66,0,0
BRDA:286,66,1,0
BRDA:288,67,0,0
BRDA:288,67,1,0
BRDA:289,68,0,0
BRDA:289,68,1,0
BRDA:290,69,0,0
BRDA:290,69,1,0
BRDA:291,70,0,0
BRDA:291,70,1,0
BRDA:292,71,0,0
BRDA:292,71,1,0
BRDA:293,72,0,0
BRDA:293,72,1,0
BRDA:294,73,0,0
BRDA:294,73,1,0
BRDA:295,74,0,0
BRDA:295,74,1,0
BRDA:296,75,0,0
BRDA:296,75,1,0
BRDA:309,76,0,0
BRDA:309,76,1,0
BRDA:310,77,0,0
BRDA:310,77,1,0
BRDA:311,78,0,0
BRDA:311,78,1,0
BRDA:312,79,0,0
BRDA:312,79,1,0
BRDA:314,80,0,0
BRDA:314,80,1,0
BRDA:315,81,0,0
BRDA:315,81,1,0
BRDA:315,82,0,0
BRDA:315,82,1,0
BRDA:318,83,0,0
BRDA:318,83,1,0
BRDA:323,84,0,0
BRDA:323,84,1,0
BRDA:324,85,0,0
BRDA:324,85,1,0
BRDA:326,86,0,0
BRDA:326,86,1,0
BRDA:327,87,0,0
BRDA:327,87,1,0
BRDA:331,88,0,0
BRDA:331,88,1,0
BRDA:332,89,0,0
BRDA:332,89,1,0
BRDA:337,90,0,0
BRDA:337,90,1,0
BRDA:338,91,0,0
BRDA:338,91,1,0
BRDA:340,92,0,0
BRDA:340,92,1,0
BRDA:341,93,0,0
BRDA:341,93,1,0
BRDA:342,94,0,0
BRDA:342,94,1,0
BRDA:343,95,0,0
BRDA:343,95,1,0
BRDA:344,96,0,0
BRDA:344,96,1,0
BRDA:345,97,0,0
BRDA:345,97,1,0
BRDA:346,98,0,0
BRDA:346,98,1,0
BRDA:347,99,0,0
BRDA:347,99,1,0
BRDA:348,100,0,0
BRDA:348,100,1,0
BRDA:349,101,0,0
BRDA:349,101,1,0
BRDA:352,102,0,0
BRDA:352,102,1,0
BRDA:353,103,0,0
BRDA:353,103,1,0
BRDA:354,104,0,0
BRDA:354,104,1,0
BRDA:359,105,0,0
BRDA:359,105,1,0
BRDA:360,106,0,0
BRDA:360,106,1,0
BRDA:362,107,0,0
BRDA:362,107,1,0
BRDA:363,108,0,0
BRDA:363,108,1,0
BRDA:368,109,0,0
BRDA:368,109,1,0
BRDA:388,110,0,0
BRDA:388,110,1,0
BRDA:393,111,0,0
BRDA:393,111,1,0
BRDA:400,112,0,0
BRDA:400,112,1,0
BRDA:434,113,0,2
BRDA:434,113,1,0
BRDA:563,114,0,0
BRDA:563,114,1,0
BRDA:598,115,0,1
BRDA:598,115,1,1
BRDA:598,116,0,2
BRDA:598,116,1,2
BRDA:600,117,0,0
BRDA:600,117,1,1
BRDA:600,118,0,1
BRDA:600,118,1,1
BRDA:600,118,2,1
BRDA:600,118,3,1
BRDA:603,119,0,0
BRDA:603,119,1,1
BRDA:603,120,0,1
BRDA:603,120,1,0
BRDA:607,121,0,1
BRDA:607,121,1,0
BRDA:628,122,0,0
BRDA:628,122,1,0
BRDA:634,123,0,0
BRDA:634,123,1,0
BRDA:634,124,0,0
BRDA:634,124,1,0
BRDA:642,125,0,0
BRDA:642,125,1,0
BRDA:660,126,0,0
BRDA:660,126,1,0
BRDA:665,127,0,0
BRDA:665,127,1,0
BRDA:666,128,0,0
BRDA:666,128,1,0
BRDA:673,129,0,0
BRDA:673,129,1,0
BRDA:691,130,0,0
BRDA:691,130,1,0
BRDA:746,131,0,0
BRDA:746,131,1,0
BRDA:747,132,0,0
BRDA:747,132,1,0
BRDA:748,133,0,0
BRDA:748,133,1,0
BRDA:765,134,0,0
BRDA:765,134,1,0
BRDA:768,135,0,0
BRDA:768,135,1,0
BRDA:769,136,0,0
BRDA:769,136,1,0
BRDA:773,137,0,0
BRDA:773,137,1,0
BRDA:773,138,0,0
BRDA:773,138,1,0
BRDA:776,139,0,0
BRDA:776,139,1,0
BRDA:777,140,0,0
BRDA:777,140,1,0
BRDA:777,141,0,0
BRDA:777,141,1,0
BRDA:777,141,2,0
BRDA:780,142,0,0
BRDA:780,142,1,0
BRDA:780,143,0,0
BRDA:780,143,1,0
BRDA:785,144,0,0
BRDA:785,144,1,0
BRDA:785,145,0,0
BRDA:785,145,1,0
BRDA:792,146,0,0
BRDA:792,146,1,0
BRDA:792,147,0,0
BRDA:792,147,1,0
BRDA:792,147,2,0
BRDA:795,148,0,0
BRDA:795,148,1,0
BRDA:809,149,0,0
BRDA:809,149,1,0
BRDA:810,150,0,0
BRDA:810,150,1,0
BRDA:810,151,0,0
BRDA:810,151,1,0
BRDA:816,152,0,0
BRDA:816,152,1,0
BRDA:818,153,0,0
BRDA:818,153,1,0
BRDA:821,154,0,0
BRDA:821,154,1,0
BRDA:830,155,0,0
BRDA:830,155,1,0
BRDA:830,156,0,0
BRDA:830,156,1,0
BRDA:830,156,2,0
BRDA:831,157,0,0
BRDA:831,157,1,0
BRDA:848,158,0,0
BRDA:848,158,1,0
BRDA:851,159,0,0
BRDA:851,159,1,0
BRDA:856,160,0,0
BRDA:856,160,1,0
BRDA:857,161,0,0
BRDA:857,161,1,0
BRDA:858,162,0,0
BRDA:858,162,1,0
BRDA:864,163,0,0
BRDA:864,163,1,0
BRDA:864,164,0,0
BRDA:864,164,1,0
BRDA:864,164,2,0
BRDA:868,165,0,0
BRDA:868,165,1,0
BRDA:868,166,0,0
BRDA:868,166,1,0
BRDA:879,167,0,0
BRDA:879,167,1,0
BRDA:880,168,0,0
BRDA:880,168,1,0
BRDA:881,169,0,0
BRDA:881,169,1,0
BRDA:881,170,0,0
BRDA:881,170,1,0
BRDA:885,171,0,0
BRDA:885,171,1,0
BRDA:885,172,0,0
BRDA:885,172,1,0
BRDA:895,173,0,0
BRDA:895,173,1,0
BRDA:896,174,0,0
BRDA:896,174,1,0
BRDA:896,175,0,0
BRDA:896,175,1,0
BRDA:896,175,2,0
BRDA:901,176,0,0
BRDA:901,176,1,0
BRDA:901,177,0,0
BRDA:901,177,1,0
BRDA:908,178,0,0
BRDA:908,178,1,0
BRDA:909,179,0,0
BRDA:909,179,1,0
BRDA:909,180,0,0
BRDA:909,180,1,0
BRDA:909,180,2,0
BRDA:913,181,0,0
BRDA:913,181,1,0
BRDA:913,182,0,0
BRDA:913,182,1,0
BRDA:917,183,0,0
BRDA:917,183,1,0
BRDA:917,184,0,0
BRDA:917,184,1,0
BRDA:922,185,0,0
BRDA:922,185,1,0
BRDA:922,186,0,0
BRDA:922,186,1,0
BRDA:925,187,0,0
BRDA:925,187,1,0
BRDA:925,188,0,0
BRDA:925,188,1,0
BRDA:925,188,2,0
BRDA:937,189,0,0
BRDA:937,189,1,0
BRDA:938,190,0,0
BRDA:938,190,1,0
BRDA:938,191,0,0
BRDA:938,191,1,0
BRDA:944,192,0,0
BRDA:944,192,1,0
BRDA:946,193,0,0
BRDA:946,193,1,0
BRDA:948,194,0,0
BRDA:948,194,1,0
BRDA:950,195,0,0
BRDA:950,195,1,0
BRDA:954,196,0,0
BRDA:954,196,1,0
BRDA:974,197,0,0
BRDA:974,197,1,0
BRDA:977,198,0,0
BRDA:977,198,1,0
BRDA:980,199,0,0
BRDA:980,199,1,0
BRDA:982,200,0,0
BRDA:982,200,1,0
BRDA:982,201,0,0
BRDA:982,201,1,0
BRDA:982,201,2,0
BRDA:986,202,0,0
BRDA:986,202,1,0
BRDA:990,203,0,0
BRDA:990,203,1,0
BRDA:992,204,0,0
BRDA:992,204,1,0
BRDA:992,205,0,0
BRDA:992,205,1,0
BRDA:992,205,2,0
BRDA:994,206,0,0
BRDA:994,206,1,0
BRDA:994,207,0,0
BRDA:994,207,1,0
BRDA:994,207,2,0
BRDA:1002,208,0,0
BRDA:1002,208,1,0
BRDA:1003,209,0,0
BRDA:1003,209,1,0
BRDA:1004,210,0,0
BRDA:1004,210,1,0
BRDA:1004,211,0,0
BRDA:1004,211,1,0
BRDA:1008,212,0,0
BRDA:1008,212,1,0
BRDA:1008,213,0,0
BRDA:1008,213,1,0
BRDA:1023,214,0,0
BRDA:1023,214,1,0
BRDA:1024,215,0,0
BRDA:1024,215,1,0
BRDA:1024,216,0,0
BRDA:1024,216,1,0
BRDA:1030,217,0,0
BRDA:1030,217,1,0
BRDA:1032,218,0,0
BRDA:1032,218,1,0
BRDA:1035,219,0,0
BRDA:1035,219,1,0
BRDA:1044,220,0,0
BRDA:1044,220,1,0
BRDA:1044,221,0,0
BRDA:1044,221,1,0
BRDA:1044,221,2,0
BRDA:1046,222,0,0
BRDA:1046,222,1,0
BRDA:1046,223,0,0
BRDA:1046,223,1,0
BRDA:1060,224,0,0
BRDA:1060,224,1,0
BRDA:1062,225,0,0
BRDA:1062,225,1,0
BRDA:1067,226,0,0
BRDA:1067,226,1,0
BRDA:1068,227,0,0
BRDA:1068,227,1,0
BRDA:1069,228,0,0
BRDA:1069,228,1,0
BRDA:1070,229,0,0
BRDA:1070,229,1,0
BRDA:1070,230,0,0
BRDA:1070,230,1,0
BRDA:1076,231,0,0
BRDA:1076,231,1,0
BRDA:1085,232,0,0
BRDA:1085,232,1,0
BRDA:1086,233,0,0
BRDA:1086,233,1,0
BRDA:1086,234,0,0
BRDA:1086,234,1,0
BRDA:1092,235,0,0
BRDA:1092,235,1,0
BRDA:1094,236,0,0
BRDA:1094,236,1,0
BRDA:1096,237,0,0
BRDA:1096,237,1,0
BRDA:1098,238,0,0
BRDA:1098,238,1,0
BRDA:1116,239,0,0
BRDA:1116,239,1,0
BRDA:1116,240,0,0
BRDA:1116,240,1,0
BRDA:1121,241,0,0
BRDA:1121,241,1,0
BRDA:1121,242,0,0
BRDA:1121,242,1,0
BRDA:1122,243,0,0
BRDA:1122,243,1,0
BRDA:1122,244,0,0
BRDA:1122,244,1,0
BRDA:1128,245,0,0
BRDA:1128,245,1,0
BRDA:1138,246,0,0
BRDA:1138,246,1,0
BRDA:1141,247,0,0
BRDA:1141,247,1,0
BRDA:1144,248,0,0
BRDA:1144,248,1,0
BRDA:1146,249,0,0
BRDA:1146,249,1,0
BRDA:1177,250,0,18
BRDA:1177,250,1,1
BRDA:1178,251,0,0
BRDA:1178,251,1,1
BRDA:1178,252,0,1
BRDA:1178,252,1,1
BRDA:1179,253,0,0
BRDA:1179,253,1,1
BRDA:1179,254,0,1
BRDA:1179,254,1,1
BRDA:1183,255,0,6
BRDA:1184,256,0,0
BRDA:1184,256,1,10
BRDA:1184,257,0,10
BRDA:1184,257,1,4
BRDA:1184,257,2,4
BRDA:1184,257,3,4
BRDA:1186,258,0,0
BRDA:1186,258,1,10
BRDA:1186,259,0,10
BRDA:1186,259,1,10
BRDA:1193,260,0,0
BRDA:1193,260,1,6
BRDA:1193,261,0,6
BRDA:1193,261,1,6
BRDA:1193,261,2,6
BRDA:1194,262,0,0
BRDA:1194,262,1,6
BRDA:1194,263,0,6
BRDA:1194,263,1,6
BRDA:1198,264,0,0
BRDA:1198,264,1,6
BRDA:1198,265,0,6
BRDA:1198,265,1,6
BRDA:1204,266,0,0
BRDA:1205,267,0,0
BRDA:1205,267,1,8
BRDA:1205,268,0,8
BRDA:1205,268,1,8
BRDA:1205,268,2,8
BRDA:1205,268,3,8
BRDA:1206,269,0,0
BRDA:1206,269,1,8
BRDA:1206,270,0,8
BRDA:1206,270,1,8
BRDA:1211,271,0,4
BRDA:1211,271,1,0
BRDA:1212,272,0,0
BRDA:1212,272,1,4
BRDA:1239,273,0,0
BRDA:1239,273,1,3
BRDA:1239,274,0,3
BRDA:1239,274,1,0
BRDA:1242,275,0,0
BRDA:1242,275,1,3
BRDA:1242,276,0,3
BRDA:1242,276,1,3
BRDA:1242,276,2,3
BRDA:1245,277,0,0
BRDA:1245,277,1,3
BRDA:1245,278,0,3
BRDA:1245,278,1,3
BRDA:1248,279,0,0
BRDA:1248,279,1,3
BRDA:1248,280,0,3
BRDA:1248,280,1,3
BRDA:1248,280,2,3
BRDA:1255,281,0,4
BRDA:1256,282,0,0
BRDA:1256,282,1,4
BRDA:1259,283,0,0
BRDA:1259,283,1,4
BRDA:1259,284,0,4
BRDA:1259,284,1,4
BRDA:1284,285,0,0
BRDA:1284,285,1,3
BRDA:1291,286,0,1
BRDA:1291,286,1,2
BRDA:1300,287,0,2
BRDA:1300,287,1,0
BRDA:1303,288,0,2
BRDA:1303,288,1,0
BRDA:1310,289,0,1
BRDA:1310,289,1,1
BRDA:1323,290,0,0
BRDA:1323,290,1,1
BRDA:1331,291,0,0
BRDA:1331,291,1,2
BRF:602
BRH:77
end_of_record
TN:
SF:services\sharePointAttachmentStorage.js
FN:8,storageError
FN:16,graphUrl
FN:20,getAccessToken
FN:46,graphFetch
FN:55,createStorageName
FN:60,upload
FN:84,remove
FN:94,download
FNF:8
FNH:0
FNDA:0,storageError
FNDA:0,graphUrl
FNDA:0,getAccessToken
FNDA:0,graphFetch
FNDA:0,createStorageName
FNDA:0,upload
FNDA:0,remove
FNDA:0,download
DA:1,0
DA:2,0
DA:3,0
DA:6,0
DA:9,0
DA:10,0
DA:11,0
DA:12,0
DA:13,0
DA:17,0
DA:21,0
DA:23,0
DA:24,0
DA:30,0
DA:36,0
DA:37,0
DA:40,0
DA:41,0
DA:42,0
DA:43,0
DA:47,0
DA:48,0
DA:52,0
DA:56,0
DA:57,0
DA:61,0
DA:62,0
DA:63,0
DA:64,0
DA:70,0
DA:71,0
DA:74,0
DA:75,0
DA:85,0
DA:86,0
DA:89,0
DA:90,0
DA:95,0
DA:96,0
DA:97,0
DA:100,0
DA:107,0
LF:42
LH:0
BRDA:8,0,0,0
BRDA:21,1,0,0
BRDA:21,1,1,0
BRDA:21,2,0,0
BRDA:21,2,1,0
BRDA:36,3,0,0
BRDA:36,3,1,0
BRDA:46,4,0,0
BRDA:66,5,0,0
BRDA:66,5,1,0
BRDA:70,6,0,0
BRDA:70,6,1,0
BRDA:77,7,0,0
BRDA:77,7,1,0
BRDA:78,8,0,0
BRDA:78,8,1,0
BRDA:79,9,0,0
BRDA:79,9,1,0
BRDA:80,10,0,0
BRDA:80,10,1,0
BRDA:80,10,2,0
BRDA:85,11,0,0
BRDA:85,11,1,0
BRDA:85,12,0,0
BRDA:85,12,1,0
BRDA:89,13,0,0
BRDA:89,13,1,0
BRDA:89,14,0,0
BRDA:89,14,1,0
BRDA:96,15,0,0
BRDA:96,15,1,0
BRDA:96,16,0,0
BRDA:96,16,1,0
BRDA:102,17,0,0
BRDA:102,17,1,0
BRF:35
BRH:0
end_of_record
TN:
SF:services\userProfileService.js
FN:3,getEnabledRoleNames
FN:10,(anonymous_1)
FN:20,getUserProfileByEmail
FNF:3
FNH:0
FNDA:0,getEnabledRoleNames
FNDA:0,(anonymous_1)
FNDA:0,getUserProfileByEmail
DA:1,0
DA:4,0
DA:5,0
DA:10,0
DA:21,0
DA:24,0
DA:49,0
DA:50,0
DA:54,0
DA:60,0
DA:61,0
DA:62,0
DA:63,0
DA:64,0
DA:65,0
DA:67,0
DA:68,0
DA:69,0
DA:70,0
DA:71,0
DA:72,0
DA:73,0
DA:74,0
DA:79,0
DA:86,0
DA:89,0
DA:90,0
DA:91,0
DA:92,0
DA:93,0
DA:94,0
DA:97,0
DA:132,0
LF:33
LH:0
BRDA:49,0,0,0
BRDA:49,0,1,0
BRDA:65,1,0,0
BRDA:65,1,1,0
BRDA:73,2,0,0
BRDA:73,2,1,0
BRDA:90,3,0,0
BRDA:90,3,1,0
BRDA:92,4,0,0
BRDA:92,4,1,0
BRDA:93,5,0,0
BRDA:93,5,1,0
BRDA:99,6,0,0
BRDA:99,6,1,0
BRDA:100,7,0,0
BRDA:100,7,1,0
BRDA:102,8,0,0
BRDA:102,8,1,0
BRDA:103,9,0,0
BRDA:103,9,1,0
BRDA:104,10,0,0
BRDA:104,10,1,0
BRDA:105,11,0,0
BRDA:105,11,1,0
BRDA:106,12,0,0
BRDA:106,12,1,0
BRDA:107,13,0,0
BRDA:107,13,1,0
BRDA:108,14,0,0
BRDA:108,14,1,0
BRDA:109,15,0,0
BRDA:109,15,1,0
BRDA:110,16,0,0
BRDA:110,16,1,0
BRDA:111,17,0,0
BRDA:111,17,1,0
BRDA:111,18,0,0
BRDA:111,18,1,0
BRDA:112,19,0,0
BRDA:112,19,1,0
BRDA:112,20,0,0
BRDA:112,20,1,0
BRDA:113,21,0,0
BRDA:113,21,1,0
BRDA:113,22,0,0
BRDA:113,22,1,0
BRDA:114,23,0,0
BRDA:114,23,1,0
BRDA:115,24,0,0
BRDA:115,24,1,0
BRDA:115,25,0,0
BRDA:115,25,1,0
BRDA:116,26,0,0
BRDA:116,26,1,0
BRDA:116,27,0,0
BRDA:116,27,1,0
BRDA:117,28,0,0
BRDA:117,28,1,0
BRDA:117,29,0,0
BRDA:117,29,1,0
BRDA:118,30,0,0
BRDA:118,30,1,0
BRDA:119,31,0,0
BRDA:119,31,1,0
BRDA:120,32,0,0
BRDA:120,32,1,0
BRDA:120,33,0,0
BRDA:120,33,1,0
BRDA:121,34,0,0
BRDA:121,34,1,0
BRDA:121,35,0,0
BRDA:121,35,1,0
BRDA:122,36,0,0
BRDA:122,36,1,0
BRDA:123,37,0,0
BRDA:123,37,1,0
BRDA:124,38,0,0
BRDA:124,38,1,0
BRDA:125,39,0,0
BRDA:125,39,1,0
BRDA:126,40,0,0
BRDA:126,40,1,0
BRDA:127,41,0,0
BRDA:127,41,1,0
BRF:84
BRH:0
end_of_record
TN:
SF:services\userService.js
FN:17,normalizePage
FN:22,buildWhere
FN:40,buildOrder
FN:58,formatUserName
FN:62,isEnabled
FN:66,mapUser
FN:70,(anonymous_6)
FN:71,(anonymous_7)
FN:89,mapUserDetail
FN:93,(anonymous_9)
FN:94,(anonymous_10)
FN:115,listUsers
FN:147,getUserDetail
FN:164,setSystemActive
FN:173,setViewAs
FN:194,clearViewAs
FNF:16
FNH:0
FNDA:0,normalizePage
FNDA:0,buildWhere
FNDA:0,buildOrder
FNDA:0,formatUserName
FNDA:0,isEnabled
FNDA:0,mapUser
FNDA:0,(anonymous_6)
FNDA:0,(anonymous_7)
FNDA:0,mapUserDetail
FNDA:0,(anonymous_9)
FNDA:0,(anonymous_10)
FNDA:0,listUsers
FNDA:0,getUserDetail
FNDA:0,setSystemActive
FNDA:0,setViewAs
FNDA:0,clearViewAs
DA:1,0
DA:2,0
DA:4,0
DA:18,0
DA:19,0
DA:23,0
DA:24,0
DA:31,0
DA:32,0
DA:33,0
DA:37,0
DA:41,0
DA:42,0
DA:43,0
DA:44,0
DA:46,0
DA:47,0
DA:49,0
DA:50,0
DA:51,0
DA:53,0
DA:59,0
DA:63,0
DA:67,0
DA:68,0
DA:69,0
DA:70,0
DA:71,0
DA:74,0
DA:90,0
DA:91,0
DA:92,0
DA:93,0
DA:94,0
DA:97,0
DA:116,0
DA:117,0
DA:118,0
DA:119,0
DA:120,0
DA:136,0
DA:148,0
DA:149,0
DA:161,0
DA:165,0
DA:166,0
DA:170,0
DA:174,0
DA:175,0
DA:176,0
DA:177,0
DA:178,0
DA:179,0
DA:181,0
DA:182,0
DA:183,0
DA:184,0
DA:185,0
DA:186,0
DA:188,0
DA:195,0
DA:196,0
DA:202,0
LF:63
LH:0
BRDA:19,0,0,0
BRDA:19,0,1,0
BRDA:19,1,0,0
BRDA:19,1,1,0
BRDA:32,2,0,0
BRDA:32,2,1,0
BRDA:37,3,0,0
BRDA:37,3,1,0
BRDA:41,4,0,0
BRDA:41,4,1,0
BRDA:42,5,0,0
BRDA:42,5,1,0
BRDA:43,6,0,0
BRDA:43,6,1,0
BRDA:46,7,0,0
BRDA:46,7,1,0
BRDA:49,8,0,0
BRDA:49,8,1,0
BRDA:53,9,0,0
BRDA:53,9,1,0
BRDA:59,10,0,0
BRDA:59,10,1,0
BRDA:59,11,0,0
BRDA:59,11,1,0
BRDA:59,12,0,0
BRDA:59,12,1,0
BRDA:63,13,0,0
BRDA:63,13,1,0
BRDA:63,13,2,0
BRDA:69,14,0,0
BRDA:69,14,1,0
BRDA:76,15,0,0
BRDA:76,15,1,0
BRDA:78,16,0,0
BRDA:78,16,1,0
BRDA:79,17,0,0
BRDA:79,17,1,0
BRDA:80,18,0,0
BRDA:80,18,1,0
BRDA:81,19,0,0
BRDA:81,19,1,0
BRDA:92,20,0,0
BRDA:92,20,1,0
BRDA:93,21,0,0
BRDA:93,21,1,0
BRDA:99,22,0,0
BRDA:99,22,1,0
BRDA:101,23,0,0
BRDA:101,23,1,0
BRDA:102,24,0,0
BRDA:102,24,1,0
BRDA:103,25,0,0
BRDA:103,25,1,0
BRDA:104,26,0,0
BRDA:104,26,1,0
BRDA:105,27,0,0
BRDA:105,27,1,0
BRDA:106,28,0,0
BRDA:106,28,1,0
BRDA:107,29,0,0
BRDA:107,29,1,0
BRDA:108,30,0,0
BRDA:108,30,1,0
BRDA:109,31,0,0
BRDA:109,31,1,0
BRDA:110,32,0,0
BRDA:110,32,1,0
BRDA:161,33,0,0
BRDA:161,33,1,0
BRDA:175,34,0,0
BRDA:175,34,1,0
BRDA:182,35,0,0
BRDA:182,35,1,0
BRF:73
BRH:0
end_of_record
