TN:
SF:app.js
FN:75,(anonymous_0)
FN:122,(anonymous_1)
FN:144,startServer
FN:161,(anonymous_3)
FN:176,gracefulShutdown
FN:188,(anonymous_5)
FN:200,(anonymous_6)
FN:214,(anonymous_7)
FN:215,(anonymous_8)
FN:217,(anonymous_9)
FN:223,(anonymous_10)
FNF:11
FNH:0
FNDA:0,(anonymous_0)
FNDA:0,(anonymous_1)
FNDA:0,startServer
FNDA:0,(anonymous_3)
FNDA:0,gracefulShutdown
FNDA:0,(anonymous_5)
FNDA:0,(anonymous_6)
FNDA:0,(anonymous_7)
FNDA:0,(anonymous_8)
FNDA:0,(anonymous_9)
FNDA:0,(anonymous_10)
DA:1,0
DA:2,0
DA:3,0
DA:4,0
DA:5,0
DA:6,0
DA:7,0
DA:8,0
DA:9,0
DA:10,0
DA:11,0
DA:12,0
DA:13,0
DA:14,0
DA:32,0
DA:48,0
DA:75,0
DA:76,0
DA:77,0
DA:82,0
DA:91,0
DA:95,0
DA:98,0
DA:101,0
DA:102,0
DA:105,0
DA:115,0
DA:119,0
DA:122,0
DA:123,0
DA:125,0
DA:136,0
DA:142,0
DA:145,0
DA:146,0
DA:147,0
DA:148,0
DA:151,0
DA:152,0
DA:153,0
DA:154,0
DA:157,0
DA:158,0
DA:161,0
DA:162,0
DA:163,0
DA:164,0
DA:167,0
DA:168,0
DA:169,0
DA:177,0
DA:178,0
DA:179,0
DA:182,0
DA:183,0
DA:185,0
DA:187,0
DA:188,0
DA:189,0
DA:192,0
DA:193,0
DA:195,0
DA:196,0
DA:200,0
DA:201,0
DA:202,0
DA:206,0
DA:207,0
DA:214,0
DA:215,0
DA:217,0
DA:218,0
DA:219,0
DA:220,0
DA:223,0
DA:224,0
DA:225,0
DA:226,0
DA:232,0
DA:234,0
LF:80
LH:0
BRDA:76,0,0,0
BRDA:76,0,1,0
BRDA:88,1,0,0
BRDA:88,1,1,0
BRDA:123,2,0,0
BRDA:123,2,1,0
BRDA:177,3,0,0
BRDA:177,3,1,0
BRDA:187,4,0,0
BRDA:187,4,1,0
BRF:10
BRH:0
end_of_record
TN:
SF:config\database.js
FN:20,initializeDatabase
FN:75,getDatabase
FN:85,closeDatabase
FNF:3
FNH:0
FNDA:0,initializeDatabase
FNDA:0,getDatabase
FNDA:0,closeDatabase
DA:1,0
DA:2,0
DA:3,0
DA:4,0
DA:21,0
DA:22,0
DA:23,0
DA:26,0
DA:30,0
DA:57,0
DA:59,0
DA:60,0
DA:62,0
DA:63,0
DA:68,0
DA:76,0
DA:77,0
DA:79,0
DA:86,0
DA:87,0
DA:90,0
DA:91,0
DA:92,0
DA:93,0
DA:94,0
DA:96,0
DA:100,0
LF:27
LH:0
BRDA:21,0,0,0
BRDA:21,0,1,0
BRDA:76,1,0,0
BRDA:76,1,1,0
BRDA:86,2,0,0
BRDA:86,2,1,0
BRF:6
BRH:0
end_of_record
TN:
SF:config\email.js
FN:8,createEmailTransporter
FN:36,getEmailTransporter
FN:41,resetEmailTransporter
FNF:3
FNH:0
FNDA:0,createEmailTransporter
FNDA:0,getEmailTransporter
FNDA:0,resetEmailTransporter
DA:1,0
DA:2,0
DA:3,0
DA:5,0
DA:9,0
DA:10,0
DA:20,0
DA:33,0
DA:37,0
DA:38,0
DA:42,0
DA:45,0
LF:12
LH:0
BRDA:37,0,0,0
BRDA:37,0,1,0
BRF:2
BRH:0
end_of_record
TN:
SF:config\env.js
FN:106,initializeEnvironment
FN:135,(anonymous_1)
FN:149,parseCorsOrigins
FN:152,(anonymous_3)
FN:153,(anonymous_4)
FN:257,(anonymous_5)
FN:258,(anonymous_6)
FN:259,(anonymous_7)
FNF:8
FNH:0
FNDA:0,initializeEnvironment
FNDA:0,(anonymous_1)
FNDA:0,parseCorsOrigins
FNDA:0,(anonymous_3)
FNDA:0,(anonymous_4)
FNDA:0,(anonymous_5)
FNDA:0,(anonymous_6)
FNDA:0,(anonymous_7)
DA:1,0
DA:2,0
DA:11,0
DA:16,0
DA:108,0
DA:109,0
DA:110,0
DA:111,0
DA:114,0
DA:117,0
DA:118,0
DA:119,0
DA:120,0
DA:124,0
DA:125,0
DA:128,0
DA:133,0
DA:134,0
DA:135,0
DA:136,0
DA:138,0
DA:141,0
DA:150,0
DA:152,0
DA:153,0
DA:159,0
DA:161,0
DA:257,0
DA:258,0
DA:259,0
LF:30
LH:0
BRDA:108,0,0,0
BRDA:108,0,1,0
BRDA:117,1,0,0
BRDA:117,1,1,0
BRDA:133,2,0,0
BRDA:133,2,1,0
BRDA:177,3,0,0
BRDA:177,3,1,0
BRDA:179,4,0,0
BRDA:179,4,1,0
BRF:10
BRH:0
end_of_record
TN:
SF:config\https.js
FN:21,validateFilePath
FN:42,loadHttpsCertificates
FN:85,createHttpsServer
FNF:3
FNH:0
FNDA:0,validateFilePath
FNDA:0,loadHttpsCertificates
FNDA:0,createHttpsServer
DA:1,0
DA:2,0
DA:3,0
DA:4,0
DA:22,0
DA:23,0
DA:24,0
DA:27,0
DA:29,0
DA:43,0
DA:44,0
DA:45,0
DA:46,0
DA:48,0
DA:50,0
DA:51,0
DA:52,0
DA:54,0
DA:57,0
DA:58,0
DA:59,0
DA:61,0
DA:63,0
DA:69,0
DA:73,0
DA:74,0
DA:86,0
DA:87,0
DA:88,0
DA:89,0
DA:91,0
DA:92,0
DA:96,0
LF:33
LH:0
BRDA:23,0,0,0
BRDA:23,0,1,0
BRF:2
BRH:0
end_of_record
TN:
SF:config\logger.js
FN:52,redactSensitiveData
FN:58,(anonymous_1)
FN:69,redactPayload
FN:76,(anonymous_3)
FN:81,(anonymous_4)
FN:91,createLogEntry
FN:137,formatReadableEntry
FN:149,requestIdFromPath
FN:154,actorCode
FN:159,persistLogEntry
FN:183,(anonymous_10)
FN:184,(anonymous_11)
FN:185,(anonymous_12)
FN:200,(anonymous_13)
FN:209,(anonymous_14)
FN:223,(anonymous_15)
FNF:16
FNH:0
FNDA:0,redactSensitiveData
FNDA:0,(anonymous_1)
FNDA:0,redactPayload
FNDA:0,(anonymous_3)
FNDA:0,(anonymous_4)
FNDA:0,createLogEntry
FNDA:0,formatReadableEntry
FNDA:0,requestIdFromPath
FNDA:0,actorCode
FNDA:0,persistLogEntry
FNDA:0,(anonymous_10)
FNDA:0,(anonymous_11)
FNDA:0,(anonymous_12)
FNDA:0,(anonymous_13)
FNDA:0,(anonymous_14)
FNDA:0,(anonymous_15)
DA:1,0
DA:2,0
DA:3,0
DA:4,0
DA:5,0
DA:19,0
DA:33,0
DA:39,0
DA:40,0
DA:53,0
DA:54,0
DA:57,0
DA:58,0
DA:59,0
DA:60,0
DA:62,0
DA:70,0
DA:71,0
DA:72,0
DA:75,0
DA:76,0
DA:79,0
DA:80,0
DA:81,0
DA:85,0
DA:104,0
DA:105,0
DA:110,0
DA:118,0
DA:119,0
DA:122,0
DA:126,0
DA:127,0
DA:130,0
DA:131,0
DA:134,0
DA:138,0
DA:141,0
DA:144,0
DA:146,0
DA:150,0
DA:151,0
DA:155,0
DA:156,0
DA:160,0
DA:162,0
DA:163,0
DA:164,0
DA:165,0
DA:167,0
DA:184,0
DA:185,0
DA:186,0
DA:187,0
DA:190,0
DA:197,0
DA:201,0
DA:202,0
DA:206,0
DA:210,0
DA:211,0
DA:213,0
DA:220,0
DA:223,0
DA:230,0
DA:235,0
DA:238,0
DA:239,0
DA:246,0
DA:251,0
DA:260,0
DA:261,0
DA:262,0
DA:264,0
LF:74
LH:0
BRDA:53,0,0,0
BRDA:53,0,1,0
BRDA:69,1,0,0
BRDA:71,2,0,0
BRDA:71,2,1,0
BRDA:75,3,0,0
BRDA:75,3,1,0
BRDA:79,4,0,0
BRDA:79,4,1,0
BRDA:79,5,0,0
BRDA:79,5,1,0
BRDA:85,6,0,0
BRDA:85,6,1,0
BRDA:105,7,0,0
BRDA:105,7,1,0
BRDA:105,8,0,0
BRDA:105,8,1,0
BRDA:105,9,0,0
BRDA:105,9,1,0
BRDA:112,10,0,0
BRDA:112,10,1,0
BRDA:114,11,0,0
BRDA:114,11,1,0
BRDA:118,12,0,0
BRDA:118,12,1,0
BRDA:123,13,0,0
BRDA:123,13,1,0
BRDA:126,14,0,0
BRDA:126,14,1,0
BRDA:130,15,0,0
BRDA:130,15,1,0
BRDA:130,16,0,0
BRDA:130,16,1,0
BRDA:138,17,0,0
BRDA:138,17,1,0
BRDA:139,18,0,0
BRDA:139,18,1,0
BRDA:139,19,0,0
BRDA:139,19,1,0
BRDA:141,20,0,0
BRDA:141,20,1,0
BRDA:144,21,0,0
BRDA:144,21,1,0
BRDA:150,22,0,0
BRDA:150,22,1,0
BRDA:151,23,0,0
BRDA:151,23,1,0
BRDA:155,24,0,0
BRDA:155,24,1,0
BRDA:155,24,2,0
BRDA:156,25,0,0
BRDA:156,25,1,0
BRDA:160,26,0,0
BRDA:160,26,1,0
BRDA:163,27,0,0
BRDA:163,27,1,0
BRDA:171,28,0,0
BRDA:171,28,1,0
BRDA:172,29,0,0
BRDA:172,29,1,0
BRDA:186,30,0,0
BRDA:186,30,1,0
BRDA:211,31,0,0
BRDA:211,31,1,0
BRDA:230,32,0,0
BRDA:230,32,1,0
BRDA:238,33,0,0
BRDA:238,33,1,0
BRF:68
BRH:0
end_of_record
TN:
SF:config\swagger.js
FN:226,getSwaggerSpec
FNF:1
FNH:0
FNDA:0,getSwaggerSpec
DA:1,0
DA:2,0
DA:15,0
DA:227,0
DA:230,0
LF:5
LH:0
BRF:0
BRH:0
end_of_record
TN:
SF:controllers\approvalHistoryController.js
FN:3,listApprovalHistory
FN:14,getApprovalSubmitOptions
FN:31,submitRequest
FN:48,processApprovalAction
FNF:4
FNH:0
FNDA:0,listApprovalHistory
FNDA:0,getApprovalSubmitOptions
FNDA:0,submitRequest
FNDA:0,processApprovalAction
DA:1,0
DA:4,0
DA:5,0
DA:6,0
DA:7,0
DA:8,0
DA:10,0
DA:15,0
DA:16,0
DA:17,0
DA:18,0
DA:19,0
DA:20,0
DA:21,0
DA:22,0
DA:24,0
DA:25,0
DA:27,0
DA:32,0
DA:33,0
DA:34,0
DA:35,0
DA:36,0
DA:37,0
DA:38,0
DA:39,0
DA:41,0
DA:42,0
DA:44,0
DA:49,0
DA:50,0
DA:51,0
DA:52,0
DA:53,0
DA:54,0
DA:55,0
DA:56,0
DA:57,0
DA:60,0
DA:67,0
DA:69,0
DA:73,0
LF:42
LH:0
BRDA:5,0,0,0
BRDA:5,0,1,0
BRDA:16,1,0,0
BRDA:16,1,1,0
BRDA:18,2,0,0
BRDA:18,2,1,0
BRDA:33,3,0,0
BRDA:33,3,1,0
BRDA:35,4,0,0
BRDA:35,4,1,0
BRDA:50,5,0,0
BRDA:50,5,1,0
BRDA:53,6,0,0
BRDA:53,6,1,0
BRDA:63,7,0,0
BRDA:63,7,1,0
BRF:16
BRH:0
end_of_record
TN:
SF:controllers\attachmentController.js
FN:5,requireUpdater
FN:16,uploadError
FN:29,listAttachments
FN:41,contentDispositionFileName
FN:46,downloadAttachment
FN:60,uploadAttachments
FN:61,(anonymous_6)
FN:84,deleteAttachment
FNF:8
FNH:0
FNDA:0,requireUpdater
FNDA:0,uploadError
FNDA:0,listAttachments
FNDA:0,contentDispositionFileName
FNDA:0,downloadAttachment
FNDA:0,uploadAttachments
FNDA:0,(anonymous_6)
FNDA:0,deleteAttachment
DA:1,0
DA:2,0
DA:3,0
DA:6,0
DA:7,0
DA:8,0
DA:10,0
DA:11,0
DA:12,0
DA:13,0
DA:17,0
DA:18,0
DA:19,0
DA:20,0
DA:21,0
DA:22,0
DA:23,0
DA:24,0
DA:26,0
DA:30,0
DA:31,0
DA:32,0
DA:34,0
DA:35,0
DA:37,0
DA:42,0
DA:47,0
DA:48,0
DA:49,0
DA:50,0
DA:51,0
DA:52,0
DA:53,0
DA:54,0
DA:56,0
DA:61,0
DA:62,0
DA:63,0
DA:64,0
DA:67,0
DA:68,0
DA:69,0
DA:70,0
DA:72,0
DA:73,0
DA:79,0
DA:85,0
DA:86,0
DA:87,0
DA:88,0
DA:90,0
DA:92,0
DA:96,0
LF:53
LH:0
BRDA:8,0,0,0
BRDA:8,0,1,0
BRDA:17,1,0,0
BRDA:17,1,1,0
BRDA:21,2,0,0
BRDA:21,2,1,0
BRDA:31,3,0,0
BRDA:31,3,1,0
BRDA:42,4,0,0
BRDA:42,4,1,0
BRDA:50,5,0,0
BRDA:50,5,1,0
BRDA:62,6,0,0
BRDA:62,6,1,0
BRDA:68,7,0,0
BRDA:68,7,1,0
BRDA:86,8,0,0
BRDA:86,8,1,0
BRF:18
BRH:0
end_of_record
TN:
SF:controllers\emailController.js
FN:6,requestNotFound
FN:13,ensureRequest
FN:20,listRequestEmails
FN:31,getRequestEmail
FN:42,resendRequestEmails
FN:45,(anonymous_5)
FNF:6
FNH:0
FNDA:0,requestNotFound
FNDA:0,ensureRequest
FNDA:0,listRequestEmails
FNDA:0,getRequestEmail
FNDA:0,resendRequestEmails
FNDA:0,(anonymous_5)
DA:1,0
DA:2,0
DA:3,0
DA:4,0
DA:7,0
DA:8,0
DA:9,0
DA:10,0
DA:14,0
DA:15,0
DA:16,0
DA:17,0
DA:21,0
DA:22,0
DA:23,0
DA:24,0
DA:25,0
DA:27,0
DA:32,0
DA:33,0
DA:34,0
DA:35,0
DA:36,0
DA:38,0
DA:43,0
DA:44,0
DA:45,0
DA:46,0
DA:47,0
DA:48,0
DA:49,0
DA:50,0
DA:52,0
DA:53,0
DA:54,0
DA:55,0
DA:56,0
DA:57,0
DA:60,0
DA:61,0
DA:62,0
DA:63,0
DA:64,0
DA:65,0
DA:66,0
DA:67,0
DA:79,0
DA:81,0
DA:84,0
DA:86,0
DA:90,0
LF:51
LH:0
BRDA:16,0,0,0
BRDA:16,0,1,0
BRDA:25,1,0,0
BRDA:25,1,1,0
BRDA:36,2,0,0
BRDA:36,2,1,0
BRDA:45,3,0,0
BRDA:45,3,1,0
BRDA:45,4,0,0
BRDA:45,4,1,0
BRDA:46,5,0,0
BRDA:46,5,1,0
BRDA:46,6,0,0
BRDA:46,6,1,0
BRDA:53,7,0,0
BRDA:53,7,1,0
BRDA:64,8,0,0
BRDA:64,8,1,0
BRDA:65,9,0,0
BRDA:65,9,1,0
BRDA:66,10,0,0
BRDA:66,10,1,0
BRDA:67,11,0,0
BRDA:67,11,1,0
BRDA:68,12,0,0
BRDA:68,12,1,0
BRDA:69,13,0,0
BRDA:69,13,1,0
BRDA:69,13,2,0
BRDA:79,14,0,0
BRDA:79,14,1,0
BRDA:84,15,0,0
BRDA:84,15,1,0
BRF:33
BRH:0
end_of_record
TN:
SF:controllers\eventLogController.js
FN:3,listRequestEvents
FN:14,getRequestEvent
FNF:2
FNH:0
FNDA:0,listRequestEvents
FNDA:0,getRequestEvent
DA:1,0
DA:4,0
DA:5,0
DA:6,0
DA:7,0
DA:8,0
DA:10,0
DA:15,0
DA:16,0
DA:17,0
DA:18,0
DA:19,0
DA:21,0
DA:25,0
LF:14
LH:0
BRDA:5,0,0,0
BRDA:5,0,1,0
BRDA:16,1,0,0
BRDA:16,1,1,0
BRF:4
BRH:0
end_of_record
TN:
SF:controllers\requestMetadataController.js
FN:3,listEnabledStatuses
FN:13,listEnabledLogTypes
FN:23,listEnabledRatings
FN:33,listTerms
FNF:4
FNH:0
FNDA:0,listEnabledStatuses
FNDA:0,listEnabledLogTypes
FNDA:0,listEnabledRatings
FNDA:0,listTerms
DA:1,0
DA:4,0
DA:5,0
DA:6,0
DA:7,0
DA:9,0
DA:14,0
DA:15,0
DA:16,0
DA:17,0
DA:19,0
DA:24,0
DA:25,0
DA:26,0
DA:27,0
DA:29,0
DA:34,0
DA:35,0
DA:36,0
DA:37,0
DA:39,0
DA:43,0
LF:22
LH:0
BRDA:7,0,0,0
BRDA:7,0,1,0
BRDA:17,1,0,0
BRDA:17,1,1,0
BRDA:27,2,0,0
BRDA:27,2,1,0
BRDA:37,3,0,0
BRDA:37,3,1,0
BRF:8
BRH:0
end_of_record
TN:
SF:controllers\dev\attachmentController.js
FNF:0
FNH:0
DA:1,0
LF:1
LH:0
BRF:0
BRH:0
end_of_record
TN:
SF:controllers\dev\authController.js
FN:13,getCurrentUser
FN:19,(anonymous_1)
FN:57,validateSession
FN:84,logout
FNF:4
FNH:0
FNDA:0,getCurrentUser
FNDA:0,(anonymous_1)
FNDA:0,validateSession
FNDA:0,logout
DA:1,0
DA:14,0
DA:15,0
DA:16,0
DA:17,0
DA:18,0
DA:19,0
DA:22,0
DA:31,0
DA:38,0
DA:39,0
DA:41,0
DA:46,0
DA:50,0
DA:58,0
DA:59,0
DA:60,0
DA:62,0
DA:71,0
DA:73,0
DA:77,0
DA:85,0
DA:86,0
DA:88,0
DA:96,0
DA:98,0
DA:102,0
DA:106,0
LF:28
LH:0
BRDA:15,0,0,0
BRDA:15,0,1,0
BRDA:17,1,0,0
BRDA:17,1,1,0
BRDA:25,2,0,0
BRDA:25,2,1,0
BRDA:26,3,0,0
BRDA:26,3,1,0
BRDA:27,4,0,0
BRDA:27,4,1,0
BRDA:59,5,0,0
BRDA:59,5,1,0
BRDA:86,6,0,0
BRDA:86,6,1,0
BRF:14
BRH:0
end_of_record
TN:
SF:controllers\dev\customerController.js
FN:4,listCustomers
FN:27,getCustomer
FN:57,listEnabledSizes
FN:66,updateCustomer
FN:91,deleteCustomer
FNF:5
FNH:0
FNDA:0,listCustomers
FNDA:0,getCustomer
FNDA:0,listEnabledSizes
FNDA:0,updateCustomer
FNDA:0,deleteCustomer
DA:1,0
DA:2,0
DA:5,0
DA:6,0
DA:7,0
DA:9,0
DA:10,0
DA:12,0
DA:18,0
DA:23,0
DA:28,0
DA:29,0
DA:30,0
DA:32,0
DA:33,0
DA:34,0
DA:35,0
DA:36,0
DA:39,0
DA:40,0
DA:42,0
DA:48,0
DA:53,0
DA:58,0
DA:59,0
DA:60,0
DA:62,0
DA:67,0
DA:68,0
DA:69,0
DA:70,0
DA:71,0
DA:72,0
DA:73,0
DA:74,0
DA:77,0
DA:78,0
DA:79,0
DA:80,0
DA:81,0
DA:82,0
DA:85,0
DA:87,0
DA:92,0
DA:93,0
DA:94,0
DA:95,0
DA:96,0
DA:97,0
DA:98,0
DA:99,0
DA:102,0
DA:104,0
DA:105,0
DA:106,0
DA:107,0
DA:108,0
DA:111,0
DA:113,0
DA:119,0
DA:124,0
DA:128,0
LF:62
LH:0
BRDA:6,0,0,0
BRDA:6,0,1,0
BRDA:29,1,0,0
BRDA:29,1,1,0
BRDA:32,2,0,0
BRDA:32,2,1,0
BRDA:60,3,0,0
BRDA:60,3,1,0
BRDA:68,4,0,0
BRDA:68,4,1,0
BRDA:70,5,0,0
BRDA:70,5,1,0
BRDA:78,6,0,0
BRDA:78,6,1,0
BRDA:93,7,0,0
BRDA:93,7,1,0
BRDA:95,8,0,0
BRDA:95,8,1,0
BRDA:104,9,0,0
BRDA:104,9,1,0
BRF:20
BRH:0
end_of_record
TN:
SF:controllers\dev\homeController.js
FN:13,getHome
FN:43,getHealthStatus
FNF:2
FNH:0
FNDA:0,getHome
FNDA:0,getHealthStatus
DA:1,0
DA:2,0
DA:14,0
DA:15,0
DA:17,0
DA:29,0
DA:31,0
DA:35,0
DA:44,0
DA:45,0
DA:47,0
DA:56,0
DA:58,0
DA:62,0
DA:66,0
LF:15
LH:0
BRDA:15,0,0,0
BRDA:15,0,1,0
BRDA:45,1,0,0
BRDA:45,1,1,0
BRF:4
BRH:0
end_of_record
TN:
SF:controllers\dev\permissionController.js
FN:4,isValidSelection
FN:13,requireSystemAdmin
FN:28,getMyPermissions
FN:59,updateMyPermissions
FNF:4
FNH:0
FNDA:0,isValidSelection
FNDA:0,requireSystemAdmin
FNDA:0,getMyPermissions
FNDA:0,updateMyPermissions
DA:1,0
DA:2,0
DA:5,0
DA:14,0
DA:15,0
DA:18,0
DA:19,0
DA:20,0
DA:21,0
DA:29,0
DA:30,0
DA:31,0
DA:33,0
DA:34,0
DA:35,0
DA:36,0
DA:37,0
DA:40,0
DA:42,0
DA:43,0
DA:45,0
DA:47,0
DA:51,0
DA:60,0
DA:61,0
DA:62,0
DA:64,0
DA:65,0
DA:66,0
DA:67,0
DA:68,0
DA:71,0
DA:73,0
DA:74,0
DA:75,0
DA:76,0
DA:77,0
DA:78,0
DA:81,0
DA:83,0
DA:84,0
DA:86,0
DA:88,0
DA:92,0
DA:96,0
LF:45
LH:0
BRDA:6,0,0,0
BRDA:6,0,1,0
BRDA:6,0,2,0
BRDA:6,0,3,0
BRDA:14,1,0,0
BRDA:14,1,1,0
BRDA:30,2,0,0
BRDA:30,2,1,0
BRDA:31,3,0,0
BRDA:31,3,1,0
BRDA:33,4,0,0
BRDA:33,4,1,0
BRDA:61,5,0,0
BRDA:61,5,1,0
BRDA:62,6,0,0
BRDA:62,6,1,0
BRDA:64,7,0,0
BRDA:64,7,1,0
BRDA:74,8,0,0
BRDA:74,8,1,0
BRDA:74,9,0,0
BRDA:74,9,1,0
BRDA:74,9,2,0
BRF:23
BRH:0
end_of_record
TN:
SF:controllers\dev\requestController.js
FN:6,listRequests
FN:29,getRequest
FN:59,updateRequestCustomerInfo
FN:89,updateRequestCreditSuggestion
FN:119,updateRequestScoringAndPayment
FN:149,updateRequestRequestedDetails
FN:177,cloneRequestData
FN:205,cancelRequest
FN:242,sendTestEmail
FNF:9
FNH:0
FNDA:0,listRequests
FNDA:0,getRequest
FNDA:0,updateRequestCustomerInfo
FNDA:0,updateRequestCreditSuggestion
FNDA:0,updateRequestScoringAndPayment
FNDA:0,updateRequestRequestedDetails
FNDA:0,cloneRequestData
FNDA:0,cancelRequest
FNDA:0,sendTestEmail
DA:1,0
DA:2,0
DA:3,0
DA:4,0
DA:7,0
DA:8,0
DA:9,0
DA:11,0
DA:12,0
DA:14,0
DA:20,0
DA:25,0
DA:30,0
DA:31,0
DA:32,0
DA:34,0
DA:35,0
DA:36,0
DA:37,0
DA:38,0
DA:41,0
DA:42,0
DA:44,0
DA:50,0
DA:55,0
DA:60,0
DA:61,0
DA:62,0
DA:63,0
DA:64,0
DA:65,0
DA:66,0
DA:67,0
DA:70,0
DA:71,0
DA:72,0
DA:73,0
DA:74,0
DA:75,0
DA:78,0
DA:80,0
DA:85,0
DA:90,0
DA:91,0
DA:92,0
DA:93,0
DA:94,0
DA:95,0
DA:96,0
DA:97,0
DA:100,0
DA:101,0
DA:102,0
DA:103,0
DA:104,0
DA:105,0
DA:108,0
DA:110,0
DA:115,0
DA:120,0
DA:121,0
DA:122,0
DA:123,0
DA:124,0
DA:125,0
DA:126,0
DA:127,0
DA:130,0
DA:131,0
DA:132,0
DA:133,0
DA:134,0
DA:135,0
DA:138,0
DA:140,0
DA:145,0
DA:150,0
DA:151,0
DA:152,0
DA:153,0
DA:154,0
DA:155,0
DA:156,0
DA:157,0
DA:159,0
DA:160,0
DA:161,0
DA:162,0
DA:163,0
DA:164,0
DA:166,0
DA:168,0
DA:173,0
DA:178,0
DA:179,0
DA:180,0
DA:181,0
DA:182,0
DA:183,0
DA:184,0
DA:185,0
DA:187,0
DA:188,0
DA:189,0
DA:190,0
DA:191,0
DA:192,0
DA:194,0
DA:196,0
DA:201,0
DA:206,0
DA:207,0
DA:208,0
DA:209,0
DA:210,0
DA:211,0
DA:212,0
DA:213,0
DA:216,0
DA:218,0
DA:219,0
DA:220,0
DA:221,0
DA:222,0
DA:225,0
DA:227,0
DA:233,0
DA:238,0
DA:243,0
DA:244,0
DA:245,0
DA:246,0
DA:259,0
DA:261,0
DA:266,0
DA:270,0
LF:136
LH:0
BRDA:8,0,0,0
BRDA:8,0,1,0
BRDA:31,1,0,0
BRDA:31,1,1,0
BRDA:34,2,0,0
BRDA:34,2,1,0
BRDA:61,3,0,0
BRDA:61,3,1,0
BRDA:63,4,0,0
BRDA:63,4,1,0
BRDA:71,5,0,0
BRDA:71,5,1,0
BRDA:91,6,0,0
BRDA:91,6,1,0
BRDA:93,7,0,0
BRDA:93,7,1,0
BRDA:101,8,0,0
BRDA:101,8,1,0
BRDA:121,9,0,0
BRDA:121,9,1,0
BRDA:123,10,0,0
BRDA:123,10,1,0
BRDA:131,11,0,0
BRDA:131,11,1,0
BRDA:151,12,0,0
BRDA:151,12,1,0
BRDA:153,13,0,0
BRDA:153,13,1,0
BRDA:160,14,0,0
BRDA:160,14,1,0
BRDA:179,15,0,0
BRDA:179,15,1,0
BRDA:181,16,0,0
BRDA:181,16,1,0
BRDA:188,17,0,0
BRDA:188,17,1,0
BRDA:207,18,0,0
BRDA:207,18,1,0
BRDA:209,19,0,0
BRDA:209,19,1,0
BRDA:218,20,0,0
BRDA:218,20,1,0
BRDA:244,21,0,0
BRDA:244,21,1,0
BRDA:245,22,0,0
BRDA:245,22,1,0
BRF:46
BRH:0
end_of_record
TN:
SF:controllers\dev\sessionController.js
FN:14,ping
FNF:1
FNH:0
FNDA:0,ping
DA:1,0
DA:15,0
DA:16,0
DA:17,0
DA:19,0
DA:29,0
DA:30,0
DA:32,0
DA:37,0
DA:41,0
DA:45,0
LF:11
LH:0
BRDA:16,0,0,0
BRDA:16,0,1,0
BRF:2
BRH:0
end_of_record
TN:
SF:controllers\dev\userController.js
FN:5,requireSystemAdmin
FN:13,requireLoggedInSystemAdmin
FN:21,actorCode
FN:25,validatePermissionSelections
FN:26,(anonymous_4)
FN:31,listUsers
FN:40,updateSystemActive
FN:55,getUserDetail
FN:65,getUserPermissions
FN:76,updateUserPermissions
FN:89,setViewAs
FN:100,clearViewAs
FNF:12
FNH:0
FNDA:0,requireSystemAdmin
FNDA:0,requireLoggedInSystemAdmin
FNDA:0,actorCode
FNDA:0,validatePermissionSelections
FNDA:0,(anonymous_4)
FNDA:0,listUsers
FNDA:0,updateSystemActive
FNDA:0,getUserDetail
FNDA:0,getUserPermissions
FNDA:0,updateUserPermissions
FNDA:0,setViewAs
FNDA:0,clearViewAs
DA:1,0
DA:2,0
DA:3,0
DA:6,0
DA:7,0
DA:8,0
DA:9,0
DA:10,0
DA:14,0
DA:15,0
DA:16,0
DA:17,0
DA:18,0
DA:22,0
DA:26,0
DA:27,0
DA:32,0
DA:33,0
DA:34,0
DA:35,0
DA:36,0
DA:37,0
DA:41,0
DA:42,0
DA:43,0
DA:44,0
DA:45,0
DA:47,0
DA:48,0
DA:49,0
DA:50,0
DA:51,0
DA:52,0
DA:56,0
DA:57,0
DA:58,0
DA:59,0
DA:60,0
DA:61,0
DA:62,0
DA:66,0
DA:67,0
DA:68,0
DA:69,0
DA:70,0
DA:71,0
DA:72,0
DA:73,0
DA:77,0
DA:78,0
DA:79,0
DA:80,0
DA:81,0
DA:82,0
DA:83,0
DA:84,0
DA:85,0
DA:86,0
DA:90,0
DA:91,0
DA:92,0
DA:93,0
DA:94,0
DA:95,0
DA:96,0
DA:97,0
DA:101,0
DA:102,0
DA:103,0
DA:104,0
DA:105,0
DA:106,0
DA:107,0
DA:108,0
DA:111,0
LF:75
LH:0
BRDA:6,0,0,0
BRDA:6,0,1,0
BRDA:14,1,0,0
BRDA:14,1,1,0
BRDA:22,2,0,0
BRDA:22,2,1,0
BRDA:26,3,0,0
BRDA:26,3,1,0
BRDA:26,3,2,0
BRDA:27,4,0,0
BRDA:27,4,1,0
BRDA:27,4,2,0
BRDA:27,4,3,0
BRDA:36,5,0,0
BRDA:36,5,1,0
BRDA:43,6,0,0
BRDA:43,6,1,0
BRDA:48,7,0,0
BRDA:48,7,1,0
BRDA:50,8,0,0
BRDA:50,8,1,0
BRDA:51,9,0,0
BRDA:51,9,1,0
BRDA:59,10,0,0
BRDA:59,10,1,0
BRDA:61,11,0,0
BRDA:61,11,1,0
BRDA:69,12,0,0
BRDA:69,12,1,0
BRDA:72,13,0,0
BRDA:72,13,1,0
BRDA:80,14,0,0
BRDA:80,14,1,0
BRDA:82,15,0,0
BRDA:82,15,1,0
BRDA:85,16,0,0
BRDA:85,16,1,0
BRDA:93,17,0,0
BRDA:93,17,1,0
BRDA:96,18,0,0
BRDA:96,18,1,0
BRDA:104,19,0,0
BRDA:104,19,1,0
BRDA:107,20,0,0
BRDA:107,20,1,0
BRF:45
BRH:0
end_of_record
TN:
SF:controllers\prd\attachmentController.js
FNF:0
FNH:0
DA:1,0
LF:1
LH:0
BRF:0
BRH:0
end_of_record
TN:
SF:controllers\prd\authController.js
FN:3,getCurrentUser
FN:9,(anonymous_1)
FN:42,validateSession
FN:66,logout
FNF:4
FNH:0
FNDA:0,getCurrentUser
FNDA:0,(anonymous_1)
FNDA:0,validateSession
FNDA:0,logout
DA:1,0
DA:4,0
DA:5,0
DA:6,0
DA:7,0
DA:8,0
DA:9,0
DA:11,0
DA:20,0
DA:26,0
DA:27,0
DA:29,0
DA:34,0
DA:38,0
DA:43,0
DA:44,0
DA:45,0
DA:47,0
DA:56,0
DA:58,0
DA:62,0
DA:67,0
DA:68,0
DA:70,0
DA:78,0
DA:80,0
DA:84,0
DA:88,0
LF:28
LH:0
BRDA:5,0,0,0
BRDA:5,0,1,0
BRDA:7,1,0,0
BRDA:7,1,1,0
BRDA:14,2,0,0
BRDA:14,2,1,0
BRDA:15,3,0,0
BRDA:15,3,1,0
BRDA:16,4,0,0
BRDA:16,4,1,0
BRDA:44,5,0,0
BRDA:44,5,1,0
BRDA:68,6,0,0
BRDA:68,6,1,0
BRF:14
BRH:0
end_of_record
TN:
SF:controllers\prd\customerController.js
FN:4,listCustomers
FN:27,getCustomer
FN:57,listEnabledSizes
FN:66,updateCustomer
FN:89,deleteCustomer
FNF:5
FNH:0
FNDA:0,listCustomers
FNDA:0,getCustomer
FNDA:0,listEnabledSizes
FNDA:0,updateCustomer
FNDA:0,deleteCustomer
DA:1,0
DA:2,0
DA:5,0
DA:6,0
DA:7,0
DA:9,0
DA:10,0
DA:12,0
DA:18,0
DA:23,0
DA:28,0
DA:29,0
DA:30,0
DA:32,0
DA:33,0
DA:34,0
DA:35,0
DA:36,0
DA:39,0
DA:40,0
DA:42,0
DA:48,0
DA:53,0
DA:58,0
DA:59,0
DA:60,0
DA:62,0
DA:67,0
DA:68,0
DA:69,0
DA:70,0
DA:71,0
DA:72,0
DA:73,0
DA:74,0
DA:76,0
DA:77,0
DA:78,0
DA:79,0
DA:80,0
DA:81,0
DA:83,0
DA:85,0
DA:90,0
DA:91,0
DA:92,0
DA:93,0
DA:94,0
DA:95,0
DA:96,0
DA:97,0
DA:100,0
DA:102,0
DA:103,0
DA:104,0
DA:105,0
DA:106,0
DA:109,0
DA:111,0
DA:117,0
DA:122,0
DA:126,0
LF:62
LH:0
BRDA:6,0,0,0
BRDA:6,0,1,0
BRDA:29,1,0,0
BRDA:29,1,1,0
BRDA:32,2,0,0
BRDA:32,2,1,0
BRDA:60,3,0,0
BRDA:60,3,1,0
BRDA:68,4,0,0
BRDA:68,4,1,0
BRDA:70,5,0,0
BRDA:70,5,1,0
BRDA:77,6,0,0
BRDA:77,6,1,0
BRDA:91,7,0,0
BRDA:91,7,1,0
BRDA:93,8,0,0
BRDA:93,8,1,0
BRDA:102,9,0,0
BRDA:102,9,1,0
BRF:20
BRH:0
end_of_record
TN:
SF:controllers\prd\homeController.js
FN:4,getHome
FN:30,getHealthStatus
FNF:2
FNH:0
FNDA:0,getHome
FNDA:0,getHealthStatus
DA:1,0
DA:2,0
DA:5,0
DA:6,0
DA:8,0
DA:20,0
DA:22,0
DA:26,0
DA:31,0
DA:32,0
DA:34,0
DA:43,0
DA:45,0
DA:49,0
DA:53,0
LF:15
LH:0
BRDA:6,0,0,0
BRDA:6,0,1,0
BRDA:32,1,0,0
BRDA:32,1,1,0
BRF:4
BRH:0
end_of_record
TN:
SF:controllers\prd\permissionController.js
FN:4,isValidSelection
FN:13,requireSystemAdmin
FN:28,getMyPermissions
FN:59,updateMyPermissions
FNF:4
FNH:0
FNDA:0,isValidSelection
FNDA:0,requireSystemAdmin
FNDA:0,getMyPermissions
FNDA:0,updateMyPermissions
DA:1,0
DA:2,0
DA:5,0
DA:14,0
DA:15,0
DA:18,0
DA:19,0
DA:20,0
DA:21,0
DA:29,0
DA:30,0
DA:31,0
DA:33,0
DA:34,0
DA:35,0
DA:36,0
DA:37,0
DA:40,0
DA:42,0
DA:43,0
DA:45,0
DA:47,0
DA:51,0
DA:60,0
DA:61,0
DA:62,0
DA:64,0
DA:65,0
DA:66,0
DA:67,0
DA:68,0
DA:71,0
DA:73,0
DA:74,0
DA:75,0
DA:76,0
DA:77,0
DA:78,0
DA:81,0
DA:83,0
DA:84,0
DA:86,0
DA:88,0
DA:92,0
DA:96,0
LF:45
LH:0
BRDA:6,0,0,0
BRDA:6,0,1,0
BRDA:6,0,2,0
BRDA:6,0,3,0
BRDA:14,1,0,0
BRDA:14,1,1,0
BRDA:30,2,0,0
BRDA:30,2,1,0
BRDA:31,3,0,0
BRDA:31,3,1,0
BRDA:33,4,0,0
BRDA:33,4,1,0
BRDA:61,5,0,0
BRDA:61,5,1,0
BRDA:62,6,0,0
BRDA:62,6,1,0
BRDA:64,7,0,0
BRDA:64,7,1,0
BRDA:74,8,0,0
BRDA:74,8,1,0
BRDA:74,9,0,0
BRDA:74,9,1,0
BRDA:74,9,2,0
BRF:23
BRH:0
end_of_record
TN:
SF:controllers\prd\requestController.js
FN:4,listRequests
FN:27,getRequest
FN:57,updateRequestCustomerInfo
FN:87,cancelRequest
FNF:4
FNH:0
FNDA:0,listRequests
FNDA:0,getRequest
FNDA:0,updateRequestCustomerInfo
FNDA:0,cancelRequest
DA:1,0
DA:2,0
DA:5,0
DA:6,0
DA:7,0
DA:9,0
DA:10,0
DA:12,0
DA:18,0
DA:23,0
DA:28,0
DA:29,0
DA:30,0
DA:32,0
DA:33,0
DA:34,0
DA:35,0
DA:36,0
DA:39,0
DA:40,0
DA:42,0
DA:48,0
DA:53,0
DA:58,0
DA:59,0
DA:60,0
DA:61,0
DA:62,0
DA:63,0
DA:64,0
DA:65,0
DA:68,0
DA:69,0
DA:70,0
DA:71,0
DA:72,0
DA:73,0
DA:76,0
DA:78,0
DA:83,0
DA:88,0
DA:89,0
DA:90,0
DA:91,0
DA:92,0
DA:93,0
DA:94,0
DA:95,0
DA:98,0
DA:100,0
DA:101,0
DA:102,0
DA:103,0
DA:104,0
DA:107,0
DA:109,0
DA:115,0
DA:120,0
DA:124,0
LF:59
LH:0
BRDA:6,0,0,0
BRDA:6,0,1,0
BRDA:29,1,0,0
BRDA:29,1,1,0
BRDA:32,2,0,0
BRDA:32,2,1,0
BRDA:59,3,0,0
BRDA:59,3,1,0
BRDA:61,4,0,0
BRDA:61,4,1,0
BRDA:69,5,0,0
BRDA:69,5,1,0
BRDA:89,6,0,0
BRDA:89,6,1,0
BRDA:91,7,0,0
BRDA:91,7,1,0
BRDA:100,8,0,0
BRDA:100,8,1,0
BRF:18
BRH:0
end_of_record
TN:
SF:controllers\prd\sessionController.js
FN:3,ping
FNF:1
FNH:0
FNDA:0,ping
DA:1,0
DA:4,0
DA:5,0
DA:6,0
DA:8,0
DA:17,0
DA:18,0
DA:20,0
DA:25,0
DA:29,0
DA:33,0
LF:11
LH:0
BRDA:5,0,0,0
BRDA:5,0,1,0
BRF:2
BRH:0
end_of_record
TN:
SF:controllers\prd\userController.js
FN:5,requireSystemAdmin
FN:10,requireLoggedInSystemAdmin
FN:15,actorCode
FN:16,validatePermissionSelections
FN:16,(anonymous_4)
FN:17,listUsers
FN:18,updateSystemActive
FN:19,getUserDetail
FN:20,getUserPermissions
FN:21,updateUserPermissions
FN:22,setViewAs
FN:23,clearViewAs
FNF:12
FNH:0
FNDA:0,requireSystemAdmin
FNDA:0,requireLoggedInSystemAdmin
FNDA:0,actorCode
FNDA:0,validatePermissionSelections
FNDA:0,(anonymous_4)
FNDA:0,listUsers
FNDA:0,updateSystemActive
FNDA:0,getUserDetail
FNDA:0,getUserPermissions
FNDA:0,updateUserPermissions
FNDA:0,setViewAs
FNDA:0,clearViewAs
DA:1,0
DA:2,0
DA:3,0
DA:6,0
DA:7,0
DA:8,0
DA:11,0
DA:12,0
DA:13,0
DA:15,0
DA:16,0
DA:17,0
DA:18,0
DA:19,0
DA:20,0
DA:21,0
DA:22,0
DA:23,0
DA:24,0
LF:19
LH:0
BRDA:6,0,0,0
BRDA:6,0,1,0
BRDA:11,1,0,0
BRDA:11,1,1,0
BRDA:15,2,0,0
BRDA:15,2,1,0
BRDA:16,3,0,0
BRDA:16,3,1,0
BRDA:16,3,2,0
BRDA:16,4,0,0
BRDA:16,4,1,0
BRDA:16,4,2,0
BRDA:16,4,3,0
BRDA:17,5,0,0
BRDA:17,5,1,0
BRDA:18,6,0,0
BRDA:18,6,1,0
BRDA:18,7,0,0
BRDA:18,7,1,0
BRDA:18,8,0,0
BRDA:18,8,1,0
BRDA:18,9,0,0
BRDA:18,9,1,0
BRDA:19,10,0,0
BRDA:19,10,1,0
BRDA:19,11,0,0
BRDA:19,11,1,0
BRDA:20,12,0,0
BRDA:20,12,1,0
BRDA:20,13,0,0
BRDA:20,13,1,0
BRDA:21,14,0,0
BRDA:21,14,1,0
BRDA:21,15,0,0
BRDA:21,15,1,0
BRDA:21,16,0,0
BRDA:21,16,1,0
BRDA:22,17,0,0
BRDA:22,17,1,0
BRDA:22,18,0,0
BRDA:22,18,1,0
BRDA:23,19,0,0
BRDA:23,19,1,0
BRDA:23,20,0,0
BRDA:23,20,1,0
BRF:45
BRH:0
end_of_record
TN:
SF:controllers\qas\attachmentController.js
FNF:0
FNH:0
DA:1,0
LF:1
LH:0
BRF:0
BRH:0
end_of_record
TN:
SF:controllers\qas\authController.js
FN:3,getCurrentUser
FN:9,(anonymous_1)
FN:42,validateSession
FN:66,logout
FNF:4
FNH:0
FNDA:0,getCurrentUser
FNDA:0,(anonymous_1)
FNDA:0,validateSession
FNDA:0,logout
DA:1,0
DA:4,0
DA:5,0
DA:6,0
DA:7,0
DA:8,0
DA:9,0
DA:11,0
DA:20,0
DA:26,0
DA:27,0
DA:29,0
DA:34,0
DA:38,0
DA:43,0
DA:44,0
DA:45,0
DA:47,0
DA:56,0
DA:58,0
DA:62,0
DA:67,0
DA:68,0
DA:70,0
DA:78,0
DA:80,0
DA:84,0
DA:88,0
LF:28
LH:0
BRDA:5,0,0,0
BRDA:5,0,1,0
BRDA:7,1,0,0
BRDA:7,1,1,0
BRDA:14,2,0,0
BRDA:14,2,1,0
BRDA:15,3,0,0
BRDA:15,3,1,0
BRDA:16,4,0,0
BRDA:16,4,1,0
BRDA:44,5,0,0
BRDA:44,5,1,0
BRDA:68,6,0,0
BRDA:68,6,1,0
BRF:14
BRH:0
end_of_record
TN:
SF:controllers\qas\customerController.js
FN:4,listCustomers
FN:27,getCustomer
FN:57,listEnabledSizes
FN:66,updateCustomer
FN:89,deleteCustomer
FNF:5
FNH:0
FNDA:0,listCustomers
FNDA:0,getCustomer
FNDA:0,listEnabledSizes
FNDA:0,updateCustomer
FNDA:0,deleteCustomer
DA:1,0
DA:2,0
DA:5,0
DA:6,0
DA:7,0
DA:9,0
DA:10,0
DA:12,0
DA:18,0
DA:23,0
DA:28,0
DA:29,0
DA:30,0
DA:32,0
DA:33,0
DA:34,0
DA:35,0
DA:36,0
DA:39,0
DA:40,0
DA:42,0
DA:48,0
DA:53,0
DA:58,0
DA:59,0
DA:60,0
DA:62,0
DA:67,0
DA:68,0
DA:69,0
DA:70,0
DA:71,0
DA:72,0
DA:73,0
DA:74,0
DA:76,0
DA:77,0
DA:78,0
DA:79,0
DA:80,0
DA:81,0
DA:83,0
DA:85,0
DA:90,0
DA:91,0
DA:92,0
DA:93,0
DA:94,0
DA:95,0
DA:96,0
DA:97,0
DA:100,0
DA:102,0
DA:103,0
DA:104,0
DA:105,0
DA:106,0
DA:109,0
DA:111,0
DA:117,0
DA:122,0
DA:126,0
LF:62
LH:0
BRDA:6,0,0,0
BRDA:6,0,1,0
BRDA:29,1,0,0
BRDA:29,1,1,0
BRDA:32,2,0,0
BRDA:32,2,1,0
BRDA:60,3,0,0
BRDA:60,3,1,0
BRDA:68,4,0,0
BRDA:68,4,1,0
BRDA:70,5,0,0
BRDA:70,5,1,0
BRDA:77,6,0,0
BRDA:77,6,1,0
BRDA:91,7,0,0
BRDA:91,7,1,0
BRDA:93,8,0,0
BRDA:93,8,1,0
BRDA:102,9,0,0
BRDA:102,9,1,0
BRF:20
BRH:0
end_of_record
TN:
SF:controllers\qas\homeController.js
FN:4,getHome
FN:30,getHealthStatus
FNF:2
FNH:0
FNDA:0,getHome
FNDA:0,getHealthStatus
DA:1,0
DA:2,0
DA:5,0
DA:6,0
DA:8,0
DA:20,0
DA:22,0
DA:26,0
DA:31,0
DA:32,0
DA:34,0
DA:43,0
DA:45,0
DA:49,0
DA:53,0
LF:15
LH:0
BRDA:6,0,0,0
BRDA:6,0,1,0
BRDA:32,1,0,0
BRDA:32,1,1,0
BRF:4
BRH:0
end_of_record
TN:
SF:controllers\qas\permissionController.js
FN:4,isValidSelection
FN:13,requireSystemAdmin
FN:28,getMyPermissions
FN:59,updateMyPermissions
FNF:4
FNH:0
FNDA:0,isValidSelection
FNDA:0,requireSystemAdmin
FNDA:0,getMyPermissions
FNDA:0,updateMyPermissions
DA:1,0
DA:2,0
DA:5,0
DA:14,0
DA:15,0
DA:18,0
DA:19,0
DA:20,0
DA:21,0
DA:29,0
DA:30,0
DA:31,0
DA:33,0
DA:34,0
DA:35,0
DA:36,0
DA:37,0
DA:40,0
DA:42,0
DA:43,0
DA:45,0
DA:47,0
DA:51,0
DA:60,0
DA:61,0
DA:62,0
DA:64,0
DA:65,0
DA:66,0
DA:67,0
DA:68,0
DA:71,0
DA:73,0
DA:74,0
DA:75,0
DA:76,0
DA:77,0
DA:78,0
DA:81,0
DA:83,0
DA:84,0
DA:86,0
DA:88,0
DA:92,0
DA:96,0
LF:45
LH:0
BRDA:6,0,0,0
BRDA:6,0,1,0
BRDA:6,0,2,0
BRDA:6,0,3,0
BRDA:14,1,0,0
BRDA:14,1,1,0
BRDA:30,2,0,0
BRDA:30,2,1,0
BRDA:31,3,0,0
BRDA:31,3,1,0
BRDA:33,4,0,0
BRDA:33,4,1,0
BRDA:61,5,0,0
BRDA:61,5,1,0
BRDA:62,6,0,0
BRDA:62,6,1,0
BRDA:64,7,0,0
BRDA:64,7,1,0
BRDA:74,8,0,0
BRDA:74,8,1,0
BRDA:74,9,0,0
BRDA:74,9,1,0
BRDA:74,9,2,0
BRF:23
BRH:0
end_of_record
TN:
SF:controllers\qas\requestController.js
FN:4,listRequests
FN:27,getRequest
FN:57,updateRequestCustomerInfo
FN:87,cancelRequest
FNF:4
FNH:0
FNDA:0,listRequests
FNDA:0,getRequest
FNDA:0,updateRequestCustomerInfo
FNDA:0,cancelRequest
DA:1,0
DA:2,0
DA:5,0
DA:6,0
DA:7,0
DA:9,0
DA:10,0
DA:12,0
DA:18,0
DA:23,0
DA:28,0
DA:29,0
DA:30,0
DA:32,0
DA:33,0
DA:34,0
DA:35,0
DA:36,0
DA:39,0
DA:40,0
DA:42,0
DA:48,0
DA:53,0
DA:58,0
DA:59,0
DA:60,0
DA:61,0
DA:62,0
DA:63,0
DA:64,0
DA:65,0
DA:68,0
DA:69,0
DA:70,0
DA:71,0
DA:72,0
DA:73,0
DA:76,0
DA:78,0
DA:83,0
DA:88,0
DA:89,0
DA:90,0
DA:91,0
DA:92,0
DA:93,0
DA:94,0
DA:95,0
DA:98,0
DA:100,0
DA:101,0
DA:102,0
DA:103,0
DA:104,0
DA:107,0
DA:109,0
DA:115,0
DA:120,0
DA:124,0
LF:59
LH:0
BRDA:6,0,0,0
BRDA:6,0,1,0
BRDA:29,1,0,0
BRDA:29,1,1,0
BRDA:32,2,0,0
BRDA:32,2,1,0
BRDA:59,3,0,0
BRDA:59,3,1,0
BRDA:61,4,0,0
BRDA:61,4,1,0
BRDA:69,5,0,0
BRDA:69,5,1,0
BRDA:89,6,0,0
BRDA:89,6,1,0
BRDA:91,7,0,0
BRDA:91,7,1,0
BRDA:100,8,0,0
BRDA:100,8,1,0
BRF:18
BRH:0
end_of_record
TN:
SF:controllers\qas\sessionController.js
FN:3,ping
FNF:1
FNH:0
FNDA:0,ping
DA:1,0
DA:4,0
DA:5,0
DA:6,0
DA:8,0
DA:17,0
DA:18,0
DA:20,0
DA:25,0
DA:29,0
DA:33,0
LF:11
LH:0
BRDA:5,0,0,0
BRDA:5,0,1,0
BRF:2
BRH:0
end_of_record
TN:
SF:controllers\qas\userController.js
FN:5,requireSystemAdmin
FN:10,requireLoggedInSystemAdmin
FN:15,actorCode
FN:16,validatePermissionSelections
FN:16,(anonymous_4)
FN:17,listUsers
FN:18,updateSystemActive
FN:19,getUserDetail
FN:20,getUserPermissions
FN:21,updateUserPermissions
FN:22,setViewAs
FN:23,clearViewAs
FNF:12
FNH:0
FNDA:0,requireSystemAdmin
FNDA:0,requireLoggedInSystemAdmin
FNDA:0,actorCode
FNDA:0,validatePermissionSelections
FNDA:0,(anonymous_4)
FNDA:0,listUsers
FNDA:0,updateSystemActive
FNDA:0,getUserDetail
FNDA:0,getUserPermissions
FNDA:0,updateUserPermissions
FNDA:0,setViewAs
FNDA:0,clearViewAs
DA:1,0
DA:2,0
DA:3,0
DA:6,0
DA:7,0
DA:8,0
DA:11,0
DA:12,0
DA:13,0
DA:15,0
DA:16,0
DA:17,0
DA:18,0
DA:19,0
DA:20,0
DA:21,0
DA:22,0
DA:23,0
DA:24,0
LF:19
LH:0
BRDA:6,0,0,0
BRDA:6,0,1,0
BRDA:11,1,0,0
BRDA:11,1,1,0
BRDA:15,2,0,0
BRDA:15,2,1,0
BRDA:16,3,0,0
BRDA:16,3,1,0
BRDA:16,3,2,0
BRDA:16,4,0,0
BRDA:16,4,1,0
BRDA:16,4,2,0
BRDA:16,4,3,0
BRDA:17,5,0,0
BRDA:17,5,1,0
BRDA:18,6,0,0
BRDA:18,6,1,0
BRDA:18,7,0,0
BRDA:18,7,1,0
BRDA:18,8,0,0
BRDA:18,8,1,0
BRDA:18,9,0,0
BRDA:18,9,1,0
BRDA:19,10,0,0
BRDA:19,10,1,0
BRDA:19,11,0,0
BRDA:19,11,1,0
BRDA:20,12,0,0
BRDA:20,12,1,0
BRDA:20,13,0,0
BRDA:20,13,1,0
BRDA:21,14,0,0
BRDA:21,14,1,0
BRDA:21,15,0,0
BRDA:21,15,1,0
BRDA:21,16,0,0
BRDA:21,16,1,0
BRDA:22,17,0,0
BRDA:22,17,1,0
BRDA:22,18,0,0
BRDA:22,18,1,0
BRDA:23,19,0,0
BRDA:23,19,1,0
BRDA:23,20,0,0
BRDA:23,20,1,0
BRF:45
BRH:0
end_of_record
TN:
SF:emails\requestCompletedEmail.js
FN:3,sendRequestCompletedEmail
FNF:1
FNH:0
FNDA:0,sendRequestCompletedEmail
DA:1,0
DA:4,0
DA:16,0
LF:3
LH:0
BRF:0
BRH:0
end_of_record
TN:
SF:helpers\errorCodes.js
FN:58,getHttpStatus
FNF:1
FNH:0
FNDA:0,getHttpStatus
DA:7,0
DA:59,0
DA:105,0
DA:108,0
DA:109,0
LF:5
LH:0
BRDA:105,0,0,0
BRDA:105,0,1,0
BRF:2
BRH:0
end_of_record
TN:
SF:helpers\mockRequests.js
FN:13,(anonymous_0)
FN:29,normalizePage
FN:34,includesValue
FN:40,compareBySortField
FN:47,listMockRequests
FN:49,(anonymous_5)
FN:82,(anonymous_6)
FN:99,getMockRequestById
FN:100,(anonymous_8)
FN:103,deleteMockRequest
FN:104,(anonymous_10)
FNF:11
FNH:0
FNDA:0,(anonymous_0)
FNDA:0,normalizePage
FNDA:0,includesValue
FNDA:0,compareBySortField
FNDA:0,listMockRequests
FNDA:0,(anonymous_5)
FNDA:0,(anonymous_6)
FNDA:0,getMockRequestById
FNDA:0,(anonymous_8)
FNDA:0,deleteMockRequest
FNDA:0,(anonymous_10)
DA:1,0
DA:2,0
DA:10,0
DA:11,0
DA:13,0
DA:14,0
DA:15,0
DA:17,0
DA:30,0
DA:31,0
DA:35,0
DA:38,0
DA:41,0
DA:42,0
DA:44,0
DA:48,0
DA:49,0
DA:50,0
DA:60,0
DA:61,0
DA:64,0
DA:66,0
DA:68,0
DA:70,0
DA:72,0
DA:76,0
DA:77,0
DA:78,0
DA:79,0
DA:81,0
DA:83,0
DA:84,0
DA:88,0
DA:100,0
DA:104,0
DA:105,0
DA:106,0
DA:108,0
DA:109,0
DA:112,0
LF:40
LH:0
BRDA:31,0,0,0
BRDA:31,0,1,0
BRDA:31,1,0,0
BRDA:31,1,1,0
BRDA:35,2,0,0
BRDA:35,2,1,0
BRDA:41,3,0,0
BRDA:41,3,1,0
BRDA:60,4,0,0
BRDA:60,4,1,0
BRDA:64,5,0,0
BRDA:64,5,1,0
BRDA:64,5,2,0
BRDA:64,5,3,0
BRDA:81,6,0,0
BRDA:81,6,1,0
BRDA:83,7,0,0
BRDA:83,7,1,0
BRDA:100,8,0,0
BRDA:100,8,1,0
BRDA:105,9,0,0
BRDA:105,9,1,0
BRF:22
BRH:0
end_of_record
TN:
SF:helpers\thaiDateTime.js
FN:1,pad
FN:5,formatThaiDateTime
FNF:2
FNH:0
FNDA:0,pad
FNDA:0,formatThaiDateTime
DA:2,0
DA:6,0
DA:8,0
DA:9,0
DA:11,0
DA:15,1
LF:6
LH:1
BRDA:1,0,0,0
BRDA:6,1,0,0
BRDA:6,1,1,0
BRDA:6,2,0,0
BRDA:6,2,1,0
BRDA:6,2,2,0
BRDA:8,3,0,0
BRDA:8,3,1,0
BRDA:9,4,0,0
BRDA:9,4,1,0
BRF:10
BRH:0
end_of_record
TN:
SF:helpers\tokenValidator.js
FN:28,validateToken
FNF:1
FNH:0
FNDA:0,validateToken
DA:1,0
DA:2,0
DA:3,0
DA:4,0
DA:29,0
DA:31,0
DA:34,0
DA:36,0
DA:37,0
DA:45,0
DA:46,0
DA:49,0
DA:50,0
DA:60,0
DA:69,0
DA:70,0
DA:71,0
DA:76,0
DA:85,0
DA:86,0
DA:92,0
DA:101,0
DA:102,0
DA:108,0
DA:117,0
DA:118,0
DA:124,0
DA:133,0
DA:134,0
DA:139,0
DA:148,0
DA:149,0
DA:150,0
DA:151,0
DA:157,0
DA:166,0
DA:172,0
DA:177,0
DA:182,0
DA:191,0
LF:40
LH:0
BRDA:36,0,0,0
BRDA:36,0,1,0
BRDA:49,1,0,0
BRDA:49,1,1,0
BRDA:49,2,0,0
BRDA:49,2,1,0
BRDA:49,2,2,0
BRDA:49,2,3,0
BRDA:70,3,0,0
BRDA:70,3,1,0
BRDA:85,4,0,0
BRDA:85,4,1,0
BRDA:101,5,0,0
BRDA:101,5,1,0
BRDA:117,6,0,0
BRDA:117,6,1,0
BRDA:133,7,0,0
BRDA:133,7,1,0
BRDA:148,8,0,0
BRDA:148,8,1,0
BRDA:150,9,0,0
BRDA:150,9,1,0
BRF:22
BRH:0
end_of_record
TN:
SF:middlewares\attachmentUpload.js
FN:8,(anonymous_0)
FN:9,(anonymous_1)
FN:13,(anonymous_2)
FNF:3
FNH:0
FNDA:0,(anonymous_0)
FNDA:0,(anonymous_1)
FNDA:0,(anonymous_2)
DA:1,0
DA:2,0
DA:3,0
DA:4,0
DA:5,0
DA:7,0
DA:9,0
DA:10,0
DA:14,0
DA:15,0
DA:19,0
DA:24,0
LF:12
LH:0
BRDA:20,0,0,0
BRDA:20,0,1,0
BRF:2
BRH:0
end_of_record
TN:
SF:middlewares\authentication.js
FN:24,authenticationMiddleware
FNF:1
FNH:0
FNDA:0,authenticationMiddleware
DA:1,0
DA:2,0
DA:3,0
DA:4,0
DA:5,0
DA:25,0
DA:27,0
DA:29,0
DA:31,0
DA:32,0
DA:38,0
DA:49,0
DA:50,0
DA:51,0
DA:57,0
DA:67,0
DA:70,0
DA:72,0
DA:73,0
DA:80,0
DA:92,0
DA:100,0
DA:108,0
DA:109,0
DA:111,0
DA:117,0
DA:127,0
DA:128,0
DA:134,0
DA:144,0
DA:146,0
DA:148,0
DA:153,0
DA:164,0
LF:34
LH:0
BRDA:25,0,0,0
BRDA:25,0,1,0
BRDA:31,1,0,0
BRDA:31,1,1,0
BRDA:50,2,0,0
BRDA:50,2,1,0
BRDA:50,3,0,0
BRDA:50,3,1,0
BRDA:72,4,0,0
BRDA:72,4,1,0
BRDA:83,5,0,0
BRDA:83,5,1,0
BRDA:84,6,0,0
BRDA:84,6,1,0
BRDA:95,7,0,0
BRDA:95,7,1,0
BRDA:95,7,2,0
BRDA:95,7,3,0
BRDA:97,8,0,0
BRDA:97,8,1,0
BRDA:127,9,0,0
BRDA:127,9,1,0
BRF:22
BRH:0
end_of_record
TN:
SF:middlewares\correlationId.js
FN:19,correlationIdMiddleware
FNF:1
FNH:0
FNDA:0,correlationIdMiddleware
DA:1,0
DA:22,0
DA:27,0
DA:30,0
DA:32,0
DA:35,0
LF:6
LH:0
BRDA:22,0,0,0
BRDA:22,0,1,0
BRDA:22,0,2,0
BRF:3
BRH:0
end_of_record
TN:
SF:middlewares\cors.js
FN:19,(anonymous_0)
FN:58,corsMiddleware
FNF:2
FNH:0
FNDA:0,(anonymous_0)
FNDA:0,corsMiddleware
DA:1,0
DA:2,0
DA:3,0
DA:18,0
DA:20,0
DA:23,0
DA:24,0
DA:28,0
DA:29,0
DA:33,0
DA:38,0
DA:39,0
DA:59,0
DA:62,0
LF:14
LH:0
BRDA:23,0,0,0
BRDA:23,0,1,0
BRDA:28,1,0,0
BRDA:28,1,1,0
BRF:4
BRH:0
end_of_record
TN:
SF:middlewares\errorHandler.js
FN:21,errorResponse
FN:32,databaseErrorDetails
FN:37,(anonymous_2)
FN:64,errorHandlerMiddleware
FNF:4
FNH:0
FNDA:0,errorResponse
FNDA:0,databaseErrorDetails
FNDA:0,(anonymous_2)
FNDA:0,errorHandlerMiddleware
DA:1,0
DA:2,0
DA:3,0
DA:22,0
DA:33,0
DA:34,0
DA:36,0
DA:37,0
DA:45,0
DA:65,0
DA:66,0
DA:69,0
DA:80,0
DA:81,0
DA:82,0
DA:86,0
DA:89,0
DA:91,0
DA:93,0
DA:94,0
DA:99,0
DA:105,0
DA:106,0
DA:107,0
DA:110,0
DA:113,0
LF:26
LH:0
BRDA:25,0,0,0
BRDA:25,0,1,0
BRDA:26,1,0,0
BRDA:26,1,1,0
BRDA:33,2,0,0
BRDA:33,2,1,0
BRDA:34,3,0,0
BRDA:34,3,1,0
BRDA:36,4,0,0
BRDA:36,4,1,0
BRDA:65,5,0,0
BRDA:65,5,1,0
BRDA:71,6,0,0
BRDA:71,6,1,0
BRDA:72,7,0,0
BRDA:72,7,1,0
BRDA:80,8,0,0
BRDA:80,8,1,0
BRDA:81,9,0,0
BRDA:81,9,1,0
BRDA:81,10,0,0
BRDA:81,10,1,0
BRDA:86,11,0,0
BRDA:86,11,1,0
BRDA:89,12,0,0
BRDA:89,12,1,0
BRDA:91,13,0,0
BRDA:91,13,1,0
BRDA:93,14,0,0
BRDA:93,14,1,0
BRF:30
BRH:0
end_of_record
TN:
SF:middlewares\requestLogger.js
FN:20,requestLoggerMiddleware
FN:27,(anonymous_1)
FN:30,(anonymous_2)
FNF:3
FNH:0
FNDA:0,requestLoggerMiddleware
FNDA:0,(anonymous_1)
FNDA:0,(anonymous_2)
DA:1,0
DA:2,0
DA:21,0
DA:22,0
DA:23,0
DA:24,0
DA:27,0
DA:28,0
DA:30,0
DA:31,0
DA:39,0
DA:42,0
LF:12
LH:0
BRDA:21,0,0,0
BRDA:21,0,1,0
BRF:2
BRH:0
end_of_record
TN:
SF:models\approval.js
FN:3,(anonymous_0)
FNF:1
FNH:0
FNDA:0,(anonymous_0)
DA:1,1
DA:3,1
DA:4,0
LF:3
LH:2
BRF:0
BRH:0
end_of_record
TN:
SF:models\attachment.js
FN:3,(anonymous_0)
FNF:1
FNH:0
FNDA:0,(anonymous_0)
DA:1,1
DA:3,1
DA:4,0
LF:3
LH:2
BRF:0
BRH:0
end_of_record
TN:
SF:models\costCenterMapping.js
FN:5,(anonymous_0)
FNF:1
FNH:0
FNDA:0,(anonymous_0)
DA:1,1
DA:5,1
DA:6,0
LF:3
LH:2
BRF:0
BRH:0
end_of_record
TN:
SF:models\customer.js
FN:3,(anonymous_0)
FNF:1
FNH:0
FNDA:0,(anonymous_0)
DA:1,1
DA:3,1
DA:4,0
LF:3
LH:2
BRF:0
BRH:0
end_of_record
TN:
SF:models\email.js
FN:3,(anonymous_0)
FNF:1
FNH:0
FNDA:0,(anonymous_0)
DA:1,1
DA:3,1
DA:4,0
LF:3
LH:2
BRF:0
BRH:0
end_of_record
TN:
SF:models\employee.js
FN:4,(anonymous_0)
FNF:1
FNH:0
FNDA:0,(anonymous_0)
DA:1,1
DA:4,1
DA:5,0
LF:3
LH:2
BRF:0
BRH:0
end_of_record
TN:
SF:models\index.js
FN:28,initModels
FN:121,getModels
FN:128,isModelsInitialized
FN:132,resetModels
FNF:4
FNH:0
FNDA:0,initModels
FNDA:0,getModels
FNDA:0,isModelsInitialized
FNDA:0,resetModels
DA:1,1
DA:2,1
DA:3,1
DA:4,1
DA:5,1
DA:6,1
DA:7,1
DA:8,1
DA:9,1
DA:10,1
DA:11,1
DA:12,1
DA:13,1
DA:14,1
DA:15,1
DA:16,1
DA:17,1
DA:18,1
DA:19,1
DA:26,1
DA:29,0
DA:30,0
DA:31,0
DA:32,0
DA:33,0
DA:34,0
DA:35,0
DA:36,0
DA:37,0
DA:38,0
DA:39,0
DA:40,0
DA:41,0
DA:42,0
DA:43,0
DA:44,0
DA:45,0
DA:46,0
DA:47,0
DA:50,0
DA:51,0
DA:54,0
DA:57,0
DA:58,0
DA:61,0
DA:64,0
DA:65,0
DA:67,0
DA:68,0
DA:69,0
DA:70,0
DA:71,0
DA:72,0
DA:73,0
DA:74,0
DA:75,0
DA:76,0
DA:77,0
DA:78,0
DA:79,0
DA:80,0
DA:81,0
DA:83,0
DA:84,0
DA:86,0
DA:87,0
DA:90,0
DA:91,0
DA:94,0
DA:95,0
DA:97,0
DA:118,0
DA:122,0
DA:123,0
DA:125,0
DA:129,0
DA:133,0
DA:136,1
LF:78
LH:21
BRDA:122,0,0,0
BRDA:122,0,1,0
BRF:2
BRH:0
end_of_record
TN:
SF:models\log.js
FN:3,(anonymous_0)
FNF:1
FNH:0
FNDA:0,(anonymous_0)
DA:1,1
DA:3,1
DA:4,0
LF:3
LH:2
BRF:0
BRH:0
end_of_record
TN:
SF:models\logType.js
FN:3,(anonymous_0)
FNF:1
FNH:0
FNDA:0,(anonymous_0)
DA:1,1
DA:3,1
DA:4,0
LF:3
LH:2
BRF:0
BRH:0
end_of_record
TN:
SF:models\permission.js
FN:3,(anonymous_0)
FNF:1
FNH:0
FNDA:0,(anonymous_0)
DA:1,1
DA:3,1
DA:4,0
LF:3
LH:2
BRF:0
BRH:0
end_of_record
TN:
SF:models\rating.js
FN:3,(anonymous_0)
FNF:1
FNH:0
FNDA:0,(anonymous_0)
DA:1,1
DA:3,1
DA:4,0
LF:3
LH:2
BRF:0
BRH:0
end_of_record
TN:
SF:models\request.js
FN:3,(anonymous_0)
FNF:1
FNH:0
FNDA:0,(anonymous_0)
DA:1,1
DA:3,1
DA:4,0
LF:3
LH:2
BRF:0
BRH:0
end_of_record
TN:
SF:models\role.js
FN:3,(anonymous_0)
FNF:1
FNH:0
FNDA:0,(anonymous_0)
DA:1,1
DA:3,1
DA:4,0
LF:3
LH:2
BRF:0
BRH:0
end_of_record
TN:
SF:models\rolePermission.js
FN:5,(anonymous_0)
FNF:1
FNH:0
FNDA:0,(anonymous_0)
DA:1,1
DA:5,1
DA:6,0
LF:3
LH:2
BRF:0
BRH:0
end_of_record
TN:
SF:models\size.js
FN:3,(anonymous_0)
FNF:1
FNH:0
FNDA:0,(anonymous_0)
DA:1,1
DA:3,1
DA:4,0
LF:3
LH:2
BRF:0
BRH:0
end_of_record
TN:
SF:models\status.js
FN:3,(anonymous_0)
FNF:1
FNH:0
FNDA:0,(anonymous_0)
DA:1,1
DA:3,1
DA:4,0
LF:3
LH:2
BRF:0
BRH:0
end_of_record
TN:
SF:models\term.js
FN:3,(anonymous_0)
FNF:1
FNH:0
FNDA:0,(anonymous_0)
DA:1,1
DA:3,1
DA:4,0
LF:3
LH:2
BRF:0
BRH:0
end_of_record
TN:
SF:models\user.js
FN:4,(anonymous_0)
FNF:1
FNH:0
FNDA:0,(anonymous_0)
DA:1,1
DA:4,1
DA:5,0
LF:3
LH:2
BRF:0
BRH:0
end_of_record
TN:
SF:models\userPermission.js
FN:5,(anonymous_0)
FNF:1
FNH:0
FNDA:0,(anonymous_0)
DA:1,1
DA:5,1
DA:6,0
LF:3
LH:2
BRF:0
BRH:0
end_of_record
TN:
SF:models\userRole.js
FN:5,(anonymous_0)
FNF:1
FNH:0
FNDA:0,(anonymous_0)
DA:1,1
DA:5,1
DA:6,0
LF:3
LH:2
BRF:0
BRH:0
end_of_record
TN:
SF:routes\index.js
FNF:0
FNH:0
DA:1,0
DA:2,0
DA:3,0
DA:14,0
DA:20,0
DA:21,0
DA:23,0
DA:26,0
DA:29,0
DA:31,0
DA:33,0
DA:34,0
DA:37,0
LF:13
LH:0
BRF:0
BRH:0
end_of_record
TN:
SF:routes\dev\authRoute.js
FNF:0
FNH:0
DA:1,0
DA:2,0
DA:3,0
DA:10,0
DA:17,0
DA:19,0
LF:6
LH:0
BRF:0
BRH:0
end_of_record
TN:
SF:routes\dev\customerRoute.js
FNF:0
FNH:0
DA:1,0
DA:2,0
DA:3,0
DA:5,0
DA:7,0
DA:8,0
DA:9,0
DA:10,0
DA:11,0
DA:13,0
LF:10
LH:0
BRF:0
BRH:0
end_of_record
TN:
SF:routes\dev\docsRoute.js
FN:32,(anonymous_0)
FNF:1
FNH:0
FNDA:0,(anonymous_0)
DA:1,0
DA:2,0
DA:3,0
DA:10,0
DA:13,0
DA:20,0
DA:21,0
DA:32,0
DA:33,0
DA:34,0
DA:37,0
LF:11
LH:0
BRF:0
BRH:0
end_of_record
TN:
SF:routes\dev\healthRoute.js
FNF:0
FNH:0
DA:1,0
DA:2,0
DA:9,0
DA:16,0
DA:24,0
DA:26,0
LF:6
LH:0
BRF:0
BRH:0
end_of_record
TN:
SF:routes\dev\homeRoute.js
FNF:0
FNH:0
DA:1,0
DA:2,0
DA:9,0
DA:16,0
DA:18,0
LF:5
LH:0
BRF:0
BRH:0
end_of_record
TN:
SF:routes\dev\index.js
FNF:0
FNH:0
DA:1,0
DA:2,0
DA:3,0
DA:4,0
DA:5,0
DA:6,0
DA:7,0
DA:8,0
DA:9,0
DA:10,0
DA:21,0
DA:24,0
DA:25,0
DA:26,0
DA:27,0
DA:28,0
DA:29,0
DA:30,0
DA:31,0
DA:32,0
DA:34,0
LF:21
LH:0
BRF:0
BRH:0
end_of_record
TN:
SF:routes\dev\permissionRoute.js
FNF:0
FNH:0
DA:1,0
DA:2,0
DA:3,0
DA:10,0
DA:12,0
DA:13,0
DA:15,0
LF:7
LH:0
BRF:0
BRH:0
end_of_record
TN:
SF:routes\dev\requestRoute.js
FNF:0
FNH:0
DA:1,0
DA:2,0
DA:3,0
DA:4,0
DA:5,0
DA:6,0
DA:7,0
DA:8,0
DA:10,0
DA:12,0
DA:13,0
DA:14,0
DA:15,0
DA:16,0
DA:17,0
DA:18,0
DA:19,0
DA:20,0
DA:21,0
DA:22,0
DA:23,0
DA:24,0
DA:25,0
DA:26,0
DA:27,0
DA:28,0
DA:29,0
DA:30,0
DA:31,0
DA:32,0
DA:33,0
DA:34,0
DA:35,0
DA:36,0
DA:37,0
DA:39,0
LF:36
LH:0
BRF:0
BRH:0
end_of_record
TN:
SF:routes\dev\sessionRoute.js
FNF:0
FNH:0
DA:1,0
DA:2,0
DA:3,0
DA:10,0
DA:18,0
DA:20,0
LF:6
LH:0
BRF:0
BRH:0
end_of_record
TN:
SF:routes\dev\userRoute.js
FNF:0
FNH:0
DA:1,0
DA:2,0
DA:3,0
DA:5,0
DA:6,0
DA:7,0
DA:8,0
DA:9,0
DA:10,0
DA:11,0
DA:12,0
DA:13,0
LF:12
LH:0
BRF:0
BRH:0
end_of_record
TN:
SF:routes\prd\authRoute.js
FNF:0
FNH:0
DA:1,0
DA:2,0
DA:3,0
DA:5,0
DA:6,0
DA:8,0
LF:6
LH:0
BRF:0
BRH:0
end_of_record
TN:
SF:routes\prd\customerRoute.js
FNF:0
FNH:0
DA:1,0
DA:2,0
DA:3,0
DA:5,0
DA:7,0
DA:8,0
DA:9,0
DA:10,0
DA:11,0
DA:13,0
LF:10
LH:0
BRF:0
BRH:0
end_of_record
TN:
SF:routes\prd\docsRoute.js
FN:15,(anonymous_0)
FNF:1
FNH:0
FNDA:0,(anonymous_0)
DA:1,0
DA:2,0
DA:3,0
DA:5,0
DA:6,0
DA:8,0
DA:9,0
DA:15,0
DA:16,0
DA:17,0
DA:20,0
LF:11
LH:0
BRF:0
BRH:0
end_of_record
TN:
SF:routes\prd\healthRoute.js
FNF:0
FNH:0
DA:1,0
DA:2,0
DA:4,0
DA:5,0
DA:6,0
DA:8,0
LF:6
LH:0
BRF:0
BRH:0
end_of_record
TN:
SF:routes\prd\homeRoute.js
FNF:0
FNH:0
DA:1,0
DA:2,0
DA:4,0
DA:5,0
DA:7,0
LF:5
LH:0
BRF:0
BRH:0
end_of_record
TN:
SF:routes\prd\index.js
FNF:0
FNH:0
DA:1,0
DA:2,0
DA:3,0
DA:4,0
DA:5,0
DA:6,0
DA:7,0
DA:8,0
DA:9,0
DA:10,0
DA:21,0
DA:24,0
DA:25,0
DA:26,0
DA:27,0
DA:28,0
DA:29,0
DA:30,0
DA:31,0
DA:32,0
DA:34,0
LF:21
LH:0
BRF:0
BRH:0
end_of_record
TN:
SF:routes\prd\permissionRoute.js
FNF:0
FNH:0
DA:1,0
DA:2,0
DA:3,0
DA:10,0
DA:12,0
DA:13,0
DA:15,0
LF:7
LH:0
BRF:0
BRH:0
end_of_record
TN:
SF:routes\prd\requestRoute.js
FNF:0
FNH:0
DA:1,0
DA:2,0
DA:3,0
DA:4,0
DA:5,0
DA:6,0
DA:7,0
DA:8,0
DA:9,0
DA:10,0
DA:11,0
DA:13,0
DA:15,0
DA:16,0
DA:17,0
DA:18,0
DA:19,0
DA:20,0
DA:21,0
DA:22,0
DA:23,0
DA:24,0
DA:25,0
DA:26,0
DA:27,0
DA:28,0
DA:29,0
DA:30,0
DA:31,0
DA:32,0
DA:33,0
DA:34,0
DA:35,0
DA:36,0
DA:37,0
DA:39,0
LF:36
LH:0
BRF:0
BRH:0
end_of_record
TN:
SF:routes\prd\sessionRoute.js
FNF:0
FNH:0
DA:1,0
DA:2,0
DA:3,0
DA:5,0
DA:6,0
DA:8,0
LF:6
LH:0
BRF:0
BRH:0
end_of_record
TN:
SF:routes\prd\userRoute.js
FNF:0
FNH:0
DA:1,0
DA:2,0
DA:3,0
DA:4,0
DA:5,0
DA:6,0
DA:7,0
DA:8,0
DA:9,0
DA:10,0
DA:11,0
DA:12,0
LF:12
LH:0
BRF:0
BRH:0
end_of_record
TN:
SF:routes\qas\authRoute.js
FNF:0
FNH:0
DA:1,0
DA:2,0
DA:3,0
DA:5,0
DA:6,0
DA:8,0
LF:6
LH:0
BRF:0
BRH:0
end_of_record
TN:
SF:routes\qas\customerRoute.js
FNF:0
FNH:0
DA:1,0
DA:2,0
DA:3,0
DA:5,0
DA:7,0
DA:8,0
DA:9,0
DA:10,0
DA:11,0
DA:13,0
LF:10
LH:0
BRF:0
BRH:0
end_of_record
TN:
SF:routes\qas\docsRoute.js
FN:15,(anonymous_0)
FNF:1
FNH:0
FNDA:0,(anonymous_0)
DA:1,0
DA:2,0
DA:3,0
DA:5,0
DA:6,0
DA:8,0
DA:9,0
DA:15,0
DA:16,0
DA:17,0
DA:20,0
LF:11
LH:0
BRF:0
BRH:0
end_of_record
TN:
SF:routes\qas\healthRoute.js
FNF:0
FNH:0
DA:1,0
DA:2,0
DA:4,0
DA:5,0
DA:6,0
DA:8,0
LF:6
LH:0
BRF:0
BRH:0
end_of_record
TN:
SF:routes\qas\homeRoute.js
FNF:0
FNH:0
DA:1,0
DA:2,0
DA:4,0
DA:5,0
DA:7,0
LF:5
LH:0
BRF:0
BRH:0
end_of_record
TN:
SF:routes\qas\index.js
FNF:0
FNH:0
DA:1,0
DA:2,0
DA:3,0
DA:4,0
DA:5,0
DA:6,0
DA:7,0
DA:8,0
DA:9,0
DA:10,0
DA:21,0
DA:24,0
DA:25,0
DA:26,0
DA:27,0
DA:28,0
DA:29,0
DA:30,0
DA:31,0
DA:32,0
DA:34,0
LF:21
LH:0
BRF:0
BRH:0
end_of_record
TN:
SF:routes\qas\permissionRoute.js
FNF:0
FNH:0
DA:1,0
DA:2,0
DA:3,0
DA:10,0
DA:12,0
DA:13,0
DA:15,0
LF:7
LH:0
BRF:0
BRH:0
end_of_record
TN:
SF:routes\qas\requestRoute.js
FNF:0
FNH:0
DA:1,0
DA:2,0
DA:3,0
DA:4,0
DA:5,0
DA:6,0
DA:7,0
DA:8,0
DA:9,0
DA:10,0
DA:11,0
DA:13,0
DA:15,0
DA:16,0
DA:17,0
DA:18,0
DA:19,0
DA:20,0
DA:21,0
DA:22,0
DA:23,0
DA:24,0
DA:25,0
DA:26,0
DA:27,0
DA:28,0
DA:29,0
DA:30,0
DA:31,0
DA:32,0
DA:33,0
DA:34,0
DA:35,0
DA:36,0
DA:37,0
DA:39,0
LF:36
LH:0
BRF:0
BRH:0
end_of_record
TN:
SF:routes\qas\sessionRoute.js
FNF:0
FNH:0
DA:1,0
DA:2,0
DA:3,0
DA:5,0
DA:6,0
DA:8,0
LF:6
LH:0
BRF:0
BRH:0
end_of_record
TN:
SF:routes\qas\userRoute.js
FNF:0
FNH:0
DA:1,0
DA:2,0
DA:3,0
DA:4,0
DA:5,0
DA:6,0
DA:7,0
DA:8,0
DA:9,0
DA:10,0
DA:11,0
DA:12,0
LF:12
LH:0
BRF:0
BRH:0
end_of_record
TN:
SF:services\attachmentService.js
FN:9,resourceNotFound
FN:16,formatUpdatedDate
FN:30,(anonymous_2)
FN:30,(anonymous_3)
FN:35,mapAttachment
FN:53,attachmentInclude
FN:62,attachmentAttributes
FN:82,attachmentCreateFields
FN:106,assertActiveRequest
FN:118,listAttachments
FN:131,removeStoredFiles
FN:132,(anonymous_11)
FN:132,(anonymous_12)
FN:135,removeUploadedFiles
FN:137,(anonymous_14)
FN:138,(anonymous_15)
FN:145,storeFiles
FN:147,(anonymous_17)
FN:150,(anonymous_18)
FN:165,createAttachments
FN:235,getAttachmentDownload
FN:277,softDeleteAttachment
FN:290,cloneFinancialAnalysisAttachments
FN:395,(anonymous_23)
FN:398,(anonymous_24)
FN:399,(anonymous_25)
FN:400,(anonymous_26)
FNF:27
FNH:0
FNDA:0,resourceNotFound
FNDA:0,formatUpdatedDate
FNDA:0,(anonymous_2)
FNDA:0,(anonymous_3)
FNDA:0,mapAttachment
FNDA:0,attachmentInclude
FNDA:0,attachmentAttributes
FNDA:0,attachmentCreateFields
FNDA:0,assertActiveRequest
FNDA:0,listAttachments
FNDA:0,removeStoredFiles
FNDA:0,(anonymous_11)
FNDA:0,(anonymous_12)
FNDA:0,removeUploadedFiles
FNDA:0,(anonymous_14)
FNDA:0,(anonymous_15)
FNDA:0,storeFiles
FNDA:0,(anonymous_17)
FNDA:0,(anonymous_18)
FNDA:0,createAttachments
FNDA:0,getAttachmentDownload
FNDA:0,softDeleteAttachment
FNDA:0,cloneFinancialAnalysisAttachments
FNDA:0,(anonymous_23)
FNDA:0,(anonymous_24)
FNDA:0,(anonymous_25)
FNDA:0,(anonymous_26)
DA:1,0
DA:2,0
DA:3,0
DA:4,0
DA:5,0
DA:6,0
DA:7,0
DA:10,0
DA:11,0
DA:12,0
DA:13,0
DA:17,0
DA:19,0
DA:20,0
DA:22,0
DA:30,0
DA:32,0
DA:36,0
DA:37,0
DA:38,0
DA:40,0
DA:54,0
DA:63,0
DA:75,0
DA:76,0
DA:79,0
DA:83,0
DA:97,0
DA:99,0
DA:100,0
DA:103,0
DA:107,0
DA:108,0
DA:113,0
DA:114,0
DA:119,0
DA:120,0
DA:121,0
DA:128,0
DA:132,0
DA:136,0
DA:137,0
DA:138,0
DA:139,0
DA:142,0
DA:146,0
DA:147,0
DA:150,0
DA:151,0
DA:152,0
DA:153,0
DA:166,0
DA:167,0
DA:169,0
DA:170,0
DA:171,0
DA:172,0
DA:173,0
DA:176,0
DA:178,0
DA:179,0
DA:180,0
DA:181,0
DA:182,0
DA:183,0
DA:184,0
DA:201,0
DA:202,0
DA:207,0
DA:211,0
DA:213,0
DA:215,0
DA:221,0
DA:223,0
DA:224,0
DA:225,0
DA:227,0
DA:230,0
DA:231,0
DA:236,0
DA:237,0
DA:238,0
DA:243,0
DA:244,0
DA:247,0
DA:248,0
DA:249,0
DA:250,0
DA:253,0
DA:254,0
DA:257,0
DA:258,0
DA:259,0
DA:262,0
DA:263,0
DA:264,0
DA:265,0
DA:272,0
DA:273,0
DA:278,0
DA:279,0
DA:280,0
DA:285,0
DA:286,0
DA:291,0
DA:292,0
DA:293,0
DA:294,0
DA:302,0
DA:304,0
DA:305,0
DA:306,0
DA:307,0
DA:323,0
DA:324,0
DA:325,0
DA:328,0
DA:329,0
DA:330,0
DA:331,0
DA:332,0
DA:333,0
DA:339,0
DA:340,0
DA:341,0
DA:342,0
DA:343,0
DA:350,0
DA:357,0
DA:359,0
DA:360,0
DA:361,0
DA:362,0
DA:365,0
DA:366,0
DA:387,0
DA:389,0
DA:390,0
DA:395,0
DA:397,0
DA:398,0
DA:399,0
DA:400,0
DA:401,0
DA:405,0
LF:145
LH:0
BRDA:17,0,0,0
BRDA:17,0,1,0
BRDA:20,1,0,0
BRDA:20,1,1,0
BRDA:30,2,0,0
BRDA:30,2,1,0
BRDA:36,3,0,0
BRDA:36,3,1,0
BRDA:37,4,0,0
BRDA:37,4,1,0
BRDA:38,5,0,0
BRDA:38,5,1,0
BRDA:43,6,0,0
BRDA:43,6,1,0
BRDA:44,7,0,0
BRDA:44,7,1,0
BRDA:75,8,0,0
BRDA:75,8,1,0
BRDA:99,9,0,0
BRDA:99,9,1,0
BRDA:113,10,0,0
BRDA:113,10,1,0
BRDA:136,11,0,0
BRDA:136,11,1,0
BRDA:146,12,0,0
BRDA:146,12,1,0
BRDA:169,13,0,0
BRDA:169,13,1,0
BRDA:197,14,0,0
BRDA:197,14,1,0
BRDA:198,15,0,0
BRDA:198,15,1,0
BRDA:198,15,2,0
BRDA:199,16,0,0
BRDA:199,16,1,0
BRDA:199,16,2,0
BRDA:201,17,0,0
BRDA:201,17,1,0
BRDA:223,18,0,0
BRDA:223,18,1,0
BRDA:223,19,0,0
BRDA:223,19,1,0
BRDA:230,20,0,0
BRDA:230,20,1,0
BRDA:243,21,0,0
BRDA:243,21,1,0
BRDA:248,22,0,0
BRDA:248,22,1,0
BRDA:249,23,0,0
BRDA:249,23,1,0
BRDA:249,24,0,0
BRDA:249,24,1,0
BRDA:257,25,0,0
BRDA:257,25,1,0
BRDA:258,26,0,0
BRDA:258,26,1,0
BRDA:258,27,0,0
BRDA:258,27,1,0
BRDA:268,28,0,0
BRDA:268,28,1,0
BRDA:272,29,0,0
BRDA:272,29,1,0
BRDA:285,30,0,0
BRDA:285,30,1,0
BRDA:323,31,0,0
BRDA:323,31,1,0
BRDA:331,32,0,0
BRDA:331,32,1,0
BRDA:331,32,2,0
BRDA:339,33,0,0
BRDA:339,33,1,0
BRDA:348,34,0,0
BRDA:348,34,1,0
BRDA:359,35,0,0
BRDA:359,35,1,0
BRDA:370,36,0,0
BRDA:370,36,1,0
BRDA:382,37,0,0
BRDA:382,37,1,0
BRDA:397,38,0,0
BRDA:397,38,1,0
BRDA:397,39,0,0
BRDA:397,39,1,0
BRDA:398,40,0,0
BRDA:398,40,1,0
BRF:85
BRH:0
end_of_record
TN:
SF:services\customerService.js
FN:31,normalizePage
FN:36,normalizeQuickFilters
FN:38,(anonymous_2)
FN:50,dateRangeCondition
FN:60,buildWhere
FN:63,(anonymous_5)
FN:114,(anonymous_6)
FN:120,buildIncludes
FN:129,buildAttributes
FN:135,toNumber
FN:140,isNonBlank
FN:144,employeeName
FN:151,formatDate
FN:166,(anonymous_13)
FN:166,(anonymous_14)
FN:171,formatUpdatedDate
FN:189,(anonymous_16)
FN:189,(anonymous_17)
FN:194,mapCustomer
FN:212,buildOrder
FN:228,listCustomers
FN:253,getCustomerById
FN:264,validationError
FN:271,normalizeCustomerUpdate
FN:275,(anonymous_24)
FN:281,(anonymous_25)
FN:298,listEnabledSizes
FN:301,(anonymous_27)
FN:304,updateCustomer
FN:320,softDeleteCustomer
FNF:30
FNH:0
FNDA:0,normalizePage
FNDA:0,normalizeQuickFilters
FNDA:0,(anonymous_2)
FNDA:0,dateRangeCondition
FNDA:0,buildWhere
FNDA:0,(anonymous_5)
FNDA:0,(anonymous_6)
FNDA:0,buildIncludes
FNDA:0,buildAttributes
FNDA:0,toNumber
FNDA:0,isNonBlank
FNDA:0,employeeName
FNDA:0,formatDate
FNDA:0,(anonymous_13)
FNDA:0,(anonymous_14)
FNDA:0,formatUpdatedDate
FNDA:0,(anonymous_16)
FNDA:0,(anonymous_17)
FNDA:0,mapCustomer
FNDA:0,buildOrder
FNDA:0,listCustomers
FNDA:0,getCustomerById
FNDA:0,validationError
FNDA:0,normalizeCustomerUpdate
FNDA:0,(anonymous_24)
FNDA:0,(anonymous_25)
FNDA:0,listEnabledSizes
FNDA:0,(anonymous_27)
FNDA:0,updateCustomer
FNDA:0,softDeleteCustomer
DA:1,0
DA:2,0
DA:4,0
DA:10,0
DA:18,0
DA:24,0
DA:32,0
DA:33,0
DA:37,0
DA:38,0
DA:40,0
DA:41,0
DA:42,0
DA:43,0
DA:44,0
DA:47,0
DA:51,0
DA:52,0
DA:54,0
DA:55,0
DA:56,0
DA:57,0
DA:61,0
DA:63,0
DA:64,0
DA:65,0
DA:66,0
DA:70,0
DA:71,0
DA:72,0
DA:75,0
DA:76,0
DA:77,0
DA:80,0
DA:81,0
DA:82,0
DA:90,0
DA:93,0
DA:94,0
DA:95,0
DA:96,0
DA:100,0
DA:101,0
DA:102,0
DA:103,0
DA:106,0
DA:107,0
DA:108,0
DA:109,0
DA:112,0
DA:113,0
DA:114,0
DA:117,0
DA:121,0
DA:123,0
DA:130,0
DA:136,0
DA:137,0
DA:141,0
DA:145,0
DA:146,0
DA:148,0
DA:152,0
DA:153,0
DA:156,0
DA:157,0
DA:158,0
DA:161,0
DA:166,0
DA:168,0
DA:172,0
DA:173,0
DA:176,0
DA:177,0
DA:178,0
DA:181,0
DA:189,0
DA:191,0
DA:195,0
DA:213,0
DA:214,0
DA:217,0
DA:218,0
DA:219,0
DA:220,0
DA:221,0
DA:222,0
DA:225,0
DA:229,0
DA:230,0
DA:231,0
DA:232,0
DA:242,0
DA:254,0
DA:255,0
DA:261,0
DA:265,0
DA:266,0
DA:267,0
DA:268,0
DA:272,0
DA:273,0
DA:275,0
DA:276,0
DA:279,0
DA:280,0
DA:281,0
DA:282,0
DA:284,0
DA:285,0
DA:287,0
DA:288,0
DA:289,0
DA:290,0
DA:292,0
DA:295,0
DA:299,0
DA:300,0
DA:301,0
DA:305,0
DA:306,0
DA:308,0
DA:309,0
DA:310,0
DA:313,0
DA:317,0
DA:321,0
DA:322,0
DA:331,0
DA:334,0
LF:130
LH:0
BRDA:33,0,0,0
BRDA:33,0,1,0
BRDA:33,1,0,0
BRDA:33,1,1,0
BRDA:37,2,0,0
BRDA:37,2,1,0
BRDA:37,3,0,0
BRDA:37,3,1,0
BRDA:40,4,0,0
BRDA:40,4,1,0
BRDA:51,5,0,0
BRDA:51,5,1,0
BRDA:64,6,0,0
BRDA:64,6,1,0
BRDA:65,7,0,0
BRDA:65,7,1,0
BRDA:70,8,0,0
BRDA:70,8,1,0
BRDA:71,9,0,0
BRDA:71,9,1,0
BRDA:75,10,0,0
BRDA:75,10,1,0
BRDA:76,11,0,0
BRDA:76,11,1,0
BRDA:80,12,0,0
BRDA:80,12,1,0
BRDA:81,13,0,0
BRDA:81,13,1,0
BRDA:90,14,0,0
BRDA:90,14,1,0
BRDA:93,15,0,0
BRDA:93,15,1,0
BRDA:95,16,0,0
BRDA:95,16,1,0
BRDA:100,17,0,0
BRDA:100,17,1,0
BRDA:102,18,0,0
BRDA:102,18,1,0
BRDA:106,19,0,0
BRDA:106,19,1,0
BRDA:108,20,0,0
BRDA:108,20,1,0
BRDA:113,21,0,0
BRDA:113,21,1,0
BRDA:137,22,0,0
BRDA:137,22,1,0
BRDA:141,23,0,0
BRDA:141,23,1,0
BRDA:145,24,0,0
BRDA:145,24,1,0
BRDA:145,25,0,0
BRDA:145,25,1,0
BRDA:145,25,2,0
BRDA:152,26,0,0
BRDA:152,26,1,0
BRDA:157,27,0,0
BRDA:157,27,1,0
BRDA:166,28,0,0
BRDA:166,28,1,0
BRDA:172,29,0,0
BRDA:172,29,1,0
BRDA:177,30,0,0
BRDA:177,30,1,0
BRDA:189,31,0,0
BRDA:189,31,1,0
BRDA:197,32,0,0
BRDA:197,32,1,0
BRDA:198,33,0,0
BRDA:198,33,1,0
BRDA:201,34,0,0
BRDA:201,34,1,0
BRDA:202,35,0,0
BRDA:202,35,1,0
BRDA:203,36,0,0
BRDA:203,36,1,0
BRDA:204,37,0,0
BRDA:204,37,1,0
BRDA:205,38,0,0
BRDA:205,38,1,0
BRDA:206,39,0,0
BRDA:206,39,1,0
BRDA:213,40,0,0
BRDA:213,40,1,0
BRDA:218,41,0,0
BRDA:218,41,1,0
BRDA:225,42,0,0
BRDA:225,42,1,0
BRDA:261,43,0,0
BRDA:261,43,1,0
BRDA:276,44,0,0
BRDA:276,44,1,0
BRDA:279,45,0,0
BRDA:279,45,1,0
BRDA:280,46,0,0
BRDA:280,46,1,0
BRDA:280,47,0,0
BRDA:280,47,1,0
BRDA:282,48,0,0
BRDA:282,48,1,0
BRDA:282,49,0,0
BRDA:282,49,1,0
BRDA:284,50,0,0
BRDA:284,50,1,0
BRDA:284,51,0,0
BRDA:284,51,1,0
BRDA:284,51,2,0
BRDA:284,51,3,0
BRDA:287,52,0,0
BRDA:287,52,1,0
BRDA:287,53,0,0
BRDA:287,53,1,0
BRDA:287,53,2,0
BRDA:289,54,0,0
BRDA:289,54,1,0
BRDA:289,55,0,0
BRDA:289,55,1,0
BRDA:308,56,0,0
BRDA:308,56,1,0
BRDA:310,57,0,0
BRDA:310,57,1,0
BRDA:317,58,0,0
BRDA:317,58,1,0
BRF:122
BRH:0
end_of_record
TN:
SF:services\emailLogService.js
FN:10,sanitizeValue
FN:16,(anonymous_1)
FN:18,(anonymous_2)
FN:23,parseDescription
FN:31,employeeCode
FN:36,buildDescription
FN:69,createEmailLog
FN:88,updateEmailLog
FN:98,toEmailSummary
FN:118,listEmailLogs
FN:135,getEmailLog
FN:148,findEmailLogs
FNF:12
FNH:5
FNDA:40,sanitizeValue
FNDA:2,(anonymous_1)
FNDA:33,(anonymous_2)
FNDA:2,parseDescription
FNDA:0,employeeCode
FNDA:2,buildDescription
FNDA:0,createEmailLog
FNDA:0,updateEmailLog
FNDA:0,toEmailSummary
FNDA:0,listEmailLogs
FNDA:0,getEmailLog
FNDA:0,findEmailLogs
DA:1,1
DA:2,1
DA:3,1
DA:4,1
DA:6,1
DA:7,1
DA:8,1
DA:11,40
DA:12,39
DA:13,2
DA:14,0
DA:16,37
DA:17,29
DA:18,33
DA:20,21
DA:24,2
DA:25,2
DA:27,0
DA:32,0
DA:33,0
DA:37,2
DA:51,2
DA:52,2
DA:53,2
DA:62,2
DA:63,2
DA:64,0
DA:66,2
DA:70,0
DA:71,0
DA:72,0
DA:89,0
DA:90,0
DA:95,0
DA:99,0
DA:100,0
DA:101,0
DA:102,0
DA:119,0
DA:120,0
DA:121,0
DA:122,0
DA:123,0
DA:124,0
DA:125,0
DA:126,0
DA:130,0
DA:131,0
DA:132,0
DA:136,0
DA:137,0
DA:138,0
DA:139,0
DA:140,0
DA:141,0
DA:143,0
DA:144,0
DA:145,0
DA:149,0
DA:150,0
DA:153,1
LF:61
LH:24
BRDA:10,0,0,7
BRDA:11,1,0,1
BRDA:11,1,1,39
BRDA:12,2,0,2
BRDA:12,2,1,37
BRDA:12,3,0,39
BRDA:12,3,1,15
BRDA:13,4,0,2
BRDA:13,4,1,0
BRDA:13,5,0,2
BRDA:13,5,1,2
BRDA:16,6,0,8
BRDA:16,6,1,29
BRDA:17,7,0,8
BRDA:17,7,1,21
BRDA:17,8,0,29
BRDA:17,8,1,23
BRDA:25,9,0,2
BRDA:25,9,1,0
BRDA:27,10,0,0
BRDA:27,10,1,0
BRDA:32,11,0,0
BRDA:32,11,1,0
BRDA:33,12,0,0
BRDA:33,12,1,0
BRDA:42,13,0,2
BRDA:42,13,1,1
BRDA:44,14,0,2
BRDA:44,14,1,0
BRDA:45,15,0,2
BRDA:45,15,1,2
BRDA:46,16,0,2
BRDA:46,16,1,2
BRDA:47,17,0,2
BRDA:47,17,1,2
BRDA:48,18,0,0
BRDA:48,18,1,2
BRDA:48,19,0,0
BRDA:48,19,1,0
BRDA:49,20,0,2
BRDA:49,20,1,2
BRDA:56,21,0,2
BRDA:56,21,1,1
BRDA:63,22,0,0
BRDA:63,22,1,2
BRDA:66,23,0,2
BRDA:66,23,1,2
BRDA:66,24,0,0
BRDA:66,24,1,2
BRDA:66,25,0,0
BRDA:66,25,1,0
BRDA:66,26,0,0
BRDA:66,26,1,2
BRDA:66,27,0,0
BRDA:66,27,1,0
BRDA:77,28,0,0
BRDA:77,28,1,0
BRDA:100,29,0,0
BRDA:100,29,1,0
BRDA:107,30,0,0
BRDA:107,30,1,0
BRDA:107,31,0,0
BRDA:107,31,1,0
BRDA:107,32,0,0
BRDA:107,32,1,0
BRDA:108,33,0,0
BRDA:108,33,1,0
BRDA:108,33,2,0
BRDA:109,34,0,0
BRDA:109,34,1,0
BRDA:109,34,2,0
BRDA:110,35,0,0
BRDA:110,35,1,0
BRDA:110,35,2,0
BRDA:111,36,0,0
BRDA:111,36,1,0
BRDA:111,36,2,0
BRDA:111,36,3,0
BRDA:112,37,0,0
BRDA:112,37,1,0
BRDA:118,38,0,0
BRDA:120,39,0,0
BRDA:120,39,1,0
BRDA:121,40,0,0
BRDA:121,40,1,0
BRDA:123,41,0,0
BRDA:123,41,1,0
BRDA:125,42,0,0
BRDA:125,42,1,0
BRDA:126,43,0,0
BRDA:126,43,1,0
BRDA:138,44,0,0
BRDA:138,44,1,0
BRDA:145,45,0,0
BRDA:145,45,1,0
BRF:95
BRH:36
end_of_record
TN:
SF:services\emailService.js
FN:48,missingValue
FN:52,normalizeValue
FN:56,(anonymous_2)
FN:61,normalizeEmailList
FN:64,(anonymous_4)
FN:65,(anonymous_5)
FN:68,(anonymous_6)
FN:74,normalizeModel
FN:80,(anonymous_8)
FN:86,subjectPrefix
FN:94,resolveRecipients
FN:106,resolveTemplate
FN:116,createEmailService
FN:117,sendEmail
FNF:14
FNH:0
FNDA:0,missingValue
FNDA:0,normalizeValue
FNDA:0,(anonymous_2)
FNDA:0,normalizeEmailList
FNDA:0,(anonymous_4)
FNDA:0,(anonymous_5)
FNDA:0,(anonymous_6)
FNDA:0,normalizeModel
FNDA:0,(anonymous_8)
FNDA:0,subjectPrefix
FNDA:0,resolveRecipients
FNDA:0,resolveTemplate
FNDA:0,createEmailService
FNDA:0,sendEmail
DA:1,0
DA:2,0
DA:3,0
DA:4,0
DA:5,0
DA:7,0
DA:8,0
DA:49,0
DA:53,0
DA:54,0
DA:55,0
DA:56,0
DA:58,0
DA:62,0
DA:63,0
DA:64,0
DA:65,0
DA:68,0
DA:69,0
DA:71,0
DA:75,0
DA:76,0
DA:79,0
DA:80,0
DA:81,0
DA:83,0
DA:87,0
DA:95,0
DA:96,0
DA:97,0
DA:98,0
DA:101,0
DA:102,0
DA:103,0
DA:107,0
DA:108,0
DA:110,0
DA:111,0
DA:112,0
DA:113,0
DA:118,0
DA:119,0
DA:120,0
DA:122,0
DA:123,0
DA:124,0
DA:125,0
DA:127,0
DA:128,0
DA:129,0
DA:130,0
DA:131,0
DA:132,0
DA:133,0
DA:134,0
DA:135,0
DA:137,0
DA:138,0
DA:142,0
DA:145,0
DA:147,0
LF:61
LH:0
BRDA:49,0,0,0
BRDA:49,0,1,0
BRDA:49,0,2,0
BRDA:49,0,3,0
BRDA:53,1,0,0
BRDA:53,1,1,0
BRDA:54,2,0,0
BRDA:54,2,1,0
BRDA:55,3,0,0
BRDA:55,3,1,0
BRDA:55,4,0,0
BRDA:55,4,1,0
BRDA:62,5,0,0
BRDA:62,5,1,0
BRDA:62,6,0,0
BRDA:62,6,1,0
BRDA:68,7,0,0
BRDA:68,7,1,0
BRDA:74,8,0,0
BRDA:75,9,0,0
BRDA:75,9,1,0
BRDA:75,10,0,0
BRDA:75,10,1,0
BRDA:75,10,2,0
BRDA:81,11,0,0
BRDA:81,11,1,0
BRDA:94,12,0,0
BRDA:95,13,0,0
BRDA:95,13,1,0
BRDA:95,14,0,0
BRDA:95,14,1,0
BRDA:97,15,0,0
BRDA:97,15,1,0
BRDA:102,16,0,0
BRDA:102,16,1,0
BRDA:107,17,0,0
BRDA:107,17,1,0
BRDA:107,18,0,0
BRDA:107,18,1,0
BRDA:112,19,0,0
BRDA:112,19,1,0
BRDA:116,20,0,0
BRDA:116,21,0,0
BRDA:116,22,0,0
BRDA:119,23,0,0
BRDA:119,23,1,0
BRDA:120,24,0,0
BRDA:120,24,1,0
BRDA:123,25,0,0
BRDA:123,25,1,0
BRDA:124,26,0,0
BRDA:124,26,1,0
BRDA:125,27,0,0
BRDA:125,27,1,0
BRDA:130,28,0,0
BRDA:130,28,1,0
BRDA:130,29,0,0
BRDA:130,29,1,0
BRDA:131,30,0,0
BRDA:131,30,1,0
BRDA:134,31,0,0
BRDA:134,31,1,0
BRDA:137,32,0,0
BRDA:137,32,1,0
BRF:64
BRH:0
end_of_record
TN:
SF:services\eventLogService.js
FN:15,requestIdFromPath
FN:20,isEventLogReadRequest
FN:27,logTypeForStatus
FN:33,actionFromRequest
FN:44,categoryFromPath
FN:56,uploadedFiles
FN:58,(anonymous_6)
FN:65,serializeDescription
FN:96,employeeCode
FN:101,normalizePage
FN:106,parseDescription
FN:114,mapEventLog
FN:132,assertActiveRequest
FN:147,listRequestEvents
FN:168,(anonymous_14)
FN:169,(anonymous_15)
FN:192,(anonymous_16)
FN:202,getRequestEvent
FN:220,persistRequestEvent
FNF:19
FNH:0
FNDA:0,requestIdFromPath
FNDA:0,isEventLogReadRequest
FNDA:0,logTypeForStatus
FNDA:0,actionFromRequest
FNDA:0,categoryFromPath
FNDA:0,uploadedFiles
FNDA:0,(anonymous_6)
FNDA:0,serializeDescription
FNDA:0,employeeCode
FNDA:0,normalizePage
FNDA:0,parseDescription
FNDA:0,mapEventLog
FNDA:0,assertActiveRequest
FNDA:0,listRequestEvents
FNDA:0,(anonymous_14)
FNDA:0,(anonymous_15)
FNDA:0,(anonymous_16)
FNDA:0,getRequestEvent
FNDA:0,persistRequestEvent
DA:1,0
DA:2,0
DA:3,0
DA:4,0
DA:5,0
DA:7,0
DA:13,0
DA:16,0
DA:17,0
DA:21,0
DA:28,0
DA:29,0
DA:30,0
DA:34,0
DA:37,0
DA:41,0
DA:45,0
DA:48,0
DA:53,0
DA:57,0
DA:58,0
DA:66,0
DA:67,0
DA:68,0
DA:70,0
DA:85,0
DA:87,0
DA:88,0
DA:97,0
DA:98,0
DA:102,0
DA:103,0
DA:107,0
DA:108,0
DA:110,0
DA:115,0
DA:116,0
DA:117,0
DA:118,0
DA:120,0
DA:133,0
DA:134,0
DA:139,0
DA:140,0
DA:141,0
DA:142,0
DA:143,0
DA:148,0
DA:149,0
DA:150,0
DA:151,0
DA:152,0
DA:154,0
DA:155,0
DA:158,0
DA:159,0
DA:160,0
DA:161,0
DA:162,0
DA:163,0
DA:165,0
DA:166,0
DA:167,0
DA:168,0
DA:169,0
DA:170,0
DA:179,0
DA:180,0
DA:183,0
DA:191,0
DA:192,0
DA:203,0
DA:204,0
DA:205,0
DA:210,0
DA:211,0
DA:212,0
DA:213,0
DA:214,0
DA:217,0
DA:221,0
DA:223,0
DA:224,0
DA:227,0
DA:229,0
DA:230,0
DA:231,0
DA:233,0
DA:234,0
DA:237,0
DA:256,0
DA:257,0
DA:258,0
DA:273,0
LF:94
LH:0
BRDA:16,0,0,0
BRDA:16,0,1,0
BRDA:17,1,0,0
BRDA:17,1,1,0
BRDA:22,2,0,0
BRDA:22,2,1,0
BRDA:23,3,0,0
BRDA:23,3,1,0
BRDA:28,4,0,0
BRDA:28,4,1,0
BRDA:29,5,0,0
BRDA:29,5,1,0
BRDA:34,6,0,0
BRDA:34,6,1,0
BRDA:41,7,0,0
BRDA:41,7,1,0
BRDA:45,8,0,0
BRDA:45,8,1,0
BRDA:53,9,0,0
BRDA:53,9,1,0
BRDA:57,10,0,0
BRDA:57,10,1,0
BRDA:68,11,0,0
BRDA:68,11,1,0
BRDA:79,12,0,0
BRDA:79,12,1,0
BRDA:87,13,0,0
BRDA:87,13,1,0
BRDA:97,14,0,0
BRDA:97,14,1,0
BRDA:98,15,0,0
BRDA:98,15,1,0
BRDA:103,16,0,0
BRDA:103,16,1,0
BRDA:103,17,0,0
BRDA:103,17,1,0
BRDA:114,18,0,0
BRDA:115,19,0,0
BRDA:115,19,1,0
BRDA:116,20,0,0
BRDA:116,20,1,0
BRDA:118,21,0,0
BRDA:118,21,1,0
BRDA:118,22,0,0
BRDA:118,22,1,0
BRDA:118,23,0,0
BRDA:118,23,1,0
BRDA:128,24,0,0
BRDA:128,24,1,0
BRDA:139,25,0,0
BRDA:139,25,1,0
BRDA:154,26,0,0
BRDA:154,26,1,0
BRDA:158,27,0,0
BRDA:158,27,1,0
BRDA:159,28,0,0
BRDA:159,28,1,0
BRDA:165,29,0,0
BRDA:165,29,1,0
BRDA:179,30,0,0
BRDA:179,30,1,0
BRDA:210,31,0,0
BRDA:210,31,1,0
BRDA:221,32,0,0
BRDA:221,32,1,0
BRDA:223,33,0,0
BRDA:223,33,1,0
BRDA:233,34,0,0
BRDA:233,34,1,0
BRDA:238,35,0,0
BRDA:238,35,1,0
BRDA:242,36,0,0
BRDA:242,36,1,0
BRDA:243,37,0,0
BRDA:243,37,1,0
BRDA:250,38,0,0
BRDA:250,38,1,0
BRF:77
BRH:0
end_of_record
TN:
SF:services\permissionService.js
FN:11,getRoleGrantedPermissionIds
FN:18,(anonymous_1)
FN:33,(anonymous_2)
FN:39,getEffectivePermissions
FN:47,(anonymous_4)
FN:57,updateRolePermissions
FN:65,(anonymous_6)
FN:73,(anonymous_7)
FN:78,(anonymous_8)
FN:80,(anonymous_9)
FN:88,(anonymous_10)
FNF:11
FNH:0
FNDA:0,getRoleGrantedPermissionIds
FNDA:0,(anonymous_1)
FNDA:0,(anonymous_2)
FNDA:0,getEffectivePermissions
FNDA:0,(anonymous_4)
FNDA:0,updateRolePermissions
FNDA:0,(anonymous_6)
FNDA:0,(anonymous_7)
FNDA:0,(anonymous_8)
FNDA:0,(anonymous_9)
FNDA:0,(anonymous_10)
DA:1,0
DA:2,0
DA:3,0
DA:4,0
DA:12,0
DA:14,0
DA:18,0
DA:20,0
DA:21,0
DA:24,0
DA:33,0
DA:40,0
DA:42,0
DA:47,0
DA:58,0
DA:59,0
DA:61,0
DA:65,0
DA:66,0
DA:67,0
DA:68,0
DA:69,0
DA:70,0
DA:73,0
DA:74,0
DA:78,0
DA:80,0
DA:81,0
DA:82,0
DA:83,0
DA:84,0
DA:85,0
DA:88,0
DA:89,0
DA:90,0
DA:91,0
DA:93,0
DA:94,0
DA:97,0
DA:101,0
DA:104,0
LF:41
LH:0
BRDA:20,0,0,0
BRDA:20,0,1,0
BRDA:66,1,0,0
BRDA:66,1,1,0
BRDA:81,2,0,0
BRDA:81,2,1,0
BRDA:93,3,0,0
BRDA:93,3,1,0
BRDA:97,4,0,0
BRDA:97,4,1,0
BRF:10
BRH:0
end_of_record
TN:
SF:services\requestEmailModelService.js
FN:3,isMissing
FN:7,valueOrDash
FN:11,isEnabled
FN:15,formatDate
FN:24,formatMoney
FN:31,mapRequestToEmailModel
FN:83,getRequestEmailModel
FNF:7
FNH:0
FNDA:0,isMissing
FNDA:0,valueOrDash
FNDA:0,isEnabled
FNDA:0,formatDate
FNDA:0,formatMoney
FNDA:0,mapRequestToEmailModel
FNDA:0,getRequestEmailModel
DA:1,0
DA:4,0
DA:8,0
DA:12,0
DA:16,0
DA:17,0
DA:18,0
DA:19,0
DA:20,0
DA:21,0
DA:25,0
DA:26,0
DA:27,0
DA:28,0
DA:32,0
DA:34,0
DA:35,0
DA:36,0
DA:37,0
DA:38,0
DA:39,0
DA:40,0
DA:42,0
DA:84,0
DA:86,0
DA:87,0
DA:100,0
DA:103,0
LF:28
LH:0
BRDA:4,0,0,0
BRDA:4,0,1,0
BRDA:4,0,2,0
BRDA:4,0,3,0
BRDA:8,1,0,0
BRDA:8,1,1,0
BRDA:12,2,0,0
BRDA:12,2,1,0
BRDA:12,2,2,0
BRDA:12,2,3,0
BRDA:16,3,0,0
BRDA:16,3,1,0
BRDA:18,4,0,0
BRDA:18,4,1,0
BRDA:25,5,0,0
BRDA:25,5,1,0
BRDA:27,6,0,0
BRDA:27,6,1,0
BRDA:31,7,0,0
BRDA:32,8,0,0
BRDA:32,8,1,0
BRDA:65,9,0,0
BRDA:65,9,1,0
BRDA:65,9,2,0
BRDA:70,10,0,0
BRDA:70,10,1,0
BRDA:70,10,2,0
BRDA:70,10,3,0
BRDA:83,11,0,0
BRDA:84,12,0,0
BRDA:84,12,1,0
BRDA:84,13,0,0
BRDA:84,13,1,0
BRF:33
BRH:0
end_of_record
TN:
SF:services\requestMetadataService.js
FN:3,mapOption
FN:7,mapRatingOption
FN:11,listEnabledStatuses
FN:20,listEnabledLogTypes
FN:29,listEnabledRatings
FN:38,listTerms
FNF:6
FNH:0
FNDA:0,mapOption
FNDA:0,mapRatingOption
FNDA:0,listEnabledStatuses
FNDA:0,listEnabledLogTypes
FNDA:0,listEnabledRatings
FNDA:0,listTerms
DA:1,0
DA:4,0
DA:8,0
DA:12,0
DA:13,0
DA:17,0
DA:21,0
DA:22,0
DA:26,0
DA:30,0
DA:31,0
DA:35,0
DA:39,0
DA:40,0
DA:41,0
DA:44,0
LF:16
LH:0
BRDA:8,0,0,0
BRDA:8,0,1,0
BRF:2
BRH:0
end_of_record
TN:
SF:services\requestService.js
FN:59,normalizePage
FN:64,normalizeQuickFilters
FN:66,(anonymous_2)
FN:78,nonBlankName
FN:82,buildWhere
FN:109,(anonymous_5)
FN:116,(anonymous_6)
FN:123,(anonymous_7)
FN:136,(anonymous_8)
FN:180,buildIncludes
FN:197,toNumber
FN:202,isNonBlank
FN:206,employeeName
FN:213,salesGroupName
FN:223,formatUpdatedDate
FN:241,(anonymous_15)
FN:241,(anonymous_16)
FN:246,formatDate
FN:252,customerSizeIdForCapital
FN:258,mapRequest
FN:369,formatCompanyCode
FN:378,getCompanyCode
FN:398,buildOrder
FN:414,listRequests
FN:438,getRequestById
FN:453,findPreviousFinancialStatementYear
FN:476,listApprovalHistory
FN:599,getApprovalSubmitOptions
FN:641,normalizeSubmitSteps
FN:643,(anonymous_29)
FN:666,(anonymous_30)
FN:666,(anonymous_31)
FN:667,(anonymous_32)
FN:670,(anonymous_33)
FN:670,(anonymous_34)
FN:671,(anonymous_35)
FN:677,submitRequest
FN:737,(anonymous_37)
FN:777,(anonymous_38)
FN:778,(anonymous_39)
FN:779,(anonymous_40)
FN:844,validationError
FN:851,notFoundError
FN:858,conflictError
FN:865,databaseDateFromYmd
FN:870,normalizeCloneDate
FN:876,normalizeRequestCustomerInfo
FN:889,(anonymous_47)
FN:929,updateRequestCustomerInfo
FN:954,normalizeCreditSuggestionId
FN:960,normalizeRequestCreditSuggestion
FN:972,(anonymous_51)
FN:980,(anonymous_52)
FN:1003,(anonymous_53)
FN:1019,(anonymous_54)
FN:1032,(anonymous_55)
FN:1057,updateRequestCreditSuggestion
FN:1078,(anonymous_57)
FN:1097,normalizeBooleanField
FN:1103,deriveScoringRating
FN:1104,(anonymous_60)
FN:1118,normalizeRequestScoringAndPayment
FN:1129,(anonymous_62)
FN:1135,(anonymous_63)
FN:1142,(anonymous_64)
FN:1146,(anonymous_65)
FN:1159,(anonymous_66)
FN:1162,(anonymous_67)
FN:1176,(anonymous_68)
FN:1193,updateRequestScoringAndPayment
FN:1218,normalizeRequestedAmount
FN:1227,normalizeRequestRequestedDetails
FN:1235,(anonymous_72)
FN:1240,(anonymous_73)
FN:1249,(anonymous_74)
FN:1261,(anonymous_75)
FN:1267,updateRequestRequestedDetails
FN:1301,cloneRequestData
FN:1322,(anonymous_78)
FN:1336,(anonymous_79)
FN:1348,cancelRequest
FN:1363,normalizeApprovalBoolean
FN:1370,normalizeApprovalAmount
FN:1379,normalizeApprovalDate
FN:1391,normalizeApprovalId
FN:1397,normalizeApprovalUpdate
FN:1442,processApprovalAction
FNF:87
FNH:0
FNDA:0,normalizePage
FNDA:0,normalizeQuickFilters
FNDA:0,(anonymous_2)
FNDA:0,nonBlankName
FNDA:0,buildWhere
FNDA:0,(anonymous_5)
FNDA:0,(anonymous_6)
FNDA:0,(anonymous_7)
FNDA:0,(anonymous_8)
FNDA:0,buildIncludes
FNDA:0,toNumber
FNDA:0,isNonBlank
FNDA:0,employeeName
FNDA:0,salesGroupName
FNDA:0,formatUpdatedDate
FNDA:0,(anonymous_15)
FNDA:0,(anonymous_16)
FNDA:0,formatDate
FNDA:0,customerSizeIdForCapital
FNDA:0,mapRequest
FNDA:0,formatCompanyCode
FNDA:0,getCompanyCode
FNDA:0,buildOrder
FNDA:0,listRequests
FNDA:0,getRequestById
FNDA:0,findPreviousFinancialStatementYear
FNDA:0,listApprovalHistory
FNDA:0,getApprovalSubmitOptions
FNDA:0,normalizeSubmitSteps
FNDA:0,(anonymous_29)
FNDA:0,(anonymous_30)
FNDA:0,(anonymous_31)
FNDA:0,(anonymous_32)
FNDA:0,(anonymous_33)
FNDA:0,(anonymous_34)
FNDA:0,(anonymous_35)
FNDA:0,submitRequest
FNDA:0,(anonymous_37)
FNDA:0,(anonymous_38)
FNDA:0,(anonymous_39)
FNDA:0,(anonymous_40)
FNDA:0,validationError
FNDA:0,notFoundError
FNDA:0,conflictError
FNDA:0,databaseDateFromYmd
FNDA:0,normalizeCloneDate
FNDA:0,normalizeRequestCustomerInfo
FNDA:0,(anonymous_47)
FNDA:0,updateRequestCustomerInfo
FNDA:0,normalizeCreditSuggestionId
FNDA:0,normalizeRequestCreditSuggestion
FNDA:0,(anonymous_51)
FNDA:0,(anonymous_52)
FNDA:0,(anonymous_53)
FNDA:0,(anonymous_54)
FNDA:0,(anonymous_55)
FNDA:0,updateRequestCreditSuggestion
FNDA:0,(anonymous_57)
FNDA:0,normalizeBooleanField
FNDA:0,deriveScoringRating
FNDA:0,(anonymous_60)
FNDA:0,normalizeRequestScoringAndPayment
FNDA:0,(anonymous_62)
FNDA:0,(anonymous_63)
FNDA:0,(anonymous_64)
FNDA:0,(anonymous_65)
FNDA:0,(anonymous_66)
FNDA:0,(anonymous_67)
FNDA:0,(anonymous_68)
FNDA:0,updateRequestScoringAndPayment
FNDA:0,normalizeRequestedAmount
FNDA:0,normalizeRequestRequestedDetails
FNDA:0,(anonymous_72)
FNDA:0,(anonymous_73)
FNDA:0,(anonymous_74)
FNDA:0,(anonymous_75)
FNDA:0,updateRequestRequestedDetails
FNDA:0,cloneRequestData
FNDA:0,(anonymous_78)
FNDA:0,(anonymous_79)
FNDA:0,cancelRequest
FNDA:0,normalizeApprovalBoolean
FNDA:0,normalizeApprovalAmount
FNDA:0,normalizeApprovalDate
FNDA:0,normalizeApprovalId
FNDA:0,normalizeApprovalUpdate
FNDA:0,processApprovalAction
DA:1,0
DA:2,0
DA:3,0
DA:4,0
DA:5,0
DA:7,0
DA:8,0
DA:9,0
DA:10,0
DA:11,0
DA:12,0
DA:13,0
DA:14,0
DA:15,0
DA:16,0
DA:17,0
DA:18,0
DA:19,0
DA:20,0
DA:21,0
DA:34,0
DA:39,0
DA:51,0
DA:60,0
DA:61,0
DA:65,0
DA:66,0
DA:68,0
DA:69,0
DA:70,0
DA:71,0
DA:72,0
DA:75,0
DA:79,0
DA:83,0
DA:85,0
DA:86,0
DA:87,0
DA:88,0
DA:89,0
DA:90,0
DA:91,0
DA:94,0
DA:95,0
DA:96,0
DA:97,0
DA:109,0
DA:110,0
DA:111,0
DA:112,0
DA:116,0
DA:117,0
DA:118,0
DA:119,0
DA:123,0
DA:124,0
DA:125,0
DA:126,0
DA:129,0
DA:130,0
DA:131,0
DA:132,0
DA:136,0
DA:137,0
DA:138,0
DA:139,0
DA:140,0
DA:149,0
DA:150,0
DA:151,0
DA:152,0
DA:153,0
DA:154,0
DA:157,0
DA:158,0
DA:159,0
DA:161,0
DA:162,0
DA:164,0
DA:165,0
DA:170,0
DA:171,0
DA:174,0
DA:177,0
DA:181,0
DA:183,0
DA:198,0
DA:199,0
DA:203,0
DA:207,0
DA:208,0
DA:210,0
DA:214,0
DA:220,0
DA:224,0
DA:225,0
DA:228,0
DA:229,0
DA:230,0
DA:233,0
DA:241,0
DA:243,0
DA:247,0
DA:248,0
DA:249,0
DA:253,0
DA:254,0
DA:255,0
DA:259,0
DA:260,0
DA:261,0
DA:262,0
DA:263,0
DA:264,0
DA:265,0
DA:266,0
DA:267,0
DA:270,0
DA:272,0
DA:370,0
DA:371,0
DA:373,0
DA:374,0
DA:375,0
DA:379,0
DA:381,0
DA:395,0
DA:399,0
DA:400,0
DA:403,0
DA:404,0
DA:405,0
DA:406,0
DA:407,0
DA:408,0
DA:411,0
DA:415,0
DA:416,0
DA:417,0
DA:418,0
DA:427,0
DA:439,0
DA:440,0
DA:445,0
DA:447,0
DA:448,0
DA:449,0
DA:450,0
DA:454,0
DA:457,0
DA:459,0
DA:470,0
DA:471,0
DA:472,0
DA:473,0
DA:477,0
DA:600,0
DA:601,0
DA:607,0
DA:609,0
DA:633,0
DA:642,0
DA:643,0
DA:644,0
DA:645,0
DA:647,0
DA:648,0
DA:650,0
DA:651,0
DA:652,0
DA:653,0
DA:655,0
DA:656,0
DA:658,0
DA:666,0
DA:667,0
DA:668,0
DA:670,0
DA:671,0
DA:672,0
DA:674,0
DA:678,0
DA:679,0
DA:681,0
DA:682,0
DA:683,0
DA:684,0
DA:685,0
DA:686,0
DA:687,0
DA:688,0
DA:689,0
DA:691,0
DA:692,0
DA:695,0
DA:696,0
DA:697,0
DA:698,0
DA:699,0
DA:704,0
DA:706,0
DA:707,0
DA:710,0
DA:723,0
DA:724,0
DA:725,0
DA:726,0
DA:727,0
DA:728,0
DA:729,0
DA:731,0
DA:732,0
DA:737,0
DA:738,0
DA:739,0
DA:742,0
DA:743,0
DA:749,0
DA:775,0
DA:777,0
DA:778,0
DA:779,0
DA:780,0
DA:781,0
DA:784,0
DA:796,0
DA:797,0
DA:836,0
DA:837,0
DA:839,0
DA:840,0
DA:845,0
DA:846,0
DA:847,0
DA:848,0
DA:852,0
DA:853,0
DA:854,0
DA:855,0
DA:859,0
DA:860,0
DA:861,0
DA:862,0
DA:866,0
DA:867,0
DA:871,0
DA:872,0
DA:873,0
DA:877,0
DA:887,0
DA:889,0
DA:890,0
DA:893,0
DA:894,0
DA:895,0
DA:897,0
DA:898,0
DA:899,0
DA:901,0
DA:902,0
DA:904,0
DA:905,0
DA:907,0
DA:909,0
DA:910,0
DA:912,0
DA:916,0
DA:917,0
DA:920,0
DA:921,0
DA:923,0
DA:924,0
DA:926,0
DA:930,0
DA:931,0
DA:932,0
DA:934,0
DA:935,0
DA:936,0
DA:937,0
DA:938,0
DA:939,0
DA:941,0
DA:942,0
DA:943,0
DA:946,0
DA:947,0
DA:950,0
DA:951,0
DA:955,0
DA:956,0
DA:957,0
DA:961,0
DA:970,0
DA:972,0
DA:973,0
DA:976,0
DA:977,0
DA:978,0
DA:980,0
DA:981,0
DA:982,0
DA:983,0
DA:984,0
DA:988,0
DA:989,0
DA:990,0
DA:992,0
DA:993,0
DA:994,0
DA:996,0
DA:999,0
DA:1004,0
DA:1005,0
DA:1006,0
DA:1007,0
DA:1008,0
DA:1010,0
DA:1011,0
DA:1012,0
DA:1014,0
DA:1017,0
DA:1020,0
DA:1021,0
DA:1022,0
DA:1023,0
DA:1025,0
DA:1026,0
DA:1027,0
DA:1029,0
DA:1032,0
DA:1033,0
DA:1034,0
DA:1035,0
DA:1036,0
DA:1038,0
DA:1039,0
DA:1041,0
DA:1042,0
DA:1043,0
DA:1047,0
DA:1048,0
DA:1050,0
DA:1051,0
DA:1054,0
DA:1058,0
DA:1059,0
DA:1060,0
DA:1062,0
DA:1063,0
DA:1064,0
DA:1065,0
DA:1066,0
DA:1067,0
DA:1069,0
DA:1070,0
DA:1071,0
DA:1073,0
DA:1074,0
DA:1075,0
DA:1078,0
DA:1079,0
DA:1080,0
DA:1084,0
DA:1085,0
DA:1088,0
DA:1098,0
DA:1099,0
DA:1100,0
DA:1104,0
DA:1105,0
DA:1106,0
DA:1107,0
DA:1109,0
DA:1111,0
DA:1112,0
DA:1113,0
DA:1114,0
DA:1115,0
DA:1119,0
DA:1122,0
DA:1126,0
DA:1128,0
DA:1129,0
DA:1130,0
DA:1133,0
DA:1135,0
DA:1136,0
DA:1137,0
DA:1138,0
DA:1142,0
DA:1143,0
DA:1146,0
DA:1147,0
DA:1149,0
DA:1150,0
DA:1153,0
DA:1154,0
DA:1155,0
DA:1158,0
DA:1159,0
DA:1160,0
DA:1162,0
DA:1165,0
DA:1166,0
DA:1167,0
DA:1168,0
DA:1169,0
DA:1172,0
DA:1176,0
DA:1177,0
DA:1178,0
DA:1179,0
DA:1180,0
DA:1181,0
DA:1183,0
DA:1184,0
DA:1185,0
DA:1187,0
DA:1190,0
DA:1194,0
DA:1195,0
DA:1196,0
DA:1198,0
DA:1199,0
DA:1200,0
DA:1201,0
DA:1202,0
DA:1203,0
DA:1205,0
DA:1206,0
DA:1207,0
DA:1210,0
DA:1211,0
DA:1214,0
DA:1215,0
DA:1219,0
DA:1220,0
DA:1221,0
DA:1222,0
DA:1224,0
DA:1228,0
DA:1234,0
DA:1235,0
DA:1236,0
DA:1238,0
DA:1240,0
DA:1241,0
DA:1242,0
DA:1244,0
DA:1247,0
DA:1250,0
DA:1251,0
DA:1252,0
DA:1253,0
DA:1254,0
DA:1256,0
DA:1257,0
DA:1260,0
DA:1262,0
DA:1264,0
DA:1268,0
DA:1269,0
DA:1270,0
DA:1271,0
DA:1272,0
DA:1273,0
DA:1274,0
DA:1275,0
DA:1276,0
DA:1278,0
DA:1279,0
DA:1280,0
DA:1282,0
DA:1283,0
DA:1284,0
DA:1286,0
DA:1287,0
DA:1290,0
DA:1302,0
DA:1303,0
DA:1304,0
DA:1308,0
DA:1309,0
DA:1310,0
DA:1311,0
DA:1312,0
DA:1313,0
DA:1315,0
DA:1316,0
DA:1317,0
DA:1318,0
DA:1319,0
DA:1321,0
DA:1322,0
DA:1323,0
DA:1324,0
DA:1325,0
DA:1326,0
DA:1328,0
DA:1329,0
DA:1331,0
DA:1332,0
DA:1333,0
DA:1335,0
DA:1336,0
DA:1337,0
DA:1338,0
DA:1339,0
DA:1340,0
DA:1341,0
DA:1343,0
DA:1344,0
DA:1349,0
DA:1351,0
DA:1360,0
DA:1364,0
DA:1365,0
DA:1366,0
DA:1367,0
DA:1371,0
DA:1372,0
DA:1373,0
DA:1374,0
DA:1376,0
DA:1380,0
DA:1381,0
DA:1382,0
DA:1384,0
DA:1385,0
DA:1386,0
DA:1388,0
DA:1392,0
DA:1393,0
DA:1394,0
DA:1398,0
DA:1399,0
DA:1400,0
DA:1403,0
DA:1426,0
DA:1427,0
DA:1429,0
DA:1430,0
DA:1432,0
DA:1433,0
DA:1435,0
DA:1436,0
DA:1439,0
DA:1443,0
DA:1444,0
DA:1446,0
DA:1447,0
DA:1449,0
DA:1451,0
DA:1452,0
DA:1453,0
DA:1454,0
DA:1455,0
DA:1465,0
DA:1509,0
DA:1510,0
DA:1511,0
DA:1512,0
DA:1513,0
DA:1514,0
DA:1517,0
DA:1518,0
DA:1529,0
DA:1537,0
DA:1538,0
DA:1541,0
DA:1553,0
DA:1554,0
DA:1555,0
DA:1566,0
DA:1567,0
DA:1568,0
DA:1571,0
DA:1575,0
DA:1577,0
DA:1578,0
DA:1586,0
DA:1587,0
DA:1601,0
DA:1602,0
DA:1613,0
DA:1614,0
DA:1616,0
DA:1617,0
DA:1621,0
LF:590
LH:0
BRDA:61,0,0,0
BRDA:61,0,1,0
BRDA:61,1,0,0
BRDA:61,1,1,0
BRDA:65,2,0,0
BRDA:65,2,1,0
BRDA:65,3,0,0
BRDA:65,3,1,0
BRDA:68,4,0,0
BRDA:68,4,1,0
BRDA:85,5,0,0
BRDA:85,5,1,0
BRDA:86,6,0,0
BRDA:86,6,1,0
BRDA:88,7,0,0
BRDA:88,7,1,0
BRDA:89,8,0,0
BRDA:89,8,1,0
BRDA:90,9,0,0
BRDA:90,9,1,0
BRDA:94,10,0,0
BRDA:94,10,1,0
BRDA:95,11,0,0
BRDA:95,11,1,0
BRDA:110,12,0,0
BRDA:110,12,1,0
BRDA:111,13,0,0
BRDA:111,13,1,0
BRDA:117,14,0,0
BRDA:117,14,1,0
BRDA:118,15,0,0
BRDA:118,15,1,0
BRDA:124,16,0,0
BRDA:124,16,1,0
BRDA:125,17,0,0
BRDA:125,17,1,0
BRDA:130,18,0,0
BRDA:130,18,1,0
BRDA:131,19,0,0
BRDA:131,19,1,0
BRDA:137,20,0,0
BRDA:137,20,1,0
BRDA:138,21,0,0
BRDA:138,21,1,0
BRDA:139,22,0,0
BRDA:139,22,1,0
BRDA:149,23,0,0
BRDA:149,23,1,0
BRDA:150,24,0,0
BRDA:150,24,1,0
BRDA:158,25,0,0
BRDA:158,25,1,0
BRDA:161,26,0,0
BRDA:161,26,1,0
BRDA:164,27,0,0
BRDA:164,27,1,0
BRDA:170,28,0,0
BRDA:170,28,1,0
BRDA:199,29,0,0
BRDA:199,29,1,0
BRDA:203,30,0,0
BRDA:203,30,1,0
BRDA:207,31,0,0
BRDA:207,31,1,0
BRDA:207,32,0,0
BRDA:207,32,1,0
BRDA:207,32,2,0
BRDA:220,33,0,0
BRDA:220,33,1,0
BRDA:224,34,0,0
BRDA:224,34,1,0
BRDA:229,35,0,0
BRDA:229,35,1,0
BRDA:241,36,0,0
BRDA:241,36,1,0
BRDA:247,37,0,0
BRDA:247,37,1,0
BRDA:249,38,0,0
BRDA:249,38,1,0
BRDA:253,39,0,0
BRDA:253,39,1,0
BRDA:254,40,0,0
BRDA:254,40,1,0
BRDA:259,41,0,0
BRDA:259,41,1,0
BRDA:260,42,0,0
BRDA:260,42,1,0
BRDA:261,43,0,0
BRDA:261,43,1,0
BRDA:262,44,0,0
BRDA:262,44,1,0
BRDA:263,45,0,0
BRDA:263,45,1,0
BRDA:264,46,0,0
BRDA:264,46,1,0
BRDA:265,47,0,0
BRDA:265,47,1,0
BRDA:267,48,0,0
BRDA:267,48,1,0
BRDA:267,49,0,0
BRDA:267,49,1,0
BRDA:274,50,0,0
BRDA:274,50,1,0
BRDA:275,51,0,0
BRDA:275,51,1,0
BRDA:276,52,0,0
BRDA:276,52,1,0
BRDA:278,53,0,0
BRDA:278,53,1,0
BRDA:279,54,0,0
BRDA:279,54,1,0
BRDA:280,55,0,0
BRDA:280,55,1,0
BRDA:281,56,0,0
BRDA:281,56,1,0
BRDA:282,57,0,0
BRDA:282,57,1,0
BRDA:282,58,0,0
BRDA:282,58,1,0
BRDA:284,59,0,0
BRDA:284,59,1,0
BRDA:285,60,0,0
BRDA:285,60,1,0
BRDA:285,61,0,0
BRDA:285,61,1,0
BRDA:287,62,0,0
BRDA:287,62,1,0
BRDA:288,63,0,0
BRDA:288,63,1,0
BRDA:289,64,0,0
BRDA:289,64,1,0
BRDA:290,65,0,0
BRDA:290,65,1,0
BRDA:291,66,0,0
BRDA:291,66,1,0
BRDA:292,67,0,0
BRDA:292,67,1,0
BRDA:294,68,0,0
BRDA:294,68,1,0
BRDA:295,69,0,0
BRDA:295,69,1,0
BRDA:296,70,0,0
BRDA:296,70,1,0
BRDA:297,71,0,0
BRDA:297,71,1,0
BRDA:300,72,0,0
BRDA:300,72,1,0
BRDA:302,73,0,0
BRDA:302,73,1,0
BRDA:303,74,0,0
BRDA:303,74,1,0
BRDA:304,75,0,0
BRDA:304,75,1,0
BRDA:305,76,0,0
BRDA:305,76,1,0
BRDA:306,77,0,0
BRDA:306,77,1,0
BRDA:320,78,0,0
BRDA:320,78,1,0
BRDA:321,79,0,0
BRDA:321,79,1,0
BRDA:322,80,0,0
BRDA:322,80,1,0
BRDA:323,81,0,0
BRDA:323,81,1,0
BRDA:325,82,0,0
BRDA:325,82,1,0
BRDA:326,83,0,0
BRDA:326,83,1,0
BRDA:326,84,0,0
BRDA:326,84,1,0
BRDA:329,85,0,0
BRDA:329,85,1,0
BRDA:334,86,0,0
BRDA:334,86,1,0
BRDA:335,87,0,0
BRDA:335,87,1,0
BRDA:337,88,0,0
BRDA:337,88,1,0
BRDA:338,89,0,0
BRDA:338,89,1,0
BRDA:342,90,0,0
BRDA:342,90,1,0
BRDA:343,91,0,0
BRDA:343,91,1,0
BRDA:348,92,0,0
BRDA:348,92,1,0
BRDA:349,93,0,0
BRDA:349,93,1,0
BRDA:351,94,0,0
BRDA:351,94,1,0
BRDA:352,95,0,0
BRDA:352,95,1,0
BRDA:353,96,0,0
BRDA:353,96,1,0
BRDA:354,97,0,0
BRDA:354,97,1,0
BRDA:355,98,0,0
BRDA:355,98,1,0
BRDA:356,99,0,0
BRDA:356,99,1,0
BRDA:357,100,0,0
BRDA:357,100,1,0
BRDA:358,101,0,0
BRDA:358,101,1,0
BRDA:359,102,0,0
BRDA:359,102,1,0
BRDA:360,103,0,0
BRDA:360,103,1,0
BRDA:363,104,0,0
BRDA:363,104,1,0
BRDA:364,105,0,0
BRDA:364,105,1,0
BRDA:365,106,0,0
BRDA:365,106,1,0
BRDA:370,107,0,0
BRDA:370,107,1,0
BRDA:371,108,0,0
BRDA:371,108,1,0
BRDA:373,109,0,0
BRDA:373,109,1,0
BRDA:374,110,0,0
BRDA:374,110,1,0
BRDA:379,111,0,0
BRDA:379,111,1,0
BRDA:399,112,0,0
BRDA:399,112,1,0
BRDA:404,113,0,0
BRDA:404,113,1,0
BRDA:411,114,0,0
BRDA:411,114,1,0
BRDA:445,115,0,0
BRDA:445,115,1,0
BRDA:454,116,0,0
BRDA:454,116,1,0
BRDA:457,117,0,0
BRDA:457,117,1,0
BRDA:471,118,0,0
BRDA:471,118,1,0
BRDA:473,119,0,0
BRDA:473,119,1,0
BRDA:473,120,0,0
BRDA:473,120,1,0
BRDA:607,121,0,0
BRDA:607,121,1,0
BRDA:642,122,0,0
BRDA:642,122,1,0
BRDA:644,123,0,0
BRDA:644,123,1,0
BRDA:644,124,0,0
BRDA:644,124,1,0
BRDA:644,124,2,0
BRDA:644,124,3,0
BRDA:647,125,0,0
BRDA:647,125,1,0
BRDA:647,126,0,0
BRDA:647,126,1,0
BRDA:651,127,0,0
BRDA:651,127,1,0
BRDA:652,128,0,0
BRDA:652,128,1,0
BRDA:652,129,0,0
BRDA:652,129,1,0
BRDA:655,130,0,0
BRDA:655,130,1,0
BRDA:655,131,0,0
BRDA:655,131,1,0
BRDA:667,132,0,0
BRDA:667,132,1,0
BRDA:671,133,0,0
BRDA:671,133,1,0
BRDA:678,134,0,0
BRDA:678,134,1,0
BRDA:678,135,0,0
BRDA:678,135,1,0
BRDA:678,135,2,0
BRDA:681,136,0,0
BRDA:681,136,1,0
BRDA:682,137,0,0
BRDA:682,137,1,0
BRDA:683,138,0,0
BRDA:683,138,1,0
BRDA:684,139,0,0
BRDA:684,139,1,0
BRDA:686,140,0,0
BRDA:686,140,1,0
BRDA:687,141,0,0
BRDA:687,141,1,0
BRDA:688,142,0,0
BRDA:688,142,1,0
BRDA:688,143,0,0
BRDA:688,143,1,0
BRDA:691,144,0,0
BRDA:691,144,1,0
BRDA:691,145,0,0
BRDA:691,145,1,0
BRDA:704,146,0,0
BRDA:704,146,1,0
BRDA:706,147,0,0
BRDA:706,147,1,0
BRDA:712,148,0,0
BRDA:712,148,1,0
BRDA:714,149,0,0
BRDA:714,149,1,0
BRDA:716,150,0,0
BRDA:716,150,1,0
BRDA:718,151,0,0
BRDA:718,151,1,0
BRDA:720,152,0,0
BRDA:720,152,1,0
BRDA:724,153,0,0
BRDA:724,153,1,0
BRDA:725,154,0,0
BRDA:725,154,1,0
BRDA:726,155,0,0
BRDA:726,155,1,0
BRDA:727,156,0,0
BRDA:727,156,1,0
BRDA:728,157,0,0
BRDA:728,157,1,0
BRDA:729,158,0,0
BRDA:729,158,1,0
BRDA:731,159,0,0
BRDA:731,159,1,0
BRDA:738,160,0,0
BRDA:738,160,1,0
BRDA:742,161,0,0
BRDA:742,161,1,0
BRDA:749,162,0,0
BRDA:749,162,1,0
BRDA:775,163,0,0
BRDA:775,163,1,0
BRDA:780,164,0,0
BRDA:780,164,1,0
BRDA:781,165,0,0
BRDA:781,165,1,0
BRDA:789,166,0,0
BRDA:789,166,1,0
BRDA:815,167,0,0
BRDA:815,167,1,0
BRDA:816,168,0,0
BRDA:816,168,1,0
BRDA:823,169,0,0
BRDA:823,169,1,0
BRDA:826,170,0,0
BRDA:826,170,1,0
BRDA:871,171,0,0
BRDA:871,171,1,0
BRDA:872,172,0,0
BRDA:872,172,1,0
BRDA:873,173,0,0
BRDA:873,173,1,0
BRDA:890,174,0,0
BRDA:890,174,1,0
BRDA:893,175,0,0
BRDA:893,175,1,0
BRDA:894,176,0,0
BRDA:894,176,1,0
BRDA:898,177,0,0
BRDA:898,177,1,0
BRDA:898,178,0,0
BRDA:898,178,1,0
BRDA:901,179,0,0
BRDA:901,179,1,0
BRDA:902,180,0,0
BRDA:902,180,1,0
BRDA:902,181,0,0
BRDA:902,181,1,0
BRDA:902,181,2,0
BRDA:905,182,0,0
BRDA:905,182,1,0
BRDA:905,183,0,0
BRDA:905,183,1,0
BRDA:910,184,0,0
BRDA:910,184,1,0
BRDA:910,185,0,0
BRDA:910,185,1,0
BRDA:917,186,0,0
BRDA:917,186,1,0
BRDA:917,187,0,0
BRDA:917,187,1,0
BRDA:917,187,2,0
BRDA:920,188,0,0
BRDA:920,188,1,0
BRDA:934,189,0,0
BRDA:934,189,1,0
BRDA:935,190,0,0
BRDA:935,190,1,0
BRDA:935,191,0,0
BRDA:935,191,1,0
BRDA:941,192,0,0
BRDA:941,192,1,0
BRDA:943,193,0,0
BRDA:943,193,1,0
BRDA:946,194,0,0
BRDA:946,194,1,0
BRDA:955,195,0,0
BRDA:955,195,1,0
BRDA:955,196,0,0
BRDA:955,196,1,0
BRDA:955,196,2,0
BRDA:956,197,0,0
BRDA:956,197,1,0
BRDA:973,198,0,0
BRDA:973,198,1,0
BRDA:976,199,0,0
BRDA:976,199,1,0
BRDA:981,200,0,0
BRDA:981,200,1,0
BRDA:982,201,0,0
BRDA:982,201,1,0
BRDA:983,202,0,0
BRDA:983,202,1,0
BRDA:989,203,0,0
BRDA:989,203,1,0
BRDA:989,204,0,0
BRDA:989,204,1,0
BRDA:989,204,2,0
BRDA:993,205,0,0
BRDA:993,205,1,0
BRDA:993,206,0,0
BRDA:993,206,1,0
BRDA:1004,207,0,0
BRDA:1004,207,1,0
BRDA:1005,208,0,0
BRDA:1005,208,1,0
BRDA:1006,209,0,0
BRDA:1006,209,1,0
BRDA:1006,210,0,0
BRDA:1006,210,1,0
BRDA:1010,211,0,0
BRDA:1010,211,1,0
BRDA:1010,212,0,0
BRDA:1010,212,1,0
BRDA:1020,213,0,0
BRDA:1020,213,1,0
BRDA:1021,214,0,0
BRDA:1021,214,1,0
BRDA:1021,215,0,0
BRDA:1021,215,1,0
BRDA:1021,215,2,0
BRDA:1026,216,0,0
BRDA:1026,216,1,0
BRDA:1026,217,0,0
BRDA:1026,217,1,0
BRDA:1033,218,0,0
BRDA:1033,218,1,0
BRDA:1034,219,0,0
BRDA:1034,219,1,0
BRDA:1034,220,0,0
BRDA:1034,220,1,0
BRDA:1034,220,2,0
BRDA:1038,221,0,0
BRDA:1038,221,1,0
BRDA:1038,222,0,0
BRDA:1038,222,1,0
BRDA:1042,223,0,0
BRDA:1042,223,1,0
BRDA:1042,224,0,0
BRDA:1042,224,1,0
BRDA:1047,225,0,0
BRDA:1047,225,1,0
BRDA:1047,226,0,0
BRDA:1047,226,1,0
BRDA:1050,227,0,0
BRDA:1050,227,1,0
BRDA:1050,228,0,0
BRDA:1050,228,1,0
BRDA:1050,228,2,0
BRDA:1062,229,0,0
BRDA:1062,229,1,0
BRDA:1063,230,0,0
BRDA:1063,230,1,0
BRDA:1063,231,0,0
BRDA:1063,231,1,0
BRDA:1069,232,0,0
BRDA:1069,232,1,0
BRDA:1071,233,0,0
BRDA:1071,233,1,0
BRDA:1073,234,0,0
BRDA:1073,234,1,0
BRDA:1075,235,0,0
BRDA:1075,235,1,0
BRDA:1079,236,0,0
BRDA:1079,236,1,0
BRDA:1098,237,0,0
BRDA:1098,237,1,0
BRDA:1099,238,0,0
BRDA:1099,238,1,0
BRDA:1099,239,0,0
BRDA:1099,239,1,0
BRDA:1099,239,2,0
BRDA:1099,239,3,0
BRDA:1099,240,0,0
BRDA:1099,240,1,0
BRDA:1105,241,0,0
BRDA:1105,241,1,0
BRDA:1105,242,0,0
BRDA:1105,242,1,0
BRDA:1105,242,2,0
BRDA:1105,242,3,0
BRDA:1106,243,0,0
BRDA:1106,243,1,0
BRDA:1106,244,0,0
BRDA:1106,244,1,0
BRDA:1111,245,0,0
BRDA:1111,245,1,0
BRDA:1112,246,0,0
BRDA:1112,246,1,0
BRDA:1113,247,0,0
BRDA:1113,247,1,0
BRDA:1114,248,0,0
BRDA:1114,248,1,0
BRDA:1130,249,0,0
BRDA:1130,249,1,0
BRDA:1133,250,0,0
BRDA:1133,250,1,0
BRDA:1136,251,0,0
BRDA:1136,251,1,0
BRDA:1138,252,0,0
BRDA:1138,252,1,0
BRDA:1138,253,0,0
BRDA:1138,253,1,0
BRDA:1138,253,2,0
BRDA:1143,254,0,0
BRDA:1143,254,1,0
BRDA:1147,255,0,0
BRDA:1147,255,1,0
BRDA:1149,256,0,0
BRDA:1149,256,1,0
BRDA:1150,257,0,0
BRDA:1150,257,1,0
BRDA:1150,258,0,0
BRDA:1150,258,1,0
BRDA:1153,259,0,0
BRDA:1153,259,1,0
BRDA:1154,260,0,0
BRDA:1154,260,1,0
BRDA:1154,261,0,0
BRDA:1154,261,1,0
BRDA:1154,261,2,0
BRDA:1158,262,0,0
BRDA:1158,262,1,0
BRDA:1160,263,0,0
BRDA:1160,263,1,0
BRDA:1165,264,0,0
BRDA:1165,264,1,0
BRDA:1167,265,0,0
BRDA:1167,265,1,0
BRDA:1167,266,0,0
BRDA:1167,266,1,0
BRDA:1167,266,2,0
BRDA:1169,267,0,0
BRDA:1169,267,1,0
BRDA:1169,268,0,0
BRDA:1169,268,1,0
BRDA:1169,268,2,0
BRDA:1177,269,0,0
BRDA:1177,269,1,0
BRDA:1178,270,0,0
BRDA:1178,270,1,0
BRDA:1179,271,0,0
BRDA:1179,271,1,0
BRDA:1179,272,0,0
BRDA:1179,272,1,0
BRDA:1183,273,0,0
BRDA:1183,273,1,0
BRDA:1183,274,0,0
BRDA:1183,274,1,0
BRDA:1198,275,0,0
BRDA:1198,275,1,0
BRDA:1199,276,0,0
BRDA:1199,276,1,0
BRDA:1199,277,0,0
BRDA:1199,277,1,0
BRDA:1205,278,0,0
BRDA:1205,278,1,0
BRDA:1207,279,0,0
BRDA:1207,279,1,0
BRDA:1210,280,0,0
BRDA:1210,280,1,0
BRDA:1219,281,0,0
BRDA:1219,281,1,0
BRDA:1219,282,0,0
BRDA:1219,282,1,0
BRDA:1219,282,2,0
BRDA:1221,283,0,0
BRDA:1221,283,1,0
BRDA:1221,284,0,0
BRDA:1221,284,1,0
BRDA:1236,285,0,0
BRDA:1236,285,1,0
BRDA:1238,286,0,0
BRDA:1238,286,1,0
BRDA:1241,287,0,0
BRDA:1241,287,1,0
BRDA:1250,288,0,0
BRDA:1250,288,1,0
BRDA:1251,289,0,0
BRDA:1251,289,1,0
BRDA:1252,290,0,0
BRDA:1252,290,1,0
BRDA:1252,291,0,0
BRDA:1252,291,1,0
BRDA:1253,292,0,0
BRDA:1253,292,1,0
BRDA:1253,293,0,0
BRDA:1253,293,1,0
BRDA:1256,294,0,0
BRDA:1256,294,1,0
BRDA:1256,295,0,0
BRDA:1256,295,1,0
BRDA:1262,296,0,0
BRDA:1262,296,1,0
BRDA:1271,297,0,0
BRDA:1271,297,1,0
BRDA:1272,298,0,0
BRDA:1272,298,1,0
BRDA:1272,299,0,0
BRDA:1272,299,1,0
BRDA:1278,300,0,0
BRDA:1278,300,1,0
BRDA:1280,301,0,0
BRDA:1280,301,1,0
BRDA:1282,302,0,0
BRDA:1282,302,1,0
BRDA:1284,303,0,0
BRDA:1284,303,1,0
BRDA:1303,304,0,0
BRDA:1303,304,1,0
BRDA:1303,305,0,0
BRDA:1303,305,1,0
BRDA:1308,306,0,0
BRDA:1308,306,1,0
BRDA:1308,307,0,0
BRDA:1308,307,1,0
BRDA:1309,308,0,0
BRDA:1309,308,1,0
BRDA:1309,309,0,0
BRDA:1309,309,1,0
BRDA:1315,310,0,0
BRDA:1315,310,1,0
BRDA:1325,311,0,0
BRDA:1325,311,1,0
BRDA:1328,312,0,0
BRDA:1328,312,1,0
BRDA:1331,313,0,0
BRDA:1331,313,1,0
BRDA:1333,314,0,0
BRDA:1333,314,1,0
BRDA:1364,315,0,0
BRDA:1364,315,1,0
BRDA:1365,316,0,0
BRDA:1365,316,1,0
BRDA:1365,317,0,0
BRDA:1365,317,1,0
BRDA:1366,318,0,0
BRDA:1366,318,1,0
BRDA:1366,319,0,0
BRDA:1366,319,1,0
BRDA:1370,320,0,0
BRDA:1371,321,0,0
BRDA:1371,321,1,0
BRDA:1371,322,0,0
BRDA:1371,322,1,0
BRDA:1371,322,2,0
BRDA:1371,322,3,0
BRDA:1373,323,0,0
BRDA:1373,323,1,0
BRDA:1373,324,0,0
BRDA:1373,324,1,0
BRDA:1380,325,0,0
BRDA:1380,325,1,0
BRDA:1380,326,0,0
BRDA:1380,326,1,0
BRDA:1380,326,2,0
BRDA:1381,327,0,0
BRDA:1381,327,1,0
BRDA:1381,328,0,0
BRDA:1381,328,1,0
BRDA:1385,329,0,0
BRDA:1385,329,1,0
BRDA:1385,330,0,0
BRDA:1385,330,1,0
BRDA:1391,331,0,0
BRDA:1392,332,0,0
BRDA:1392,332,1,0
BRDA:1392,333,0,0
BRDA:1392,333,1,0
BRDA:1392,333,2,0
BRDA:1392,333,3,0
BRDA:1393,334,0,0
BRDA:1393,334,1,0
BRDA:1393,335,0,0
BRDA:1393,335,1,0
BRDA:1398,336,0,0
BRDA:1398,336,1,0
BRDA:1399,337,0,0
BRDA:1399,337,1,0
BRDA:1426,338,0,0
BRDA:1426,338,1,0
BRDA:1426,339,0,0
BRDA:1426,339,1,0
BRDA:1429,340,0,0
BRDA:1429,340,1,0
BRDA:1429,341,0,0
BRDA:1429,341,1,0
BRDA:1429,341,2,0
BRDA:1432,342,0,0
BRDA:1432,342,1,0
BRDA:1432,343,0,0
BRDA:1432,343,1,0
BRDA:1435,344,0,0
BRDA:1435,344,1,0
BRDA:1435,345,0,0
BRDA:1435,345,1,0
BRDA:1435,345,2,0
BRDA:1442,346,0,0
BRDA:1443,347,0,0
BRDA:1443,347,1,0
BRDA:1446,348,0,0
BRDA:1446,348,1,0
BRDA:1446,349,0,0
BRDA:1446,349,1,0
BRDA:1449,350,0,0
BRDA:1449,350,1,0
BRDA:1455,351,0,0
BRDA:1455,351,1,0
BRDA:1501,352,0,0
BRDA:1501,352,1,0
BRDA:1510,353,0,0
BRDA:1510,353,1,0
BRDA:1517,354,0,0
BRDA:1517,354,1,0
BRDA:1543,355,0,0
BRDA:1543,355,1,0
BRDA:1546,356,0,0
BRDA:1546,356,1,0
BRDA:1553,357,0,0
BRDA:1553,357,1,0
BRDA:1567,358,0,0
BRDA:1567,358,1,0
BRDA:1575,359,0,0
BRDA:1575,359,1,0
BRDA:1577,360,0,0
BRDA:1577,360,1,0
BRDA:1586,361,0,0
BRDA:1586,361,1,0
BRDA:1601,362,0,0
BRDA:1601,362,1,0
BRF:750
BRH:0
end_of_record
TN:
SF:services\sharePointAttachmentStorage.js
FN:8,storageError
FN:16,graphUrl
FN:20,getAccessToken
FN:46,graphFetch
FN:55,createStorageName
FN:60,upload
FN:84,remove
FN:94,download
FNF:8
FNH:0
FNDA:0,storageError
FNDA:0,graphUrl
FNDA:0,getAccessToken
FNDA:0,graphFetch
FNDA:0,createStorageName
FNDA:0,upload
FNDA:0,remove
FNDA:0,download
DA:1,0
DA:2,0
DA:3,0
DA:6,0
DA:9,0
DA:10,0
DA:11,0
DA:12,0
DA:13,0
DA:17,0
DA:21,0
DA:23,0
DA:24,0
DA:30,0
DA:36,0
DA:37,0
DA:40,0
DA:41,0
DA:42,0
DA:43,0
DA:47,0
DA:48,0
DA:52,0
DA:56,0
DA:57,0
DA:61,0
DA:62,0
DA:63,0
DA:64,0
DA:70,0
DA:71,0
DA:74,0
DA:75,0
DA:85,0
DA:86,0
DA:89,0
DA:90,0
DA:95,0
DA:96,0
DA:97,0
DA:100,0
DA:107,0
LF:42
LH:0
BRDA:8,0,0,0
BRDA:21,1,0,0
BRDA:21,1,1,0
BRDA:21,2,0,0
BRDA:21,2,1,0
BRDA:36,3,0,0
BRDA:36,3,1,0
BRDA:46,4,0,0
BRDA:66,5,0,0
BRDA:66,5,1,0
BRDA:70,6,0,0
BRDA:70,6,1,0
BRDA:77,7,0,0
BRDA:77,7,1,0
BRDA:78,8,0,0
BRDA:78,8,1,0
BRDA:79,9,0,0
BRDA:79,9,1,0
BRDA:80,10,0,0
BRDA:80,10,1,0
BRDA:80,10,2,0
BRDA:85,11,0,0
BRDA:85,11,1,0
BRDA:85,12,0,0
BRDA:85,12,1,0
BRDA:89,13,0,0
BRDA:89,13,1,0
BRDA:89,14,0,0
BRDA:89,14,1,0
BRDA:96,15,0,0
BRDA:96,15,1,0
BRDA:96,16,0,0
BRDA:96,16,1,0
BRDA:102,17,0,0
BRDA:102,17,1,0
BRF:35
BRH:0
end_of_record
TN:
SF:services\userProfileService.js
FN:3,getEnabledRoleNames
FN:10,(anonymous_1)
FN:20,getUserProfileByEmail
FNF:3
FNH:0
FNDA:0,getEnabledRoleNames
FNDA:0,(anonymous_1)
FNDA:0,getUserProfileByEmail
DA:1,0
DA:4,0
DA:5,0
DA:10,0
DA:21,0
DA:24,0
DA:49,0
DA:50,0
DA:54,0
DA:60,0
DA:61,0
DA:62,0
DA:63,0
DA:64,0
DA:65,0
DA:67,0
DA:68,0
DA:69,0
DA:70,0
DA:71,0
DA:72,0
DA:73,0
DA:74,0
DA:79,0
DA:86,0
DA:89,0
DA:90,0
DA:91,0
DA:92,0
DA:93,0
DA:94,0
DA:97,0
DA:132,0
LF:33
LH:0
BRDA:49,0,0,0
BRDA:49,0,1,0
BRDA:65,1,0,0
BRDA:65,1,1,0
BRDA:73,2,0,0
BRDA:73,2,1,0
BRDA:90,3,0,0
BRDA:90,3,1,0
BRDA:92,4,0,0
BRDA:92,4,1,0
BRDA:93,5,0,0
BRDA:93,5,1,0
BRDA:99,6,0,0
BRDA:99,6,1,0
BRDA:100,7,0,0
BRDA:100,7,1,0
BRDA:102,8,0,0
BRDA:102,8,1,0
BRDA:103,9,0,0
BRDA:103,9,1,0
BRDA:104,10,0,0
BRDA:104,10,1,0
BRDA:105,11,0,0
BRDA:105,11,1,0
BRDA:106,12,0,0
BRDA:106,12,1,0
BRDA:107,13,0,0
BRDA:107,13,1,0
BRDA:108,14,0,0
BRDA:108,14,1,0
BRDA:109,15,0,0
BRDA:109,15,1,0
BRDA:110,16,0,0
BRDA:110,16,1,0
BRDA:111,17,0,0
BRDA:111,17,1,0
BRDA:111,18,0,0
BRDA:111,18,1,0
BRDA:112,19,0,0
BRDA:112,19,1,0
BRDA:112,20,0,0
BRDA:112,20,1,0
BRDA:113,21,0,0
BRDA:113,21,1,0
BRDA:113,22,0,0
BRDA:113,22,1,0
BRDA:114,23,0,0
BRDA:114,23,1,0
BRDA:115,24,0,0
BRDA:115,24,1,0
BRDA:115,25,0,0
BRDA:115,25,1,0
BRDA:116,26,0,0
BRDA:116,26,1,0
BRDA:116,27,0,0
BRDA:116,27,1,0
BRDA:117,28,0,0
BRDA:117,28,1,0
BRDA:117,29,0,0
BRDA:117,29,1,0
BRDA:118,30,0,0
BRDA:118,30,1,0
BRDA:119,31,0,0
BRDA:119,31,1,0
BRDA:120,32,0,0
BRDA:120,32,1,0
BRDA:120,33,0,0
BRDA:120,33,1,0
BRDA:121,34,0,0
BRDA:121,34,1,0
BRDA:121,35,0,0
BRDA:121,35,1,0
BRDA:122,36,0,0
BRDA:122,36,1,0
BRDA:123,37,0,0
BRDA:123,37,1,0
BRDA:124,38,0,0
BRDA:124,38,1,0
BRDA:125,39,0,0
BRDA:125,39,1,0
BRDA:126,40,0,0
BRDA:126,40,1,0
BRDA:127,41,0,0
BRDA:127,41,1,0
BRF:84
BRH:0
end_of_record
TN:
SF:services\userService.js
FN:17,normalizePage
FN:22,buildWhere
FN:40,buildOrder
FN:58,formatUserName
FN:62,isEnabled
FN:66,mapUser
FN:70,(anonymous_6)
FN:71,(anonymous_7)
FN:89,mapUserDetail
FN:93,(anonymous_9)
FN:94,(anonymous_10)
FN:115,listUsers
FN:147,getUserDetail
FN:164,setSystemActive
FN:173,setViewAs
FN:194,clearViewAs
FNF:16
FNH:0
FNDA:0,normalizePage
FNDA:0,buildWhere
FNDA:0,buildOrder
FNDA:0,formatUserName
FNDA:0,isEnabled
FNDA:0,mapUser
FNDA:0,(anonymous_6)
FNDA:0,(anonymous_7)
FNDA:0,mapUserDetail
FNDA:0,(anonymous_9)
FNDA:0,(anonymous_10)
FNDA:0,listUsers
FNDA:0,getUserDetail
FNDA:0,setSystemActive
FNDA:0,setViewAs
FNDA:0,clearViewAs
DA:1,0
DA:2,0
DA:4,0
DA:18,0
DA:19,0
DA:23,0
DA:24,0
DA:31,0
DA:32,0
DA:33,0
DA:37,0
DA:41,0
DA:42,0
DA:43,0
DA:44,0
DA:46,0
DA:47,0
DA:49,0
DA:50,0
DA:51,0
DA:53,0
DA:59,0
DA:63,0
DA:67,0
DA:68,0
DA:69,0
DA:70,0
DA:71,0
DA:74,0
DA:90,0
DA:91,0
DA:92,0
DA:93,0
DA:94,0
DA:97,0
DA:116,0
DA:117,0
DA:118,0
DA:119,0
DA:120,0
DA:136,0
DA:148,0
DA:149,0
DA:161,0
DA:165,0
DA:166,0
DA:170,0
DA:174,0
DA:175,0
DA:176,0
DA:177,0
DA:178,0
DA:179,0
DA:181,0
DA:182,0
DA:183,0
DA:184,0
DA:185,0
DA:186,0
DA:188,0
DA:195,0
DA:196,0
DA:202,0
LF:63
LH:0
BRDA:19,0,0,0
BRDA:19,0,1,0
BRDA:19,1,0,0
BRDA:19,1,1,0
BRDA:32,2,0,0
BRDA:32,2,1,0
BRDA:37,3,0,0
BRDA:37,3,1,0
BRDA:41,4,0,0
BRDA:41,4,1,0
BRDA:42,5,0,0
BRDA:42,5,1,0
BRDA:43,6,0,0
BRDA:43,6,1,0
BRDA:46,7,0,0
BRDA:46,7,1,0
BRDA:49,8,0,0
BRDA:49,8,1,0
BRDA:53,9,0,0
BRDA:53,9,1,0
BRDA:59,10,0,0
BRDA:59,10,1,0
BRDA:59,11,0,0
BRDA:59,11,1,0
BRDA:59,12,0,0
BRDA:59,12,1,0
BRDA:63,13,0,0
BRDA:63,13,1,0
BRDA:63,13,2,0
BRDA:69,14,0,0
BRDA:69,14,1,0
BRDA:76,15,0,0
BRDA:76,15,1,0
BRDA:78,16,0,0
BRDA:78,16,1,0
BRDA:79,17,0,0
BRDA:79,17,1,0
BRDA:80,18,0,0
BRDA:80,18,1,0
BRDA:81,19,0,0
BRDA:81,19,1,0
BRDA:92,20,0,0
BRDA:92,20,1,0
BRDA:93,21,0,0
BRDA:93,21,1,0
BRDA:99,22,0,0
BRDA:99,22,1,0
BRDA:101,23,0,0
BRDA:101,23,1,0
BRDA:102,24,0,0
BRDA:102,24,1,0
BRDA:103,25,0,0
BRDA:103,25,1,0
BRDA:104,26,0,0
BRDA:104,26,1,0
BRDA:105,27,0,0
BRDA:105,27,1,0
BRDA:106,28,0,0
BRDA:106,28,1,0
BRDA:107,29,0,0
BRDA:107,29,1,0
BRDA:108,30,0,0
BRDA:108,30,1,0
BRDA:109,31,0,0
BRDA:109,31,1,0
BRDA:110,32,0,0
BRDA:110,32,1,0
BRDA:161,33,0,0
BRDA:161,33,1,0
BRDA:175,34,0,0
BRDA:175,34,1,0
BRDA:182,35,0,0
BRDA:182,35,1,0
BRF:73
BRH:0
end_of_record
